
[12/19/21 21:19:56] Slen -> Entei
[12/19/21 21:21:51] Ultdark -> Raikou
[12/19/21 21:23:08] Slen -> Moltres
[12/19/21 21:27:57] Perseu -> Mewtwo
[12/19/21 21:28:33] Perseu -> Mewtwo
[12/22/21 21:04:49] Perseu -> Mewtwo
[12/22/21 21:25:10] Perseu -> Mewtwo
[12/22/21 21:26:09] Perseu -> Mewtwo
[12/22/21 22:41:58] Mabel -> Articuno
[12/22/21 22:42:35] Slain -> Moltres
[12/22/21 22:44:40] Slain -> Zapdos
[12/22/21 23:52:56] Mabel -> Raikou
[12/23/21 01:08:14] Mabel -> Moltres
[12/23/21 01:12:38] Mabel -> Raikou
[12/23/21 16:01:39] Mabel -> Raikou
[12/23/21 16:12:50] Perseu -> Ho-Oh
[12/23/21 16:51:16] Perseu -> Ho-Oh
[12/23/21 16:51:16] Perseu -> Ho-Oh
[12/23/21 20:17:04] Mabel -> Ho-Oh
[12/23/21 20:17:04] Mabel -> Zapdos
[12/23/21 20:18:52] Soulie -> Lugia
[12/23/21 20:19:54] Soulie -> Lugia
[12/23/21 22:48:31] Mabel -> Zapdos
[12/23/21 23:59:59] Soulie -> Zapdos
[12/24/21 01:17:52] Mabel -> Moltres
[12/24/21 01:18:40] Mabel -> Articuno
[12/24/21 01:21:50] Mabel -> Raikou
[12/26/21 12:16:04] Ultdark -> Raikou
[12/26/21 12:17:13] Ultdark -> Lugia
[12/26/21 12:18:02] Ultdark -> Ho-Oh
[12/26/21 12:18:27] Ultdark -> Evil Dusknoir
[12/26/21 12:19:03] Ultdark -> Mewtwo
[12/26/21 12:19:28] Ultdark -> Zapdos
[12/26/21 12:19:28] Ultdark -> Moltres
[12/26/21 12:19:28] Ultdark -> Suicune
[01/02/22 15:46:54] Ultdark -> Lugia
[01/02/22 15:47:39] Ultdark -> Ho-Oh
[01/02/22 15:47:52] Ultdark -> Entei
[01/05/22 14:08:52] Ultdark -> Entei
[01/09/22 14:52:40] Lari Calabresa -> Articuno
[01/09/22 16:52:17] Lari Calabresa -> Moltres
[01/09/22 18:27:02] Lari Calabresa -> Articuno
[01/09/22 21:55:20] Lari Calabresa -> Moltres
[01/09/22 22:03:54] Lari Calabresa -> Articuno
[01/11/22 12:43:59] Ultdark -> Raikou
[01/15/22 14:15:55] Lari Calabresa -> Ho-Oh
[01/15/22 14:22:06] Bruno Legend -> Evil Dusknoir
[01/15/22 15:20:41] Salve -> Mewtwo
[01/15/22 17:24:17] Lari Calabresa -> Moltres
[01/16/22 21:46:15] Perseu -> Mewtwo
[01/17/22 10:43:20] Perseu -> Mewtwo
[01/17/22 20:11:10] Perseu -> Mewtwo
[01/20/22 21:15:43] Lari Calabresa -> Moltres
[01/21/22 13:06:10] [Tutor] Perseu -> Darkrai
[01/21/22 13:47:22] Salve -> Mewtwo
[01/21/22 13:50:49] Salve -> Evil Dusknoir
[01/21/22 17:39:45] Lilinha -> Darkrai
[01/21/22 18:28:18] Lilinha -> Suicune
[01/21/22 19:54:12] Lilinha -> Mewtwo
[01/21/22 21:38:21] Lilinha -> Darkrai
[01/21/22 21:47:14] Lilinha -> Moltres
[01/21/22 22:06:09] Lilinha -> Articuno
[01/21/22 22:21:16] Lilinha -> Zapdos
[01/22/22 13:17:21] [Tutor] Perseu -> Mewtwo
[01/22/22 13:33:41] [Tutor] Perseu -> Darkrai
[01/22/22 17:33:54] Lari Calabresa -> Darkrai
[01/22/22 21:32:44] Salve -> Darkrai
[01/23/22 12:35:06] Lari Calabresa -> Darkrai
[01/23/22 12:43:07] Lilinha -> Mewtwo
[01/23/22 12:57:40] Salve -> Darkrai
[01/23/22 13:02:48] Salve -> Darkrai
[01/23/22 16:55:14] Lari Calabresa -> Moltres
[01/23/22 16:57:15] Lari Calabresa -> Articuno
[01/23/22 17:06:02] Lari Calabresa -> Zapdos
[01/23/22 17:09:46] Lari Calabresa -> Evil Dusknoir
[01/23/22 17:14:49] Lari Calabresa -> Ho-Oh
[01/23/22 18:00:51] Lari Calabresa -> Darkrai
[01/23/22 19:43:06] Kduff -> Moltres
[01/23/22 21:33:33] Lari Calabresa -> Darkrai
[01/23/22 21:44:41] Kduff -> Articuno
[01/24/22 09:46:14] [Tutor] Perseu -> Evil Dusknoir
[01/24/22 09:56:30] [Tutor] Perseu -> Ho-Oh
[01/24/22 10:07:32] [Tutor] Perseu -> Evil Dusknoir
[01/24/22 12:12:17] Salve -> Ho-Oh
[01/24/22 12:35:26] Salve -> Darkrai
[01/24/22 15:26:22] Kduff -> Articuno
[01/24/22 16:15:47] Salve -> Evil Dusknoir
[01/24/22 21:35:09] Lari Calabresa -> Darkrai
[01/24/22 21:42:29] Lari Calabresa -> Darkrai
[01/25/22 10:24:13] Slen -> Ho-Oh
[01/25/22 10:27:28] [Tutor] Perseu -> Evil Dusknoir
[01/25/22 13:32:09] Slen -> Articuno
[01/25/22 21:31:43] Lari Calabresa -> Mewtwo
[01/25/22 21:37:38] Lari Calabresa -> Moltres
[01/25/22 21:40:52] Lari Calabresa -> Articuno
[01/25/22 21:47:29] Lari Calabresa -> Evil Dusknoir
[01/25/22 22:07:52] Lari Calabresa -> Lugia
[01/26/22 11:46:11] [Tutor] Perseu -> Mewtwo
[01/26/22 12:09:38] Slen -> Moltres
[01/26/22 12:35:00] Salve -> Darkrai
[01/26/22 13:33:22] Slen -> Articuno
[01/26/22 13:57:46] Salve -> Zapdos
[01/26/22 19:46:14] Lari Calabresa -> Moltres
[01/26/22 19:51:09] Lari Calabresa -> Articuno
[01/26/22 19:56:52] Lari Calabresa -> Zapdos
[01/26/22 21:35:02] Salve -> Darkrai
[01/27/22 12:44:19] Lari Calabresa -> Darkrai
[01/27/22 15:26:33] Salve -> Evil Dusknoir
[01/27/22 15:32:21] Salve -> Ho-Oh
[01/27/22 21:39:59] [Tutor] Perseu -> Darkrai
[02/14/22 23:01:21] Mevendo -> Articuno
[02/18/22 17:26:19] Clebonico -> Mewtwo
[02/18/22 17:53:09] Clebonico -> Mewtwo
[02/18/22 18:03:10] Clebauros -> Mewtwo
[02/18/22 18:18:29] Nautilus -> Mewtwo
[02/19/22 18:14:25] Clebauros -> Mewtwo
[02/28/22 14:47:48] Seje Homi -> Raikou
[02/28/22 15:22:32] Kani -> Evil Dusknoir
[03/01/22 14:54:18] Kani -> Ho-Oh
[03/01/22 21:45:13] Seje Homi -> Darkrai
[03/17/22 22:00:17] Darkinho -> Darkrai
[03/18/22 12:35:26] Perseu -> Darkrai
[03/18/22 21:36:08] Darkinho -> Darkrai
[03/18/22 22:09:38] Kiko -> Mewtwo
[03/18/22 23:29:42] Perseu -> Evil Dusknoir
[03/18/22 23:48:50] Darkinho -> Moltres
[03/19/22 09:48:09] Kiko -> Mewtwo
[03/19/22 09:52:01] Kiko -> Evil Dusknoir
[03/19/22 12:35:09] Kiko -> Darkrai
[03/19/22 12:47:17] Kiko -> Lugia
[03/19/22 14:07:49] [Tutor] Perseu -> Mewtwo
[03/19/22 18:35:30] Kiko -> Evil Dusknoir
[03/19/22 20:46:35] The King -> Mewtwo
[03/19/22 21:34:43] Kiko -> Darkrai
[03/20/22 10:15:36] [Tutor] Perseu -> Ho-Oh
[03/20/22 18:06:48] [Tutor] Perseu -> Mewtwo
[03/20/22 18:42:09] Hellow Crtba -> Evil Dusknoir
[03/20/22 19:27:39] Darkinho -> Mewtwo
[03/20/22 21:33:35] [Tutor] Perseu -> Darkrai
[03/21/22 12:40:26] B4 Cesar08 -> Darkrai
[03/21/22 16:28:49] Kiko -> Mewtwo
[03/21/22 21:32:17] Darkinho -> Darkrai
[03/21/22 23:32:44] Darkinho -> Darkrai
[03/22/22 01:24:01] Rip Mito -> Suicune
[03/22/22 02:00:06] B4 Cesar08 -> Zapdos
[03/22/22 12:33:29] Darkinho -> Darkrai
[03/25/22 12:44:34] Darkinho -> Darkrai
[03/25/22 13:55:56] Kenjiro -> Zapdos
[03/25/22 14:18:22] B4 Cesar08 -> Moltres
[03/25/22 21:01:52] Gustavomcd -> Mewtwo
[03/25/22 21:33:26] Darkinho -> Darkrai
[03/25/22 21:35:22] Gustavomcd -> Suicune
[03/25/22 23:33:41] Perseu -> Darkrai
[03/26/22 07:24:22] Kenjiro -> Articuno
[03/26/22 12:32:22] Darkinho -> Darkrai
[03/26/22 12:35:40] Perseu -> Mewtwo
[03/26/22 12:41:42] Darkinho -> Evil Dusknoir
[03/26/22 12:50:14] Darkinho -> Ho-Oh
[03/26/22 12:58:54] Perseu -> Lugia
[03/26/22 21:32:26] Darkinho -> Darkrai
[03/26/22 21:49:06] The King -> Mewtwo
[03/26/22 23:43:11] Kiko -> Darkrai
[03/27/22 01:17:19] B4 Cesar08 -> Zapdos
[03/27/22 01:25:22] B4 Cesar08 -> Articuno
[03/27/22 10:56:26] Perseu -> Evil Dusknoir
[03/27/22 11:03:27] Perseu -> Ho-Oh
[03/27/22 12:34:52] Mia Khalifa -> Darkrai
[03/27/22 21:36:04] Mia Khalifa -> Darkrai
[03/28/22 12:32:47] Darkinho -> Darkrai
[03/28/22 12:33:00] Darkinho -> Darkrai
[03/28/22 16:07:45] Perseu -> Mewtwo
[03/28/22 17:38:21] Perseu -> Zapdos
[03/28/22 17:54:30] Perseu -> Moltres
[03/30/22 21:14:25] Rip Mito -> Mewtwo
[03/30/22 21:31:29] [Tutor] Darkinho -> Darkrai
[03/30/22 23:27:18] Rip Mito -> Evil Dusknoir
[03/31/22 00:48:39] Rip Mito -> Entei
[03/31/22 01:03:26] Rip Mito -> Raikou
[03/31/22 12:32:11] [Tutor] Darkinho -> Darkrai
[03/31/22 17:13:17] Rip Mito -> Mewtwo
[03/31/22 18:06:55] Rip Mito -> Evil Dusknoir
[03/31/22 19:18:35] Rip Mito -> Lugia
[03/31/22 21:31:43] [Tutor] Darkinho -> Darkrai
[04/01/22 12:32:10] [Tutor] Darkinho -> Darkrai
[04/01/22 14:28:57] B4 Cesar08 -> Mewtwo
[04/01/22 14:34:45] B4 Cesar08 -> Zapdos
[04/01/22 14:38:33] B4 Cesar08 -> Moltres
[04/01/22 14:43:13] B4 Cesar08 -> Articuno
[04/01/22 16:35:16] B4 Cesar08 -> Zapdos
[04/01/22 16:39:08] B4 Cesar08 -> Moltres
[04/01/22 16:44:18] B4 Cesar08 -> Articuno
[04/01/22 18:32:34] B4 Cesar08 -> Zapdos
[04/01/22 18:36:53] B4 Cesar08 -> Moltres
[04/01/22 18:44:10] B4 Cesar08 -> Articuno
[04/01/22 20:26:47] B4 Cesar08 -> Evil Dusknoir
[04/01/22 21:31:52] B4 Cesar08 -> Zapdos
[04/01/22 21:32:15] [Tutor] Darkinho -> Darkrai
[04/01/22 21:36:40] B4 Cesar08 -> Moltres
[04/01/22 21:42:16] B4 Cesar08 -> Articuno
[04/02/22 01:56:59] B4 Wing -> Zapdos
[04/02/22 02:04:50] B4 Wing -> Moltres
[04/02/22 12:03:19] B4 Wing -> Zapdos
[04/02/22 12:10:52] B4 Wing -> Articuno
[04/02/22 12:33:01] Clariel -> Darkrai
[04/02/22 17:34:40] B4 Dark -> Moltres
[04/02/22 17:46:51] B4 Dark -> Zapdos
[04/02/22 18:07:19] B4 Dark -> Mewtwo
[04/02/22 18:16:15] Perseu -> Evil Dusknoir
[04/02/22 18:24:53] Perseu -> Ho-Oh
[04/02/22 21:32:01] [Tutor] Darkinho -> Darkrai
[04/02/22 22:31:02] B4 Cesar08 -> Mewtwo
[04/03/22 09:59:56] B4 Cesar08 -> Mewtwo
[04/03/22 10:03:02] B4 Cesar08 -> Evil Dusknoir
[04/03/22 10:07:36] B4 Cesar08 -> Ho-Oh
[04/03/22 12:32:01] [Tutor] Darkinho -> Darkrai
[04/03/22 18:15:35] Blood -> Raikou
[04/03/22 19:37:31] B4 Cesar08 -> Zapdos
[04/03/22 19:45:46] B4 Cesar08 -> Moltres
[04/03/22 19:49:23] B4 Cesar08 -> Articuno
[04/03/22 19:53:01] B4 Cesar08 -> Mewtwo
[04/03/22 19:57:08] B4 Cesar08 -> Evil Dusknoir
[04/03/22 20:56:04] B4 Cesar08 -> Zapdos
[04/03/22 20:59:18] B4 Cesar08 -> Moltres
[04/03/22 21:03:34] B4 Cesar08 -> Articuno
[04/03/22 21:32:06] B4 Cesar08 -> Darkrai
[04/03/22 22:12:42] [Tutor] B4 Cesar08 -> Ho-Oh
[04/03/22 22:16:46] Perseu -> Evil Dusknoir
[04/03/22 22:20:48] Perseu -> Mewtwo
[04/03/22 23:35:36] B4 Dark -> Evil Dusknoir
[04/04/22 12:22:41] [Tutor] Darkinho -> Ho-Oh
[04/04/22 12:32:04] [Tutor] Darkinho -> Darkrai
[04/04/22 13:51:57] Perseu -> Mewtwo
[04/04/22 13:54:28] Perseu -> Evil Dusknoir
[04/04/22 13:58:57] Perseu -> Ho-Oh
[04/04/22 14:04:34] Billie Eilish -> Mewtwo
[04/04/22 14:06:54] B4 Dark -> Evil Dusknoir
[04/04/22 14:11:17] B4 Dark -> Ho-Oh
[04/04/22 14:17:27] Comedor De Naturia -> Evil Dusknoir
[04/04/22 14:21:32] [Tutor] B4 Cesar08 -> Ho-Oh
[04/04/22 15:26:47] Pequeno Nobzin -> Moltres
[04/04/22 18:30:32] Perseu -> Mewtwo
[04/04/22 19:35:54] Rip Mito -> Zapdos
[04/04/22 19:44:07] Rip Mito -> Moltres
[04/04/22 21:31:39] Diva Aginarasgada -> Darkrai
[04/04/22 21:36:22] [Tutor] B4 Cesar08 -> Mewtwo
[04/04/22 21:38:46] Perseu -> Evil Dusknoir
[04/04/22 22:41:17] Diva Aginarasgada -> Zapdos
[04/05/22 10:32:50] Diva Aginarasgada -> Moltres
[04/05/22 11:18:03] Perseu -> Mewtwo
[04/05/22 11:21:04] Perseu -> Evil Dusknoir
[04/05/22 11:27:00] B4 Dark -> Ho-Oh
[04/05/22 12:33:22] [Tutor] B4 Cesar08 -> Darkrai
[04/05/22 21:32:10] [Tutor] Darkinho -> Darkrai
[04/05/22 23:35:53] [Tutor] B4 Cesar08 -> Evil Dusknoir
[04/06/22 12:31:03] [Tutor] Darkinho -> Darkrai
[04/06/22 12:39:00] [Tutor] B4 Cesar08 -> Evil Dusknoir
[04/06/22 12:44:41] [Tutor] B4 Cesar08 -> Ho-Oh
[04/06/22 13:40:33] [Tutor] B4 Cesar08 -> Raikou
[04/06/22 13:47:18] [Tutor] B4 Cesar08 -> Entei
[04/06/22 17:21:26] [Tutor] B4 Cesar08 -> Zapdos
[04/06/22 17:26:36] [Tutor] B4 Cesar08 -> Moltres
[04/06/22 17:30:01] [Tutor] B4 Cesar08 -> Articuno
[04/06/22 21:32:16] [Tutor] Darkinho -> Darkrai
[04/06/22 23:16:53] Rip Mito -> Ho-Oh
[04/06/22 23:37:40] Seja Homi -> Evil Dusknoir
[04/07/22 12:32:28] [Tutor] Darkinho -> Darkrai
[04/07/22 13:19:33] Rip Mito -> Suicune
[04/07/22 13:53:04] [Tutor] B4 Cesar08 -> Zapdos
[04/07/22 13:55:33] [Tutor] B4 Cesar08 -> Moltres
[04/07/22 13:58:11] [Tutor] B4 Cesar08 -> Articuno
[04/07/22 14:03:43] [Tutor] B4 Cesar08 -> Raikou
[04/07/22 14:09:33] [Tutor] B4 Cesar08 -> Entei
[04/07/22 19:40:22] [Tutor] B4 Cesar08 -> Mewtwo
[04/07/22 19:43:31] [Tutor] B4 Cesar08 -> Evil Dusknoir
[04/07/22 19:47:10] [Tutor] B4 Cesar08 -> Ho-Oh
[04/07/22 21:33:44] [Tutor] B4 Cesar08 -> Darkrai
[04/07/22 23:16:50] [Tutor] B4 Cesar08 -> Mewtwo
[04/08/22 00:46:09] [Tutor] B4 Cesar08 -> Raikou
[04/08/22 00:48:47] [Tutor] B4 Cesar08 -> Zapdos
[04/08/22 00:51:09] [Tutor] B4 Cesar08 -> Moltres
[04/08/22 00:53:51] [Tutor] B4 Cesar08 -> Articuno
[04/08/22 00:58:50] [Tutor] B4 Cesar08 -> Entei
[04/08/22 01:06:36] Pequeno Nobzin -> Suicune
[04/08/22 12:33:06] [Tutor] Darkinho -> Darkrai
[04/08/22 21:33:33] Diva Aginarasgada -> Darkrai
[04/09/22 01:19:07] [Tutor] B4 Cesar08 -> Mewtwo
[04/09/22 12:36:09] Pequeno Nobzin -> Darkrai
[04/09/22 14:12:33] [Tutor] B4 Cesar08 -> Mewtwo
[04/09/22 14:17:30] [Tutor] B4 Cesar08 -> Ho-Oh
[04/09/22 14:21:38] [Tutor] B4 Cesar08 -> Evil Dusknoir
[04/09/22 21:37:49] Blood -> Darkrai
[04/10/22 11:27:50] [Tutor] B4 Cesar08 -> Zapdos
[04/10/22 11:30:23] [Tutor] B4 Cesar08 -> Moltres
[04/10/22 12:42:46] Poeksf -> Darkrai
[04/10/22 14:33:21] Perseu -> Mewtwo
[04/10/22 14:36:02] Perseu -> Evil Dusknoir
[04/10/22 14:39:01] B4 Wing -> Ho-Oh
[04/10/22 14:43:52] Comedor De Naturia -> Mewtwo
[04/10/22 14:46:49] [Tutor] B4 Cesar08 -> Evil Dusknoir
[04/10/22 14:50:03] [Tutor] B4 Cesar08 -> Ho-Oh
[04/10/22 15:11:22] Pequeno Nobzin -> Zapdos
[04/10/22 15:14:54] Pequeno Nobzin -> Moltres
[04/10/22 15:17:29] Pequeno Nobzin -> Articuno
[04/10/22 15:53:25] Rip Mito -> Entei
[04/10/22 17:49:32] Pequeno Nobzin -> Mewtwo
[04/10/22 19:40:59] Rip Mito -> Mewtwo
[04/10/22 21:37:14] Poeksf -> Darkrai
[04/11/22 12:37:32] Pescotapa -> Darkrai
[04/11/22 16:57:44] [Tutor] B4 Cesar08 -> Mewtwo
[04/11/22 17:03:12] [Tutor] B4 Cesar08 -> Evil Dusknoir
[04/11/22 21:36:15] Rip Mito -> Darkrai
[04/11/22 22:05:41] B4 Dark -> Evil Dusknoir
[04/11/22 23:54:09] Seja Homi -> Evil Dusknoir
[04/12/22 12:33:19] [Tutor] Darkinho -> Darkrai
[04/12/22 21:32:06] Diva Aginarasgada -> Darkrai
[04/13/22 12:37:58] [Tutor] Darkinho -> Darkrai
[04/14/22 00:39:57] Juquinha -> Evil Dusknoir
[04/14/22 00:45:36] Seja Homi -> Ho-Oh
[04/14/22 21:37:14] Diva Aginarasgada -> Darkrai
[04/15/22 16:39:00] Asdad -> Mewtwo
[04/15/22 16:43:25] Asdad -> Evil Dusknoir
[04/16/22 14:13:57] Miojin -> Raikou
[04/17/22 10:49:43] Asdasd -> Mewtwo
[04/17/22 12:35:29] [Tutor] Darkinho -> Darkrai
[04/17/22 12:35:35] [Tutor] Darkinho -> Darkrai
[04/17/22 12:35:38] [Tutor] Darkinho -> Darkrai
[04/17/22 12:35:42] [Tutor] Darkinho -> Darkrai
[04/17/22 12:35:55] [Tutor] Darkinho -> Darkrai
[04/17/22 22:10:00] Robs -> Mewtwo
[04/17/22 22:12:27] Robs -> Evil Dusknoir
[04/17/22 22:20:44] Billie Eilish -> Ho-Oh
[04/17/22 22:30:45] Asdasd -> Mewtwo
[04/17/22 22:36:47] Asdasd -> Evil Dusknoir
[04/17/22 22:44:45] Perseu -> Evil Dusknoir
[04/17/22 22:50:23] Perseu -> Ho-Oh
[04/18/22 12:33:28] [Tutor] Darkinho -> Darkrai
[04/18/22 18:20:28] Psycotapa -> Mewtwo
[04/19/22 12:34:18] [Tutor] Darkinho -> Darkrai
[04/19/22 12:34:39] [Tutor] Darkinho -> Darkrai
[04/19/22 21:33:39] [Tutor] Darkinho -> Darkrai
[04/19/22 21:40:48] [Tutor] Darkinho -> Mewtwo
[04/20/22 16:24:37] Gui Sz -> Entei
[04/20/22 17:33:40] Perseu -> Mewtwo
[04/20/22 17:45:59] B4 Dark -> Evil Dusknoir
[04/22/22 22:09:48] Seja Homi -> Mewtwo
[04/23/22 16:54:24] Dipirona -> Mewtwo
[04/24/22 00:17:17] Seja Homi -> Mewtwo
[04/24/22 01:58:23] [Tutor] B4 Cesar08 -> Raikou
[04/24/22 02:05:16] [Tutor] B4 Cesar08 -> Entei
[04/24/22 21:38:05] Expeliarmus -> Darkrai
[04/24/22 22:14:15] Creme -> Mewtwo
[04/25/22 20:56:00] [Tutor] B4 Cesar08 -> Mewtwo
[04/25/22 21:33:47] [Tutor] B4 Cesar08 -> Darkrai
[04/25/22 21:47:51] B4 Dark -> Mewtwo
[04/26/22 15:12:15] [Tutor] B4 Cesar08 -> Mewtwo
[04/26/22 21:19:24] Lukezeera -> Mewtwo
[04/26/22 21:51:41] Anderson -> Darkrai
[05/02/22 19:23:57] Laxus -> Mewtwo
[05/02/22 20:47:30] Bulbassauto -> Evil Dusknoir
[05/02/22 21:47:56] Harlem Shake -> Darkrai
[05/02/22 21:50:23] Harlem Shake -> Darkrai
[05/03/22 14:46:06] Lukezeera -> Mewtwo
[05/03/22 18:49:21] Lukezeera -> Mewtwo
[05/03/22 21:34:44] Robss -> Darkrai
[05/03/22 23:04:57] Seja Homi -> Mewtwo
[05/04/22 08:46:49] Plugin Bolt -> Mewtwo
[05/04/22 12:23:33] Laxus -> Mewtwo
[05/04/22 12:38:30] Robss -> Zapdos
[05/04/22 12:46:52] Gaabi -> Moltres
[05/04/22 13:33:24] Gaabi -> Articuno
[05/04/22 17:21:55] Blood -> Mewtwo
[05/04/22 17:55:23] Blood -> Ho-Oh
[05/04/22 18:22:40] Robss -> Evil Dusknoir
[05/04/22 20:32:02] Lukezeera -> Mewtwo
[05/04/22 20:47:05] Custela Quebrada -> Mewtwo
[05/05/22 00:08:12] Seja Homi -> Ho-Oh