[02/25/22 14:56:46] Ckllow KILLED BY Fearow EXPLOST 1482;
[02/25/22 14:53:14] Ckllow KILLED BY Golbat EXPLOST 1009;
[02/25/22 13:48:10] Ninnha KILLED BY Poliwhirl EXPLOST 33974;
[02/25/22 13:44:08] Ninnha KILLED BY Pidgeot EXPLOST 28881;
[02/24/22 22:25:58] Sgt Menezes KILLED BY Marowak EXPLOST 19627;
[02/24/22 21:57:00] Scarlet KILLED BY Koffing EXPLOST 196932;
[02/24/22 21:31:33] Scarlet KILLED BY Darkrai Minion EXPLOST 180568;
[02/24/22 21:18:58] Sgt Menezes KILLED BY Remoraid EXPLOST 15601;
[02/24/22 20:55:35] Scarlet KILLED BY Bayleef EXPLOST 117493;
[02/24/22 20:44:10] Scarlet KILLED BY Ekans EXPLOST 103239;
[02/24/22 20:00:59] Scarlet KILLED BY Blastoise EXPLOST 34624;
[02/24/22 19:25:38] Scarlet KILLED BY Fearow EXPLOST 11009;
[02/24/22 19:20:10] Scarlet KILLED BY Fearow EXPLOST 10911;
[02/24/22 18:54:02] Scarlet KILLED BY Shiny Magikarp EXPLOST 618;
[02/24/22 15:15:33] Psycopato KILLED BY Graveler EXPLOST 117748;
[02/24/22 13:58:32] Milho Verde KILLED BY Shiny Marowak EXPLOST 87059;
[02/24/22 12:45:21] Milho Verde KILLED BY Tangela EXPLOST 2022;
[02/24/22 12:38:37] Milho Verde KILLED BY Sunkern EXPLOST 605;
[02/24/22 12:36:38] Milho Verde KILLED BY Hoppip EXPLOST 607;
[02/24/22 12:32:35] Milho Verde KILLED BY Darkrai Minion EXPLOST 296;
[02/24/22 10:25:22] Psycopato KILLED BY Magikarp EXPLOST 1556;
[02/24/22 10:20:42] Psycopato KILLED BY Fearow EXPLOST 751;
[02/24/22 09:16:05] Dongf KILLED BY Spearow EXPLOST 457;
[02/24/22 02:09:17] Mdmalfa KILLED BY Fearow EXPLOST 2175;
[02/24/22 00:13:09] Darkinho KILLED BY Sceptile EXPLOST 24783396;
[02/23/22 23:57:21] Hope Mikaelson KILLED BY Shiny Tangela EXPLOST 5677;
[02/23/22 14:37:20] Krayus Moon KILLED BY Charizard EXPLOST 11118819;
[02/22/22 23:28:58] Kanguru KILLED BY Starmie EXPLOST 21816538;
[02/22/22 18:45:45] Heexos KILLED BY Golbat EXPLOST 871;
[02/22/22 16:20:41] Omegarzo KILLED BY Shiny Rattata EXPLOST 521;
[02/22/22 00:36:34] Kanguru KILLED BY Starmie EXPLOST 20498457;
[02/21/22 22:08:07] Good Legend KILLED BY Remoraid EXPLOST 3149;
[02/21/22 22:05:53] Good Legend KILLED BY Remoraid EXPLOST 2917;
[02/21/22 21:52:12] Good Legend KILLED BY Shiny Horsea EXPLOST 2257;
[02/21/22 21:42:52] Good Legend KILLED BY Shiny Kingler EXPLOST 1937;
[02/21/22 21:40:45] Good Legend KILLED BY Darkrai Minion EXPLOST 1947;
[02/21/22 16:33:39] Kanguru KILLED BY Kingler EXPLOST 18190760;
[02/21/22 05:22:10] Good Legend KILLED BY Sunkern EXPLOST 430;
[02/21/22 02:33:04] Caskera KILLED BY Cloyster EXPLOST 501092;
[02/20/22 23:51:50] Thanos KILLED BY Shiny Politoed EXPLOST 71677;
[02/20/22 23:40:15] Thanos KILLED BY Haunter EXPLOST 59894;
[02/20/22 23:33:07] Thanos KILLED BY Blastoise EXPLOST 60288;
[02/20/22 23:23:32] Thanos KILLED BY Blastoise EXPLOST 35328;
[02/20/22 23:21:12] Thanos KILLED BY Blastoise EXPLOST 35684;
[02/20/22 23:14:17] Thanos KILLED BY Rhydon EXPLOST 34459;
[02/20/22 23:11:58] Thanos KILLED BY Golem EXPLOST 32706;
[02/20/22 23:07:21] Thanos KILLED BY Rhyhorn EXPLOST 27904;
[02/20/22 23:01:37] Thanos KILLED BY Rhydon EXPLOST 28172;
[02/20/22 22:58:06] Thanos KILLED BY Rhydon EXPLOST 23595;
[02/20/22 22:52:26] Thanos KILLED BY Golbat EXPLOST 19911;
[02/20/22 22:40:59] Thanos KILLED BY Shiny Tauros EXPLOST 18555;
[02/20/22 21:19:59] Poeksf KILLED BY Enraged Typhlosion EXPLOST 9770639;
[02/20/22 20:56:53] Slen KILLED BY Blastoise EXPLOST 4298050;
[02/20/22 20:33:06] Blocker KILLED BY Shiny Blastoise EXPLOST 113323;
[02/20/22 20:31:51] Blocker KILLED BY Shiny Giant Magikarp EXPLOST 113844;
[02/20/22 20:01:08] Slen KILLED BY Blastoise EXPLOST 3150324;
[02/20/22 19:23:31] Thanos KILLED BY Zubat EXPLOST 16720;
[02/20/22 18:59:42] Thanos KILLED BY Krabby EXPLOST 15159;
[02/20/22 18:47:45] Thanos KILLED BY Zubat EXPLOST 14041;
[02/20/22 18:38:22] Slen KILLED BY Gyarados EXPLOST 2850769;
[02/20/22 17:52:49] Krauzers Killer KILLED BY Sudowoodo EXPLOST 288810;
[02/20/22 17:32:28] Kani KILLED BY Capoeira Hitmontop EXPLOST 20686805;
[02/20/22 17:31:15] Kani KILLED BY Blaziken EXPLOST 22204838;
[02/20/22 17:20:52] Kani KILLED BY Blaziken EXPLOST 22982679;
[02/20/22 16:42:46] Rasgah Ku KILLED BY Brute Rhydon EXPLOST 3451976;
[02/20/22 16:38:01] Rasgah Ku KILLED BY Brute Rhydon EXPLOST 3482779;
[02/20/22 16:25:14] Rasgah Ku KILLED BY Enraged Typhlosion EXPLOST 3549138;
[02/20/22 16:22:24] Rasgah Ku KILLED BY Kingdra EXPLOST 3710547;
[02/20/22 16:18:11] Rasgah Ku KILLED BY Shiny Tentacruel EXPLOST 3813652;
[02/20/22 16:09:02] Thanos KILLED BY Shiny Raticate EXPLOST 1977;
[02/20/22 16:02:28] Thanos KILLED BY Shiny Lanturn EXPLOST 1408;
[02/20/22 15:58:40] Thanos KILLED BY Weepinbell EXPLOST 1414;
[02/20/22 15:52:31] Thanos KILLED BY Sunflora EXPLOST 615;
[02/20/22 14:26:42] Perseu KILLED BY Capoeira Hitmontop EXPLOST 3509041;
[02/20/22 13:13:21] Seje Homi KILLED BY Boxer Hitmonchan EXPLOST 5129492;
[02/20/22 13:05:35] Seje Homi KILLED BY Capoeira Hitmontop EXPLOST 5162142;
[02/20/22 12:15:41] Poeksf KILLED BY Shiny Feraligatr EXPLOST 6443858;
[02/20/22 12:13:17] Seje Homi KILLED BY Boxer Hitmonchan EXPLOST 5025164;
[02/20/22 11:48:25] Brandi Love KILLED BY Tangela EXPLOST 1394;
[02/20/22 10:03:44] Perseu KILLED BY Capoeira Hitmontop EXPLOST 3444616;
[02/20/22 00:01:35] Krysler KILLED BY Poliwhirl EXPLOST 90440;
[02/19/22 23:59:02] Krysler KILLED BY Poliwhirl EXPLOST 87787;
[02/19/22 23:56:28] Krysler KILLED BY Seaking EXPLOST 85227;
[02/19/22 23:19:12] Krysler KILLED BY Venomoth EXPLOST 34466;
[02/19/22 23:08:25] Birinbinha KILLED BY Tentacool EXPLOST 17268;
[02/19/22 22:56:31] Krysler KILLED BY Seadra EXPLOST 15714;
[02/19/22 22:54:27] Krysler KILLED BY Seaking EXPLOST 15137;
[02/19/22 22:53:25] Krysler KILLED BY Seaking EXPLOST 15098;
[02/19/22 22:50:44] Krysler KILLED BY Seadra EXPLOST 14091;
[02/19/22 22:47:37] Birinbinha KILLED BY Remoraid EXPLOST 12134;
[02/19/22 22:47:08] Krysler KILLED BY Seaking EXPLOST 8885;
[02/19/22 22:46:12] Caskera KILLED BY Sunkern EXPLOST 19825;
[02/19/22 22:45:47] Birinbinha KILLED BY Sandslash EXPLOST 11965;
[02/19/22 22:41:58] Krysler KILLED BY Horsea EXPLOST 4673;
[02/19/22 22:31:37] Krysler KILLED BY Magikarp EXPLOST 3560;
[02/19/22 22:29:15] Krysler KILLED BY Magikarp EXPLOST 3329;
[02/19/22 22:27:40] Krysler KILLED BY Tangela EXPLOST 3078;
[02/19/22 22:20:18] Poeksf KILLED BY Magnet Electabuzz EXPLOST 6012131;
[02/19/22 22:04:39] Rasgah Ku KILLED BY Shiny Giant Magikarp EXPLOST 3053909;
[02/19/22 21:55:18] Caskera KILLED BY Sunkern EXPLOST 3291;
[02/19/22 20:45:56] Poeksf KILLED BY Shiny Crobat EXPLOST 5061527;
[02/19/22 20:25:04] Poeksf KILLED BY Freezing Dewgong EXPLOST 5022681;
[02/19/22 19:35:07] Krayus Moon KILLED BY Ho-Oh EXPLOST 11487906;
[02/19/22 19:24:18] Rasgah Ku KILLED BY Lanturn EXPLOST 1360159;
[02/19/22 19:20:50] Kani KILLED BY Ho-Oh EXPLOST 17572623;
[02/19/22 18:50:45] Krayus Moon KILLED BY Ho-Oh EXPLOST 10731762;
[02/19/22 18:43:52] Rasgah Ku KILLED BY Politoed EXPLOST 1009315;
[02/19/22 18:40:21] Krayus Moon KILLED BY Elder Charizard EXPLOST 11310096;
[02/19/22 18:28:53] Rasgah Ku KILLED BY Dewgong EXPLOST 923991;
[02/19/22 18:09:10] Rasgah Ku KILLED BY Alakazam EXPLOST 835520;
[02/19/22 17:51:37] Krayus Moon KILLED BY Shiny Kingler EXPLOST 10524475;
[02/19/22 16:23:24] Kanguru KILLED BY Kingler EXPLOST 9026414;
[02/19/22 14:57:59] Kanguru KILLED BY Qwilfish EXPLOST 9088160;
[02/19/22 09:51:47] Skull KILLED BY Staryu EXPLOST 26593;
[02/19/22 09:44:14] Skull KILLED BY Magneton EXPLOST 21557;
[02/19/22 09:34:45] Skull KILLED BY Marowak EXPLOST 15472;
[02/19/22 09:15:25] Skull KILLED BY Fearow EXPLOST 5549;
[02/19/22 09:14:14] Vitizerah KILLED BY Charizard EXPLOST 3334697;
[02/19/22 09:09:15] Vitizerah KILLED BY Shiny Lanturn EXPLOST 3489534;
[02/19/22 08:46:13] Vitizerah KILLED BY Tentacruel EXPLOST 3486807;
[02/19/22 06:35:11] Vitizerah KILLED BY Tentacruel EXPLOST 3599511;
[02/19/22 06:24:37] Grooth KILLED BY Hoppip EXPLOST 1542;
[02/19/22 06:23:47] Vitizerah KILLED BY Octillery EXPLOST 3591830;
[02/19/22 06:17:17] Grooth KILLED BY Tangela EXPLOST 811;
[02/19/22 05:57:11] Vitizerah KILLED BY Kingdra EXPLOST 3525469;
[02/19/22 05:30:11] Vitizerah KILLED BY Shiny Lanturn EXPLOST 3292913;
[02/19/22 03:59:03] Vitizerah KILLED BY Giant Magikarp EXPLOST 2407408;
[02/19/22 03:46:59] Vitizerah KILLED BY Lanturn EXPLOST 2500783;
[02/19/22 03:34:11] Vitizerah KILLED BY Lanturn EXPLOST 2509307;
[02/19/22 03:06:37] Vitizerah KILLED BY Lanturn EXPLOST 2400505;
[02/19/22 03:05:45] Krayus Moon KILLED BY Starmie EXPLOST 11118242;
[02/19/22 02:46:44] Vitizerah KILLED BY Lanturn EXPLOST 2315521;
[02/19/22 02:33:09] Vitizerah KILLED BY Lanturn EXPLOST 2240903;
[02/19/22 01:50:35] Vitizerah KILLED BY Lanturn EXPLOST 1908283;
[02/19/22 01:43:50] Krayus Moon KILLED BY Shiny Lanturn EXPLOST 11026890;
[02/19/22 01:42:42] Vitizerah KILLED BY Shiny Lanturn EXPLOST 1945785;
[02/19/22 01:33:53] Vitizerah KILLED BY Shiny Giant Magikarp EXPLOST 1943874;
[02/19/22 00:01:11] Krayus Moon KILLED BY Octillery EXPLOST 8620856;
[02/18/22 23:25:55] Seje Homi KILLED BY Capoeira Hitmontop EXPLOST 1620129;
[02/18/22 23:18:04] Clebauros KILLED BY Hard Golem EXPLOST 12354020;
[02/18/22 21:31:02] Kody KILLED BY Darkrai Minion EXPLOST 6795;
[02/18/22 21:30:55] Player Sem KILLED BY Darkrai Minion EXPLOST 6289;
[02/18/22 21:30:50] Player Sem KILLED BY Darkrai Minion EXPLOST 6330;
[02/18/22 21:30:50] Kody KILLED BY Darkrai Minion EXPLOST 6839;
[02/18/22 21:30:43] Player Sem KILLED BY Darkrai EXPLOST 6371;
[02/18/22 21:30:36] Kody KILLED BY Darkrai EXPLOST 6884;
[02/18/22 21:30:33] Player Sem KILLED BY Darkrai Minion EXPLOST 6413;
[02/18/22 21:30:31] Kody KILLED BY Darkrai Minion EXPLOST 6929;
[02/18/22 21:30:24] Player Sem KILLED BY Darkrai Minion EXPLOST 6455;
[02/18/22 21:30:23] Kody KILLED BY Darkrai Minion EXPLOST 7515;
[02/18/22 21:30:19] Player Sem KILLED BY Darkrai Minion EXPLOST 6497;
[02/18/22 21:30:14] Kody KILLED BY Darkrai Minion EXPLOST 7567;
[02/18/22 21:30:05] Player Sem KILLED BY Darkrai Minion EXPLOST 6540;
[02/18/22 21:02:48] Player Sem KILLED BY Shiny Rattata EXPLOST 532;
[02/18/22 20:47:02] Seje Homi KILLED BY Charizard EXPLOST 1354761;
[02/18/22 20:22:03] Seje Homi KILLED BY Charizard EXPLOST 1273211;
[02/18/22 18:21:33] Rasgah Ku KILLED BY Blastoise EXPLOST 15453;
[02/18/22 18:16:53] Slen KILLED BY Blastoise EXPLOST 2242982;
[02/18/22 18:14:50] Rasgah Ku KILLED BY Shiny Blastoise EXPLOST 11419;
[02/18/22 18:12:45] Rasgah Ku KILLED BY Shiny Blastoise EXPLOST 11505;
[02/18/22 18:11:29] Rasgah Ku KILLED BY Shiny Blastoise EXPLOST 11592;
[02/18/22 18:09:21] Clebauros KILLED BY Mewtwo EXPLOST 7497214;
[02/18/22 18:08:08] Rasgah Ku KILLED BY Shiny Blastoise EXPLOST 11463;
[02/18/22 18:07:43] Rasgah Ku KILLED BY Shiny Blastoise EXPLOST 11549;
[02/18/22 17:50:28] Kanguru KILLED BY Starmie EXPLOST 5419326;
[02/18/22 17:49:42] Rasgah Ku KILLED BY Horsea EXPLOST 3244;
[02/18/22 17:46:07] Lucas KILLED BY Milch-Miltank EXPLOST 4683226;
[02/18/22 17:23:11] Kanguru KILLED BY Starmie EXPLOST 5667004;
[02/18/22 17:02:39] Lucas KILLED BY Elder Gengar EXPLOST 4448094;
[02/18/22 16:47:27] Lucas KILLED BY Boxer Hitmonchan EXPLOST 4436665;
[02/18/22 15:45:36] Slen KILLED BY Shiny Lanturn EXPLOST 1888635;
[02/18/22 15:17:02] Slen KILLED BY Shiny Tentacruel EXPLOST 1526477;
[02/18/22 10:59:40] Luscarc KILLED BY Electabuzz EXPLOST 1541730;
[02/18/22 10:51:06] Sacerdote KILLED BY Hoppip EXPLOST 2180;
[02/18/22 10:47:55] Sacerdote KILLED BY Sunflora EXPLOST 2090;
[02/18/22 10:20:17] Luscarc KILLED BY Electabuzz EXPLOST 1431779;
[02/18/22 10:01:02] Luscarc KILLED BY Electabuzz EXPLOST 1424516;
[02/18/22 09:10:45] Luscarc KILLED BY Electabuzz EXPLOST 1356468;
[02/18/22 07:17:55] Deco KILLED BY Krabby EXPLOST 1255;
[02/18/22 00:11:51] Birinbinha KILLED BY Remoraid EXPLOST 10279;
[02/17/22 22:36:35] Ankara Messi KILLED BY Horsea EXPLOST 3602;
[02/17/22 22:20:51] Daskendo KILLED BY Golem EXPLOST 116468;
[02/17/22 21:51:28] Lord Gostoso KILLED BY Fearow EXPLOST 8008;
[02/17/22 21:41:30] Daskendo KILLED BY Darkrai Minion EXPLOST 71184;
[02/17/22 21:36:47] Lord Gostoso KILLED BY Darkrai EXPLOST 5729;
[02/17/22 21:36:23] Pardau KILLED BY Fearow EXPLOST 892;
[02/17/22 21:33:05] Pardau KILLED BY Sunkern EXPLOST 522;
[02/17/22 21:30:03] Pardau KILLED BY Darkrai EXPLOST 296;
[02/17/22 20:57:34] Daskendo KILLED BY Golbat EXPLOST 40844;
[02/17/22 20:45:19] Birinbinha KILLED BY Remoraid EXPLOST 6419;
[02/17/22 20:17:59] Birinbinha KILLED BY Spearow EXPLOST 880;
[02/17/22 19:24:15] Kanguru KILLED BY Qwilfish EXPLOST 4984077;
[02/17/22 18:47:33] Kanguru KILLED BY Kingler EXPLOST 5131938;
[02/17/22 18:14:47] Sacerdote KILLED BY Geodude EXPLOST 1263;
[02/17/22 18:12:17] Duque Tyler Lockwood KILLED BY Fearow EXPLOST 903;
[02/17/22 18:11:07] Duque Tyler Lockwood KILLED BY Tangela EXPLOST 906;
[02/17/22 18:08:08] Kanguru KILLED BY Kingler EXPLOST 5298613;
[02/17/22 17:54:20] Doutorinha KILLED BY Hoppip EXPLOST 7687;
[02/17/22 17:42:12] Luscarc KILLED BY Capoeira Hitmontop EXPLOST 1376493;
[02/17/22 17:41:39] Doutorinha KILLED BY Raticate EXPLOST 1260;
[02/17/22 17:38:48] Doutorinha KILLED BY Fearow EXPLOST 573;
[02/17/22 17:28:37] Kanguru KILLED BY Shiny Venusaur EXPLOST 5344101;
[02/17/22 15:58:38] Lonches KILLED BY Wardog Arcanine EXPLOST 5936798;
[02/17/22 15:15:15] Slen KILLED BY Typhlosion EXPLOST 513030;
[02/17/22 14:40:51] Gel Yoov KILLED BY Magikarp EXPLOST 923;
[02/17/22 14:35:42] Kani KILLED BY Qwilfish EXPLOST 8406761;
[02/17/22 14:19:52] Luscarc KILLED BY Electabuzz EXPLOST 1159186;
[02/17/22 14:02:14] Clebauros KILLED BY Tribal Xatu EXPLOST 6966754;
[02/17/22 13:58:49] Kanguru KILLED BY Giant Magikarp EXPLOST 4496888;
[02/17/22 13:52:23] Kanguru KILLED BY Giant Magikarp EXPLOST 4710022;
[02/17/22 13:44:02] Otaku KILLED BY Pidgeot EXPLOST 738067;
[02/17/22 13:35:54] Otaku KILLED BY Meganium EXPLOST 748923;
[02/17/22 13:12:25] Otaku KILLED BY Meganium EXPLOST 756030;
[02/17/22 12:41:51] Athenasoto KILLED BY Darkrai Minion EXPLOST 4275425;
[02/17/22 11:21:29] Darkinho KILLED BY Roll Donphan EXPLOST 5592022;
[02/17/22 11:09:04] Darkinho KILLED BY Furious Sandslash EXPLOST 5716129;
[02/17/22 10:40:36] Luscarc KILLED BY Electabuzz EXPLOST 981926;
[02/17/22 10:38:27] Luscarc KILLED BY Shiny Electabuzz EXPLOST 1003103;
[02/17/22 09:24:48] Kani KILLED BY Starmie EXPLOST 7933694;
[02/17/22 06:21:45] Vitizerah KILLED BY Lanturn EXPLOST 1854422;
[02/17/22 06:12:57] Vitizerah KILLED BY Hard Golem EXPLOST 1861692;
[02/17/22 05:59:01] Vitizerah KILLED BY Hard Golem EXPLOST 1479629;
[02/17/22 05:56:33] Vitizerah KILLED BY Hard Golem EXPLOST 1500343;
[02/17/22 04:34:32] Vitizerah KILLED BY Lanturn EXPLOST 1374956;
[02/17/22 03:19:34] Vitizerah KILLED BY Cloyster EXPLOST 776075;
[02/17/22 02:39:25] Vitizerah KILLED BY Charizard EXPLOST 623729;
[02/17/22 01:15:57] Lucas KILLED BY Shiny Mr. Mime EXPLOST 3156458;
[02/17/22 00:29:13] Kanguru KILLED BY Shiny Lanturn EXPLOST 4740316;
[02/17/22 00:25:45] Vitizerah KILLED BY Shiny Lanturn EXPLOST 87815;
[02/17/22 00:21:08] Vitizerah KILLED BY Shiny Seadra EXPLOST 63330;
[02/17/22 00:01:20] Darkinho KILLED BY Mewtwo EXPLOST 6004749;
[02/16/22 23:36:37] Lord Voldemort KILLED BY Shiny Jynx EXPLOST 273564;
[02/16/22 23:27:40] Kanguru KILLED BY Brave Charizard EXPLOST 4675595;
[02/16/22 23:04:26] Kanguru KILLED BY Ancient Meganium EXPLOST 4595765;
[02/16/22 22:43:40] Darkinho KILLED BY Capoeira Hitmontop EXPLOST 5250025;
[02/16/22 22:11:01] Lonches KILLED BY Octopus Octillery EXPLOST 5393869;
[02/16/22 21:42:53] Otaku KILLED BY Darkrai EXPLOST 701547;
[02/16/22 21:33:32] Clebozidade Maxima KILLED BY Gengar EXPLOST 502223;
[02/16/22 21:30:27] Kanguru KILLED BY Darkrai EXPLOST 4485223;
[02/16/22 21:16:28] Kanguru KILLED BY Shiny Venomoth EXPLOST 4505396;
[02/16/22 21:06:11] Lucas KILLED BY Shiny Machamp EXPLOST 3267981;
[02/16/22 20:59:20] Kanguru KILLED BY Shiny Lanturn EXPLOST 4585630;
[02/16/22 20:59:12] Lucas KILLED BY Hard Golem EXPLOST 3239594;
[02/16/22 20:43:31] Lucas KILLED BY Shiny Xatu EXPLOST 2854219;
[02/16/22 20:33:13] Lucas KILLED BY Roll Donphan EXPLOST 2686579;
[02/16/22 20:29:59] Lucas KILLED BY Brute Rhydon EXPLOST 2743165;
[02/16/22 19:59:21] Kanguru KILLED BY War Heracross EXPLOST 4016072;
[02/16/22 19:54:56] Kanguru KILLED BY War Pinsir EXPLOST 4167449;
[02/16/22 19:49:11] Lucas KILLED BY Brute Rhydon EXPLOST 1603376;
[02/16/22 19:48:03] Kanguru KILLED BY Shiny Muk EXPLOST 4300328;
[02/16/22 19:47:58] Lucas KILLED BY Shiny Lanturn EXPLOST 1646177;
[02/16/22 19:43:50] Kanguru KILLED BY War Heracross EXPLOST 4420491;
[02/16/22 19:41:30] Eren KILLED BY Shiny Marowak EXPLOST 58996;
[02/16/22 19:27:21] Eren KILLED BY Golem EXPLOST 34824;
[02/16/22 19:16:52] Eren KILLED BY Cubone EXPLOST 16734;
[02/16/22 18:42:48] Kanguru KILLED BY Tribal Feraligatr EXPLOST 3903607;
[02/16/22 18:39:18] Kanguru KILLED BY Shiny Pidgeot EXPLOST 4033095;
[02/16/22 18:28:50] Athenasoto KILLED BY Ancient Meganium EXPLOST 3165211;
[02/16/22 18:14:45] Kanguru KILLED BY Ancient Meganium EXPLOST 3505436;
[02/16/22 18:03:48] Kanguru KILLED BY Ancient Meganium EXPLOST 3440816;
[02/16/22 18:00:04] Athenasoto KILLED BY Blastoise EXPLOST 3266175;
[02/16/22 17:52:44] Kanguru KILLED BY Brave Venusaur EXPLOST 3372824;
[02/16/22 17:40:39] Kanguru KILLED BY Ancient Meganium EXPLOST 3352084;
[02/16/22 17:39:05] Skobydo KILLED BY Meganium EXPLOST 222492;
[02/16/22 17:30:21] Skobydo KILLED BY Meganium EXPLOST 172687;
[02/16/22 17:24:48] Kanguru KILLED BY Wardog Arcanine EXPLOST 3293993;
[02/16/22 17:21:13] Kanguru KILLED BY Elder Arcanine EXPLOST 3377699;
[02/16/22 17:18:25] Clebozidade Maxima KILLED BY Magikarp EXPLOST 2260;
[02/16/22 16:56:30] Zhaay KILLED BY Enigmatic Girafarig EXPLOST 4465614;
[02/16/22 16:18:53] Kanguru KILLED BY Wardog Arcanine EXPLOST 3042930;
[02/16/22 15:59:14] Luscarc KILLED BY Electabuzz EXPLOST 841277;
[02/16/22 15:29:38] Luscarc KILLED BY Shiny Electabuzz EXPLOST 811934;
[02/16/22 13:50:18] Luscarc KILLED BY Shiny Electabuzz EXPLOST 649539;
[02/16/22 13:43:18] Luscarc KILLED BY Electabuzz EXPLOST 668479;
[02/16/22 13:38:14] Luscarc KILLED BY Electabuzz EXPLOST 679100;
[02/16/22 13:11:22] Luscarc KILLED BY Dewgong EXPLOST 646353;
[02/16/22 13:00:51] Luscarc KILLED BY Cloyster EXPLOST 623632;
[02/16/22 12:52:41] Luscarc KILLED BY Dewgong EXPLOST 612647;
[02/16/22 12:45:41] Luscarc KILLED BY Cloyster EXPLOST 588443;
[02/16/22 12:37:30] Luscarc KILLED BY Darkrai Minion EXPLOST 583421;
[02/16/22 12:23:55] Poeksf KILLED BY Brute Rhydon EXPLOST 5280283;
[02/16/22 12:11:51] Darkinho KILLED BY Trickmaster Gengar EXPLOST 5288059;
[02/16/22 11:42:16] Poeksf KILLED BY Hard Golem EXPLOST 5417926;
[02/16/22 11:17:14] Otaku KILLED BY Meganium EXPLOST 716596;
[02/16/22 00:30:04] Kani KILLED BY Freezing Dewgong EXPLOST 5046008;
[02/15/22 23:01:07] Seje Homi KILLED BY Charizard EXPLOST 1028795;
[02/15/22 22:53:28] Kanguru KILLED BY Taekwondo Hitmonlee EXPLOST 2764898;
[02/15/22 22:53:27] Seje Homi KILLED BY Charizard EXPLOST 1058263;
[02/15/22 22:47:17] Seje Homi KILLED BY Charizard EXPLOST 1072239;
[02/15/22 22:47:14] Otaku KILLED BY Politoed EXPLOST 648062;
[02/15/22 22:28:35] Seje Homi KILLED BY Charizard EXPLOST 1019278;
[02/15/22 22:27:42] Athenasoto KILLED BY Tentacruel EXPLOST 1882963;
[02/15/22 22:18:33] Seje Homi KILLED BY Charizard EXPLOST 1052515;
[02/15/22 22:06:42] Kani KILLED BY Capoeira Hitmontop EXPLOST 5090287;
[02/15/22 21:47:41] Seje Homi KILLED BY Qwilfish EXPLOST 984450;
[02/15/22 21:42:55] Seje Homi KILLED BY Dewgong EXPLOST 988568;
[02/15/22 21:35:52] Kanguru KILLED BY Octopus Octillery EXPLOST 1612432;
[02/15/22 21:29:41] Athenasoto KILLED BY Tentacruel EXPLOST 1907596;
[02/15/22 21:29:01] Kanguru KILLED BY Tribal Feraligatr EXPLOST 1598588;
[02/15/22 21:26:20] Kanguru KILLED BY Capoeira Hitmontop EXPLOST 1641261;
[02/15/22 21:24:43] Kanguru KILLED BY Brute Rhydon EXPLOST 1718360;
[02/15/22 20:59:35] Skobydo KILLED BY Venusaur EXPLOST 119514;
[02/15/22 20:53:19] Skobydo KILLED BY Venusaur EXPLOST 112829;
[02/15/22 20:48:04] Seje Homi KILLED BY Corsola EXPLOST 761035;
[02/15/22 20:34:15] Seje Homi KILLED BY Marowak EXPLOST 712632;
[02/15/22 20:27:36] Clebauros KILLED BY Lanturn EXPLOST 4979319;
[02/15/22 20:02:59] Seje Homi KILLED BY Starmie EXPLOST 650454;
[02/15/22 19:58:17] Lordnebulo KILLED BY Sunkern EXPLOST 414;
[02/15/22 19:53:54] Athenasoto KILLED BY Tentacruel EXPLOST 1744769;
[02/15/22 19:52:42] Kani KILLED BY Blastoise EXPLOST 4868138;
[02/15/22 19:44:49] Seje Homi KILLED BY Dewgong EXPLOST 582246;
[02/15/22 19:40:39] Kanguru KILLED BY Shiny Dragonair EXPLOST 1463577;
[02/15/22 19:37:28] Lonches KILLED BY Brute Rhydon EXPLOST 4568125;
[02/15/22 18:39:14] Skobydo KILLED BY Magikarp EXPLOST 853;
[02/15/22 17:02:38] Luscarc KILLED BY Shiny Charizard EXPLOST 581237;
[02/15/22 16:57:06] Luscarc KILLED BY Shiny Magmar EXPLOST 589991;
[02/15/22 16:54:29] Lonches KILLED BY Hard Golem EXPLOST 4196379;
[02/15/22 16:49:23] Luscarc KILLED BY Electabuzz EXPLOST 613252;
[02/15/22 16:41:36] Juborios KILLED BY Armadilha Fogo Grande EXPLOST 4274684;
[02/15/22 16:41:36] Kanguru KILLED BY Armadilha Fogo Grande EXPLOST 1427397;
[02/15/22 16:41:36] Luscarc KILLED BY Armadilha Fogo Grande EXPLOST 620112;
[02/15/22 16:41:02] Juborios KILLED BY Armadilha Fogo Grande EXPLOST 4489862;
[02/15/22 16:35:33] Luscarc KILLED BY Dewgong EXPLOST 626634;
[02/15/22 16:32:07] Luscarc KILLED BY Cloyster EXPLOST 626971;
[02/15/22 16:24:57] Luscarc KILLED BY Politoed EXPLOST 613210;
[02/15/22 16:13:05] Blocker KILLED BY Shiny Dratini EXPLOST 11930;
[02/15/22 16:12:53] Kanguru KILLED BY Shiny Dratini EXPLOST 1493519;
[02/15/22 14:54:59] Solrac KILLED BY Sunflora EXPLOST 875;
[02/15/22 14:06:53] Lucas KILLED BY Shiny Electabuzz EXPLOST 1543735;
[02/15/22 13:56:19] Lucas KILLED BY Hard Golem EXPLOST 1415449;
[02/15/22 13:52:22] Lucas KILLED BY Hard Golem EXPLOST 1412768;
[02/15/22 13:48:21] Lucas KILLED BY War Gyarados EXPLOST 1428589;
[02/15/22 13:44:38] Lucas KILLED BY Brute Rhydon EXPLOST 1485430;
[02/15/22 13:34:50] Tester KILLED BY Armadilha Fogo Grande EXPLOST 293;
[02/15/22 13:32:47] Krayus Moon KILLED BY Armadilha Gelo Grande EXPLOST 5260075;
[02/15/22 13:31:38] Krayus Moon KILLED BY Armadilha Gelo Grande EXPLOST 5450855;
[02/15/22 13:17:50] Kani KILLED BY Armadilha Raio Grande EXPLOST 4710869;
[02/15/22 12:42:42] Blocker KILLED BY Poliwag EXPLOST 8554;
[02/15/22 12:41:51] Krayus Moon KILLED BY Armadilha Fogo Grande EXPLOST 5310163;
[02/15/22 12:38:49] Darkinho KILLED BY Armadilha Fogo Grande EXPLOST 5249975;
[02/15/22 12:30:31] Athenasoto KILLED BY Darkrai Minion EXPLOST 895995;
[02/15/22 12:28:48] Blocker KILLED BY Shiny Marowak EXPLOST 4406;
[02/15/22 12:23:14] Juborios KILLED BY Armadilha Fogo Grande EXPLOST 4189661;
[02/15/22 12:22:35] Blocker KILLED BY Armadilha Fogo Grande EXPLOST 3258;
[02/15/22 12:22:24] Juborios KILLED BY Armadilha Fogo Grande EXPLOST 4400560;
[02/15/22 12:19:56] Darkinho KILLED BY Armadilha Fogo Grande EXPLOST 5249975;
[02/15/22 12:19:01] Juborios KILLED BY Armadilha Fogo Grande EXPLOST 3747817;
[02/15/22 12:16:25] Juborios KILLED BY Armadilha Fogo Grande EXPLOST 3934240;
[02/15/22 12:16:12] Juborios KILLED BY Armadilha Fogo Grande EXPLOST 4066397;
[02/15/22 12:15:08] Juborios KILLED BY Armadilha Fogo Grande EXPLOST 4269863;
[02/15/22 12:13:24] Blocker KILLED BY Diglett EXPLOST 3277;
[02/15/22 12:12:32] Juborios KILLED BY Armadilha Fogo Pequena EXPLOST 3779296;
[02/15/22 12:11:49] Juborios KILLED BY Armadilha Fogo Pequena EXPLOST 3967284;
[02/15/22 12:11:03] Juborios KILLED BY Armadilha Fogo Pequena EXPLOST 4165791;
[02/15/22 12:10:23] Juborios KILLED BY Armadilha Fogo Pequena EXPLOST 4307953;
[02/15/22 12:10:17] Tester KILLED BY Armadilha Fogo Pequena EXPLOST 294;
[02/15/22 12:08:08] Darkinho KILLED BY Armadilha Fogo Pequena EXPLOST 5269392;
[02/15/22 11:10:51] Tester KILLED BY Armadilha Fogo Pequena EXPLOST 295;
[02/15/22 11:05:24] Otaku KILLED BY Shiny Dragonair EXPLOST 644631;
[02/15/22 10:55:58] Mevendo KILLED BY Capoeira Hitmontop EXPLOST 5250395;
[02/15/22 10:54:06] Mevendo KILLED BY Capoeira Hitmontop EXPLOST 5437922;
[02/15/22 10:53:02] Tester KILLED BY Armadilha Fogo Pequena EXPLOST 296;
[02/15/22 10:41:28] Kani KILLED BY Armadilha Fogo Pequena EXPLOST 4717887;
[02/15/22 10:12:43] Otaku KILLED BY Tyranitar EXPLOST 564973;
[02/15/22 10:11:06] Slen KILLED BY Charizard EXPLOST 225750;
[02/15/22 10:06:43] Otaku KILLED BY Tyranitar EXPLOST 570299;
[02/15/22 00:45:37] Busseto KILLED BY Rhydon EXPLOST 63456;
[02/15/22 00:35:57] Clebauros KILLED BY Banshee Misdreavus EXPLOST 4870013;
[02/15/22 00:28:54] Lord Voldemort KILLED BY Remoraid EXPLOST 174142;
[02/15/22 00:27:28] Kanguru KILLED BY Capoeira Hitmontop EXPLOST 1370606;
[02/15/22 00:21:00] Busseto KILLED BY Chinchou EXPLOST 21263;
[02/15/22 00:15:05] Luscarc KILLED BY Politoed EXPLOST 567520;
[02/15/22 00:12:18] Lord Voldemort KILLED BY Poliwhirl EXPLOST 160819;
[02/15/22 00:08:14] Clebauros KILLED BY Banshee Misdreavus EXPLOST 5076283;
[02/15/22 00:07:43] Luscarc KILLED BY Dewgong EXPLOST 552592;
[02/15/22 00:04:37] Luscarc KILLED BY Dewgong EXPLOST 551270;
[02/14/22 23:56:21] Kanguru KILLED BY Shiny Lanturn EXPLOST 1304004;
[02/14/22 23:55:47] Slen KILLED BY Typhlosion EXPLOST 197606;
[02/14/22 23:52:18] Luscarc KILLED BY Qwilfish EXPLOST 531074;
[02/14/22 23:35:35] Lord Voldemort KILLED BY Seaking EXPLOST 155390;
[02/14/22 23:29:19] Lord Voldemort KILLED BY Scyther EXPLOST 153301;
[02/14/22 23:23:06] Seje Homi KILLED BY Cloyster EXPLOST 589627;
[02/14/22 23:19:14] Seje Homi KILLED BY Dewgong EXPLOST 589547;
[02/14/22 22:57:24] Darkinho KILLED BY Articuno EXPLOST 5011536;
[02/14/22 22:51:41] Poeksf KILLED BY War Pinsir EXPLOST 5645330;
[02/14/22 22:49:55] Otaku KILLED BY Geodude EXPLOST 549126;
[02/14/22 22:41:43] Seje Homi KILLED BY Dewgong EXPLOST 423825;
[02/14/22 22:36:49] Otaku KILLED BY Kadabra EXPLOST 555180;
[02/14/22 22:27:42] Otaku KILLED BY Zapdos EXPLOST 562600;
[02/14/22 22:20:14] Luscarc KILLED BY Qwilfish EXPLOST 369649;
[02/14/22 22:12:51] Seje Homi KILLED BY Corsola EXPLOST 289624;
[02/14/22 22:08:25] Kanguru KILLED BY Dewgong EXPLOST 471326;
[02/14/22 22:06:16] Lord Voldemort KILLED BY Shiny Marowak EXPLOST 116618;
[02/14/22 22:06:12] Otaku KILLED BY Alakazam EXPLOST 573246;
[02/14/22 21:43:23] Otaku KILLED BY Drowzee EXPLOST 582853;
[02/14/22 21:27:25] Seje Homi KILLED BY Shiny Lanturn EXPLOST 7964;
[02/14/22 21:26:45] Kanguru KILLED BY Wobbuffet EXPLOST 297030;
[02/14/22 21:26:24] Lonches KILLED BY Darkrai Minion EXPLOST 1152147;
[02/14/22 21:24:22] Kanguru KILLED BY Exeggcute EXPLOST 302167;
[02/14/22 21:20:07] Seje Homi KILLED BY Shiny Seadra EXPLOST 4869;
[02/14/22 21:19:52] Kanguru KILLED BY Shiny Seadra EXPLOST 307383;
[02/14/22 21:14:44] Seje Homi KILLED BY Shiny Giant Magikarp EXPLOST 4255;
[02/14/22 21:10:06] Darkinho KILLED BY Charizard EXPLOST 5004939;
[02/14/22 21:06:24] Seje Homi KILLED BY Remoraid EXPLOST 3223;
[02/14/22 21:05:52] Kanguru KILLED BY Remoraid EXPLOST 294589;
[02/14/22 21:05:40] Seje Homi KILLED BY Remoraid EXPLOST 3139;
[02/14/22 21:05:15] Seje Homi KILLED BY Remoraid EXPLOST 3157;
[02/14/22 21:01:42] Seje Homi KILLED BY Chinchou EXPLOST 3152;
[02/14/22 20:49:00] Lonches KILLED BY Politoed EXPLOST 902558;
[02/14/22 20:44:48] Seje Homi KILLED BY Raticate EXPLOST 343;
[02/14/22 20:43:38] Luscarc KILLED BY Seaking EXPLOST 337702;
[02/14/22 20:43:11] Seje Homi KILLED BY Tentacruel EXPLOST 308;
[02/14/22 20:41:52] Clebonico KILLED BY Kingdra EXPLOST 1009915;
[02/14/22 20:30:54] Clebonico KILLED BY Giant Magikarp EXPLOST 971439;
[02/14/22 20:29:34] Lord Voldemort KILLED BY Shiny Dodrio EXPLOST 103139;
[02/14/22 20:07:48] Lonches KILLED BY Shiny Lanturn EXPLOST 886495;
[02/14/22 20:06:44] Luscarc KILLED BY Shiny Dragonair EXPLOST 335479;
[02/14/22 19:39:15] Vedita KILLED BY Gengar EXPLOST 15348;
[02/14/22 19:17:29] Kani KILLED BY Octillery EXPLOST 4284296;
[02/14/22 19:12:03] Vedita KILLED BY Golbat EXPLOST 726;
[02/14/22 19:11:42] Kani KILLED BY Kingdra EXPLOST 4461566;
[02/14/22 18:47:20] Kani KILLED BY Banshee Misdreavus EXPLOST 4482807;
[02/14/22 18:33:22] Kyoshi KILLED BY Seel EXPLOST 4251;
[02/14/22 18:30:57] Lord Voldemort KILLED BY Poliwhirl EXPLOST 95377;
[02/14/22 18:29:41] Kyoshi KILLED BY Seel EXPLOST 3479;
[02/14/22 18:27:32] Kyoshi KILLED BY Chinchou EXPLOST 2372;
[02/14/22 18:26:57] Kanguru KILLED BY Seadra EXPLOST 5740;
[02/14/22 18:18:12] Kanguru KILLED BY Seaking EXPLOST 5699;
[02/14/22 18:16:12] Kanguru KILLED BY Seaking EXPLOST 5684;
[02/14/22 18:02:04] Kanguru KILLED BY Poliwag EXPLOST 4875;
[02/14/22 18:01:12] Lord Voldemort KILLED BY Magneton EXPLOST 81933;
[02/14/22 17:54:33] Kanguru KILLED BY Magikarp EXPLOST 2407;
[02/14/22 17:48:51] Kanguru KILLED BY Shiny Magikarp EXPLOST 1488;
[02/14/22 17:43:53] Kanguru KILLED BY Magikarp EXPLOST 462;
[02/14/22 17:40:16] Kanguru KILLED BY Giant Magikarp EXPLOST 296;
[02/14/22 17:37:53] Lucas KILLED BY Enraged Typhlosion EXPLOST 1369426;
[02/14/22 17:26:44] Athenasoto KILLED BY Charizard EXPLOST 501317;
[02/14/22 17:21:57] Juborios KILLED BY Mewtwo EXPLOST 4442595;
[02/14/22 17:07:10] Kani KILLED BY Elder Tentacruel EXPLOST 4414867;
[02/14/22 16:58:27] Lord Voldemort KILLED BY Raichu EXPLOST 53782;
[02/14/22 16:40:13] Lucas KILLED BY Cloyster EXPLOST 1183899;
[02/14/22 16:20:59] Lonches KILLED BY Shiny Raticate EXPLOST 791;
[02/14/22 16:18:30] Lonches KILLED BY Shiny Raticate EXPLOST 589;
[02/14/22 15:42:32] Soirobuj KILLED BY Blastoise EXPLOST 269249;
[02/14/22 15:37:46] Urin Trouble KILLED BY Kingler EXPLOST 590611;
[02/14/22 15:04:03] Athenasoto KILLED BY Charizard EXPLOST 407539;
[02/14/22 15:01:13] Busseto KILLED BY Shiny Kingler EXPLOST 7849;
[02/14/22 14:56:56] Busseto KILLED BY Poliwag EXPLOST 5521;
[02/14/22 14:52:08] Busseto KILLED BY Beedrill EXPLOST 4080;
[02/14/22 14:33:21] Clebonico KILLED BY Shiny Seadra EXPLOST 111350;
[02/14/22 14:28:22] Lord Voldemort KILLED BY Magneton EXPLOST 26423;
[02/14/22 14:14:47] Lord Voldemort KILLED BY Articuno EXPLOST 23732;
[02/14/22 14:14:09] Krayus Moon KILLED BY Mewtwo EXPLOST 5021981;
[02/14/22 14:14:09] Kani KILLED BY Mewtwo EXPLOST 4402295;
[02/14/22 14:08:52] Krayus Moon KILLED BY Elder Pidgeot EXPLOST 5263222;
[02/14/22 14:05:44] Mevendo KILLED BY Elder Dragonite EXPLOST 4773616;
[02/14/22 13:36:00] Clebonico KILLED BY Poliwag EXPLOST 3030;
[02/14/22 13:28:25] Clebonico KILLED BY Magikarp EXPLOST 502;
[02/14/22 13:24:26] Clebonico KILLED BY Sunkern EXPLOST 308;
[02/14/22 13:13:58] Juborios KILLED BY Tyranitar EXPLOST 4177281;
[02/14/22 13:13:19] Kauahf KILLED BY Golbat EXPLOST 1206;
[02/14/22 13:02:00] Athenasoto KILLED BY Charizard EXPLOST 368205;
[02/14/22 12:52:32] Juborios KILLED BY Blastoise EXPLOST 4262098;
[02/14/22 12:51:20] P E T R A  KILLED BY Goldeen EXPLOST 292;
[02/14/22 12:50:03] P E T R A  KILLED BY Starmie EXPLOST 293;
[02/14/22 12:49:58] Juborios KILLED BY Blastoise EXPLOST 4471155;
[02/14/22 12:47:39] P E T R A  KILLED BY Magikarp EXPLOST 294;
[02/14/22 12:46:34] P E T R A  KILLED BY Magikarp EXPLOST 295;
[02/14/22 12:44:45] P E T R A  KILLED BY Goldeen EXPLOST 296;
[02/14/22 12:42:15] Otaku KILLED BY Tyranitar EXPLOST 566490;
[02/14/22 12:27:31] Lady Valkiria KILLED BY Darkrai EXPLOST 363894;
[02/14/22 12:27:12] Lady Valkiria KILLED BY Darkrai EXPLOST 370564;
[02/14/22 12:25:17] Darkinho KILLED BY Undefeated Machamp EXPLOST 3475490;
[02/14/22 12:14:13] Otaku KILLED BY Starmie EXPLOST 567939;
[02/14/22 12:12:18] Lord Voldemort KILLED BY Pineco EXPLOST 13873;
[02/14/22 12:07:49] Darkinho KILLED BY Undefeated Machamp EXPLOST 3161445;
[02/14/22 12:07:05] Lord Voldemort KILLED BY Dugtrio EXPLOST 13497;
[02/14/22 12:06:13] Darkinho KILLED BY Capoeira Hitmontop EXPLOST 3298475;
[02/14/22 12:01:06] Darkinho KILLED BY Capoeira Hitmontop EXPLOST 3298071;
[02/14/22 11:36:52] Mevendo KILLED BY Brave Noctowl EXPLOST 4853696;
[02/14/22 11:35:07] Mevendo KILLED BY Enraged Typhlosion EXPLOST 5099604;
[02/14/22 09:53:57] Otaku KILLED BY Wobbuffet EXPLOST 475486;
[02/14/22 09:17:35] Otaku KILLED BY Shiny Electabuzz EXPLOST 454707;
[02/14/22 09:03:38] Otaku KILLED BY Electabuzz EXPLOST 430230;
[02/14/22 08:54:09] Otaku KILLED BY Shiny Electabuzz EXPLOST 426891;
[02/14/22 04:54:14] Juborios KILLED BY Hard Golem EXPLOST 4174310;
[02/14/22 04:46:11] Juborios KILLED BY Iron Steelix EXPLOST 4074951;
[02/14/22 03:25:42] Juborios KILLED BY Blastoise EXPLOST 3333686;
[02/14/22 03:14:37] Krayus Moon KILLED BY Capoeira Hitmontop EXPLOST 4287826;
[02/14/22 02:26:44] Clebauros KILLED BY Hard Golem EXPLOST 1364207;
[02/14/22 02:15:24] Lucas KILLED BY Dewgong EXPLOST 850615;
[02/14/22 02:11:36] Lucas KILLED BY Dewgong EXPLOST 845259;
[02/14/22 01:58:43] Mevendo KILLED BY Charizard EXPLOST 4466077;
[02/14/22 01:56:47] Lucas KILLED BY Girafarig EXPLOST 807687;
[02/14/22 01:52:34] Lucas KILLED BY Charizard EXPLOST 807733;
[02/14/22 01:38:06] Lucas KILLED BY Charizard EXPLOST 748819;
[02/14/22 01:32:55] Lucas KILLED BY Charizard EXPLOST 754779;
[02/14/22 01:10:40] Lucas KILLED BY Politoed EXPLOST 631359;
[02/14/22 00:50:07] Lucas KILLED BY Politoed EXPLOST 501012;
[02/14/22 00:30:56] Mortenaserto KILLED BY Charizard EXPLOST 334594;
[02/14/22 00:11:02] Mortenaserto KILLED BY Charizard EXPLOST 324399;
[02/13/22 23:54:41] Lucas KILLED BY Qwilfish EXPLOST 291796;
[02/13/22 23:36:50] Luscarc KILLED BY Shiny Electabuzz EXPLOST 294901;
[02/13/22 23:29:01] Luscarc KILLED BY Electabuzz EXPLOST 284466;
[02/13/22 23:28:27] Perseu KILLED BY Tentacruel EXPLOST 2913107;
[02/13/22 23:27:45] Mevendo KILLED BY Enraged Typhlosion EXPLOST 2529809;
[02/13/22 23:04:03] Otaku KILLED BY Electabuzz EXPLOST 428645;
[02/13/22 23:02:07] Lucas KILLED BY Seadra EXPLOST 63888;
[02/13/22 22:54:45] Lucas KILLED BY Shiny Seadra EXPLOST 35216;
[02/13/22 22:48:24] Lucas KILLED BY Tentacool EXPLOST 16878;
[02/13/22 22:46:26] Lucas KILLED BY Remoraid EXPLOST 14046;
[02/13/22 22:44:19] Lucas KILLED BY Horsea EXPLOST 11789;
[02/13/22 22:43:37] Darkinho KILLED BY Brute Rhydon EXPLOST 3238880;
[02/13/22 22:35:55] Lucas KILLED BY Magikarp EXPLOST 4623;
[02/13/22 22:31:48] Mevendo KILLED BY Enraged Typhlosion EXPLOST 1894525;
[02/13/22 22:23:44] Otaku KILLED BY Electabuzz EXPLOST 292534;
[02/13/22 22:10:20] Krayus Moon KILLED BY Seadra EXPLOST 2232;
[02/13/22 22:06:09] Mevendo KILLED BY Brute Rhydon EXPLOST 1464363;
[02/13/22 22:04:19] Nebauros KILLED BY Zubat EXPLOST 953;
[02/13/22 22:04:05] Clebauros KILLED BY Dewgong EXPLOST 680288;
[02/13/22 21:51:02] Nebauros KILLED BY Hoppip EXPLOST 332;
[02/13/22 21:48:35] Juborios KILLED BY Charizard EXPLOST 1192049;
[02/13/22 21:41:38] Otaku KILLED BY Darkrai Minion EXPLOST 231025;
[02/13/22 21:32:04] Zhaay KILLED BY Darkrai Minion EXPLOST 1929981;
[02/13/22 21:21:02] Zhaay KILLED BY Capoeira Hitmontop EXPLOST 1884337;
[02/13/22 21:19:07] Clebauros KILLED BY Shiny Typhlosion EXPLOST 609845;
[02/13/22 20:00:34] Zhaay KILLED BY Undefeated Machamp EXPLOST 1544760;
[02/13/22 19:23:35] Juborios KILLED BY Typhlosion EXPLOST 550084;
[02/13/22 19:09:29] Otaku KILLED BY Wobbuffet EXPLOST 234782;
[02/13/22 19:04:25] Juborios KILLED BY Charizard EXPLOST 472608;
[02/13/22 18:59:04] Mortenaserto KILLED BY Charizard EXPLOST 299988;
[02/13/22 18:54:36] Mevendo KILLED BY Shiny Meganium EXPLOST 760212;
[02/13/22 18:50:19] Otaku KILLED BY Dragonite EXPLOST 208336;
[02/13/22 18:25:36] Mortenaserto KILLED BY Shiny Electabuzz EXPLOST 270133;
[02/13/22 18:24:51] Otaku KILLED BY Sudowoodo EXPLOST 199401;
[02/13/22 18:20:15] Otaku KILLED BY Tyranitar EXPLOST 185201;
[02/13/22 18:14:45] Mortenaserto KILLED BY Meganium EXPLOST 271043;
[02/13/22 18:13:31] Darkinho KILLED BY Entei EXPLOST 1859778;
[02/13/22 18:13:28] Otaku KILLED BY Tyranitar EXPLOST 162173;
[02/13/22 18:11:35] Mortenaserto KILLED BY Shiny Meganium EXPLOST 254263;
[02/13/22 18:11:14] Otaku KILLED BY Tyranitar EXPLOST 161028;
[02/13/22 18:10:22] Poeksf KILLED BY Elder Charizard EXPLOST 4855996;
[02/13/22 18:08:05] Mortenaserto KILLED BY Shiny Meganium EXPLOST 228372;
[02/13/22 18:07:44] Otaku KILLED BY Steelix EXPLOST 161161;
[02/13/22 17:52:28] Otaku KILLED BY Tyranitar EXPLOST 129354;
[02/13/22 17:31:29] Otaku KILLED BY Seel EXPLOST 72076;
[02/13/22 17:16:46] Clebauros KILLED BY Typhlosion EXPLOST 576962;
[02/13/22 17:11:04] Clebauros KILLED BY Typhlosion EXPLOST 583716;
[02/13/22 16:45:21] Otaku KILLED BY Remoraid EXPLOST 54453;
[02/13/22 16:36:47] Mevendo KILLED BY Cloyster EXPLOST 671292;
[02/13/22 16:24:10] Perseu KILLED BY Kingdra EXPLOST 2842223;
[02/13/22 16:22:37] Otaku KILLED BY Shiny Tentacruel EXPLOST 14958;
[02/13/22 15:57:48] Clebauros KILLED BY Charizard EXPLOST 268090;
[02/13/22 15:49:10] Lady Valkiria KILLED BY Shiny Alakazam EXPLOST 235998;
[02/13/22 15:44:16] Poeksf KILLED BY Brute Rhydon EXPLOST 2674025;
[02/13/22 15:43:01] Lady Valkiria KILLED BY Alakazam EXPLOST 203511;
[02/13/22 15:34:37] Otaku KILLED BY Magikarp EXPLOST 296;
[02/13/22 15:33:02] Lady Valkiria KILLED BY Shiny Alakazam EXPLOST 159924;
[02/13/22 15:17:49] Poeksf KILLED BY Enraged Typhlosion EXPLOST 1543764;
[02/13/22 15:15:45] Poeksf KILLED BY Elder Arcanine EXPLOST 1603772;
[02/13/22 15:08:34] Perseu KILLED BY Octillery EXPLOST 2216072;
[02/13/22 15:00:19] Kani KILLED BY Octillery EXPLOST 37527;
[02/13/22 14:59:30] Kani KILLED BY Wobbuffet EXPLOST 39821;
[02/13/22 14:55:46] Lady Valkiria KILLED BY Shiny Marowak EXPLOST 41856;
[02/13/22 14:37:25] Lady Valkiria KILLED BY Shiny Marowak EXPLOST 16864;
[02/13/22 14:35:57] Mevendo KILLED BY Staryu EXPLOST 32958;
[02/13/22 14:33:44] Lady Valkiria KILLED BY Shiny Marowak EXPLOST 16785;
[02/13/22 14:29:42] Perseu KILLED BY Pidgeot EXPLOST 1737734;
[02/13/22 14:26:01] Alvezmvp KILLED BY Pidgey EXPLOST 40610;
[02/13/22 14:13:05] Lady Valkiria KILLED BY Marowak EXPLOST 5661;
[02/13/22 14:09:00] Lady Valkiria KILLED BY Sunflora EXPLOST 4756;
[02/13/22 14:04:53] Lady Valkiria KILLED BY Shiny Cubone EXPLOST 3424;
[02/13/22 13:48:52] Lady Valkiria KILLED BY Hoppip EXPLOST 452;
[02/13/22 13:47:22] Lady Valkiria KILLED BY Magikarp EXPLOST 346;
[02/13/22 13:34:29] Poeksf KILLED BY Charizard EXPLOST 825256;
[02/13/22 13:16:27] Kani KILLED BY Sunflora EXPLOST 1395;
[02/13/22 01:03:18] Mevendo KILLED BY Skiploom EXPLOST 956;
[02/13/22 01:03:11] Clebauros KILLED BY Sunflora EXPLOST 1199;
[02/13/22 00:46:41] Mortenaserto KILLED BY Bayleef EXPLOST 199263;
[02/13/22 00:37:49] Mortenaserto KILLED BY Shiny Electabuzz EXPLOST 174898;
[02/13/22 00:34:35] Mortenaserto KILLED BY Shiny Electabuzz EXPLOST 175391;
[02/12/22 22:26:26] Zhaay KILLED BY Capoeira Hitmontop EXPLOST 1378367;
[02/12/22 22:22:53] Zhaay KILLED BY Capoeira Hitmontop EXPLOST 1400246;
[02/12/22 22:21:03] Hero Zero KILLED BY Meganium EXPLOST 386259;
[02/12/22 21:49:34] Hero Zero KILLED BY Meganium EXPLOST 339675;
[02/12/22 21:44:59] Zhaay KILLED BY Darkrai Minion EXPLOST 1168590;
[02/12/22 21:40:06] Darkinho KILLED BY Charizard EXPLOST 1147053;
[02/12/22 21:39:04] Bruno Legend KILLED BY Darkrai Minion EXPLOST 72229;
[02/12/22 21:35:07] Darkinho KILLED BY Charizard EXPLOST 1171385;
[02/12/22 21:14:44] Bruno Legend KILLED BY Tyranitar EXPLOST 8124;
[02/12/22 21:13:21] Bruno Legend KILLED BY Blastoise EXPLOST 8181;
[02/12/22 21:00:08] Alvezmvp KILLED BY Rattata EXPLOST 588;
[02/12/22 20:29:21] Mortenaserto KILLED BY Electrode EXPLOST 149154;
[02/12/22 20:27:45] Mortenaserto KILLED BY Magneton EXPLOST 151349;
[02/12/22 20:22:34] Darkinho KILLED BY Charizard EXPLOST 927409;
[02/12/22 20:21:42] Mortenaserto KILLED BY Electabuzz EXPLOST 153576;
[02/12/22 20:12:10] Mortenaserto KILLED BY Magneton EXPLOST 105610;
[02/12/22 19:07:30] Mortenaserto KILLED BY Elekid EXPLOST 105553;
[02/12/22 18:02:39] Mortenaserto KILLED BY Marowak EXPLOST 60031;
[02/12/22 17:59:41] Mortenaserto KILLED BY Shiny Marowak EXPLOST 59915;
[02/12/22 17:56:41] Mortenaserto KILLED BY Marowak EXPLOST 60321;
[02/12/22 17:55:33] Luscarc KILLED BY Shiny Golbat EXPLOST 140473;
[02/12/22 17:44:38] Mortenaserto KILLED BY Blastoise EXPLOST 50996;
[02/12/22 17:37:58] Mortenaserto KILLED BY Blastoise EXPLOST 51396;
[02/12/22 17:34:11] Mortenaserto KILLED BY Shiny Blastoise EXPLOST 44540;
[02/12/22 17:30:55] Darkinho KILLED BY Typhlosion EXPLOST 629188;
[02/12/22 17:22:42] Luscarc KILLED BY Golbat EXPLOST 132317;
[02/12/22 17:16:16] Mortenaserto KILLED BY Pidgeot EXPLOST 30269;
[02/12/22 16:53:29] Mortenaserto KILLED BY Blastoise EXPLOST 16809;
[02/12/22 16:52:30] Mortenaserto KILLED BY Blastoise EXPLOST 16953;
[02/12/22 16:49:26] Zhaay KILLED BY Alakazam EXPLOST 333709;
[02/12/22 16:47:25] Mortenaserto KILLED BY Raticate EXPLOST 15522;
[02/12/22 16:30:37] Noob KILLED BY Venusaur EXPLOST 293404;
[02/12/22 16:28:53] Mortenaserto KILLED BY Electrode EXPLOST 11499;
[02/12/22 16:23:05] Noob KILLED BY Venusaur EXPLOST 295582;
[02/12/22 16:19:09] Darkinho KILLED BY Charizard EXPLOST 452875;
[02/12/22 16:15:39] Darkinho KILLED BY Charizard EXPLOST 460355;
[02/12/22 16:00:59] Noob KILLED BY Venusaur EXPLOST 289167;
[02/12/22 15:48:33] Nestc KILLED BY Seadra EXPLOST 28662;
[02/12/22 15:40:59] Noob KILLED BY Shiny Meganium EXPLOST 273093;
[02/12/22 15:35:18] Noob KILLED BY Meganium EXPLOST 285473;
[02/12/22 15:29:01] Athenasoto KILLED BY Venusaur EXPLOST 323220;
[02/12/22 15:27:43] Noob KILLED BY Kadabra EXPLOST 287886;
[02/12/22 15:17:32] Noob KILLED BY Sudowoodo EXPLOST 288049;
[02/12/22 15:10:45] Hero Zero KILLED BY Meganium EXPLOST 342154;
[02/12/22 15:06:04] Noob KILLED BY Venusaur EXPLOST 291180;
[02/12/22 15:05:27] Athenasoto KILLED BY Charizard EXPLOST 308272;
[02/12/22 15:00:07] Athenasoto KILLED BY Charizard EXPLOST 322600;
[02/12/22 14:44:20] Hero Zero KILLED BY Shiny Meganium EXPLOST 309368;
[02/12/22 14:42:12] Noob KILLED BY Meganium EXPLOST 269654;
[02/12/22 14:31:14] Noob KILLED BY Meganium EXPLOST 263913;
[02/12/22 14:18:27] Krauzers Killer KILLED BY Wobbuffet EXPLOST 258964;
[02/12/22 14:17:57] Noob KILLED BY Venusaur EXPLOST 267469;
[02/12/22 14:14:49] Noob KILLED BY Venusaur EXPLOST 269615;
[02/12/22 14:12:25] Hero Zero KILLED BY Venusaur EXPLOST 258388;
[02/12/22 14:08:28] Hero Zero KILLED BY Meganium EXPLOST 256952;
[02/12/22 13:58:03] Luscarc KILLED BY Slowbro EXPLOST 129353;
[02/12/22 13:51:31] Athenasoto KILLED BY Typhlosion EXPLOST 269000;
[02/12/22 13:41:17] Noob KILLED BY Remoraid EXPLOST 273912;
[02/12/22 13:41:12] Athenasoto KILLED BY Charizard EXPLOST 239524;
[02/12/22 13:40:06] Noob KILLED BY Staryu EXPLOST 286920;
[02/12/22 13:33:07] Luscarc KILLED BY Geodude EXPLOST 123134;
[02/12/22 13:28:09] Noob KILLED BY Sudowoodo EXPLOST 288800;
[02/12/22 13:25:19] Athenasoto KILLED BY Typhlosion EXPLOST 208106;
[02/12/22 13:23:25] Burnys KILLED BY Tangela EXPLOST 940;
[02/12/22 13:19:37] Hero Zero KILLED BY Venusaur EXPLOST 59231;
[02/12/22 13:19:35] Poeksf KILLED BY Tyranitar EXPLOST 292440;
[02/12/22 13:07:00] Nightz KILLED BY Corsola EXPLOST 481677;
[02/12/22 13:00:28] Hero Zero KILLED BY Blastoise EXPLOST 19881;
[02/12/22 12:56:25] Luscarc KILLED BY Goldeen EXPLOST 88474;
[02/12/22 12:53:49] Hero Zero KILLED BY Pidgeot EXPLOST 18831;
[02/12/22 12:49:36] Hero Zero KILLED BY Shiny Pidgeot EXPLOST 17183;
[02/12/22 12:48:43] Perseu KILLED BY Typhlosion EXPLOST 1402446;
[02/12/22 12:39:05] Nestc KILLED BY Darkrai Minion EXPLOST 13555;
[02/12/22 12:30:02] Hero Zero KILLED BY Darkrai EXPLOST 2189;
[02/12/22 12:30:02] Noob KILLED BY Darkrai EXPLOST 186401;
[02/12/22 12:30:02] Luscarc KILLED BY Darkrai EXPLOST 40871;
[02/12/22 12:27:43] Nightz KILLED BY Wobbuffet EXPLOST 479413;
[02/12/22 12:24:27] Hero Zero KILLED BY Pidgeotto EXPLOST 2085;
[02/12/22 12:20:42] Luscarc KILLED BY Muk EXPLOST 39800;
[02/12/22 12:20:15] Nightz KILLED BY Wobbuffet EXPLOST 498128;
[02/12/22 12:15:29] Nestc KILLED BY Golbat EXPLOST 772;
[02/12/22 12:15:07] Nightz KILLED BY Wobbuffet EXPLOST 507058;
[02/12/22 12:11:07] Perseu KILLED BY Dewgong EXPLOST 1246152;
[02/12/22 12:10:31] Perseu KILLED BY Cloyster EXPLOST 1277449;
[02/12/22 12:06:25] Luscarc KILLED BY Weezing EXPLOST 30856;
[02/12/22 12:01:38] Noob KILLED BY Rhydon EXPLOST 150244;
[02/12/22 11:53:43] Luscarc KILLED BY Remoraid EXPLOST 22921;
[02/12/22 11:47:09] Luscarc KILLED BY Arbok EXPLOST 22417;
[02/12/22 11:40:50] Krauzers Killer KILLED BY Sudowoodo EXPLOST 237332;
[02/12/22 11:19:49] Krauzers Killer KILLED BY Golem EXPLOST 138050;
[02/12/22 11:02:50] Nightz KILLED BY Shiny Gengar EXPLOST 405552;
[02/12/22 10:57:10] Krauzers Killer KILLED BY Misdreavus EXPLOST 84435;
[02/12/22 10:45:07] Pedro Do Corsel KILLED BY Shiny Sceptile EXPLOST 296;
[02/12/22 10:18:34] Krauzers Killer KILLED BY Venomoth EXPLOST 50343;
[02/12/22 09:44:02] Bruno Legend KILLED BY Magikarp EXPLOST 462;
[02/12/22 09:42:25] Krauzers Killer KILLED BY Tentacool EXPLOST 17993;
[02/12/22 09:32:14] Krauzers Killer KILLED BY Remoraid EXPLOST 11676;
[02/12/22 09:20:30] Krauzers Killer KILLED BY Remoraid EXPLOST 4840;
[02/12/22 09:19:28] Krauzers Killer KILLED BY Goldeen EXPLOST 4628;
[02/12/22 09:16:02] Krauzers Killer KILLED BY Graveler EXPLOST 3254;
[02/12/22 00:41:28] Khelmohr KILLED BY Golbat EXPLOST 2811;
[02/12/22 00:40:03] Noob KILLED BY Typhlosion EXPLOST 105383;
[02/12/22 00:36:07] Darkinho KILLED BY Sudowoodo EXPLOST 429905;
[02/12/22 00:34:44] Khelmohr KILLED BY Fearow EXPLOST 2269;
[02/12/22 00:31:32] Khelmohr KILLED BY Shiny Rattata EXPLOST 2148;
[02/12/22 00:27:40] Noob KILLED BY Steelix EXPLOST 90077;
[02/12/22 00:27:08] Khelmohr KILLED BY Raticate EXPLOST 1889;
[02/12/22 00:25:24] Darkinho KILLED BY Sudowoodo EXPLOST 417388;
[02/12/22 00:24:06] Ateuu KILLED BY Raticate EXPLOST 7638;
[02/12/22 00:22:37] Noob KILLED BY Golem EXPLOST 84710;
[02/12/22 00:21:59] Darkinho KILLED BY Sudowoodo EXPLOST 425255;
[02/12/22 00:07:21] Ateuu KILLED BY Shiny Magikarp EXPLOST 2996;
[02/12/22 00:07:06] Darkinho KILLED BY Sudowoodo EXPLOST 388022;
[02/12/22 00:04:47] Darkinho KILLED BY Tyranitar EXPLOST 403264;
[02/12/22 00:04:19] Khelmohr KILLED BY Raticate EXPLOST 1355;
[02/12/22 00:03:13] Noob KILLED BY Growlithe EXPLOST 60746;
[02/12/22 00:01:46] Nightz KILLED BY Wobbuffet EXPLOST 406635;
[02/11/22 23:59:06] Poeksf KILLED BY Sudowoodo EXPLOST 48395;
[02/11/22 23:58:45] Darkinho KILLED BY Tyranitar EXPLOST 382441;
[02/11/22 23:58:26] Khelmohr KILLED BY Shiny Rattata EXPLOST 515;
[02/11/22 23:52:23] Darkinho KILLED BY Tyranitar EXPLOST 375800;
[02/11/22 23:50:45] Poeksf KILLED BY Tyranitar EXPLOST 42060;
[02/11/22 23:50:18] Darkinho KILLED BY Tyranitar EXPLOST 378546;
[02/11/22 23:48:59] Darkinho KILLED BY Tyranitar EXPLOST 382675;
[02/11/22 23:48:42] Noob KILLED BY Tyranitar EXPLOST 45538;
[02/11/22 23:46:17] Noob KILLED BY Alakazam EXPLOST 45877;
[02/11/22 23:37:40] Darkinho KILLED BY Tyranitar EXPLOST 345079;
[02/11/22 23:33:39] Noob KILLED BY Tyranitar EXPLOST 45309;
[02/11/22 23:33:22] Nightz KILLED BY Wobbuffet EXPLOST 373476;
[02/11/22 23:32:44] Darkinho KILLED BY Tyranitar EXPLOST 340717;
[02/11/22 23:23:35] Darkinho KILLED BY Tyranitar EXPLOST 319284;
[02/11/22 23:20:45] Darkinho KILLED BY Tyranitar EXPLOST 321872;
[02/11/22 23:15:39] Darkinho KILLED BY Charizard EXPLOST 305286;
[02/11/22 23:04:06] Nightz KILLED BY Wobbuffet EXPLOST 321889;
[02/11/22 23:01:57] Asterias KILLED BY Shiny Magikarp EXPLOST 1481;
[02/11/22 23:00:47] Perseu KILLED BY Fearow EXPLOST 731;
[02/11/22 22:59:00] Perseu KILLED BY Magikarp EXPLOST 591;
[02/11/22 22:40:59] Noob KILLED BY Magikarp EXPLOST 514;
[02/11/22 22:38:55] Noob KILLED BY Magikarp EXPLOST 332;
[02/11/22 22:05:14] Nightz KILLED BY Hypno EXPLOST 267446;
[02/11/22 22:00:00] Darkinho KILLED BY Blastoise EXPLOST 97512;
[02/11/22 21:55:15] Zhaay KILLED BY Alakazam EXPLOST 235722;
[02/11/22 21:46:57] Mortenaserto KILLED BY Magikarp EXPLOST 338;
[02/11/22 21:44:55] Nightz KILLED BY Alakazam EXPLOST 260165;
[02/11/22 21:41:44] Darkinho KILLED BY Blastoise EXPLOST 51142;
[02/11/22 21:40:42] Zhaay KILLED BY Alakazam EXPLOST 178374;
[02/11/22 21:38:04] Nightz KILLED BY Alakazam EXPLOST 255655;
[02/11/22 21:35:46] Zhaay KILLED BY Wobbuffet EXPLOST 163931;
[02/11/22 21:35:06] Darkinho KILLED BY Sudowoodo EXPLOST 33696;
[02/11/22 21:33:42] Darkinho KILLED BY Sudowoodo EXPLOST 34036;
[02/11/22 21:23:36] Darkinho KILLED BY Shiny Blastoise EXPLOST 28783;
[02/11/22 21:07:40] Darkinho KILLED BY Charizard EXPLOST 15130;
[02/11/22 20:56:23] Darkinho KILLED BY Charizard EXPLOST 8948;
[02/11/22 20:51:39] Nightz KILLED BY Seaking EXPLOST 58961;
[02/11/22 20:48:08] Zhaay KILLED BY Shiny Espeon EXPLOST 23202;
[02/11/22 20:45:55] Nightz KILLED BY Seaking EXPLOST 45491;
[02/11/22 20:42:35] Nightz KILLED BY Poliwhirl EXPLOST 41995;
[02/11/22 20:42:12] Zhaay KILLED BY Misdreavus EXPLOST 21243;
[02/11/22 20:35:31] Zhaay KILLED BY Gengar EXPLOST 8423;
[02/11/22 20:29:21] Darkinho KILLED BY Remoraid EXPLOST 6635;
[02/11/22 20:17:18] Zhaay KILLED BY Fearow EXPLOST 1648;
[02/11/22 20:16:39] Darkinho KILLED BY Shiny Magikarp EXPLOST 976;
[02/11/22 20:11:22] Zhaay KILLED BY Fearow EXPLOST 337;
[02/11/22 18:15:38] Zhaay KILLED BY Charizard EXPLOST 553554;
[02/11/22 18:06:09] Zhaay KILLED BY Pidgeot EXPLOST 523830;
[02/11/22 17:59:46] Zhaay KILLED BY Pidgeot EXPLOST 521635;
[02/11/22 17:23:24] Zhaay KILLED BY Charizard EXPLOST 413319;
[02/11/22 16:59:37] Zhaay KILLED BY Pidgeot EXPLOST 381477;
[02/11/22 16:50:39] Zhaay KILLED BY Pidgeot EXPLOST 374592;
[02/11/22 16:28:25] Nightz KILLED BY Alakazam EXPLOST 113350;
[02/11/22 15:24:24] Terrorlord KILLED BY Remoraid EXPLOST 8024;
[02/11/22 15:12:25] Terrorlord KILLED BY Goldeen EXPLOST 3401;
[02/11/22 15:11:00] Terrorlord KILLED BY Krabby EXPLOST 3143;
[02/11/22 15:08:58] Terrorlord KILLED BY Krabby EXPLOST 1842;
[02/11/22 15:06:13] Terrorlord KILLED BY Sunflora EXPLOST 464;
[02/11/22 14:40:08] Nightz KILLED BY Seadra EXPLOST 54762;
[02/11/22 14:39:29] Nightz KILLED BY Poliwhirl EXPLOST 54676;
[02/11/22 14:15:54] Nightz KILLED BY Seadra EXPLOST 4818;
[02/11/22 14:14:43] Nightz KILLED BY Seadra EXPLOST 4696;
[02/11/22 14:11:50] Nightz KILLED BY Remoraid EXPLOST 4271;
[02/11/22 14:09:23] Nightz KILLED BY Staryu EXPLOST 2831;
[02/10/22 21:05:45] A T O M  KILLED BY Skiploom EXPLOST 302;
[02/10/22 18:30:24] Tester KILLED BY Magikarp EXPLOST 482;
[02/10/22 16:28:06] Zhaay KILLED BY Shiny Gengar EXPLOST 299820;
[02/10/22 16:12:43] Zhaay KILLED BY Shiny Gengar EXPLOST 252216;
[02/10/22 14:04:02] Perseu KILLED BY Zapdos EXPLOST 51236064;
[01/28/22 09:17:43] Hero KILLED BY Charizard EXPLOST 451644 BLESS false;
[01/28/22 08:41:15] Bruno Legend KILLED BY Lucario EXPLOST 29575392 BLESS false;
[01/28/22 04:34:38] Satanaz KILLED BY Poliwag EXPLOST 130677 BLESS false;
[01/28/22 04:07:55] Satanaz KILLED BY Tentacool EXPLOST 98397 BLESS false;
[01/27/22 22:10:09] Barbie Girl KILLED BY Fearow EXPLOST 1536 BLESS false;
[01/27/22 22:10:04] Jucas KILLED BY Charizard EXPLOST 19848 BLESS false;
[01/27/22 21:39:03] Dark KILLED BY Darkrai EXPLOST 1357293 BLESS false;
[01/27/22 21:38:52] [Tutor] Perseu KILLED BY Darkrai EXPLOST 59215104 BLESS false;
[01/27/22 21:37:47] Lari Calabresa KILLED BY Darkrai Minion EXPLOST 50251532 BLESS false;
[01/27/22 21:37:09] Jucas KILLED BY Darkrai Minion EXPLOST 1969 BLESS false;
[01/27/22 21:37:02] Mass KILLED BY Darkrai Minion EXPLOST 337 BLESS false;
[01/27/22 21:36:57] Jucas KILLED BY Darkrai Minion EXPLOST 1979 BLESS false;
[01/27/22 21:36:27] Jucas KILLED BY Darkrai Minion EXPLOST 1989 BLESS false;
[01/27/22 21:35:22] Massb KILLED BY Darkrai Minion EXPLOST 466 BLESS false;
[01/27/22 21:35:13] Universal KILLED BY Darkrai EXPLOST 14697 BLESS false;
[01/27/22 21:34:47] Universal KILLED BY Darkrai EXPLOST 14816 BLESS false;
[01/27/22 21:33:05] Maker KILLED BY Darkrai Minion EXPLOST 559 BLESS false;
[01/27/22 21:32:20] Hero KILLED BY Darkrai EXPLOST 201995 BLESS false;
[01/27/22 21:32:10] Maker KILLED BY Darkrai Minion EXPLOST 527 BLESS false;
[01/27/22 21:31:33] Hero KILLED BY Darkrai EXPLOST 197808 BLESS false;
[01/27/22 21:31:02] Jucas KILLED BY Darkrai Minion EXPLOST 491 BLESS false;
[01/27/22 21:30:38] Jucas KILLED BY Darkrai Minion EXPLOST 492 BLESS false;
[01/27/22 21:30:18] Lari Calabresa KILLED BY Darkrai EXPLOST 52747304 BLESS false;
[01/27/22 19:44:29] Lari Calabresa KILLED BY Lucario EXPLOST 53814531 BLESS false;
[01/27/22 18:21:28] Kduff KILLED BY Charizard EXPLOST 60127729 BLESS false;
[01/27/22 14:02:42] [Tutor] Perseu KILLED BY Altaria EXPLOST 60665239 BLESS false;
[01/27/22 12:43:22] Nanno KILLED BY Darkrai Minion EXPLOST 6374515 BLESS false;
[01/27/22 12:43:06] Kiasfia KILLED BY Darkrai Minion EXPLOST 292 BLESS false;
[01/27/22 12:42:59] Kiasfia KILLED BY Darkrai Minion EXPLOST 293 BLESS false;
[01/27/22 12:42:52] Kiasfia KILLED BY Darkrai Minion EXPLOST 294 BLESS false;
[01/27/22 12:41:13] Massb KILLED BY Darkrai Minion EXPLOST 438 BLESS false;
[01/27/22 12:37:36] Universal KILLED BY Darkrai Minion EXPLOST 14840 BLESS false;
[01/27/22 12:37:03] Universal KILLED BY Darkrai EXPLOST 14960 BLESS false;
[01/27/22 12:34:21] Lari Calabresa KILLED BY Darkrai Minion EXPLOST 55653055 BLESS false;
[01/27/22 12:32:45] Maker KILLED BY Darkrai Minion EXPLOST 484 BLESS false;
[01/27/22 12:30:07] Kduff KILLED BY Darkrai EXPLOST 60664441 BLESS false;
[01/27/22 11:58:12] Taironi Ik KILLED BY Magikarp EXPLOST 8543 BLESS false;
[01/27/22 11:52:25] Taironi Ik KILLED BY Magikarp EXPLOST 5787 BLESS false;
[01/27/22 11:48:10] Eduardodlaw KILLED BY Charizard EXPLOST 295702 BLESS false;
[01/27/22 11:26:24] Slen KILLED BY Lucario EXPLOST 53273703 BLESS false;
[01/27/22 09:40:08] Eduardodlaw KILLED BY Shiny Magikarp EXPLOST 7873 BLESS false;
[01/27/22 09:38:03] Luisosky KILLED BY Goldeen EXPLOST 4659 BLESS false;
[01/27/22 09:04:36] Sir Miks KILLED BY Hoppip EXPLOST 3340 BLESS false;
[01/27/22 08:50:17] Sir Miks KILLED BY Zubat EXPLOST 2107 BLESS false;
[01/27/22 04:09:08] Satanaz KILLED BY Shiny Tangela EXPLOST 24184 BLESS false;
[01/27/22 03:40:51] Satanaz KILLED BY Shiny Tangela EXPLOST 23986 BLESS false;
[01/27/22 01:38:11] Satanaz KILLED BY Pidgeot EXPLOST 11083 BLESS false;
[01/27/22 01:34:13] Akashara KILLED BY Shiny Pidgeot EXPLOST 36036 BLESS false;
[01/27/22 01:30:59] Satanaz KILLED BY Pidgeot EXPLOST 10119 BLESS false;
[01/27/22 01:28:15] Akashara KILLED BY Shiny Pidgeot EXPLOST 30818 BLESS false;
[01/27/22 01:17:23] Akashara KILLED BY Shiny Pidgeot EXPLOST 23096 BLESS false;
[01/27/22 01:13:21] Kayz KILLED BY Tangela EXPLOST 1378 BLESS false;
[01/27/22 00:53:38] Satanaz KILLED BY Tangela EXPLOST 3309 BLESS false;
[01/27/22 00:45:07] Satanaz KILLED BY Tangela EXPLOST 784 BLESS false;
[01/27/22 00:41:39] Satanaz KILLED BY Sunkern EXPLOST 473 BLESS false;
[01/27/22 00:40:51] Satanaz KILLED BY Tangela EXPLOST 475 BLESS false;
[01/27/22 00:24:39] Akashara KILLED BY Dugtrio EXPLOST 2218 BLESS false;
[01/26/22 23:09:38] Dark KILLED BY Charizard EXPLOST 996923 BLESS false;
[01/26/22 23:06:02] Dark KILLED BY Charizard EXPLOST 996180 BLESS false;
[01/26/22 23:03:40] Black KILLED BY Hoppip EXPLOST 295 BLESS false;
[01/26/22 23:03:03] Black KILLED BY Rattata EXPLOST 296 BLESS false;
[01/26/22 21:33:56] Universal KILLED BY Darkrai EXPLOST 14956 BLESS false;
[01/26/22 21:32:04] Lari Calabresa KILLED BY Darkrai EXPLOST 55849263 BLESS false;
[01/26/22 21:30:51] Nanno KILLED BY Darkrai Minion EXPLOST 6685341 BLESS false;
[01/26/22 21:30:07] Salve KILLED BY Darkrai Minion EXPLOST 103003410 BLESS false;
[01/26/22 21:30:05] Nanno KILLED BY Darkrai EXPLOST 7039511 BLESS false;
[01/26/22 19:28:54] Fusca KILLED BY Aviator Pidgeot EXPLOST 4424951 BLESS false;
[01/26/22 19:22:33] Fusca KILLED BY Aviator Pidgeot EXPLOST 4448508 BLESS false;
[01/26/22 18:27:27] Fusca KILLED BY Brave Noctowl EXPLOST 3487097 BLESS false;
[01/26/22 16:33:27] Tekilocoo KILLED BY Ancient Alakazam EXPLOST 4675097 BLESS false;
[01/26/22 15:26:01] Gandalf KILLED BY Brave Noctowl EXPLOST 2153592 BLESS false;
[01/26/22 15:14:40] Gandalf KILLED BY Aviator Pidgeot EXPLOST 1883252 BLESS false;
[01/26/22 12:42:49] Pobreloco KILLED BY Remoraid EXPLOST 17327 BLESS false;
[01/26/22 12:35:28] Pobreloco KILLED BY Darkrai Minion EXPLOST 15400 BLESS false;
[01/26/22 12:34:33] Pobreloco KILLED BY Darkrai Minion EXPLOST 15451 BLESS false;
[01/26/22 12:33:49] Pobreloco KILLED BY Darkrai Minion EXPLOST 15531 BLESS false;
[01/26/22 12:32:24] Pobreloco KILLED BY Darkrai Minion EXPLOST 15656 BLESS false;
[01/26/22 12:32:00] Universal KILLED BY Darkrai EXPLOST 15002 BLESS false;
[01/26/22 12:31:58] Hero KILLED BY Darkrai Minion EXPLOST 296 BLESS false;
[01/26/22 12:31:56] Pobreloco KILLED BY Darkrai Minion EXPLOST 16774 BLESS false;
[01/26/22 12:31:47] [Tutor] Perseu KILLED BY Darkrai EXPLOST 58543361 BLESS false;
[01/26/22 12:31:04] Pobreloco KILLED BY Darkrai EXPLOST 16874 BLESS false;
[01/26/22 12:30:48] Pobreloco KILLED BY Darkrai Minion EXPLOST 17004 BLESS false;
[01/26/22 12:30:19] Pobreloco KILLED BY Darkrai Minion EXPLOST 17150 BLESS false;
[01/26/22 12:13:21] Niggor KILLED BY Charizard EXPLOST 1271284 BLESS false;
[01/26/22 11:59:25] Niggor KILLED BY Charizard EXPLOST 1297221 BLESS false;
[01/26/22 11:53:17] Pobreloco KILLED BY Horsea EXPLOST 5959 BLESS false;
[01/26/22 11:49:25] Opandora KILLED BY Krabby EXPLOST 130273 BLESS false;
[01/26/22 11:33:24] Brandi Love KILLED BY Electabuzz EXPLOST 5128508 BLESS false;
[01/26/22 11:06:04] Gandalf KILLED BY Enigmatic Girafarig EXPLOST 1356409 BLESS false;
[01/26/22 10:37:59] Gandalf KILLED BY Alakazam EXPLOST 1085399 BLESS false;
[01/26/22 10:13:34] Gandalf KILLED BY Tyranitar EXPLOST 917449 BLESS false;
[01/26/22 10:09:55] Gandalf KILLED BY Tyranitar EXPLOST 927781 BLESS false;
[01/25/22 23:16:40] Athena Soto KILLED BY Absol EXPLOST 36466432 BLESS false;
[01/25/22 23:08:29] Athena Soto KILLED BY Swellow EXPLOST 38220876 BLESS false;
[01/25/22 22:42:28] Lari Calabresa KILLED BY Lucario EXPLOST 55867617 BLESS false;
[01/25/22 21:11:23] Slen KILLED BY Lucario EXPLOST 26865029 BLESS false;
[01/25/22 21:09:54] Slen KILLED BY Lucario EXPLOST 28073458 BLESS false;
[01/25/22 19:40:14] Lari Calabresa KILLED BY Swampert EXPLOST 55710751 BLESS false;
[01/25/22 19:36:39] Kduff KILLED BY Seviper EXPLOST 54909067 BLESS false;
[01/25/22 18:25:31] Mewtwo KILLED BY Charizard EXPLOST 296 BLESS false;
[01/25/22 17:05:30] Fusca KILLED BY Brave Noctowl EXPLOST 3534145 BLESS false;
[01/25/22 16:54:14] Fusca KILLED BY Aviator Pidgeot EXPLOST 3335815 BLESS false;
[01/25/22 16:46:09] Gaspazinho KILLED BY Cloyster EXPLOST 5916837 BLESS false;
[01/25/22 16:45:32] Fusca KILLED BY Aviator Pidgeot EXPLOST 3101393 BLESS false;
[01/25/22 14:26:06] Kanis KILLED BY Seaking EXPLOST 85258 BLESS false;
[01/25/22 10:41:27] Kduff KILLED BY Blaziken EXPLOST 47931266 BLESS false;
[01/25/22 10:04:40] Nanno KILLED BY Evil Cloyster EXPLOST 5439372 BLESS false;
[01/25/22 09:49:15] Nanno KILLED BY Evil Cloyster EXPLOST 5626290 BLESS false;
[01/24/22 23:48:13] Slen KILLED BY Hard Golem EXPLOST 16979949 BLESS false;
[01/24/22 22:40:18] Slen KILLED BY Elder Dragonite EXPLOST 17669773 BLESS false;
[01/24/22 21:49:28] Poeksf KILLED BY Mewtwo EXPLOST 30348954 BLESS false;
[01/24/22 21:40:56] Maker KILLED BY Darkrai Minion EXPLOST 422 BLESS false;
[01/24/22 21:40:55] Athena Soto KILLED BY Darkrai Minion EXPLOST 31192112 BLESS false;
[01/24/22 21:40:32] Maker KILLED BY Darkrai Minion EXPLOST 423 BLESS false;
[01/24/22 21:40:17] Maker KILLED BY Darkrai Minion EXPLOST 425 BLESS false;
[01/24/22 21:40:09] Maker KILLED BY Darkrai Minion EXPLOST 426 BLESS false;
[01/24/22 21:39:03] Massb KILLED BY Darkrai Minion EXPLOST 328 BLESS false;
[01/24/22 21:35:18] Universal KILLED BY Darkrai Minion EXPLOST 4835 BLESS false;
[01/24/22 21:34:38] Athena Soto KILLED BY Darkrai Minion EXPLOST 32829305 BLESS false;
[01/24/22 21:34:08] Gaspazinho KILLED BY Darkrai EXPLOST 5992021 BLESS false;
[01/24/22 21:32:41] Kiasfia KILLED BY Darkrai Minion EXPLOST 293 BLESS false;
[01/24/22 21:32:31] Kiasfia KILLED BY Darkrai Minion EXPLOST 294 BLESS false;
[01/24/22 21:31:36] Kiasfia KILLED BY Darkrai Minion EXPLOST 295 BLESS false;
[01/24/22 21:31:21] Universal KILLED BY Darkrai Minion EXPLOST 4787 BLESS false;
[01/24/22 21:31:14] Kiasfia KILLED BY Darkrai Minion EXPLOST 296 BLESS false;
[01/24/22 21:31:02] Slen KILLED BY Darkrai EXPLOST 16791256 BLESS false;
[01/24/22 21:28:46] Gaspazinho KILLED BY Darkrai EXPLOST 6294551 BLESS false;
[01/24/22 21:27:26] Maker KILLED BY Darkrai EXPLOST 334 BLESS false;
[01/24/22 21:26:50] Poeksf KILLED BY Darkrai EXPLOST 31925438 BLESS false;
[01/24/22 21:26:50] Athena Soto KILLED BY Darkrai EXPLOST 34551588 BLESS false;
[01/24/22 21:04:25] Universal KILLED BY Seaking EXPLOST 466 BLESS false;
[01/24/22 20:36:02] Poeksf KILLED BY Cradily EXPLOST 28787389 BLESS false;
[01/24/22 20:22:55] Slen KILLED BY Ancient Dragonite EXPLOST 17575056 BLESS false;
[01/24/22 18:52:56] Nanno KILLED BY Tyranitar EXPLOST 4825636 BLESS false;
[01/24/22 18:37:14] Tekilocoo KILLED BY War Pinsir EXPLOST 1942173 BLESS false;
[01/24/22 18:28:59] Tekilocoo KILLED BY Wardog Arcanine EXPLOST 1991582 BLESS false;
[01/24/22 17:27:51] Gaspazinho KILLED BY Charged Raichu EXPLOST 5595948 BLESS false;
[01/24/22 16:04:42] Nanno KILLED BY War Gyarados EXPLOST 4503063 BLESS false;
[01/24/22 14:48:52] Kduff KILLED BY Blaziken EXPLOST 36111491 BLESS false;
[01/24/22 14:15:18] Kduff KILLED BY Blaziken EXPLOST 36045506 BLESS false;
[01/24/22 14:12:37] [Tutor] Perseu KILLED BY Shelgon EXPLOST 40942608 BLESS false;
[01/24/22 14:11:25] [Tutor] Perseu KILLED BY Absol EXPLOST 43065061 BLESS false;
[01/24/22 12:54:47] Jonathan KILLED BY Onix EXPLOST 57743 BLESS false;
[01/24/22 12:34:54] Nanno KILLED BY Darkrai EXPLOST 3772784 BLESS false;
[01/24/22 12:34:35] Maker KILLED BY Darkrai EXPLOST 296 BLESS false;
[01/24/22 12:33:37] Nanno KILLED BY Darkrai EXPLOST 3953234 BLESS false;
[01/24/22 12:31:57] Lari Calabresa KILLED BY Darkrai EXPLOST 53572170 BLESS false;
[01/24/22 12:30:47] Nanno KILLED BY Darkrai EXPLOST 4077011 BLESS false;
[01/24/22 12:30:02] Nanno KILLED BY Darkrai EXPLOST 4277298 BLESS false;
[01/24/22 12:18:28] Blocker KILLED BY Tentacool EXPLOST 203221 BLESS false;
[01/24/22 11:46:39] Brandi Love KILLED BY Shiny Electabuzz EXPLOST 5084685 BLESS false;
[01/24/22 11:01:42] Nanno KILLED BY Ancient Meganium EXPLOST 4253453 BLESS false;
[01/24/22 10:54:20] Nanno KILLED BY Ancient Meganium EXPLOST 4243393 BLESS false;
[01/24/22 10:50:54] Nanno KILLED BY Ancient Meganium EXPLOST 4440342 BLESS false;
[01/24/22 10:41:20] Nanno KILLED BY Ancient Meganium EXPLOST 4586544 BLESS false;
[01/24/22 09:39:01] Nanno KILLED BY Ancient Meganium EXPLOST 4793474 BLESS false;
[01/24/22 07:26:28] Lilinha KILLED BY Sealeo EXPLOST 52322696 BLESS false;
[01/24/22 05:24:56] Natsu Dragneel KILLED BY Remoraid EXPLOST 17065 BLESS false;
[01/24/22 05:23:07] Lilinha KILLED BY Furious Scyther EXPLOST 53818225 BLESS false;
[01/24/22 05:04:44] Lilinha KILLED BY Vibrava EXPLOST 56543696 BLESS false;
[01/24/22 04:46:02] Lilinha KILLED BY Swellow EXPLOST 59117008 BLESS false;
[01/24/22 02:05:19] Roy Pau KILLED BY Spearow EXPLOST 415 BLESS false;
[01/24/22 01:50:29] Soulie KILLED BY Ancient Meganium EXPLOST 9057438 BLESS false;
[01/24/22 01:10:29] Slen KILLED BY Charizard EXPLOST 12407415 BLESS false;
[01/23/22 23:44:42] Loogon KILLED BY Shiny Marowak EXPLOST 3761490 BLESS false;
[01/23/22 23:43:41] Loogon KILLED BY Shiny Marowak EXPLOST 3948592 BLESS false;
[01/23/22 23:42:52] Loogon KILLED BY Shiny Marowak EXPLOST 4146163 BLESS false;