
[OPEN BOX 03/21/22 21:48:19] Black -> Swampertile
[OPEN BOX 03/21/22 21:55:44] Black -> Venusaurite
[OPEN BOX 03/21/22 23:38:45] Black -> Blazikenite
[DROP 03/26/22 13:22:35] Darkinho -> Blazikenite
[DROP 03/27/22 13:12:33] B4 Cesar08 -> Sceptilite
[DROP 03/28/22 12:45:25] Darkinho -> (LUCKY T6) Sablenite
[OPEN BOX 03/30/22 20:27:41] Seja Homi -> Mawlite
[OPEN BOX 03/30/22 20:27:46] Seja Homi -> Steelixite
[DROP 04/01/22 22:15:14] Lindinha -> (LUCKY T5) Banettite
[DROP 04/02/22 13:31:14] Clariel -> (LUCKY T6) Sceptilite
[OPEN BOX 04/02/22 17:57:05] Blood -> Sceptilite
[DROP 04/03/22 01:36:57] Venancio Maniaco -> (LUCKY T3) Blazikenite
[DROP 04/04/22 21:21:05] Diva Aginarasgada -> Blazikenite
[DROP 04/05/22 14:27:14] [Tutor] B4 Cesar08 -> Aggronite
[DROP 04/05/22 16:36:39] B4 Wing -> (LUCKY T6) Mawlite
[OPEN BOX 04/07/22 18:11:58] [Tutor] B4 Cesar08 -> Venusaurite
[DROP 04/10/22 16:32:17] Seja Homi -> Aggronite
[DROP 04/10/22 17:44:53] Mkz Gamer -> (LUCKY T7) Charizardite X
[DROP 04/10/22 21:48:29] Pequeno Nobzin -> (LUCKY T7) Blazikenite
[DROP 04/11/22 11:39:05] Perseu -> (LUCKY T7) Sceptilite
[DROP 04/11/22 18:13:41] Poeksf -> Banettite
[DROP 04/13/22 04:22:28] Clariel -> (LUCKY T7) Mawlite
[DROP 04/13/22 13:05:20] Krl Eoalex -> (LUCKY T6) Blazikenite
[DROP 04/14/22 00:53:44] Krl Eoalex -> Sceptilite
[DROP 04/16/22 10:52:20] Laxus -> (LUCKY T7) Blastoisinite
[DROP 04/16/22 13:08:55] Billie Eilish -> Blastoisinite
[DROP 04/17/22 11:23:20] Pequeno Nobzin -> Sceptilite
[DROP 04/17/22 15:46:28] [Tutor] B4 Cesar08 -> Absolite
[DROP 04/17/22 15:58:44] [Tutor] B4 Cesar08 -> (LUCKY T6) Glalite
[DROP 04/17/22 16:47:07] Pequeno Nobzin -> (LUCKY T7) Charizardite X
[DROP 04/17/22 16:57:42] Perseu -> (RINDO CHARM) Glalite
[DROP 04/17/22 18:03:01] Blood -> (RINDO CHARM) Mawlite
[DROP 04/17/22 18:05:45] Revoltz Diw -> (LUCKY T6) Banettite
[DROP 04/17/22 18:38:31] Blood -> (RINDO CHARM) Gyaradite
[DROP 04/17/22 18:41:58] Pequeno Nobzin -> Mawlite
[DROP 04/17/22 20:56:45] Seja Homi -> (RINDO CHARM) Charizardite Y
[DROP 04/21/22 11:11:38] Plugin Bolt -> (RINDO CHARM) Ampharosite
[DROP 04/21/22 12:35:44] [Tutor] Darkinho -> (LUCKY T7) Mawlite
[DROP 04/21/22 17:33:17] Mia Khalifa -> (LUCKY T6) Blazikenite
[DROP 04/21/22 20:49:31] Laxus -> (RINDO CHARM) Swampertile
[OPEN BOX 04/21/22 21:12:39] [DEV] The Death -> Steelixite
[DROP 04/22/22 01:40:57] Robss -> (RINDO CHARM) Sceptilite
[DROP 04/22/22 16:31:33] Perseu -> (RINDO CHARM) Banettite
[DROP 04/22/22 17:41:48] Blood -> (RINDO CHARM) Banettite
[DROP 04/22/22 20:51:24] Blood -> (LUCKY T7) Old Amber
[DROP 04/23/22 09:02:36] Laxus -> (LUCKY T7) Blazikenite
[DROP 04/23/22 14:43:01] Dipirona -> (RINDO CHARM) Absolite
[DROP 04/23/22 20:41:31] Perseu -> (RINDO CHARM) Tyranitarite
[DROP 04/23/22 23:21:09] [Tutor] B4 Cesar08 -> Swampertile
[DROP 04/23/22 23:22:54] Seja Homi -> (RINDO CHARM) Old Amber
[DROP 04/23/22 23:55:29] Robss -> Mawlite
[OPEN BOX 04/24/22 19:16:25] Mia Khalifa -> Lucarionite
[DROP 04/24/22 19:44:13] Mia Khalifa -> Mawlite
[DROP 04/24/22 21:09:06] Xtorm -> (RINDO CHARM) Blastoisinite
[DROP 04/25/22 21:01:39] Gaabi -> (LUCKY T6) Blazikenite
[DROP 04/25/22 22:14:12] Robss -> Blazikenite
[DROP 04/27/22 21:19:01] Blood -> (RINDO CHARM) Aggronite
[DROP 04/27/22 22:39:23] Quebra Custela -> (LUCKY T5) Sceptilite
[DROP 04/28/22 10:26:16] Laxus -> (LUCKY T4) Blastoisinite
[DROP 04/28/22 23:24:16] Krl Eoalex -> Sceptilite
[DROP 04/29/22 18:33:59] Anderson -> (LUCKY T6) Mawlite
[DROP 04/29/22 21:53:50] Expeliarmus -> Sceptilite
[DROP 04/29/22 22:00:21] Seja Homi -> Manectrite
[DROP 04/30/22 11:20:35] Expeliarmus -> (LUCKY T4) Mawlite
[DROP 04/30/22 11:54:00] Quebra Custela -> Blazikenite
[DROP 05/02/22 16:12:51] Robss -> (RINDO CHARM) Sablenite
[DROP 05/02/22 21:57:11] Asakura Yoh -> Sceptilite
[DROP 05/03/22 10:15:07] Plugin Bolt -> (LUCKY T7) Absolite
[DROP 05/03/22 10:30:58] Plugin Bolt -> (LUCKY T7) Glalite
[DROP 05/03/22 17:52:44] Blood -> (RINDO CHARM) Mawlite
[DROP 05/03/22 20:47:54] Harlem Shake -> (LUCKY T4) Blazikenite
[DROP 05/04/22 16:45:01] Quebra Custela -> (LUCKY T5) Banettite
[DROP 05/04/22 16:49:37] Blood -> (RINDO CHARM) Sceptilite