
[CATCH 12/19/21 21:22:39] Perseu -> Shiny Onix
[CATCH 12/21/21 20:18:16] Ultdark -> Shiny Zubat
[CATCH 12/21/21 20:19:06] Ultdark -> Shiny Zubat
[CATCH 12/22/21 09:23:20] Ultdark -> Shiny Muk
[CATCH 12/22/21 15:19:32] Ultdark -> Shiny Magmar
[CATCH 12/22/21 15:19:50] Ultdark -> Shiny Feraligatr
[CATCH 12/22/21 15:20:15] Ultdark -> Shiny Magcargo
[CATCH 12/26/21 10:33:38] Ultdark -> Shiny Arcanine
[CATCH 12/26/21 10:33:50] Ultdark -> Shiny Arcanine
[CATCH 01/08/22 18:08:26] Lari Calabresa -> Shiny Pidgeot
[CATCH 01/09/22 16:28:03] Lari Calabresa -> Shiny Tentacruel
[CATCH 01/09/22 18:21:03] Tsunade Agiota -> Shiny Magikarp
[CATCH 01/09/22 21:16:01] Mishima -> Shiny Magikarp
[CATCH 01/09/22 21:24:56] Crazzy -> Shiny Magikarp
[CATCH 01/09/22 21:50:30] Lets Go Pikachu -> Shiny Magikarp
[CATCH 01/09/22 22:22:28] Mrthiago -> Shiny Magikarp
[CATCH 01/09/22 22:35:53] Lulinha -> Shiny Magikarp
[CATCH 01/10/22 09:32:33] Yagamy -> Shiny Magikarp
[CATCH 01/10/22 14:02:44] Montain -> Shiny Magikarp
[CATCH 01/10/22 14:05:59] Bruno Legend -> Shiny Muk
[CATCH 01/10/22 14:38:09] Arthur Legend -> Shiny Magikarp
[CATCH 01/10/22 15:46:41] Ksynarba -> Shiny Magikarp
[CATCH 01/11/22 08:34:31] Luffy -> Shiny Magikarp
[CATCH 01/11/22 09:43:25] Nightz -> Shiny Seadra
[CATCH 01/11/22 11:16:54] Nightz -> Shiny Krabby
[CATCH 01/11/22 12:48:58] Nightz -> Shiny Tentacool
[CATCH 01/11/22 12:52:41] Nightz -> Shiny Kingler
[CATCH 01/11/22 18:43:58] Zinkinferno -> Shiny Magikarp
[CATCH 01/11/22 21:21:37] Lari Calabresa -> Shiny Gengar
[CATCH 01/11/22 21:25:11] Luffy -> Shiny Magikarp
[CATCH 01/11/22 21:32:43] Salve -> Shiny Magneton
[CATCH 01/11/22 22:14:37] Salve -> Shiny Tangela
[CATCH 01/12/22 09:36:19] Juukaa -> Shiny Lanturn
[CATCH 01/12/22 09:58:58] Lilinha -> Shiny Magikarp
[CATCH 01/12/22 11:16:16] Anjo -> Shiny Blastoise
[CATCH 01/12/22 11:19:32] Juukaa -> Shiny Tentacruel
[CATCH 01/12/22 13:41:57] Gandalf -> Shiny Magikarp
[CATCH 01/12/22 13:53:22] Gandalf -> Shiny Krabby
[CATCH 01/12/22 15:01:00] Perseu -> Shiny Raticate
[CATCH 01/14/22 10:31:53] Fhobya -> Shiny Magcargo
[CATCH 01/15/22 14:15:53] Lucifero -> Shiny Magikarp
[CATCH 01/15/22 14:48:11] Giovanna -> Shiny Magikarp
[CATCH 01/15/22 15:47:13] Skobydo -> Shiny Magikarp
[CATCH 01/15/22 17:01:45] Gaspazinho -> Shiny Magikarp
[CATCH 01/15/22 20:52:17] Poeksf -> Shiny Magikarp
[CATCH 01/15/22 21:34:57] Bruno Legend -> Shiny Magikarp
[CATCH 01/15/22 22:24:12] Jhumangi -> Shiny Magikarp
[CATCH 01/16/22 13:21:12] Bruno Legend -> Shiny Charizard
[CATCH 01/16/22 14:50:51] Jhumangi -> Shiny Magcargo
[CATCH 01/16/22 15:20:17] Teka -> Shiny Magikarp
[CATCH 01/16/22 16:16:54] Giovanna -> Shiny Marowak
[CATCH 01/16/22 17:48:36] Lari Calabresa -> Shiny Magikarp
[CATCH 01/16/22 19:26:33] Giovanna -> Shiny Blastoise
[CATCH 01/17/22 15:57:36] Elite Sca -> Shiny Magikarp
[CATCH 01/17/22 19:05:07] Poeksf -> Shiny Raticate
[CATCH 01/17/22 19:30:35] Acquabr -> Shiny Magikarp
[CATCH 01/17/22 20:12:18] Acquabr -> Shiny Magikarp
[CATCH 01/17/22 20:20:54] Bruno Legend -> Shiny Pidgeot
[CATCH 01/17/22 20:22:04] Bruno Legend -> Shiny Raticate
[CATCH 01/17/22 20:24:01] Poeksf -> Shiny Lanturn
[CATCH 01/17/22 20:36:03] Athena Soto -> Shiny Magikarp
[CATCH 01/17/22 21:16:24] Jhumangi -> Shiny Typhlosion
[CATCH 01/18/22 13:28:07] Elite Sca -> Shiny Seadra
[CATCH 01/18/22 14:03:44] Athena Soto -> Shiny Raticate
[CATCH 01/21/22 14:54:45] Kduff -> Shiny Raticate
[CATCH 01/21/22 19:22:19] Lari Calabresa -> Shiny Muk
[CATCH 01/21/22 20:34:14] Absolute Zero -> Shiny Magikarp
[CATCH 01/21/22 22:27:42] Absolute Zero -> Shiny Magikarp
[CATCH 01/22/22 00:48:41] Lari Calabresa -> Shiny Electrode
[CATCH 01/22/22 10:53:01] Lari Calabresa -> Shiny Venusaur
[CATCH 01/22/22 14:06:41] Niggor -> Shiny Voltorb
[CATCH 01/22/22 14:07:25] Jonathan -> Shiny Rattata
[CATCH 01/22/22 17:48:26] Kduff -> Shiny Raichu
[CATCH 01/22/22 19:32:41] Poeksf -> Shiny Weezing
[CATCH 01/22/22 19:47:07] Salve -> Shiny Farfetch'd
[CATCH 01/22/22 20:03:00] [Tutor] Perseu -> Shiny Raticate
[CATCH 01/22/22 20:27:03] Athena Soto -> Shiny Electabuzz
[CATCH 01/23/22 11:01:01] Jonathan -> Shiny Rattata
[CATCH 01/23/22 14:25:38] Kduff -> Shiny Magcargo
[CATCH 01/23/22 17:37:47] Fusca -> Shiny Blastoise
[CATCH 01/23/22 17:40:48] Gaspazinho -> Shiny Kingler
[CATCH 01/23/22 17:42:49] Fusca -> Shiny Raichu
[CATCH 01/24/22 05:20:48] Natsu Dragneel -> Shiny Magikarp
[CATCH 01/24/22 09:07:33] Lilinha -> Shiny Charizard
[CATCH 01/24/22 10:57:06] Slen -> Shiny Electrode
[CATCH 01/24/22 11:21:33] Natsu Dragneel -> Shiny Krabby
[CATCH 01/24/22 14:03:43] Jonathan -> Shiny Rattata
[CATCH 01/24/22 16:07:04] Kduff -> Shiny Magcargo
[CATCH 01/24/22 19:23:29] Nanno -> Shiny Pinsir
[CATCH 01/24/22 20:05:25] Slen -> Shiny Giant Magikarp
[CATCH 01/25/22 10:09:46] Nanno -> Shiny Magcargo
[CATCH 01/25/22 17:52:15] Kduff -> Shiny Electrode
[CATCH 01/26/22 09:17:17] Slen -> Shiny Feraligatr
[CATCH 01/27/22 00:18:43] Akashara -> Shiny Magikarp
[CATCH 01/27/22 01:49:30] Akashara -> Shiny Magikarp
[CATCH 01/27/22 09:18:50] Eduardodlaw -> Shiny Magikarp
[CATCH 02/10/22 18:32:54] Tester -> Shiny Magikarp
[CATCH 02/11/22 20:27:22] Nightz -> Shiny Magikarp
[CATCH 02/11/22 21:47:35] Mortenaserto -> Shiny Magikarp
[CATCH 02/11/22 23:08:13] Asterias -> Shiny Magikarp
[CATCH 02/11/22 23:25:47] Athenasoto -> Shiny Krabby
[CATCH 02/12/22 09:29:16] Krauzers Killer -> Shiny Magikarp
[CATCH 02/12/22 10:48:23] Nautilus -> Shiny Sceptile
[CATCH 02/12/22 12:30:54] Nestc -> Shiny Magikarp
[CATCH 02/12/22 15:34:20] Athenasoto -> Shiny Magikarp
[CATCH 02/12/22 20:07:05] Darkinho -> Shiny Charizard
[CATCH 02/12/22 20:31:31] Darkinho -> Shiny Charizard
[CATCH 02/12/22 21:08:01] Alvezmvp -> Shiny Magikarp
[CATCH 02/13/22 14:23:57] Juborios -> Shiny Magikarp
[CATCH 02/13/22 14:31:53] Clebauros -> Shiny Tentacool
[CATCH 02/13/22 16:41:54] Otaku -> Shiny Magikarp
[CATCH 02/13/22 18:53:42] Juborios -> Shiny Feraligatr
[CATCH 02/13/22 22:34:47] Lucas -> Shiny Magikarp
[CATCH 02/13/22 23:47:41] Mortenaserto -> Shiny Magcargo
[CATCH 02/13/22 23:53:20] Lucas -> Shiny Kingler
[CATCH 02/14/22 09:40:37] Lord Voldemort -> Shiny Magikarp
[CATCH 02/14/22 12:17:33] Krayus Moon -> Shiny Meganium
[CATCH 02/14/22 14:38:40] Busseto -> Shiny Magikarp
[CATCH 02/14/22 15:15:54] Zhaay -> Shiny Machamp
[CATCH 02/14/22 17:54:54] Krayus Moon -> Shiny Ampharos
[CATCH 02/14/22 17:59:53] Lonches -> Shiny Seadra
[CATCH 02/14/22 19:22:26] Kanguru -> Shiny Magikarp
[CATCH 02/14/22 19:47:45] Vedita -> Shiny Magikarp
[CATCH 02/14/22 20:04:35] Darkinho -> Shiny Umbreon
[CATCH 02/14/22 20:44:49] Clebonico -> Shiny Magikarp
[CATCH 02/14/22 20:53:11] Kanguru -> Shiny Magikarp
[CATCH 02/14/22 21:24:59] Clebauros -> Shiny Weezing
[CATCH 02/14/22 21:36:56] Seje Homi -> Shiny Magikarp
[CATCH 02/14/22 21:37:59] Seje Homi -> Shiny Magikarp
[CATCH 02/14/22 21:38:09] Seje Homi -> Shiny Magikarp
[CATCH 02/14/22 23:28:39] Slen -> Shiny Seadra
[CATCH 02/14/22 23:39:57] Kanguru -> Shiny Lanturn
[CATCH 02/15/22 12:46:42] Nautilus -> Shiny Marowak
[CATCH 02/15/22 19:01:56] Skobydo -> Shiny Magikarp
[CATCH 02/15/22 20:05:19] Seje Homi -> Shiny Kingler
[CATCH 02/15/22 21:42:15] Seje Homi -> Shiny Kingler
[CATCH 02/16/22 00:02:17] Lonches -> Shiny Tentacruel
[CATCH 02/16/22 10:18:50] Krayus Moon -> Shiny Charizard
[CATCH 02/16/22 18:47:53] Eren -> Shiny Magikarp
[CATCH 02/16/22 21:41:03] Zhaay -> Shiny Magikarp
[CATCH 02/16/22 22:46:39] Clebauros -> Shiny Raticate
[CATCH 02/16/22 22:48:58] Kanguru -> Shiny Feraligatr
[CATCH 02/16/22 22:58:03] Kanguru -> Shiny Ampharos
[CATCH 02/16/22 23:11:49] Clebauros -> Shiny Tauros
[CATCH 02/17/22 00:22:45] Vitizerah -> Shiny Giant Magikarp
[CATCH 02/17/22 05:01:29] Lonches -> Shiny Gengar
[CATCH 02/17/22 10:01:53] Kanguru -> Shiny Giant Magikarp
[CATCH 02/17/22 16:41:20] Kani -> Shiny Blastoise
[CATCH 02/17/22 17:22:34] Kanguru -> Shiny Tentacruel
[CATCH 02/17/22 17:30:00] Lonches -> Shiny Electrode
[CATCH 02/17/22 18:18:47] Daskendo -> Shiny Magikarp
[CATCH 02/17/22 21:51:33] Pardau -> Shiny Magikarp
[CATCH 02/18/22 17:36:50] Rasgah Ku -> Shiny Magikarp
[CATCH 02/18/22 19:48:39] Zhaay -> Shiny Krabby
[CATCH 02/18/22 20:20:23] Zhaay -> Shiny Giant Magikarp
[CATCH 02/18/22 23:34:22] Clebauros -> Shiny Electabuzz
[CATCH 02/19/22 00:34:50] Krayus Moon -> Shiny Gengar
[CATCH 02/19/22 02:20:47] Vitizerah -> Shiny Lanturn
[CATCH 02/19/22 22:49:02] Caskera -> Shiny Magikarp
[CATCH 02/20/22 10:01:48] Perseu -> Shiny Marowak
[CATCH 02/21/22 00:00:51] Caskera -> Shiny Kingler
[CATCH 02/21/22 00:18:49] Thanos -> Shiny Magikarp
[CATCH 02/21/22 14:52:51] Slen -> Shiny Magikarp
[CATCH 02/24/22 21:20:44] Scarlet -> Shiny Raticate
[CATCH 02/25/22 13:31:33] Ninnha -> Shiny Magikarp
[CATCH 02/25/22 18:15:47] Hotaru -> Shiny Magikarp
[CATCH 02/25/22 20:44:15] Morgana -> Shiny Magikarp
[CATCH 02/25/22 22:44:08] Morgana -> Shiny Magikarp
[CATCH 02/25/22 22:51:40] Morgana -> Shiny Magikarp
[CATCH 02/27/22 19:55:39] Adrianpoke -> Shiny Magikarp
[CATCH 03/01/22 07:34:04] Pocjf -> Shiny Magikarp
[CATCH 03/01/22 08:15:24] Pocjf -> Shiny Kingler
[CATCH 03/01/22 23:17:43] Nautilus -> Shiny Scyther
[CATCH 03/01/22 23:19:01] Nautilus -> Shiny Venonat
[CATCH 03/01/22 23:24:02] Nautilus -> Shiny Venonat
[CATCH 03/01/22 23:24:29] Nautilus -> Shiny Venonat
[CATCH 03/01/22 23:25:38] Nautilus -> Shiny Venusaur
[CATCH 03/02/22 08:15:49] Pocjf -> Shiny Kingler
[CATCH 03/02/22 10:43:14] Pocjf -> Shiny Giant Magikarp
[CATCH 03/02/22 11:27:47] Beemo -> Shiny Magikarp
[CATCH 03/03/22 15:23:24] Sombra -> Shiny Magikarp
[CATCH 03/05/22 13:04:29] Deds -> Shiny Magikarp
[CATCH 03/16/22 20:50:02] Seje Homi -> Shiny Magikarp
[CATCH 03/16/22 21:44:26] Athena -> Shiny Magikarp
[CATCH 03/17/22 11:34:25] Oz Hoi -> Shiny Horsea
[CATCH 03/17/22 11:41:01] Blakee -> Shiny Magikarp
[CATCH 03/17/22 12:07:40] B4 Cesar08 -> Shiny Magikarp
[CATCH 03/17/22 19:30:15] B4 Cesar08 -> Shiny Alakazam
[CATCH 03/17/22 20:01:34] B4 Cesar08 -> Shiny Arcanine
[CATCH 03/17/22 20:19:33] B4 Cesar08 -> Shiny Giant Magikarp
[CATCH 03/17/22 20:34:03] Whiskas -> Shiny Magikarp
[CATCH 03/17/22 20:59:57] Odiaboempessoa -> Shiny Magikarp
[CATCH 03/17/22 21:00:52] Odiaboempessoa -> Shiny Magikarp
[CATCH 03/17/22 21:01:57] Odiaboempessoa -> Shiny Magikarp
[CATCH 03/18/22 12:22:44] Kiko -> Shiny Marowak
[CATCH 03/18/22 12:51:11] Darkinho -> Shiny Ampharos
[CATCH 03/18/22 14:19:56] Athena -> Shiny Charizard
[CATCH 03/18/22 16:58:08] Kiko -> Shiny Magcargo
[CATCH 03/18/22 20:16:15] Toruk -> Shiny Magikarp
[CATCH 03/18/22 21:53:48] Seja Homi -> Shiny Magikarp
[CATCH 03/18/22 22:06:20] Omicron -> Shiny Magikarp
[CATCH 03/18/22 22:21:08] Athena -> Shiny Giant Magikarp
[CATCH 03/18/22 22:58:44] Topline -> Shiny Magikarp
[CATCH 03/18/22 23:01:35] Slen -> Shiny Alakazam
[CATCH 03/18/22 23:13:31] Athena -> Shiny Magmar
[CATCH 03/19/22 01:54:47] Slen -> Shiny Venusaur
[CATCH 03/19/22 09:51:34] Mytrius -> Shiny Magikarp
[CATCH 03/19/22 10:17:44] Athena -> Shiny Venusaur
[CATCH 03/19/22 10:33:39] Hell Laugh -> Shiny Mr. Mime
[CATCH 03/19/22 11:33:32] Lordecp -> Shiny Rattata
[CATCH 03/19/22 13:23:17] Seja Homi -> Shiny Charizard
[CATCH 03/19/22 13:33:01] Mytrius -> Shiny Rattata
[CATCH 03/19/22 15:16:45] Athena -> Shiny Charizard
[CATCH 03/19/22 16:29:17] Sona -> Shiny Magikarp
[CATCH 03/19/22 17:11:01] Sona -> Shiny Seadra
[CATCH 03/19/22 17:44:50] Mia Khalifa -> Shiny Typhlosion
[CATCH 03/19/22 17:56:39] Lord Ace -> Shiny Electabuzz
[CATCH 03/19/22 18:14:52] Darkinho -> Shiny Scyther
[CATCH 03/19/22 18:15:24] Kowalsky -> Shiny Magikarp
[CATCH 03/19/22 18:29:32] Kowalsky -> Shiny Magikarp
[CATCH 03/19/22 18:50:39] Mia Khalifa -> Shiny Magikarp
[CATCH 03/19/22 18:54:34] Poeksf -> Shiny Raticate
[CATCH 03/19/22 18:55:12] Darkinho -> Shiny Tangela
[CATCH 03/19/22 20:32:37] The King -> Shiny Muk
[CATCH 03/19/22 22:05:22] B4 Cesar08 -> Shiny Pidgeot
[CATCH 03/19/22 22:58:27] Hellow Crtba -> Shiny Gengar
[CATCH 03/19/22 23:46:26] Lordecp -> Shiny Magikarp
[CATCH 03/20/22 02:19:05] Rare -> Shiny Rattata
[CATCH 03/20/22 03:08:11] Kauan Crtba -> Shiny Magikarp
[CATCH 03/20/22 05:23:12] Rare -> Shiny Typhlosion
[CATCH 03/20/22 08:40:02] Shikamaru -> Shiny Magikarp
[CATCH 03/20/22 08:44:30] Red Trainerd -> Shiny Magikarp
[CATCH 03/20/22 11:23:06] Doug Catch -> Shiny Magikarp
[CATCH 03/20/22 17:50:41] Rip Mito -> Shiny Magikarp
[CATCH 03/20/22 18:08:38] Oi Bb -> Shiny Rattata
[CATCH 03/20/22 18:10:27] Oi Bb -> Shiny Rattata
[CATCH 03/20/22 20:39:20] Blakee -> Shiny Electabuzz
[CATCH 03/20/22 21:59:18] Darkinho -> Shiny Typhlosion
[CATCH 03/20/22 22:49:44] Loucura -> Shiny Krabby
[CATCH 03/20/22 23:09:14] Marlon -> Shiny Magikarp
[CATCH 03/21/22 09:55:06] Nona -> Shiny Magikarp
[CATCH 03/21/22 12:49:20] B4 Cesar08 -> Shiny Magmar
[CATCH 03/21/22 14:05:14] T Cesaros -> Shiny Horsea
[CATCH 03/21/22 17:08:26] Clariel -> Shiny Magikarp
[CATCH 03/21/22 17:49:03] Hyutsuka -> Shiny Magikarp
[CATCH 03/21/22 17:49:54] Clariel -> Shiny Krabby
[CATCH 03/22/22 03:43:35] Rare -> Shiny Electrode
[CATCH 03/22/22 04:03:59] Rare -> Shiny Tentacruel
[CATCH 03/22/22 05:44:28] Hyutsuka -> Shiny Seadra
[CATCH 03/22/22 07:56:22] Clariel -> Shiny Xatu
[CATCH 03/22/22 11:11:47] [Tutor] Perseu -> Shiny Charizard
[CATCH 03/22/22 12:49:11] Athena -> Shiny Raichu
[CATCH 03/25/22 18:40:54] Tchee -> Shiny Mr. Mime
[CATCH 03/25/22 21:08:56] Tchee -> Shiny Mr. Mime
[CATCH 03/25/22 22:03:16] Tchee -> Shiny Magmar
[CATCH 03/25/22 22:37:25] Mia Khalifa -> Shiny Raticate
[CATCH 03/25/22 23:45:41] Clariel -> Shiny Jynx
[CATCH 03/26/22 00:26:51] Hyutsuka -> Shiny Magmar
[CATCH 03/26/22 02:38:38] Little Crobat -> Shiny Magikarp
[CATCH 03/26/22 11:01:41] Kravim -> Shiny Magikarp
[CATCH 03/26/22 13:02:44] B4 Cesar08 -> Shiny Crobat
[CATCH 03/26/22 16:28:18] Kravim -> Shiny Krabby
[CATCH 03/26/22 16:38:38] Kravim -> Shiny Magikarp
[CATCH 03/26/22 20:22:56] Toddin -> Shiny Magikarp
[CATCH 03/26/22 20:42:31] Tchee -> Shiny Tentacruel
[CATCH 03/26/22 20:55:34] Rip Mito -> Shiny Blastoise
[CATCH 03/27/22 08:06:04] Not Tuck -> Shiny Magikarp
[CATCH 03/27/22 11:00:26] Pescotapa -> Shiny Crobat
[CATCH 03/27/22 11:20:46] Pescotapa -> Shiny Raticate
[CATCH 03/27/22 13:19:53] Miojin -> Shiny Xatu
[CATCH 03/27/22 22:37:00] Poeksf -> Shiny Electabuzz
[CATCH 03/28/22 09:13:23] Yagamy -> Shiny Magikarp
[CATCH 03/28/22 11:16:43] Kenjiro -> Shiny Alakazam
[CATCH 03/28/22 11:19:03] Mkz Gamer -> Shiny Dragonair
[CATCH 03/28/22 13:53:32] Lucas -> Shiny Farfetch'd
[CATCH 03/28/22 17:17:38] Pescotapa -> Shiny Gengar
[CATCH 03/28/22 20:03:57] Neoon -> Shiny Magikarp
[CATCH 03/28/22 20:40:46] Mkz Gamer -> Shiny Pinsir
[CATCH 03/28/22 21:39:25] Celestus -> Shiny Magikarp
[CATCH 03/28/22 22:12:04] Revoltz Diw -> Shiny Venomoth
[CATCH 03/29/22 03:18:17] Semys -> Shiny Magikarp
[CATCH 03/29/22 08:40:22] Funn -> Shiny Magikarp
[CATCH 03/30/22 18:32:02] Mkz Gamer -> Shiny Pidgeot
[CATCH 03/31/22 00:05:06] Clariel -> Shiny Electabuzz
[CATCH 03/31/22 01:12:33] Mkz Gamer -> Shiny Raticate
[CATCH 03/31/22 13:33:43] Coelho -> Shiny Magikarp
[CATCH 03/31/22 15:18:24] Tchee -> Shiny Pidgeot
[CATCH 03/31/22 16:30:08] Rip Mito -> Shiny Muk
[CATCH 03/31/22 16:57:04] Lindinha -> Shiny Pidgeot
[CATCH 03/31/22 21:10:53] Lindinha -> Shiny Alakazam
[CATCH 03/31/22 21:25:52] Shiny Suicune -> Shiny Magikarp
[CATCH 03/31/22 22:02:51] Blood -> Shiny Magikarp
[CATCH 03/31/22 22:15:12] Shiny Suicune -> Shiny Magikarp
[CATCH 04/01/22 11:13:40] Perseu -> Shiny Gengar
[CATCH 04/01/22 11:31:11] Perseu -> Shiny Typhlosion
[CATCH 04/01/22 13:06:28] Kapal -> Shiny Raticate
[CATCH 04/01/22 14:01:16] Mkz Gamer -> Shiny Scyther
[CATCH 04/01/22 22:51:17] Perseu -> Shiny Ampharos
[CATCH 04/01/22 23:00:58] Perseu -> Shiny Typhlosion
[CATCH 04/01/22 23:01:41] Mkz Gamer -> Shiny Raticate
[CATCH 04/01/22 23:39:46] Perseu -> Shiny Gyarados
[CATCH 04/02/22 12:13:22] Clariel -> Shiny Muk
[CATCH 04/02/22 12:56:09] Diva Aginarasgada -> Shiny Tangela
[CATCH 04/02/22 13:58:43] Billie Eilish -> Shiny Dragonair
[CATCH 04/02/22 20:44:30] Queskity -> Shiny Raticate
[CATCH 04/02/22 20:49:41] Pescotapa -> Shiny Gengar
[CATCH 04/02/22 20:57:24] Queskity -> Shiny Crobat
[CATCH 04/02/22 21:05:41] Queskity -> Shiny Giant Magikarp
[CATCH 04/03/22 12:15:13] Pescotapa -> Shiny Alakazam
[CATCH 04/03/22 13:47:47] Tia Ruiva -> Shiny Weezing
[CATCH 04/03/22 14:01:10] Ykz Max -> Shiny Zubat
[CATCH 04/03/22 14:22:27] Omisa -> Shiny Cubone
[CATCH 04/03/22 18:56:58] Mkz Gamer -> Shiny Tangela
[CATCH 04/03/22 19:03:57] Mkz Gamer -> Shiny Raticate
[CATCH 04/03/22 19:22:30] Aviador -> Shiny Magikarp
[CATCH 04/03/22 19:23:36] Aviador -> Shiny Magikarp
[CATCH 04/04/22 12:42:17] Sem Comentarios -> Shiny Magikarp
[CATCH 04/04/22 17:36:33] [Tutor] B4 Cesar08 -> Shiny Magikarp
[CATCH 04/04/22 18:30:08] Pescotapa -> Shiny Raticate
[CATCH 04/04/22 19:15:52] Pescotapa -> Shiny Farfetch'd
[CATCH 04/04/22 21:15:09] King Rimuru -> Shiny Gengar
[CATCH 04/04/22 21:54:52] Dionizio -> Shiny Magikarp
[CATCH 04/05/22 09:39:22] Tia Ruiva -> Shiny Weezing
[CATCH 04/05/22 17:53:58] Tia Ruiva -> Shiny Umbreon
[CATCH 04/06/22 00:14:28] Mkz Gamer -> Shiny Charizard
[CATCH 04/06/22 13:42:54] [Tutor] B4 Cesar08 -> Shiny Lanturn
[CATCH 04/06/22 13:50:35] Dreadlocks -> Shiny Magikarp
[CATCH 04/06/22 14:29:31] Dreadlocks -> Shiny Gengar
[CATCH 04/06/22 15:31:30] Pequeno Nobzin -> Shiny Raticate
[CATCH 04/06/22 18:51:43] Revoltz Diw -> Shiny Feraligatr
[CATCH 04/06/22 20:36:44] Mkz Gamer -> Shiny Charizard
[CATCH 04/06/22 22:07:01] Redz -> Shiny Rattata
[CATCH 04/06/22 22:18:27] Redz -> Shiny Rattata
[CATCH 04/07/22 07:20:15] Monkey D Luffy -> Shiny Rattata
[CATCH 04/07/22 12:38:15] The Beast -> Shiny Magikarp
[CATCH 04/07/22 21:28:17] Canon -> Shiny Magikarp
[CATCH 04/07/22 22:47:57] Gaabi -> Shiny Alakazam
[CATCH 04/07/22 23:07:22] Nightmare -> Shiny Magikarp
[CATCH 04/08/22 12:45:11] Mkz Gamer -> Shiny Charizard
[CATCH 04/08/22 13:12:52] Mkz Gamer -> Shiny Charizard
[CATCH 04/08/22 13:32:58] Gaabi -> Shiny Raticate
[CATCH 04/08/22 15:52:26] Wesleymz -> Shiny Magikarp
[CATCH 04/08/22 15:55:06] Largatixa -> Shiny Magikarp
[CATCH 04/08/22 15:55:07] Wesleymz -> Shiny Magikarp
[CATCH 04/08/22 16:02:57] Wesleymz -> Shiny Rattata
[CATCH 04/08/22 17:31:41] Largatixa -> Shiny Zubat
[CATCH 04/09/22 13:00:37] Seja Homi -> Shiny Magmar
[CATCH 04/09/22 15:19:56] Rick Sanches -> Shiny Marowak
[CATCH 04/09/22 16:41:08] Madara -> Shiny Magikarp
[CATCH 04/09/22 16:47:29] Madara -> Shiny Magikarp
[CATCH 04/09/22 17:34:30] Dale Maker -> Shiny Magikarp
[CATCH 04/09/22 17:35:00] Dale Maker -> Shiny Magikarp
[CATCH 04/09/22 17:38:30] Madara -> Shiny Magikarp
[CATCH 04/09/22 17:50:54] Dale Maker -> Shiny Magikarp
[CATCH 04/09/22 18:00:08] Dale Maker -> Shiny Magikarp
[CATCH 04/09/22 18:25:54] Dale Maker -> Shiny Kingler
[CATCH 04/09/22 18:47:39] Nezuko -> Shiny Magikarp
[CATCH 04/09/22 19:53:14] Mkz Gamer -> Shiny Charizard
[CATCH 04/09/22 22:06:33] Shrek -> Shiny Magikarp
[CATCH 04/10/22 11:57:56] Lefya -> Shiny Magikarp
[CATCH 04/10/22 18:08:35] Solt Abraba -> Shiny Magikarp
[CATCH 04/10/22 18:50:45] Lindinha -> Shiny Raticate
[CATCH 04/10/22 22:03:25] Pequeno Nobzin -> Shiny Charizard
[CATCH 04/11/22 13:07:22] Redz -> Shiny Dodrio
[CATCH 04/11/22 19:31:54] Skayer -> Shiny Magikarp
[CATCH 04/11/22 20:13:14] Project Known -> Shiny Magikarp
[CATCH 04/11/22 21:57:21] Paaper -> Shiny Magikarp
[CATCH 04/11/22 22:59:53] Gaabi -> Shiny Magikarp
[CATCH 04/12/22 10:15:10] Tollteja -> Shiny Magikarp
[CATCH 04/12/22 12:40:25] Sirbacon -> Shiny Magikarp
[CATCH 04/13/22 15:32:42] Hellsing -> Shiny Magikarp
[CATCH 04/13/22 20:46:51] Sapo Boi -> Shiny Magikarp
[CATCH 04/14/22 17:58:46] Rick Sanches -> Shiny Electabuzz
[CATCH 04/14/22 18:17:42] Medchan -> Shiny Magikarp
[CATCH 04/15/22 09:52:56] Lord Redy -> Shiny Raticate
[CATCH 04/15/22 18:47:49] Alphonse -> Shiny Magikarp
[CATCH 04/16/22 02:15:44] Azurky -> Shiny Magikarp
[CATCH 04/16/22 02:34:04] Azurky -> Shiny Magikarp
[CATCH 04/16/22 03:41:22] Azurky -> Shiny Magikarp
[CATCH 04/16/22 13:25:46] Tia Ruiva -> Shiny Gengar
[CATCH 04/16/22 18:10:51] Omisa -> Shiny Alakazam
[CATCH 04/16/22 23:24:27] Robss -> Shiny Magikarp
[CATCH 04/17/22 09:32:39] Samuelhs -> Shiny Magikarp
[CATCH 04/17/22 14:48:07] Suquinhodelixo -> Shiny Magikarp
[CATCH 04/17/22 15:11:34] Suquinhoderabo -> Shiny Magikarp
[CATCH 04/17/22 15:18:47] Suquinhoderabo -> Shiny Magikarp
[CATCH 04/17/22 15:47:08] Hoodz -> Shiny Magikarp
[CATCH 04/17/22 15:53:11] Suquinhodelixo -> Shiny Lanturn
[CATCH 04/17/22 16:14:04] Plugin Bolt -> Shiny Magikarp
[CATCH 04/17/22 16:27:12] Pequeno Nobzin -> Shiny Charizard
[CATCH 04/17/22 17:50:23] Rukia -> Shiny Magikarp
[CATCH 04/17/22 18:24:51] Suquinhodelixo -> Shiny Lanturn
[CATCH 04/17/22 18:47:12] Suquinhodelixo -> Shiny Lanturn
[CATCH 04/17/22 20:01:43] Seja Homi -> Shiny Charizard
[CATCH 04/17/22 20:33:22] Seja Homi -> Shiny Charizard
[CATCH 04/17/22 20:44:31] Gaabi -> Shiny Lanturn
[CATCH 04/17/22 21:47:40] Plugin Bolt -> Shiny Pupitar
[CATCH 04/18/22 00:35:21] Edward -> Shiny Magikarp
[CATCH 04/18/22 20:25:18] Luna Poom -> Shiny Magikarp
[CATCH 04/18/22 20:35:37] Furigod -> Shiny Kingler
[CATCH 04/18/22 20:46:46] Furigod -> Shiny Kingler
[CATCH 04/18/22 22:21:01] Xdeelxx -> Shiny Magikarp
[CATCH 04/18/22 23:57:18] [DEV] The Death -> Shiny Magmar
[CATCH 04/19/22 00:08:03] Gui Sz -> Shiny Magmar
[CATCH 04/19/22 03:38:50] Gui Sz -> Shiny Ninetales
[CATCH 04/20/22 02:20:27] Gui Sz -> Shiny Charizard
[CATCH 04/20/22 16:01:12] Gui Sz -> Shiny Ampharos
[CATCH 04/20/22 17:44:31] Gaabi -> Shiny Rattata
[CATCH 04/20/22 18:07:58] Laxus -> Shiny Blastoise
[CATCH 04/21/22 14:12:42] Lord Redy -> Shiny Cubone
[CATCH 04/21/22 18:12:39] Shibel -> Shiny Magikarp
[CATCH 04/21/22 19:49:41] Kgn Fire -> Shiny Magikarp
[CATCH 04/21/22 20:02:23] Pedrinbvs -> Shiny Magikarp
[CATCH 04/21/22 20:19:03] Omisa -> Shiny Alakazam
[CATCH 04/21/22 20:20:18] Kgn Fire -> Shiny Magikarp
[CATCH 04/21/22 21:24:02] Kauan -> Shiny Magikarp
[CATCH 04/21/22 21:36:24] Ashmaluco -> Shiny Magikarp
[CATCH 04/21/22 21:38:43] Ashmaluco -> Shiny Magikarp
[CATCH 04/21/22 22:30:28] Chriscsp -> Shiny Magikarp
[CATCH 04/21/22 22:33:37] Mank -> Shiny Magikarp
[CATCH 04/21/22 22:41:11] Joaozin -> Shiny Magikarp
[CATCH 04/21/22 22:42:43] Vinii Dc  -> Shiny Magikarp
[CATCH 04/21/22 23:11:01] [Tutor] Darkinho -> Shiny Alakazam
[CATCH 04/21/22 23:31:45] Omisa -> Shiny Alakazam
[CATCH 04/22/22 00:18:05] Pedrinbvs -> Shiny Blastoise
[CATCH 04/22/22 05:21:56] Patati -> Shiny Magikarp
[CATCH 04/22/22 07:46:16] Joseph -> Shiny Magikarp
[CATCH 04/22/22 11:27:38] Zwydow -> Shiny Magikarp
[CATCH 04/22/22 12:07:10] Ladrao De Frango -> Shiny Magikarp
[CATCH 04/22/22 13:39:55] Tolltejae -> Shiny Raticate
[CATCH 04/22/22 13:52:00] Orsem -> Shiny Magikarp
[CATCH 04/22/22 17:13:06] Luna Poom -> Shiny Kingler
[CATCH 04/22/22 17:15:39] Luna Poom -> Shiny Kingler
[CATCH 04/22/22 17:28:11] Athelcicer -> Shiny Pidgeot
[CATCH 04/22/22 19:06:00] Dipirona -> Shiny Typhlosion
[CATCH 04/22/22 21:10:44] Mano Dos Hs -> Shiny Lanturn
[CATCH 04/22/22 21:14:02] Dipirona -> Shiny Magikarp
[CATCH 04/22/22 21:22:44] Mano Dos Hs -> Shiny Tentacruel
[CATCH 04/22/22 21:38:01] Lulaspi -> Shiny Cubone
[CATCH 04/22/22 22:38:43] Natsu Dragneel -> Shiny Magikarp
[CATCH 04/22/22 22:44:55] Natsu Dragneel -> Shiny Magikarp
[CATCH 04/23/22 08:36:23] Lulaspi -> Shiny Electabuzz
[CATCH 04/23/22 08:38:12] Perseu -> Shiny Gengar
[CATCH 04/23/22 09:58:06] Minho -> Shiny Magikarp
[CATCH 04/23/22 12:33:06] Zwydow -> Shiny Raticate
[CATCH 04/23/22 12:34:16] Jurado -> Shiny Magikarp
[CATCH 04/23/22 12:55:50] Play Master -> Shiny Magikarp
[CATCH 04/23/22 14:31:55] Flash -> Shiny Rattata
[CATCH 04/23/22 18:46:31] Trovao -> Shiny Zubat
[CATCH 04/23/22 19:36:26] Star -> Shiny Magikarp
[CATCH 04/23/22 20:53:16] Brow -> Shiny Magikarp
[CATCH 04/23/22 22:24:38] Draken -> Shiny Magikarp
[CATCH 04/23/22 22:34:53] Kauan -> Shiny Venusaur
[CATCH 04/23/22 23:09:51] Projeto X -> Shiny Magikarp
[CATCH 04/23/22 23:18:47] Draken -> Shiny Magikarp
[CATCH 04/23/22 23:20:20] Projeto X -> Shiny Magikarp
[CATCH 04/23/22 23:56:31] Smile -> Shiny Jynx
[CATCH 04/24/22 00:14:48] Grithz -> Shiny Magikarp
[CATCH 04/24/22 00:49:07] Finin -> Shiny Magikarp
[CATCH 04/24/22 00:50:55] Flash -> Shiny Electabuzz
[CATCH 04/24/22 06:50:49] Tallyson -> Shiny Magikarp
[CATCH 04/24/22 12:24:46] Buraktr -> Shiny Magikarp
[CATCH 04/24/22 13:14:43] Kauan -> Shiny Seadra
[CATCH 04/24/22 13:15:39] Peterai -> Shiny Magikarp
[CATCH 04/24/22 13:41:16] Kauan -> Shiny Giant Magikarp
[CATCH 04/24/22 13:56:08] Flash -> Shiny Electabuzz
[CATCH 04/24/22 16:01:52] Alpha -> Shiny Magikarp
[CATCH 04/24/22 16:26:48] Smile -> Shiny Xatu
[CATCH 04/24/22 19:40:18] Mia Khalifa -> Shiny Dodrio
[CATCH 04/24/22 20:11:46] Quebra Custela -> Shiny Magikarp
[CATCH 04/24/22 22:05:21] Lotusnegro -> Shiny Magikarp
[CATCH 04/24/22 22:16:34] Lotusnegro -> Shiny Horsea
[CATCH 04/24/22 22:54:15] [Tutor] B4 Cesar08 -> Shiny Jynx
[CATCH 04/24/22 22:57:47] Psychoosz -> Shiny Tentacruel
[CATCH 04/24/22 23:39:05] Poeksf -> Shiny Magikarp
[CATCH 04/24/22 23:43:31] Soqn -> Shiny Magikarp
[CATCH 04/25/22 02:42:21] The Killer -> Shiny Tentacruel
[CATCH 04/25/22 06:41:46] Zwydow -> Shiny Seadra
[CATCH 04/25/22 08:53:41] Lukan -> Shiny Magikarp
[CATCH 04/25/22 09:58:31] Fobos -> Shiny Magikarp
[CATCH 04/25/22 19:40:48] Soqn -> Shiny Scyther
[CATCH 04/25/22 20:47:31] Smile -> Shiny Alakazam
[CATCH 04/25/22 21:26:10] Bruce -> Shiny Magikarp
[CATCH 04/25/22 21:35:39] Bruce -> Shiny Magikarp
[CATCH 04/25/22 22:54:49] [Tutor] B4 Cesar08 -> Shiny Tangela
[CATCH 04/25/22 23:04:00] [Tutor] B4 Cesar08 -> Shiny Tangela
[CATCH 04/26/22 01:14:43] Gui Sz -> Shiny Arcanine
[CATCH 04/26/22 03:15:20] Lulinha -> Shiny Magikarp
[CATCH 04/26/22 11:40:56] Varao Petencostal -> Shiny Magikarp
[CATCH 04/26/22 11:52:51] Varao Petencostal -> Shiny Magikarp
[CATCH 04/26/22 12:47:23] Varao Petencostal -> Shiny Rattata
[CATCH 04/26/22 16:49:09] Fedodecu -> Shiny Magikarp
[CATCH 04/26/22 17:38:37] Zenetsu -> Shiny Magikarp
[CATCH 04/26/22 17:44:31] Suquinhodelixo -> Shiny Horsea
[CATCH 04/26/22 17:50:03] Ashmaluco -> Shiny Magikarp
[CATCH 04/27/22 01:17:01] Plugin Bolt -> Shiny Gengar
[CATCH 04/27/22 07:50:50] Joseph -> Shiny Ampharos
[CATCH 04/27/22 12:40:47] Solt Abraba -> Shiny Raticate
[CATCH 04/27/22 17:45:35] Laxus -> Shiny Magmar
[CATCH 04/27/22 20:43:26] Gaabi -> Shiny Electabuzz
[CATCH 04/27/22 20:45:54] [DEV] The Death -> Shiny Marowak
[CATCH 04/27/22 20:45:59] Lukezeera -> Shiny Magmar
[CATCH 04/27/22 20:48:56] Shadow Bow -> Shiny Charizard
[CATCH 04/28/22 00:12:52] Thekzin -> Shiny Rattata
[CATCH 04/28/22 00:25:35] Thekzin -> Shiny Magikarp
[CATCH 04/28/22 01:47:08] Eternal X -> Shiny Magikarp
[CATCH 04/28/22 10:10:39] Estressado -> Shiny Horsea
[CATCH 04/28/22 15:58:43] Robss -> Shiny Magmar
[CATCH 04/28/22 19:33:09] Quebra Custela -> Shiny Heatmor
[CATCH 04/28/22 21:26:09] Worms -> Shiny Magneton
[CATCH 04/29/22 00:34:43] Plugin Bolt -> Shiny Meganium
[CATCH 04/29/22 02:43:44] Thekzin -> Shiny Cubone
[CATCH 04/29/22 11:48:54] Laxus -> Shiny Blastoise
[CATCH 04/29/22 15:00:53] Estressadinha -> Shiny Magikarp
[CATCH 04/29/22 15:50:17] Lulaspi -> Shiny Electabuzz
[CATCH 04/29/22 16:10:12] Robss -> Shiny Raticate
[CATCH 04/29/22 19:53:39] Rikudou -> Shiny Magikarp
[CATCH 04/29/22 22:11:59] [Tutor] Darkinho -> Shiny Kingler
[CATCH 04/29/22 22:25:54] Seja Homi -> Shiny Magikarp
[CATCH 04/29/22 22:28:13] Marcusscott -> Shiny Magikarp
[CATCH 04/29/22 22:31:10] Marcusscott -> Shiny Magikarp
[CATCH 04/29/22 22:58:54] Kauan -> Shiny Tentacruel
[CATCH 04/30/22 09:43:03] Travesti -> Shiny Magikarp
[CATCH 04/30/22 09:48:55] Travesti -> Shiny Magikarp
[CATCH 04/30/22 11:15:22] Travesti -> Shiny Cubone
[CATCH 04/30/22 13:37:21] Krl Eoalex -> Shiny Venusaur
[CATCH 05/02/22 10:57:00] Socrates -> Shiny Magikarp
[CATCH 05/02/22 15:25:48] Asakura Yoh -> Shiny Raichu
[CATCH 05/02/22 16:06:40] Eternal X -> Shiny Ampharos
[CATCH 05/02/22 16:08:25] Eternal X -> Shiny Ampharos
[CATCH 05/02/22 17:00:46] Guilherme109 -> Shiny Feraligatr
[CATCH 05/02/22 20:36:21] Harlem Shake -> Shiny Pidgeot
[CATCH 05/02/22 21:56:07] Mamavel -> Shiny Electabuzz
[CATCH 05/02/22 22:35:38] Thelostdark -> Shiny Magikarp
[CATCH 05/02/22 23:00:34] Harlem Shake -> Shiny Seadra
[CATCH 05/02/22 23:21:58] Harlem Shake -> Shiny Seadra
[CATCH 05/03/22 21:31:19] Brunoviny -> Shiny Magikarp
[CATCH 05/04/22 09:12:59] Gaabi -> Shiny Ampharos
[CATCH 05/05/22 01:31:55] Gianx -> Shiny Zubat
[CATCH 05/05/22 09:33:41] Adidasz -> Shiny Magikarp
[CATCH 05/05/22 09:35:09] Rybson -> Shiny Magikarp
[CATCH 05/05/22 09:37:44] Rybson -> Shiny Magikarp