[08/01/2022 12:39:34] Nautilus: tururu
[08/01/2022 12:59:09] Bruno Legend: kd guru
[08/01/2022 12:59:32] Nautilus: guru 
[08/01/2022 12:59:41] Nautilus: acho que o ultdark esqueceu dele kkk
[08/01/2022 12:59:57] Bruno Legend: vem k rafa irgente
[08/01/2022 13:00:08] Bruno Legend: goto em mim
[08/01/2022 13:00:18] Nautilus: Guru tá ali em cima
[08/01/2022 13:00:20] Nautilus: de Saffron
[08/01/2022 13:32:15] Bruno Legend: tem valley?
[08/01/2022 13:32:27] Nautilus: sim.
[08/01/2022 13:32:31] Bruno Legend: ok
[08/01/2022 13:35:23] Bruno Legend: kd o mapa
[08/01/2022 13:35:24] Bruno Legend: d jogo kk
[08/01/2022 13:35:44] Nautilus: Eu preciso fazer ainda pra colocar no site
[08/01/2022 13:35:47] Nautilus: marca um tempo ai 
[08/01/2022 13:35:52] Nautilus: to arrumando o principal pra depois colocar ele lá 
[08/01/2022 13:36:55] Bruno Legend: q zarro
[08/01/2022 13:36:59] Bruno Legend: as ilhas mo diferente ksopaksa
[08/01/2022 13:37:25] Bruno Legend: !BUG
[08/01/2022 13:37:44] Bruno Legend: rafa , dps me da otro fera , o q eu catei foi pro dp
[08/01/2022 13:37:46] Bruno Legend: e ta bugado pareçe ne
[08/01/2022 13:38:44] Nautilus: tá no depot sim 
[08/01/2022 13:38:52] Nautilus: só precis ativar
[08/01/2022 13:38:55] Nautilus: ultdark não fez isso.
[08/01/2022 13:39:00] Nautilus: ou melhor, vou verificar certinho pra saber.
[08/01/2022 13:39:49] Bruno Legend: ok
[08/01/2022 13:43:51] Bruno Legend: rafa outro bug importante cola aqui qnd der
[08/01/2022 13:44:12] Nautilus: fala
[08/01/2022 14:08:30] Bruno Legend: rafa , elemental ta batendo nada wtf
[08/01/2022 14:21:34] Bruno Legend: em rafa , passiva buz zbate 900 , o dano do elementao 190 ...
[08/01/2022 14:21:41] Bruno Legend: ele,emtal*
[08/01/2022 14:22:25] Nautilus: ué
[08/01/2022 14:22:30] Nautilus: tu quer que o elemental bata 10k? 
[08/01/2022 14:35:05] Bruno Legend: 16:34 You advanced from Level 96 to Level 97. quase 
[08/01/2022 14:44:44] Bruno Legend: aonde tem lugar com os shinys do ticket msm?
[08/01/2022 14:47:38] Nautilus: como assim? '-' 
[08/01/2022 14:49:43] Bruno Legend: carai 101+ chatim upar viu xD
[08/01/2022 15:53:15] Nautilus: helo
[08/01/2022 15:54:17] Nautilus: oi
[09/01/2022 13:04:07] Lynx: adm
[10/01/2022 09:20:28] Darsoul: buenos dias
[10/01/2022 09:53:33] Mrthiago: alguem tem o mapa desse jogo?
[10/01/2022 13:55:06] Montain: tem auto loot ?
[10/01/2022 13:55:28] Mrthiago: tem sim
[10/01/2022 14:55:53] Arthur Legend: hi
[11/01/2022 22:20:10] Iuteller : e dificil upar mesmo
[11/01/2022 22:20:18] Iuteller : e nao pego loot
[11/01/2022 22:20:23] Iuteller : n cai na vdd
[11/01/2022 22:20:52] Mrthiago: so dropa stone
[11/01/2022 22:23:18] Iuteller : aa sim
[12/01/2022 12:41:56] Juukaa: hi
[16/01/2022 11:19:04] Jhumangi: as quests estao bugadas? 13:15 Você já recebeu esta recompensa. segundo bau q encontro e da isso e n ganho nada
[16/01/2022 13:55:31] Pepsi: ADMM BUFG
[16/01/2022 13:56:22] Pepsi: aff
[16/01/2022 13:56:24] Pepsi: aff
[16/01/2022 19:12:44] Nanno: adm ta ai
[16/01/2022 19:15:33] Lari Calabresa: fala ae manin
[17/01/2022 11:12:59] Snow Ext: alguem tem crystal stone pra doar?
[17/01/2022 15:22:20] Elite Sca: como evoluciono a un odish
[18/01/2022 10:52:24] Nanno: adm o poke que eu matei,dropo a stone fora da area,ai n to conseguindo pegar /=
[20/01/2022 22:19:22] My Name Is Bdd: aqui tem  a mewtow quest msms e dusknoir? ou outkand main?
[20/01/2022 22:28:24] Yamete Kudasai: Quanto Vale Wobbuffet?
[20/01/2022 22:48:14] My Name Is Bdd: algeum tem o mapa pf
[20/01/2022 22:48:21] My Name Is Bdd: hi
[23/01/2022 10:58:27] Crazt Rxvs: tem reward aqui
[23/01/2022 11:05:56] Lari Calabresa: ainda não
[23/01/2022 19:05:20] Vadia: como usa autoloot?
[23/01/2022 19:05:56] Lari Calabresa: ./aloot add: nomedoitem
[11/02/2022 21:17:03] Mortenaserto: rafa tae
[13/02/2022 21:33:46] Zhaay: onde eh boss arena?
[13/02/2022 21:34:59] Zhaay: hi
[14/02/2022 18:17:45] Kyoshi: alguem me ajuda?
[14/02/2022 19:08:56] Vedita: correr
[16/02/2022 17:41:07] Skobydo: como que se faz dinheiro aqui?
[16/02/2022 22:26:24] Lord Voldemort: onde  consegui compra  bacpack algum sabe
[18/02/2022 18:30:28] Vickyzerah: Boa Noite
[19/02/2022 15:19:08] Vickyzerah: alguem ae?
[19/02/2022 22:20:23] Krysler: salve tropa
[19/02/2022 23:03:33] Krysler: alguem pode me dizer onde upar aqui?
[26/02/2022 18:04:11] Morgana: gm on?
[01/03/2022 16:40:43] Mazora: pidgeotto não ta evoluindo, na dex diz 2 heart, no text diz heart e feather, tenho tudo mas n ta evoluindo
[05/03/2022 14:48:37] Big Moon: tem algum jeito de andar mais rapido?
[16/03/2022 21:00:00] Slen: !createguild
[16/03/2022 21:18:00] Perseu: i
[16/03/2022 21:18:01] Perseu: hi
[17/03/2022 09:20:12] Morre Bolsonaro: gm on???
[17/03/2022 09:20:18] Morre Bolsonaro: ta bugado do lado do pokemon, onde colocaria revive
[17/03/2022 09:20:48] Morre Bolsonaro: hi
[17/03/2022 11:18:32] Shiny Charm: meu deus arruma a hotkey
[17/03/2022 11:18:36] Shiny Charm: de pescana no client novo
[17/03/2022 16:40:21] Morre Bolsonaro: adm on???
[18/03/2022 15:56:35] Vinitche: Tem como habilitar pra andar no WASD?
[18/03/2022 19:55:24] Lord Ace: trade
[18/03/2022 19:55:26] Lord Ace: tem autoloot ?
[18/03/2022 22:46:56] Topline: Dev n dropa stone  nos bixo iniciante evoluido em kanto  ?
[19/03/2022 04:01:46] Perusion: tem aloot?
[19/03/2022 13:14:49] Vinitche: Algum tutor on? pra tirar uma duvida
[19/03/2022 13:55:27] Topline: tem auto loot ?
[19/03/2022 17:16:13] Ark: como coloca pra ver que o poke esta targetado?
[19/03/2022 17:52:06] Annabelle: eu ate esqeci como se joga ,
[19/03/2022 19:48:47] Lord Ace: hi
[20/03/2022 03:50:33] Doug Catch: aonde compra medicine
[20/03/2022 03:54:33] Doug Catch: alguem ai ?
[20/03/2022 09:24:08] Shikamaru: Onde consigo comprar iscas para vara de pescar?
[20/03/2022 13:01:26] Doug Catch: adm  on?
[20/03/2022 18:38:02] Pendetortuga: hi
[20/03/2022 18:38:21] Pendetortuga: onde acho Feraligatr?
[20/03/2022 20:18:40] Doug Catch: como  abvre o mapa voando
[21/03/2022 19:12:47] Gustavomcd: To meio perdido, alguem pode ajudaD R?
[21/03/2022 22:07:51] Subaro: qual comando do auto loot
[26/03/2022 17:29:42] Corvo Imortal: o maluco disse no grupo de divulgação que a xp era easy, e eu bem acreditei
[26/03/2022 23:17:34] Tio Denis: o ot tem qnts meses on?
[27/03/2022 00:14:18] Tio Denis: tem ngm ai?
[27/03/2022 01:38:54] Nikinho: olá, o move ta bugado?
[27/03/2022 01:39:37] Expeliarmus: ta si
[27/03/2022 01:51:42] Nikinho: onde tem um local pra pesca aqui?
[27/03/2022 16:07:35] Caim: me manda o site ai to bugado aqui
[27/03/2022 20:44:25] Lord Ace: as quests ja estao dando as recompensass
[27/03/2022 21:35:28] Lynx: onde vende isca?
[28/03/2022 17:54:15] Pipsie No Osh: havia um jogador que ia me ajudar com venom stone porem aqui caiu 
[28/03/2022 17:54:51] Pipsie No Osh: só nao lembro o nick dele 
[30/03/2022 19:10:08] Ash Txx: alguem pode me ajudar pf acabei de começar
[30/03/2022 20:05:06] Supreme: como q tira pra ficar aparecendo ngc de reporta qnd aperta ctrl z?
[30/03/2022 23:13:46] Venancio Maniaco: ./clan malefic, 5
[30/03/2022 23:14:42] Clariel: phenac
[30/03/2022 23:14:46] Clariel: agate
[31/03/2022 13:29:09] Coelho: n da pra pescar sem ficar abrindo o report? 
[31/03/2022 22:14:52] Shiny Suicune: Olá!
[01/04/2022 22:23:23] Saffyra: aqui tem pokemon sh?
[02/04/2022 18:53:47] Omisa: tendo evento ?
[02/04/2022 19:47:06] Sr Roladura: aonde compra isca
[02/04/2022 19:51:28] Sr Roladura: hi
[02/04/2022 21:32:21] Sr Roladura: alguem leva quest
[03/04/2022 16:02:12] Ninja Agiota: onde dropa  Feather Stone?
[03/04/2022 16:02:29] Sr Roladura: tenho 34
[03/04/2022 16:28:50] Sr Roladura: pra q serve ancient stone ?
[03/04/2022 18:43:42] Aviador: arooo
[03/04/2022 18:43:54] Aviador: vim aterrizar meu 14biz aki
[03/04/2022 18:44:12] Aviador: alguem ai tem 1 chave 12 para me emprestar preciso apertar a rebimboca da parafuzeta
[04/04/2022 00:48:46] Cabelinho: oi
[04/04/2022 21:51:34] Cigarrinho Mythus: boa noite
[04/04/2022 22:15:37] Samuel Mythus: boa noite pras casada
[04/04/2022 22:28:20] Dionizio: como evolui o tangela? ta mostrando que evolui mais nao a stone
[04/04/2022 22:30:27] Dionizio: correr
[04/04/2022 22:51:42] Dionizio: 3hi
[04/04/2022 22:57:27] Cigarrinho Mythus: BUY 2 ENIGMA
[04/04/2022 22:58:09] Samuel Mythus: ok amigo
[04/04/2022 23:18:43] Dionizio: como evoluo o tangela?
[05/04/2022 11:38:36] Samuel Mythus: oxi outland nao dropa stone n?
[05/04/2022 17:14:57] Blitz: ei o drop e assim msm ? n ta caindo nada dos bixo
[05/04/2022 17:15:29] Samuel Mythus: boa pergunta amigo
[05/04/2022 17:28:51] Blitz: aonde vende isca q ainda n achei kk
[05/04/2022 18:28:43] Cigarrinho Mythus: ue nerfaram, os respes de shiny? pq ontem em 2 hnr matei 50 shiny hoje em uma hr e meia matei 8
[06/04/2022 10:59:50] Blitz: os mob n tem loot nao ?
[06/04/2022 12:44:34] Dreadlocks: Alguma dica?
[06/04/2022 12:49:18] Dreadlocks: algum adm?
[06/04/2022 13:29:08] Dreadlocks: aond tem quest izi=?
[06/04/2022 13:34:59] Dreadlocks: skiploom
[06/04/2022 14:47:57] Dreadlocks: ADM
[06/04/2022 17:15:39] Malfeitour: Qal mapa que  o jogo ultiliza e qal comando para dar tp
[06/04/2022 17:16:41] Malfeitour: sssssssa
[06/04/2022 17:57:43] Wasenhoo: Meu ctrl+Z, fica aparendendo um Reporte Defeito, como tira isso?
[06/04/2022 20:35:36] Aviador: alguem ?
[07/04/2022 14:09:34] Chaves Colorado: tem saffari aqui ?
[08/04/2022 13:07:29] Dreadlocks: ADM?
[08/04/2022 16:38:28] Largatixa: como usa gly msm ?
[08/04/2022 16:38:48] Largatixa: fly*
[08/04/2022 16:40:03] Dreadlocks: fica perto do poke
[08/04/2022 16:40:08] Dreadlocks: e dar order em vc
[08/04/2022 16:57:35] Largatixa: como consegue dinheiro ?
[08/04/2022 16:57:47] [DEV] The Death: farmando stone é o modo mais fácil
[08/04/2022 16:57:53] [DEV] The Death: ou pede par alguns caras fortes, eles podem te dar.
[08/04/2022 17:11:27] Largatixa: tem algum lugar q vende isca ?
[08/04/2022 17:42:38] Largatixa: alguem consegue me ajd ?
[08/04/2022 17:42:46] Largatixa: n consigo pegar e nem soltar meu pokemon no chao
[08/04/2022 19:12:54] Vitunelson: como uso teleport?
[08/04/2022 19:13:07] [DEV] The Death: é /h nome da cidade, exemplo /h saffron
[08/04/2022 19:24:41] Largatixa: dev
[08/04/2022 19:24:43] Largatixa: pode vir aq?
[08/04/2022 19:26:19] Largatixa: não consigo pegar meu pokemon do chao '-'
[08/04/2022 19:30:19] Largatixa: simplesmente n consigo pegar a pokebola
[08/04/2022 19:30:22] Largatixa: do poke no chao '-'
[08/04/2022 19:35:23] [DEV] The Death: hmmm
[08/04/2022 19:35:25] [DEV] The Death: calma
[08/04/2022 19:39:32] Largatixa: vlw cria
[08/04/2022 19:44:39] Largatixa: tem algum lugar pra comprar outras isca ou so vem magikarp pescando ?
[08/04/2022 19:48:57] Largatixa: hi
[08/04/2022 19:49:11] [DEV] The Death: sim
[08/04/2022 19:49:15] [DEV] The Death: é << /\ cp
[08/04/2022 20:59:17] Largatixa: onde é bom de upar? dps do lvl 100?
[09/04/2022 11:34:16] Rgc Rx: bom dia 
[09/04/2022 11:34:20] Rgc Rx: alguem pode me dar um
[09/04/2022 11:34:24] Rgc Rx: suporte
[09/04/2022 11:36:04] Rick Sanches: salve
[09/04/2022 11:36:09] Rick Sanches: alguem da staff on?
[09/04/2022 11:36:27] Rick Sanches: hi
[09/04/2022 11:37:58] Rick Sanches: não consigo abrir a aba de habilidades
[09/04/2022 11:55:25] Rick Sanches: alguem da staff on?
[09/04/2022 12:01:54] Rick Sanches: hi
[09/04/2022 12:31:22] Rick Sanches: hi
[09/04/2022 16:23:20] Felipe Gamer: oq tem disponevel pra comprar com dd ? donatando ?
[09/04/2022 16:27:22] [DEV] The Death: Sim no shop.
[09/04/2022 16:27:33] [DEV] The Death: Tem o diamante ali em cima pra ver o que dá pra comprar.
[09/04/2022 16:27:41] [DEV] The Death: O mystery ticket fica no prédio branco > do CP.
[10/04/2022 22:08:12] Istar: onde que compra pokebola ?
[12/04/2022 21:06:29] Dark Wild: como chega nos scizor aq no saffari??
[12/04/2022 22:25:11] Kadosh: adm ta ai?
[12/04/2022 22:31:36] Dark Wild: como vai pra outland??
[12/04/2022 22:31:50] Dark Wild: hi
[13/04/2022 12:41:16] Malfeitour: tem como configurar para andar no wasd,alguem sabe
[16/04/2022 00:12:22] Kelwerson: adm pm me tou bugado
[16/04/2022 00:13:00] Kelwerson: ADM PM ME TOU BUGADO
[17/04/2022 15:39:51] Hoodz: qual nivel para poder escolher um clan?
[17/04/2022 16:15:17] Plugin Bolt: como ativa o auto loot?
[17/04/2022 16:19:05] Plugin Bolt: como ativa o auto loot?
[18/04/2022 20:48:03] Gui Sz: qual o mapa do server?
[19/04/2022 13:36:55] Yeison: alguien
[20/04/2022 12:10:52] Robss: ola
[20/04/2022 12:11:23] Robss: !tpvip
[20/04/2022 22:43:33] Robss: onde tem drop bom de healt stone?
[21/04/2022 16:03:14] Gui Sz: pq nao abre
[21/04/2022 21:03:44] Ashmaluco: é normal não vir nenhum loot?
[22/04/2022 07:48:45] Joseph: tem como evoluir poke shiny?
[22/04/2022 11:08:19] Hidan: Tem autoloot?
[22/04/2022 12:09:33] Ladrao De Frango: aqui tem autoloot ?
[22/04/2022 13:39:36] Sleep: adm?
[23/04/2022 10:59:26] Sleep: ADM??
[23/04/2022 14:58:24] Mia Khalifa: ja tao pronto?
[23/04/2022 14:58:25] Mia Khalifa: ja tao pronto?
[23/04/2022 14:59:42] [Tutor] B4 Cesar08: Usa o Game chat 
[23/04/2022 15:08:09] Kauan: Como eu faço o sh do clan?
[23/04/2022 15:09:04] [Tutor] B4 Cesar08: Kauan , Pokemon normal +20 e 500k  = 50 notas azuis com NPC do seu clan
[23/04/2022 18:10:45] Flash: !walk
[23/04/2022 18:10:48] Flash: !fly
[23/04/2022 19:54:37] Star: Bug Ledian Movimento Struggle Bug, Não tem como utilizar mas aparece na movebar.
[23/04/2022 19:55:35] [Tutor] B4 Cesar08: Star, reporte no discord ou no ctrl + R
[24/04/2022 00:25:22] Xtorm: como ativa o autoloot?
[24/04/2022 00:26:52] [Tutor] B4 Cesar08: Xtorm, /aloot add: Water Stone
[24/04/2022 06:32:40] Trovao: alguem sabe dizer porque nao consigo puxar meu shiny golbat?
[24/04/2022 06:35:51] Expeliarmus: ja tem lvl pra isso?
[24/04/2022 06:39:17] Trovao: sim
[24/04/2022 07:06:30] Pgnorte: o adm
[24/04/2022 07:06:40] Pgnorte: ta on?
[24/04/2022 07:07:16] Pgnorte: gg
[24/04/2022 07:07:18] Pgnorte: kk
[24/04/2022 12:41:57] Trovao: ADM ON??
[24/04/2022 15:06:17] Trovao: ADM ON
[24/04/2022 15:07:08] [Tutor] B4 Cesar08: Trovao ,sim manda pm nele  [DEV] The Death
[24/04/2022 22:35:26] The Killer: alguem da staff on ?
[24/04/2022 22:35:44] [Tutor] B4 Cesar08: The Killer, Diga Pv
[24/04/2022 23:01:10] Bruce: opa
[24/04/2022 23:01:12] Bruce: alguem on
[24/04/2022 23:01:25] [Tutor] B4 Cesar08: Bruce,Direto a Duvida se quiser pode mandar PM
[24/04/2022 23:01:48] Bruce: cara, eu consegui o feito de morrer aq e agora n posso usar meu poke pq precisa ter lvl 20
[24/04/2022 23:01:52] Bruce: como q faz agora?
[24/04/2022 23:02:03] Bruce: to lvl 19
[24/04/2022 23:02:27] [Tutor] B4 Cesar08: fala privado
[24/04/2022 23:03:57] Psychoosz: ''''''''''1''1''''
[24/04/2022 23:04:00] Psychoosz: ops
[24/04/2022 23:04:50] [Tutor] B4 Cesar08: Cuidado com Help aberto ,se nao estiver usando Feche-o
[25/04/2022 02:41:31] The Killer: alguem da staff on?
[25/04/2022 11:27:11] Zephyrsz: Como faz pra entrar no clã?
[25/04/2022 16:03:25] Mrlean: alo alguem ai ?
[25/04/2022 16:48:42] Lukan: hi
[25/04/2022 19:19:25] Aucerola: é sempre lag assim ?
[25/04/2022 19:19:30] Expeliarmus: não
[26/04/2022 10:54:35] Papi: aqui tem algum site que mostra as quests?
[26/04/2022 11:57:05] Shadow Bow: tem auto loot
[26/04/2022 17:30:35] Guilherme109: alguem sabe me dizer se tem como eu ver a quantidade de balls que eu joguei em um pokemon:?
[26/04/2022 18:01:42] Guilherme109: hi
[26/04/2022 18:02:10] [Tutor] B4 Cesar08: Cuidado com Help aberto :v
[26/04/2022 19:23:50] Bruce: oi
[26/04/2022 19:23:52] Bruce: oq é held?
[26/04/2022 19:24:17] [Tutor] B4 Cesar08: Bruce, Item adicional que aumenta Status do seu pokemon
[26/04/2022 19:24:51] Bruce: como faz pra entrar pra os grupos
[26/04/2022 19:24:54] Bruce: acho q elemental
[26/04/2022 19:25:18] [Tutor] B4 Cesar08: https://discord.gg/mKkwhsg5   < Link do discord 
[27/04/2022 09:40:49] Serjao: como funciona o autoloot?
[27/04/2022 19:07:17] Guilherme109: alguem sabe o comando pra ser de algum clan?
[27/04/2022 19:10:06] Guilherme109: hi
[28/04/2022 10:00:32] Estressado: tem autoloot?
[28/04/2022 20:24:42] Pektruz: como faz cash inicial aqui?
[29/04/2022 15:15:07] Expeliarmus: n da pra vender os pokes de phenac/
[29/04/2022 16:14:08] Estressado: qual stone evolui a tangela e magmar?
[29/04/2022 16:16:35] Expeliarmus: magmarizer e a outra é a q dropa da tangrowth
[29/04/2022 16:17:46] Estressado: ty
[29/04/2022 22:30:54] Marcusscott: tem autoloot no servidor?
[30/04/2022 08:52:55] Travesti: tem aut6oloot?
[30/04/2022 09:36:50] Travesti: oi tem alto loot?
[30/04/2022 11:38:45] Travesti: como vou pra outland?
[02/05/2022 11:02:09] Socrates: como coloco autoloot
[02/05/2022 11:05:38] Socrates: aonde tem buzz
[02/05/2022 11:05:54] Ethereum: ./aloot add:nomedoitem
[02/05/2022 14:25:51] Shadow Bow: adm on
[02/05/2022 20:58:49] Orelha De Telefone: algum gm/staff on?
[02/05/2022 21:16:26] Mamavel: lag
[04/05/2022 17:11:13] Thea: tem auto loot aki ?
