[22/03/2022 14:55:40] /cb archeops
[22/03/2022 14:57:03] /newtype 4850
[22/03/2022 15:06:37] /newtype 4850
[22/03/2022 15:08:21] /newtype 178
[22/03/2022 15:08:41] /newtype 4866
[22/03/2022 15:16:45] /newtype 4866
[22/03/2022 15:20:02] /newtype 4866
[22/03/2022 15:20:44] /newtype 4866
[22/03/2022 15:22:58] /newtype 4850
[22/03/2022 15:32:03] /c testess
[22/03/2022 15:32:54] /newtype 4850
[22/03/2022 15:33:46] /newtype 4850
[22/03/2022 15:39:55] /t
[22/03/2022 15:40:20] /newtype 100132
[22/03/2022 15:40:27] /storage [DG]Dudu, 100132, 1
[22/03/2022 15:46:52] /reload actions
[22/03/2022 15:48:46] /reload actions
[22/03/2022 15:49:26] /reload actions
[22/03/2022 15:50:34] /reload monster
[22/03/2022 15:57:30] /reload monster
[22/03/2022 15:59:20] /reload monster
[22/03/2022 15:59:44] /newtype 4850
[22/03/2022 16:01:30] /newtype 4866
[22/03/2022 16:01:36] /newtype 4850
[22/03/2022 16:28:05] /newtype 4865
[22/03/2022 16:42:01] /newtype 4850
[22/03/2022 16:44:45] /newtype 485
[22/03/2022 16:44:48] /newtype 4850
[22/03/2022 16:45:05] /newtype 4850
[22/03/2022 16:45:28] /newtype 4850
[22/03/2022 16:45:34] /newtype 4850
[22/03/2022 16:45:53] /newtype 4850
[22/03/2022 16:46:43] /newtype 4850
[22/03/2022 18:09:12] /newtype 4850
[22/03/2022 18:09:41] /newtype 4856
[22/03/2022 18:09:53] /newtype 4854
[22/03/2022 18:09:54] /newtype 4855
[22/03/2022 18:09:56] /newtype 4856
[22/03/2022 18:09:57] /newtype 4857
[22/03/2022 18:09:58] /newtype 4858
[22/03/2022 18:09:59] /newtype 4859
[22/03/2022 18:10:00] /newtype 4860
[22/03/2022 18:10:01] /newtype 4861
[22/03/2022 18:10:02] /newtype 4862
[22/03/2022 18:10:03] /newtype 4863
[22/03/2022 18:10:04] /newtype 4864
[22/03/2022 18:10:05] /newtype 4865
[22/03/2022 18:10:06] /newtype 4866
[22/03/2022 18:10:12] /newtype 4855
[22/03/2022 18:10:14] /newtype 4856
[22/03/2022 18:10:46] /goto 962, 2000, 7
[22/03/2022 18:10:55] /goto 962, 2196, 7
[23/03/2022 09:39:19] /goto 972, 1869, 7
[23/03/2022 09:40:02] /goto boxer hitmonchan
[23/03/2022 09:40:11] /newtype 4850
[23/03/2022 09:42:53] /t
[23/03/2022 16:06:15] /i 2701
[23/03/2022 16:06:18] /i 2107
[23/03/2022 16:06:21] /i 2108
[23/03/2022 16:06:23] /i 2109
[23/03/2022 16:06:25] /i 2110
[23/03/2022 16:06:27] /i 2111
[23/03/2022 16:06:30] /i 2112
[23/03/2022 16:06:32] /i 2113
[23/03/2022 16:06:33] /i 2114
[23/03/2022 16:06:35] /i 2115
[23/03/2022 16:06:44] /i 2116
[23/03/2022 16:06:45] /i 2117
[23/03/2022 16:06:46] /i 2118
[23/03/2022 16:06:47] /i 2119
[23/03/2022 16:06:48] /i 2120
[23/03/2022 16:08:20] /i 18082
[23/03/2022 16:10:50] /reload talk
[23/03/2022 16:11:05] /reload ac
[23/03/2022 16:11:51] /reload ac
[23/03/2022 16:13:06] /reload ac
[23/03/2022 16:13:25] /reload ac
[23/03/2022 16:13:32] /reload ac
[23/03/2022 16:14:11] /reload ac
[23/03/2022 16:14:42] /reload ac
[23/03/2022 16:17:37] /reload c
[23/03/2022 16:17:39] /reload ac
[23/03/2022 16:18:59] /reload cr
[23/03/2022 16:22:31] /i 18082
[23/03/2022 16:29:28] /cb charizard
[23/03/2022 16:29:34] /i 18082
[23/03/2022 16:29:57] /reload cr
[23/03/2022 16:30:10] /i 18082
[23/03/2022 16:31:16] /reload cr
[23/03/2022 16:53:08] /goto 646, 1829, 6
[23/03/2022 16:54:50] /a 
[23/03/2022 16:54:51] /a 
[23/03/2022 16:54:52] /a 
[23/03/2022 16:55:01] /a 10
[24/03/2022 08:15:10] /i particle aura
[24/03/2022 08:20:35] /save
[24/03/2022 08:20:38] /reload ac
[24/03/2022 08:22:47] /reload cr
[24/03/2022 08:22:57] /reload cr
[24/03/2022 08:23:37] /reload ta
[24/03/2022 08:23:40] /reload cr
[24/03/2022 08:24:10] /reload talk
[24/03/2022 08:24:37] /reload talk
[24/03/2022 08:25:59] /reload talk
[24/03/2022 08:26:01] /reload monster
[24/03/2022 08:26:34] /reload talk
[24/03/2022 08:27:01] /reload talk
[24/03/2022 08:27:38] /reload talk
[24/03/2022 08:28:18] /reload talk
[24/03/2022 08:28:30] /reload talk
[24/03/2022 08:29:02] /reload talk
[24/03/2022 08:29:25] /reload talk
[24/03/2022 08:30:35] /reload talk
[24/03/2022 08:30:36] /reload ac
[24/03/2022 08:31:00] /reload talk
[24/03/2022 08:31:29] /reload talk
[24/03/2022 08:32:52] /reload talk
[24/03/2022 08:33:13] /reload talk
[24/03/2022 08:33:58] /reload talk
[24/03/2022 08:34:16] /reload talk
[24/03/2022 08:36:22] /reload talk
[24/03/2022 08:38:18] /reload talk
[24/03/2022 08:40:00] /reload ac
[24/03/2022 08:42:34] /reload ac
[24/03/2022 08:44:18] /i Y-Cure (tier: 7)
[24/03/2022 08:44:29] /reload monster
[24/03/2022 08:44:38] /m marowak
[24/03/2022 08:47:12] /reload ta
[24/03/2022 08:48:06] /reload talk
[24/03/2022 08:48:30] /reload talk
[24/03/2022 08:49:17] /reload talk
[24/03/2022 08:49:47] /reload talk
[24/03/2022 08:50:31] /cb charizard, 50, "great"
[24/03/2022 08:50:42] /cb charizard, 50, greta
[24/03/2022 08:50:44] /cb charizard, 50, great
[24/03/2022 08:51:25] /reload cr
[24/03/2022 08:54:05] /reload ac
[24/03/2022 08:54:16] /reload ac
[24/03/2022 08:55:38] /reload ac
[24/03/2022 08:56:11] /reload ac
[24/03/2022 08:56:29] /reload ac
[24/03/2022 08:56:36] /reload ac
[24/03/2022 08:56:37] /reload cr
[24/03/2022 08:56:51] /reload cr
[24/03/2022 09:03:23] /reload ac
[24/03/2022 09:03:35] /i 2152, 11
[24/03/2022 09:03:41] /i 2152, 9900
[24/03/2022 09:05:04] /i ITEM_GOLD_COIN
[24/03/2022 09:05:22] /i /i 2148
[24/03/2022 09:05:24] /i 2148
[24/03/2022 09:09:42] /i 2148
[24/03/2022 09:09:49] /i 2148, 10000
[24/03/2022 09:09:54] /r
[24/03/2022 09:09:56] /r all
[24/03/2022 09:10:11] /r all
[24/03/2022 09:24:06] /r
[24/03/2022 09:24:08] /cb charizard
[24/03/2022 10:13:56] /reload ac
[24/03/2022 10:25:16] /i 2160, 10000
[24/03/2022 10:25:42] /r all
[24/03/2022 10:26:11] /r all
[24/03/2022 10:27:16] /r all
[24/03/2022 10:31:17] /reload ac
[24/03/2022 10:32:01] /reload ac
[24/03/2022 10:32:19] /reload cr
[24/03/2022 10:37:12] /reload ac
[24/03/2022 10:38:19] /reload ac
[24/03/2022 10:39:54] /newtype 6
[24/03/2022 10:47:28] /reload ac
[24/03/2022 10:49:01] /reload cr
[24/03/2022 10:51:45] /reload ac
[24/03/2022 10:55:18] /reload ac
[24/03/2022 10:55:37] /reload ac
[24/03/2022 10:55:38] /reload cr
[24/03/2022 10:56:17] /reload ac
[24/03/2022 10:57:00] /c testess
[24/03/2022 10:57:34] /reload cr
[24/03/2022 10:57:51] /m marowak
[24/03/2022 10:59:19] /reload ac
[24/03/2022 11:00:51] /reload ac
[24/03/2022 11:01:47] /reload ac
[24/03/2022 11:07:10] /reload ac
[24/03/2022 11:07:29] /cb Charizard, 50, Shinypokebll
[24/03/2022 11:07:32] /cb Charizard, 50, Shinypokeball
[24/03/2022 11:07:42] /cb Charizard, 50, Shinypoke
[24/03/2022 11:08:05] /cb Charizard, 50, shinypoke
[24/03/2022 11:08:22] /r all
[24/03/2022 11:09:18] /reload ac
[24/03/2022 11:09:19] /reload cr
[24/03/2022 11:09:24] /cb charizard
[24/03/2022 11:09:30] /cb charizard
[24/03/2022 11:09:34] /reload ac
[24/03/2022 11:09:39] /reload ac
[24/03/2022 11:09:43] /cb charizard
[24/03/2022 11:09:53] /reload ac
[24/03/2022 11:10:01] /reload ac
[24/03/2022 11:10:15] /reload ac
[24/03/2022 11:10:51] /reload cr
[24/03/2022 11:12:01] /reload ac
[24/03/2022 11:12:45] /reload ac
[24/03/2022 11:14:44] /cb shiny ditto
[24/03/2022 11:14:46] /i particle aura
