[26/03/2022 00:06:49] /a
[26/03/2022 00:06:50] /a
[26/03/2022 00:06:51] /a
[26/03/2022 00:06:58] /goto b4 cesar08
[26/03/2022 08:34:36] /ghost
[26/03/2022 08:34:47] /t
[26/03/2022 08:54:21] /goto clariel
[26/03/2022 08:54:51] /ghost
[26/03/2022 08:56:53] /t
[26/03/2022 08:56:56] /ghost
[26/03/2022 11:41:04] /goto machamp
[26/03/2022 11:41:22] /c mia khalifa
[26/03/2022 11:41:33] /t
[26/03/2022 12:38:42] /goto darkinho
[26/03/2022 12:38:46] /ghost
[26/03/2022 12:42:14] /goto darkinho
[26/03/2022 12:43:15] /goto darkinho
[26/03/2022 12:43:21] /goto darkinho
[26/03/2022 12:43:38] /a 5
[26/03/2022 12:43:44] /a 5
[26/03/2022 12:43:49] /a 5
[26/03/2022 12:43:58] /goto darkinho
[26/03/2022 12:44:09] /a 10
[26/03/2022 12:45:22] /a 5
[26/03/2022 12:45:27] /a 5
[26/03/2022 12:46:03] /goto darkinho
[26/03/2022 12:46:53] /ghost
[26/03/2022 12:46:59] /goto darkinho
[26/03/2022 12:47:12] /t
[26/03/2022 21:42:40] /c darkinho
[26/03/2022 21:42:45] /c b4 cesar08
[26/03/2022 21:42:59] /goto darkinho
[26/03/2022 21:43:13] /t
[26/03/2022 21:43:29] /c darkinho
[26/03/2022 21:43:34] /c b4 cesar08
[26/03/2022 21:45:04] /ghost
[27/03/2022 08:44:44] /ghost
[27/03/2022 08:44:47] /goto electivire
[27/03/2022 08:44:55] /goto dusknoir
[27/03/2022 08:45:01] /goto pangoro
[27/03/2022 08:45:15] /goto magmortar
[27/03/2022 08:45:18] /goto milotic
[27/03/2022 08:45:23] /goto dusknoir
[27/03/2022 08:45:29] /goto slaking
[27/03/2022 08:45:52] /goto salamence
[27/03/2022 08:46:03] /goto carracosta
[27/03/2022 08:46:10] /t
[27/03/2022 18:35:03] /goto anubis
[27/03/2022 18:35:12] /a 10
[27/03/2022 18:35:20] /goto clariel
[27/03/2022 18:35:37] /goto anubis
[27/03/2022 18:35:45] /goto kapal
[27/03/2022 18:36:00] /goto revoltz diw
[27/03/2022 18:36:25] /goto mkz gamer
[27/03/2022 18:36:36] /goto miojin
[27/03/2022 18:36:42] /goto kravim
[27/03/2022 18:36:44] /goto kravim
[27/03/2022 18:36:46] /goto kravim
[27/03/2022 18:36:47] /goto kravim
[27/03/2022 18:36:54] /goto aerodactyl
[27/03/2022 18:37:08] /goto magmortar
[27/03/2022 18:37:17] /goto dusknoir
[27/03/2022 18:37:23] /goto electivire
[27/03/2022 18:37:28] /t
[27/03/2022 22:43:08] /goto peercy
[27/03/2022 22:43:24] /goto pescotapa
[27/03/2022 22:43:35] /goto miojin
[27/03/2022 22:43:43] /goto mkz gamer
[27/03/2022 22:43:52] /goto poeksf
[27/03/2022 22:44:04] /t
[28/03/2022 08:53:29] /goto kapal
[28/03/2022 08:53:46] /goto good legend
[28/03/2022 08:53:55] /t
[28/03/2022 08:54:07] /goto electivire
[28/03/2022 08:54:12] /goto dusknoir
[28/03/2022 08:54:21] /goto magmortar
[28/03/2022 08:54:28] /goto salamence
[28/03/2022 08:54:31] /goto milotic
[28/03/2022 08:54:36] /goto slaking
[28/03/2022 08:54:38] /t
[28/03/2022 10:29:10] /goto gustavomcd
[28/03/2022 10:33:56] /goto kenjiro
[28/03/2022 10:35:07] /goto kenjiro
[28/03/2022 10:35:35] /t
[28/03/2022 10:35:46] /ghost
[28/03/2022 10:36:38] /goto kenjiro
[28/03/2022 10:36:55] /t
[28/03/2022 10:37:07] /ghost
[28/03/2022 10:41:09] /a
[28/03/2022 10:41:18] /a
[28/03/2022 10:44:07] /goto kenjiro
[28/03/2022 10:44:17] /goto kenjiro
[28/03/2022 10:44:26] /t
[28/03/2022 12:05:46] /goto cokinho
[28/03/2022 12:05:49] /goto lucas
[28/03/2022 12:06:06] /goto mkz gamer
[28/03/2022 12:06:12] /goto pescotapa
[28/03/2022 12:06:15] /t
[28/03/2022 15:21:33] /goto ampharos
[28/03/2022 15:21:37] /goto ampharos
[28/03/2022 15:21:38] /goto ampharos
[28/03/2022 15:21:39] /goto ampharos
[28/03/2022 15:21:39] /goto ampharos
[28/03/2022 15:21:40] /goto ampharos
[28/03/2022 15:21:46] /goto shiny ampharos
[28/03/2022 15:21:52] /goto shiny rampardos
[28/03/2022 15:22:06] /goto shiny heratmor
[28/03/2022 15:22:10] /goto shiny electabuzz
[28/03/2022 15:22:19] /goto shiny electabuzz
[28/03/2022 15:22:20] /goto shiny electabuzz
[28/03/2022 15:22:23] /t
[28/03/2022 17:29:17] /goto aerodactyl
[28/03/2022 17:29:45] /goto kenjiro
[28/03/2022 17:30:01] /ghost
[28/03/2022 17:30:42] /goto pipsie no osh
[28/03/2022 17:31:42] /t
[28/03/2022 17:32:32] /goto zapdos
[28/03/2022 17:33:34] /a
[28/03/2022 17:33:38] /down
[28/03/2022 17:34:04] /c kenjiro
[28/03/2022 17:34:24] /t
[28/03/2022 18:27:05] /goto machamp
[28/03/2022 18:27:44] /c yagamy
[28/03/2022 18:28:11] /ghost
[28/03/2022 18:28:11] /t
[29/03/2022 07:35:09] /goto kenjiro
[29/03/2022 07:35:30] /ghost
[29/03/2022 07:36:58] /t
[29/03/2022 07:37:02] /ghost
[29/03/2022 09:07:00] /goto kenjiro
[29/03/2022 09:07:09] /goto kenjiro
[29/03/2022 09:07:13] /goto kenjiro
[29/03/2022 09:07:15] /goto kenjiro
[29/03/2022 09:07:20] /goto kenjiro
[29/03/2022 09:07:23] /t
[29/03/2022 09:07:31] /goto kenjiro
[30/03/2022 19:35:03] /goto smeargle
[31/03/2022 13:08:08] /ghost electivire
[31/03/2022 13:08:12] /ghost electivire
[31/03/2022 13:08:15] /goto electivire
[31/03/2022 13:08:19] /goto electivire
[31/03/2022 13:08:20] /goto electivire
[31/03/2022 13:08:23] /goto dusknoir
[31/03/2022 13:08:33] /goto shiny rampardos
[31/03/2022 13:09:12] /a 5
[31/03/2022 13:09:16] /a 5
[31/03/2022 13:09:18] /a 5
[31/03/2022 13:09:19] /a 5
[31/03/2022 13:09:20] /a 5
[31/03/2022 13:09:21] /a 5
[31/03/2022 13:09:22] /a 5
[31/03/2022 13:09:25] /goto dusknoir
[31/03/2022 13:09:30] /goto salamence
[31/03/2022 13:09:42] /goto milotic
[31/03/2022 13:09:48] /goto slaking
[31/03/2022 15:01:06] /goto electivire
[31/03/2022 15:01:12] /goto milotic
[31/03/2022 15:01:15] /goto dusknoir
[31/03/2022 15:36:33] /t
[31/03/2022 15:37:01] /goto archeops
[31/03/2022 15:37:31] /goto archeops
[31/03/2022 15:37:34] /goto zoroar
[31/03/2022 15:37:38] /goto zoroark
[31/03/2022 15:37:53] /t
[31/03/2022 15:37:58] /goto zoroark
[31/03/2022 15:38:12] /t
[31/03/2022 15:38:17] /goto zoroark
[31/03/2022 15:39:07] /t
[31/03/2022 15:39:12] /goto zoroark
[31/03/2022 15:40:03] /town 2
[31/03/2022 15:40:09] /goto salamence
[31/03/2022 15:40:13] /goto milotic
[31/03/2022 15:40:15] /goto dusknoir
[31/03/2022 15:40:59] /town 2
[31/03/2022 15:41:04] /goto dusknoir
[31/03/2022 15:41:42] /town 2
[31/03/2022 15:42:02] /goto rip mito
[31/03/2022 15:42:22] /goto rip mito
[31/03/2022 15:42:38] /goto carracosta
[31/03/2022 15:43:15] /town 2
[31/03/2022 15:43:20] /goto archeops
[31/03/2022 15:45:36] /town 2
[31/03/2022 15:45:43] /town 3
[31/03/2022 15:45:45] /town 4
[31/03/2022 15:45:46] /town 5
[31/03/2022 15:45:48] /town 6
[31/03/2022 15:45:49] /town 7
[31/03/2022 15:45:51] /town 8
[31/03/2022 15:45:52] /town 9
[31/03/2022 15:45:54] /town 10
[31/03/2022 15:46:10] /town 11
[31/03/2022 15:46:15] /town 12
[31/03/2022 15:46:19] /town 13
[31/03/2022 15:46:22] /town 1
[31/03/2022 15:46:26] /town 2
[31/03/2022 15:46:29] /town 3
[31/03/2022 15:46:33] /town 4
[31/03/2022 15:46:37] /town 5
[31/03/2022 15:46:46] /town 21
[31/03/2022 15:46:48] /town 1
[31/03/2022 18:44:48] /goto kapal
[31/03/2022 18:45:09] /goto revoltz diw
[31/03/2022 18:45:21] /goto blood
[31/03/2022 18:45:31] /goto tchee
[31/03/2022 18:45:44] /goto rip mito
[31/03/2022 18:46:00] /goto [Tutor] Darkinho
[31/03/2022 18:46:06] /goto mkz gamer
[31/03/2022 18:46:40] /goto blood
[31/03/2022 18:50:25] /t blood
[31/03/2022 18:50:25] /t
[31/03/2022 22:34:50] /goto shiny suicune
[31/03/2022 22:35:06] /goto krl eoalex
[31/03/2022 22:35:34] /goto venancio maniaco
[31/03/2022 22:35:50] /goto kenjiro
[31/03/2022 22:36:02] /goto nattanzinho
[31/03/2022 22:36:15] /goto b4 cesar08
[31/03/2022 22:37:10] /goto [Tutor] Darkinho
[31/03/2022 22:37:54] /t
[31/03/2022 22:54:31] /goto [Tutor] Darkinho
[31/03/2022 22:56:57] /goto mawile
[31/03/2022 22:57:07] /goto b4 cesar08
[31/03/2022 22:57:37] /goto krl eoalex
[31/03/2022 22:58:12] /goto clariel
[31/03/2022 22:58:21] /goto good legend
[31/03/2022 22:58:24] /goto [Tutor] Darkinho
[31/03/2022 22:58:51] /t
[31/03/2022 23:00:06] /goto mkz gamer
[31/03/2022 23:01:38] /ghost
[31/03/2022 23:02:32] /ghost
[31/03/2022 23:03:35] /goto clariel
[31/03/2022 23:03:39] /t clariel
[31/03/2022 23:03:42] /t
[31/03/2022 23:04:07] /t b4 cesar08
[31/03/2022 23:04:20] /goto absol
[31/03/2022 23:05:11] /goto vanancio maniaco
[31/03/2022 23:05:24] /goto good legend
[31/03/2022 23:05:29] /t
[01/04/2022 10:43:30] /goto scyther
[01/04/2022 10:43:54] /goto scizo
[01/04/2022 10:43:55] /goto scizor
[01/04/2022 10:43:56] /goto scizor
[01/04/2022 10:43:58] /goto scizor
[01/04/2022 10:43:59] /up
[01/04/2022 10:44:02] /a
[01/04/2022 10:44:04] /up
[01/04/2022 10:44:05] /up
[01/04/2022 10:44:09] /a 10
[01/04/2022 10:44:12] /a 10
[01/04/2022 10:44:15] /a 20
[01/04/2022 10:44:18] /goto scizor
[01/04/2022 10:44:21] /up
[01/04/2022 10:44:22] /up
[01/04/2022 10:44:23] /up
[01/04/2022 10:44:23] /up
[01/04/2022 10:44:24] /up
[01/04/2022 10:44:25] /up
[01/04/2022 10:44:26] /up
[01/04/2022 10:44:28] /goto scyther
[01/04/2022 10:44:31] /up
[01/04/2022 10:44:38] /up
[01/04/2022 10:44:40] /up
[01/04/2022 10:44:42] /up
[01/04/2022 10:44:43] /up
[01/04/2022 10:44:45] /t
[01/04/2022 10:44:49] /goto mkz gamer
[01/04/2022 10:44:59] /goto mkz gamer
[01/04/2022 10:45:02] /goto mkz gamer
[01/04/2022 10:45:04] /goto mkz gamer
[01/04/2022 10:45:06] /goto mkz gamer
[01/04/2022 10:45:07] /goto mkz gamer
[01/04/2022 10:45:09] /goto mkz gamer
[01/04/2022 10:45:11] /goto mkz gamer
[01/04/2022 10:45:14] /goto mkz gamer
[01/04/2022 10:45:16] /goto mkz gamer
[01/04/2022 10:45:19] /goto mkz gamer
[01/04/2022 10:45:20] /goto mkz gamer
[01/04/2022 10:45:23] /goto mkz gamer
[01/04/2022 10:45:25] /goto mkz gamer
[01/04/2022 10:45:56] /goto mkz gamer
[01/04/2022 10:46:23] /goto mkz gamer
[01/04/2022 10:46:26] /goto mkz gamer
[01/04/2022 10:46:47] /goto b4 cesar08
[01/04/2022 10:46:57] /goto b4 cesar08
[01/04/2022 10:47:04] /goto b4 cesar08
[01/04/2022 10:47:11] /goto b4 cesar08
[01/04/2022 10:47:23] /goto b4 cesar08
[01/04/2022 10:47:29] /goto b4 cesar08
[01/04/2022 10:47:38] /goto poeksf
[01/04/2022 11:52:02] /goto b4 cesar08
[01/04/2022 11:52:17] /t
[01/04/2022 13:43:03] /goto kenjiro
[01/04/2022 13:43:12] /goto b4 cesar08
[01/04/2022 13:43:27] /goto b4 cesar08
[01/04/2022 13:43:35] /t
[01/04/2022 13:43:39] /goto b4 cesar08
[01/04/2022 13:43:43] /goto B4 Cesar08
[01/04/2022 13:44:02] /goto venancio maniaco
[01/04/2022 13:44:07] /goto mkz gamer
[01/04/2022 13:44:16] /goto tchee
[01/04/2022 13:44:17] /t
[01/04/2022 14:10:53] /goto feraligartr
[01/04/2022 14:10:58] /goto feraligartr
[01/04/2022 14:11:07] /goto shiny feraligartr
[01/04/2022 14:11:13] /goto feraligartr
[01/04/2022 14:11:43] /goto feraligartr
[01/04/2022 14:45:24] /goto mkz gamer
[01/04/2022 14:45:31] /goto mkz gamer
[01/04/2022 14:45:48] /goto mkz gamer
[01/04/2022 14:46:15] /t
[01/04/2022 14:47:10] /goto b4 cesar08
[01/04/2022 14:48:20] /t
[02/04/2022 00:05:14] /goto kenjiro
[02/04/2022 00:05:21] /t
[02/04/2022 10:51:10] /goto [Tutor] Darkinho
[02/04/2022 10:52:16] /t
[02/04/2022 10:52:21] /ghost
[02/04/2022 11:10:00] /goto clarien
[02/04/2022 11:10:04] /goto clariel
[02/04/2022 11:10:18] /ghost
[02/04/2022 11:11:02] /t
[02/04/2022 11:11:04] /ghost
[02/04/2022 15:42:18] /ghost
[02/04/2022 15:42:20] /goto clariel
[02/04/2022 15:42:33] /goto kravim
[02/04/2022 15:42:39] /goto rage inicial
[02/04/2022 15:43:05] /t
[02/04/2022 16:32:48] /goto clariel
[02/04/2022 16:33:03] /goto diva aginarasgada
[02/04/2022 16:33:32] /goto rage inicial
[02/04/2022 16:33:42] /goto c4 cesar08
[02/04/2022 16:33:45] /t
[02/04/2022 16:34:04] /up
[02/04/2022 16:34:06] /t
[02/04/2022 16:34:10] /goto b4 cesar08
[02/04/2022 16:34:57] /t
[02/04/2022 17:08:25] /goto b4 wing
[02/04/2022 17:08:29] /goto b4 dark
[02/04/2022 17:08:31] /goto b4 dark
[02/04/2022 17:08:32] /goto b4 dark
[02/04/2022 17:08:33] /goto b4 dark
[02/04/2022 17:08:34] /goto b4 dark
[02/04/2022 17:08:35] /goto b4 dark
[02/04/2022 17:08:36] /goto b4 dark
[02/04/2022 17:08:36] /goto b4 dark
[02/04/2022 17:08:37] /goto b4 dark
[02/04/2022 17:08:37] /goto b4 dark
[02/04/2022 17:08:38] /goto b4 dark
[02/04/2022 17:08:38] /goto b4 dark
[02/04/2022 17:08:39] /goto b4 dark
[02/04/2022 17:08:39] /goto b4 dark
[02/04/2022 17:08:40] /goto b4 dark
[02/04/2022 17:08:41] /goto b4 dark
[02/04/2022 17:08:41] /goto b4 dark
[02/04/2022 17:08:42] /goto b4 dark
[02/04/2022 17:08:43] /goto b4 dark
[02/04/2022 17:08:46] /goto b4 dark
[02/04/2022 17:08:53] /goto b4 dark
[02/04/2022 17:08:55] /goto b4 dark
[02/04/2022 17:08:56] /goto b4 dark
[02/04/2022 17:09:00] /t
[02/04/2022 17:09:17] /goto Diva Aginarasgada
[02/04/2022 17:09:20] /goto Diva Aginarasgada
[02/04/2022 17:09:22] /goto Diva Aginarasgada
[02/04/2022 17:09:24] /goto Diva Aginarasgada
[02/04/2022 17:09:25] /goto Diva Aginarasgada
[02/04/2022 17:09:27] /goto Diva Aginarasgada
[02/04/2022 17:09:29] /goto Diva Aginarasgada
[02/04/2022 17:09:31] /goto Diva Aginarasgada
[02/04/2022 17:09:33] /goto Diva Aginarasgada
[02/04/2022 17:09:35] /goto Diva Aginarasgada
[02/04/2022 17:09:38] /goto Diva Aginarasgada
[02/04/2022 17:09:40] /goto Diva Aginarasgada
[02/04/2022 17:09:41] /goto Diva Aginarasgada
[02/04/2022 17:09:43] /goto Diva Aginarasgada
[02/04/2022 17:09:45] /goto Diva Aginarasgada
[02/04/2022 17:09:48] /goto Diva Aginarasgada
[02/04/2022 17:09:51] /goto Diva Aginarasgada
[02/04/2022 17:09:53] /goto Diva Aginarasgada
[02/04/2022 17:09:55] /goto Diva Aginarasgada
[02/04/2022 17:09:57] /goto Diva Aginarasgada
[02/04/2022 17:09:58] /goto Diva Aginarasgada
[02/04/2022 17:10:02] /goto Diva Aginarasgada
[02/04/2022 17:10:03] /goto Diva Aginarasgada
[02/04/2022 17:10:17] /goto Diva Aginarasgada
[02/04/2022 17:11:20] /goto Diva Aginarasgada
[02/04/2022 17:11:26] /goto Diva Aginarasgada
[02/04/2022 17:11:27] /goto Diva Aginarasgada
[02/04/2022 17:11:29] /goto Diva Aginarasgada
[02/04/2022 17:11:32] /goto Diva Aginarasgada
[02/04/2022 17:11:38] /goto Diva Aginarasgada
[02/04/2022 17:11:40] /goto Diva Aginarasgada
[02/04/2022 17:11:42] /goto Diva Aginarasgada
[02/04/2022 17:11:46] /goto Diva Aginarasgada
[02/04/2022 17:11:58] /goto Diva Aginarasgada
[02/04/2022 17:12:22] /goto clariel
[02/04/2022 17:12:28] /goto b4 dark
[02/04/2022 17:12:54] /goto yagamy
[02/04/2022 17:13:13] /goto clariel
[02/04/2022 17:13:43] /goto b4 dark
[02/04/2022 17:14:27] /t
[02/04/2022 22:35:47] /goto magmar
[02/04/2022 22:35:53] /goto typhlosion
[02/04/2022 22:36:02] /town 3
[02/04/2022 22:36:04] /town 4
[02/04/2022 22:36:05] /town 5
[02/04/2022 22:36:06] /town 6
[02/04/2022 22:36:08] /town 7
[02/04/2022 22:36:09] /town 8
[02/04/2022 22:36:10] /town 9
[02/04/2022 22:36:18] /a 50
[02/04/2022 22:36:22] /down
[02/04/2022 22:36:34] /a 50
[02/04/2022 22:36:36] /a 50
[02/04/2022 22:36:54] /goto snoelax
[02/04/2022 22:36:57] /goto snrlax
[02/04/2022 22:37:00] /goto snorlax
[02/04/2022 22:37:04] /down
[02/04/2022 22:37:06] /a
[02/04/2022 22:37:07] /a
[02/04/2022 22:37:08] /a 10
[02/04/2022 22:37:12] /up
[02/04/2022 22:37:22] /a 10
[02/04/2022 22:37:39] /down
[02/04/2022 22:37:40] /down
[02/04/2022 22:37:41] /down
[02/04/2022 22:38:06] /c clariel
[02/04/2022 22:39:14] /goto shiny magmar
[02/04/2022 22:39:42] /goto b4 cesar08
[02/04/2022 22:39:47] /goto electivire
[02/04/2022 22:39:55] /goto dusknoir
[02/04/2022 22:40:05] /goto metagross
[02/04/2022 22:40:13] /t
[03/04/2022 11:05:13] /goto [Tutor] Darkinho
[03/04/2022 11:06:24] /ghost
[03/04/2022 11:06:51] /t
[03/04/2022 11:43:31] /goto feraligartr
[03/04/2022 11:43:59] /ghost
[03/04/2022 11:44:05] /goto [Tutor] Darkinho
[03/04/2022 11:48:18] /b PASSARAM PERTO DOS DD
[03/04/2022 11:48:42] /b 10DD ESCONDIDOS ENTRE SAFFRON E CERULEAN PELA FLORESTA
[03/04/2022 11:50:12] /b TO PASSANDO MALLLLLLLLL KKKKKKKKKKKK
[03/04/2022 11:50:27] /b ACABARAM DE CHEIRAR OS DIAMANTE TODINHO E N VIRAM
[03/04/2022 11:50:56] /b B4 CESAR08 WINS
[03/04/2022 11:51:35] /b MANO O YKZ MAX CHEIROU OS DIAMANTE TODINHO E N VIU
[03/04/2022 11:52:19] /t
[03/04/2022 11:53:22] /a
[03/04/2022 11:58:09] /goto [dev] the death
[03/04/2022 11:58:50] /t
[03/04/2022 12:06:06] /goto omisa
[03/04/2022 12:06:08] /ghost
[03/04/2022 12:08:14] /t
[03/04/2022 16:12:07] /ghost
[03/04/2022 16:12:11] /goto electivire
[03/04/2022 16:12:14] /goto milotic
[03/04/2022 16:12:20] /goto salamence
[03/04/2022 16:12:29] /goto dusknoir
[03/04/2022 16:12:36] /goto pangoro
[03/04/2022 16:12:40] /goto shiny rampardos
[03/04/2022 16:12:43] /goto shiny archeops
[03/04/2022 16:12:48] /goto shiny carracosta
[03/04/2022 16:12:53] /goto shiny metagross
[03/04/2022 16:13:03] /goto metagross
[03/04/2022 16:13:06] /goto pangoro
[03/04/2022 16:13:09] /goto milotic
[03/04/2022 16:13:12] /goto slaking
[03/04/2022 16:23:38] /t
[03/04/2022 17:10:32] /goto pangoro
[03/04/2022 17:10:38] /goto shiny rampardos
[03/04/2022 17:10:43] /goto shiny heratmor
[03/04/2022 17:10:49] /goto shiny feraligartr
[03/04/2022 17:10:51] /goto shiny feraligatr
[03/04/2022 17:10:55] /goto feraligatr
[03/04/2022 17:11:56] /goto slaking
[03/04/2022 17:12:01] /goto electivire
[03/04/2022 17:12:06] /goto dusknoir
[03/04/2022 17:12:09] /goto salamence
[03/04/2022 17:12:13] /goto milotic
[03/04/2022 17:12:29] /goto salamence
[03/04/2022 17:12:33] /goto metagross
[03/04/2022 17:12:46] /goto rhyperior
[03/04/2022 17:12:51] /t
[04/04/2022 13:11:44] /goto electivire
[04/04/2022 13:11:48] /goto dusknoir
[04/04/2022 13:11:51] /goto milotic
[04/04/2022 13:11:59] /goto shiny rampardos
[04/04/2022 13:12:02] /goto shiny heratmor
[04/04/2022 13:12:06] /goto metagross
[04/04/2022 13:12:11] /goto salamence
[04/04/2022 13:12:14] /goto slaking
[04/04/2022 13:12:26] /goto magmortar
[04/04/2022 13:12:33] /goto pangoro
[04/04/2022 13:12:36] /goto archeops
[04/04/2022 13:13:06] /goto carracosta
[04/04/2022 13:13:22] /goto tangrowth
[04/04/2022 13:13:26] /t
[04/04/2022 13:49:10] /goto walrein
[04/04/2022 13:49:32] /t
[04/04/2022 15:14:19] /ghost
[04/04/2022 15:15:02] /goto charizard
[04/04/2022 15:15:06] /town pewter
[04/04/2022 15:15:19] /goto snorlax
[04/04/2022 15:15:20] /goto snorlax
[04/04/2022 15:15:35] /town pewter
[04/04/2022 15:15:40] /goto typhlosion
[04/04/2022 15:15:44] /town pewter
[04/04/2022 15:16:24] /t
[04/04/2022 15:16:28] /goto pequeno noobzin
[04/04/2022 15:16:37] /goto pequeno nobzin
[04/04/2022 15:16:59] /town lavender
[04/04/2022 15:17:03] /c pequeno nobzin
[04/04/2022 15:17:07] /c [Tutor] B4 Cesar08
[04/04/2022 15:18:14] /goto pequeno nobzin
[04/04/2022 15:18:25] /goto pequeno nobzin
[04/04/2022 15:18:27] /goto pequeno nobzin
[04/04/2022 15:18:28] /goto pequeno nobzin
[04/04/2022 15:18:30] /goto pequeno nobzin
[04/04/2022 15:18:32] /goto pequeno nobzin
[04/04/2022 15:18:36] /goto pequeno nobzin
[04/04/2022 15:18:38] /goto pequeno nobzin
[04/04/2022 15:20:40] /goto magnezone
[04/04/2022 15:20:46] /c pequeno nobzin
[04/04/2022 15:21:05] /goto [Tutor] B4 Cesar08
[04/04/2022 15:21:11] /c pequeno nobzin
[04/04/2022 15:21:44] /goto [Tutor] B4 Cesar08
[04/04/2022 15:22:03] /goto moltres
[04/04/2022 15:22:14] /c [Tutor] B4 Cesar08
[04/04/2022 15:22:32] /c pequeno nobzin
[04/04/2022 15:23:26] /c [Tutor] B4 Cesar08
[04/04/2022 15:23:36] /t
[04/04/2022 15:23:40] /ghost
[04/04/2022 15:25:09] /goto pescotapa
[04/04/2022 15:25:17] /goto Pescotapa
[04/04/2022 15:25:26] /goto venancio maniaco
[04/04/2022 15:25:37] /goto rage inicial
[04/04/2022 15:25:52] /goto sem comentarios
[04/04/2022 15:25:55] /goto sem comentarios
[04/04/2022 15:25:56] /goto sem comentarios
[04/04/2022 15:25:59] /goto sem comentarios
[04/04/2022 15:26:01] /goto [Tutor] B4 Cesar08
[04/04/2022 15:26:25] /ghost
[04/04/2022 15:27:11] /goto [Tutor] B4 Cesar08
[04/04/2022 15:27:15] /goto [Tutor] B4 Cesar08
[04/04/2022 15:27:18] /goto [Tutor] B4 Cesar08
[04/04/2022 15:27:20] /goto [Tutor] B4 Cesar08
[04/04/2022 15:27:27] /goto [Tutor] B4 Cesar08
[04/04/2022 15:27:29] /goto [Tutor] B4 Cesar08
[04/04/2022 15:27:30] /goto [Tutor] B4 Cesar08
[04/04/2022 15:27:32] /goto [Tutor] B4 Cesar08
[04/04/2022 15:27:35] /goto [Tutor] B4 Cesar08
[04/04/2022 15:27:37] /goto [Tutor] B4 Cesar08
[04/04/2022 15:27:39] /goto [Tutor] B4 Cesar08
[04/04/2022 15:27:42] /goto [Tutor] B4 Cesar08
[04/04/2022 15:27:45] /goto [Tutor] B4 Cesar08
[04/04/2022 15:27:47] /goto [Tutor] B4 Cesar08
[04/04/2022 15:27:49] /goto [Tutor] B4 Cesar08
[04/04/2022 15:27:52] /goto [Tutor] B4 Cesar08
[04/04/2022 15:27:55] /goto [Tutor] B4 Cesar08
[04/04/2022 15:27:56] /goto [Tutor] B4 Cesar08
[04/04/2022 15:28:01] /goto [Tutor] B4 Cesar08
[04/04/2022 15:28:08] /goto [Tutor] B4 Cesar08
[04/04/2022 15:28:17] /goto [Tutor] B4 Cesar08
[04/04/2022 15:28:20] /goto [Tutor] B4 Cesar08
[04/04/2022 15:28:22] /goto [Tutor] B4 Cesar08
[04/04/2022 15:28:24] /goto [Tutor] B4 Cesar08
[04/04/2022 15:28:27] /goto [Tutor] B4 Cesar08
[04/04/2022 15:28:29] /goto [Tutor] B4 Cesar08
[04/04/2022 15:28:37] /goto [Tutor] B4 Cesar08
[04/04/2022 15:28:44] /goto [Tutor] B4 Cesar08
[04/04/2022 15:28:48] /goto [Tutor] B4 Cesar08
[04/04/2022 15:28:58] /goto [Tutor] B4 Cesar08
[04/04/2022 15:29:01] /goto [Tutor] B4 Cesar08
[04/04/2022 15:29:03] /goto [Tutor] B4 Cesar08
[04/04/2022 15:29:05] /goto [Tutor] B4 Cesar08
[04/04/2022 15:29:07] /goto [Tutor] B4 Cesar08
[04/04/2022 15:29:14] /goto [Tutor] B4 Cesar08
[04/04/2022 15:29:16] /goto [Tutor] B4 Cesar08
[04/04/2022 15:29:18] /goto [Tutor] B4 Cesar08
[04/04/2022 15:29:20] /goto [Tutor] B4 Cesar08
[04/04/2022 15:29:22] /goto [Tutor] B4 Cesar08
[04/04/2022 15:29:24] /goto [Tutor] B4 Cesar08
[04/04/2022 15:29:36] /goto [Tutor] B4 Cesar08
[04/04/2022 15:29:42] /goto [Tutor] B4 Cesar08
[04/04/2022 15:29:51] /goto [Tutor] B4 Cesar08
[04/04/2022 15:29:53] /goto [Tutor] B4 Cesar08
[04/04/2022 15:29:55] /goto [Tutor] B4 Cesar08
[04/04/2022 15:29:56] /goto [Tutor] B4 Cesar08
[04/04/2022 15:31:01] /t
[09/04/2022 17:02:12] /t
[09/04/2022 17:02:16] /ghost
[10/04/2022 12:48:28] /goto camerupt
[10/04/2022 12:48:55] /t
[10/04/2022 14:46:08] /goto blood
[10/04/2022 14:46:13] /ghost
[10/04/2022 14:47:09] /goto blood
[10/04/2022 14:47:19] /goto blood
[10/04/2022 14:47:38] /goto blood
[10/04/2022 14:48:52] /t
[10/04/2022 14:49:07] /goto b4 dark
[10/04/2022 14:49:09] /t
[10/04/2022 17:14:27] /tower
[10/04/2022 17:14:33] /tower
[10/04/2022 17:15:17] /tower
[10/04/2022 17:19:16] /t
[10/04/2022 22:08:34] /c [Tutor] B4 Cesar08
[10/04/2022 22:10:52] /t [Tutor] B4 Cesar08
[10/04/2022 22:10:53] /t
[11/04/2022 13:01:25] /ghost
[11/04/2022 13:01:29] /goto metagross
[11/04/2022 13:01:34] /goto electivire
[11/04/2022 13:01:38] /goto dusknoir
[11/04/2022 13:01:44] /goto slaking
[11/04/2022 13:01:52] /goto salamence
[11/04/2022 13:01:56] /goto milotic
[11/04/2022 13:01:59] /t
[11/04/2022 13:03:05] /ghost
[11/04/2022 13:05:36] /t perseu
[11/04/2022 13:05:40] /goto perseu
[18/04/2022 11:57:20] /goto slowbro
[18/04/2022 11:57:29] /t
[18/04/2022 17:08:04] /goto blood
[18/04/2022 17:26:05] /goto blood
[18/04/2022 17:47:42] /goto blood
[20/04/2022 15:31:12] /ghost
[20/04/2022 15:31:17] /goto aerodactyl
[20/04/2022 15:31:24] /t
[20/04/2022 20:39:33] /goto gaabi
[20/04/2022 20:39:39] /goto gui sz
[20/04/2022 20:39:44] /goto xdeelxx
[20/04/2022 20:40:09] /goto laxus
[20/04/2022 20:41:08] /goto feraligatr
[20/04/2022 20:41:47] /t
[21/04/2022 14:04:08] /ghost
[22/04/2022 18:43:25] /ghost
[22/04/2022 23:17:43] /goto guisz
[22/04/2022 23:17:48] /goto gui sz
[22/04/2022 23:17:58] /goto robss
[22/04/2022 23:19:59] /goto bruna silva
[22/04/2022 23:20:04] /goto natsu dragneel
[22/04/2022 23:20:11] /goto athelcicer
[22/04/2022 23:20:54] /goto lulaspi
[22/04/2022 23:21:00] /goto yniel
[22/04/2022 23:21:05] /goto suquinhodelixo
[22/04/2022 23:21:10] /goto kgn fire
[22/04/2022 23:21:27] /t
