[28/12/2021 17:03:08] /anuncio mp
[07/01/2022 11:21:47] /b
[07/01/2022 11:21:49] /a
[07/01/2022 11:21:51] /cb
[07/01/2022 11:22:04] /cb shiny arcanine
[07/01/2022 11:22:27] /r
[07/01/2022 11:22:35] /r shiny charm
[07/01/2022 11:22:42] /a
[07/01/2022 11:22:45] /ghost
[07/01/2022 11:46:36] /c
[07/01/2022 11:46:40] /c mega gyarados
[07/01/2022 11:46:46] /c mega absol
[07/01/2022 11:46:56] /c mega blastoise
[07/01/2022 11:47:03] /c Mega Blastoise
[07/01/2022 11:47:08] /c Blastoise
[07/01/2022 11:47:10] /c Blastoisenite
[07/01/2022 11:47:13] /c Blastoisinite
[07/01/2022 11:47:27] /cb
[07/01/2022 11:47:39] /cb absol, 50
[07/01/2022 11:47:50] /cb absol, 50 , absolite
[07/01/2022 11:48:23] /cb gengar, 50, gengarite
[07/01/2022 11:48:29] /cb mega gengar
[07/01/2022 11:48:37] /c
[07/01/2022 11:48:41] /c shiny absol
[07/01/2022 11:48:46] /c zoroark
[07/01/2022 11:48:52] /c shiny gyardos
[07/01/2022 11:48:56] /c shinygyarados
[07/01/2022 11:49:06] /c shiny
[07/01/2022 11:49:09] /c shiny zard
[07/01/2022 11:49:12] /c shiny charizard
[07/01/2022 11:49:17] /c mega charizard
[07/01/2022 11:49:24] /b
[07/01/2022 11:49:26] /b oi
[07/01/2022 11:49:43] /ghost
[07/01/2022 11:49:46] /r
[07/01/2022 11:49:48] /r
[07/01/2022 11:49:53] /r
[07/01/2022 11:49:55] /r
[07/01/2022 11:49:57] /t
[07/01/2022 11:50:11] /i
[07/01/2022 11:50:17] /i gyaradosite
[07/01/2022 11:50:26] /i gengarite
[07/01/2022 11:50:32] /cb gengar, 50
[07/01/2022 11:50:58] /r
[07/01/2022 11:51:00] /r
[07/01/2022 11:51:05] /i x-attack7
[07/01/2022 11:51:06] /i x-attack7 7
[07/01/2022 11:51:21] /i absolite
[07/01/2022 11:51:28] /cb absol,50
[07/01/2022 11:51:51] /r
[07/01/2022 11:51:53] /r
[07/01/2022 11:52:02] /i X-critical
[07/01/2022 11:52:14] /i X-critical (tier:1
[07/01/2022 11:52:15] /i X-critical (tier:1)
[07/01/2022 11:52:23] /i X-Critical (tier: 1)
[07/01/2022 11:52:34] /i X-Attack (tier: 1)
[07/01/2022 11:52:39] /i X-Attack (tier: 7)
[07/01/2022 11:52:45] /r
[07/01/2022 11:52:45] /r
[07/01/2022 11:52:45] /r
[07/01/2022 11:52:46] /r
[07/01/2022 11:52:49] /r
[07/01/2022 11:52:50] /r
[07/01/2022 11:52:58] /i gyaradosite
[07/01/2022 11:53:13] /i abomanowsite
[07/01/2022 11:53:18] /i sabletite
[07/01/2022 11:53:22] /i sableyenite
[07/01/2022 11:53:26] /i sableitite
[07/01/2022 11:53:29] /i sableinite
[07/01/2022 11:53:33] /i sableynite
[07/01/2022 11:53:35] /i sableyenite
[07/01/2022 11:53:44] /i bannetite
[07/01/2022 11:53:48] /i banetite
[07/01/2022 11:53:54] /i charizardite
[07/01/2022 11:53:56] /i charizardite x
[07/01/2022 11:53:57] /i charizardite y
[07/01/2022 11:54:03] /cb charizar,50
[07/01/2022 11:54:07] /cb charizard,50
[07/01/2022 11:54:08] /cb charizard,50
[07/01/2022 11:54:54] /r
[07/01/2022 11:54:55] /r
[07/01/2022 11:54:57] /r
[07/01/2022 11:54:59] /r
[07/01/2022 11:55:15] /cb mewtwo
[07/01/2022 11:55:18] /r
[07/01/2022 11:55:20] /cb mewtwo,50
[07/01/2022 11:55:49] /r
[07/01/2022 11:55:53] /cb kyogre
[07/01/2022 11:55:56] /r
[07/01/2022 11:55:58] /cb kyogre, 50
[07/01/2022 11:56:31] /up
[07/01/2022 11:56:34] /down
[07/01/2022 11:57:03] /n
[07/01/2022 11:57:05] /n go
[07/01/2022 11:57:10] /n bruno legend
[07/01/2022 11:57:12] /n bruno legendsz
[07/01/2022 11:57:18] /m
[07/01/2022 11:57:21] /m bruno legendsz
[07/01/2022 11:57:23] /m bruno legendsz, 5
