[21/12/2021 19:57:57] /addskill dacrasher,level, 141
[21/12/2021 19:58:07] /cb shiny charidard,50
[21/12/2021 19:58:16] /cb shiny charizard,50
[21/12/2021 20:00:15] /cb shiny fearow,50
[21/12/2021 20:00:25] /m venusuar
[21/12/2021 20:00:28] /m venusaur
[21/12/2021 20:01:22] /ghost
[21/12/2021 20:01:24] /ghost
[26/12/2021 17:33:14] /m venusuar
[26/12/2021 17:33:22] /m venusaur
[26/12/2021 17:42:17] /cb scizor
[26/12/2021 17:42:19] /i scizorite
[26/12/2021 17:43:30] /i revive
[26/12/2021 17:43:36] /cb venusaur,50
[26/12/2021 17:43:39] /i venusaurite
[26/12/2021 17:43:54] /m shiny blastoise
[26/12/2021 17:44:40] /m shiny magmar
[26/12/2021 17:45:11] /cb blastoise,50
[26/12/2021 17:45:14] /i blastoisinite
[26/12/2021 17:46:30] /cb aggron,50
[26/12/2021 17:46:33] /i aggronite
[26/12/2021 17:46:45] /m shiny charizard
[26/12/2021 17:47:27] /m shiny typhlosion
[26/12/2021 17:47:40] /i x-Defense (tier: 3)
[26/12/2021 17:48:06] /m shiny typhlosion
[26/12/2021 17:48:06] /m shiny typhlosion
[26/12/2021 17:48:46] /cb sceptile
[26/12/2021 17:48:50] /i sceptilite
[26/12/2021 17:48:56] /cb sceptile,50
[26/12/2021 17:49:30] /r
[26/12/2021 17:49:44] /i x-attack (tier: 6)
[26/12/2021 17:49:48] /i attachment device
[26/12/2021 17:49:57] /i x-critical (tier: 6)
[26/12/2021 17:55:53] /addskill dacrasher,level, 100
[28/12/2021 22:03:18] /cb shiny gallade
[02/01/2022 15:43:40] /ghost
[02/01/2022 15:43:41] /t
[02/01/2022 15:43:45] /goto soulie
[02/01/2022 15:43:50] /ghost
[02/01/2022 15:44:18] /r
[02/01/2022 15:46:38] /ghost
[02/01/2022 15:46:40] /goto ultdark
[02/01/2022 15:46:42] /m lugia 
[02/01/2022 15:47:18] /m ho-oh
[02/01/2022 15:47:46] /m entei
[02/01/2022 15:50:21] /ghost
[02/01/2022 15:51:11] /b ult vem ca
[02/01/2022 15:51:35] /cb shiny gallade
[02/01/2022 15:51:54] /cb gallade
[02/01/2022 15:52:18] /goto nautilus
