[05/01/2022 17:03:23] /cb zoroark
[05/01/2022 17:03:41] /addskill Dedefoxx,lvl,150
[05/01/2022 17:04:23] /cb crawdaunt
[05/01/2022 17:04:30] /m shiny gengar
[05/01/2022 17:05:13] /cb shiny honchkrow
[05/01/2022 17:05:48] /m spoink
[05/01/2022 17:06:00] /i revive
[05/01/2022 17:06:32] /i y-ghost
[05/01/2022 17:06:42] /i x-attack (tier: 7)
[05/01/2022 17:06:56] /cb dusknoir
[05/01/2022 17:07:14] /m zoroark
[05/01/2022 17:07:32] /m shiny honchkrow
[05/01/2022 17:08:11] /i revive
[05/01/2022 17:08:17] /i 2160
[05/01/2022 17:09:25] /reload ta
[05/01/2022 17:09:28] /i revive
[05/01/2022 17:09:49] /m misdreavus
[05/01/2022 17:10:15] /i y-ghost
[05/01/2022 17:10:43] /cb umbreon
[05/01/2022 17:10:54] /r
[05/01/2022 17:11:18] /m spoink
[05/01/2022 17:11:29] /m claydol
[05/01/2022 17:12:03] /i device
[05/01/2022 17:12:09] /i attachment device
[05/01/2022 17:12:23] /i x-critical (tier: 7)
[05/01/2022 17:12:40] /i x-attack (tier: 7)
[05/01/2022 17:12:51] /m claydol
[05/01/2022 17:13:47] /r
[05/01/2022 17:13:52] /i attachment device
[05/01/2022 17:14:32] /cb shiny gallade
[05/01/2022 17:14:57] /r
[05/01/2022 17:15:01] /cb dragonite
[05/01/2022 17:15:34] /r
[05/01/2022 17:16:34] /cb gardevoir
[05/01/2022 17:17:38] /a 5
[05/01/2022 17:17:48] /a 5
[05/01/2022 17:20:08] /i tinker ball
[05/01/2022 17:20:18] /attr set boost 70
[05/01/2022 17:20:58] /r
[05/01/2022 17:23:09] /goto gallade
[05/01/2022 17:23:25] /cb gogoat
[05/01/2022 17:23:36] /goto claydol
[05/01/2022 17:24:20] /goto spoink
[05/01/2022 17:24:24] /goto spoink
[05/01/2022 17:24:47] /cb shiny pachirisu
[05/01/2022 17:24:51] /cb pachirisu
[05/01/2022 17:25:49] /town 15
[05/01/2022 17:25:51] /town 10
[05/01/2022 17:25:54] /town 11
[05/01/2022 17:25:56] /town 9
[05/01/2022 17:26:02] /goto sceptile
[05/01/2022 17:26:11] /cb shiny magmar,50
[05/01/2022 17:27:20] /t
[05/01/2022 17:27:26] /m spoink
[05/01/2022 17:29:20] /m treecko
[05/01/2022 17:29:31] /m baydol
[05/01/2022 17:29:41] /m bagon
[05/01/2022 17:29:56] /m shiny torterra
[05/01/2022 17:32:11] /m shiny gallade
[05/01/2022 17:32:53] /m shinyeae
[05/01/2022 17:33:22] /m shiny hariyama
[05/01/2022 17:33:33] /m shiny infernape
[05/01/2022 17:34:09] /m shiny luxray
[05/01/2022 17:34:44] /m war granbull
[05/01/2022 17:35:23] /town phenac
[05/01/2022 17:35:33] /goto vibrava
[05/01/2022 17:37:38] /goto trapinch
[05/01/2022 17:39:09] /goto glalie
[05/01/2022 17:39:17] /cb glalie,50
[05/01/2022 17:39:20] /i glalietite
[05/01/2022 17:39:24] /i glalielite
[05/01/2022 17:39:45] /i x-lucky (tier: 7)
[05/01/2022 17:40:21] /i y-cure (tier: 7)
[05/01/2022 17:40:53] /cb shiny gardevoir
[05/01/2022 17:44:54] /cb magmortar,50
[05/01/2022 17:45:36] /t
[05/01/2022 17:45:41] /cb glalie,50
[05/01/2022 17:45:45] /r
[05/01/2022 17:46:08] /r
[05/01/2022 17:46:30] /i diamond
[05/01/2022 17:46:34] /i 2145
[05/01/2022 17:46:51] /a 7
[05/01/2022 17:47:30] /i 2145
[05/01/2022 17:47:31] /i 2145
[05/01/2022 17:47:32] /i 2145
[05/01/2022 17:47:33] /i 2145
[05/01/2022 17:47:34] /i 2145
[05/01/2022 17:48:09] /i facebook backpack
[05/01/2022 17:50:01] /r
[05/01/2022 19:41:44] /cb shiny typhlosion
[05/01/2022 19:42:08] /r
[05/01/2022 19:42:11] /cb arcanine
[05/01/2022 19:42:19] /r
[05/01/2022 19:42:22] /cb rapidash
[05/01/2022 19:42:39] /r
[05/01/2022 19:42:44] /cb charizard,50
[05/01/2022 19:42:48] /i charizardite y
[05/01/2022 19:43:14] /r
[05/01/2022 19:43:19] /i pidgeotite
[05/01/2022 19:43:27] /i pidgeotile
[05/01/2022 19:43:30] /r
[05/01/2022 19:43:34] /cb pidgeot,50
[05/01/2022 19:44:04] /m venusaur
[05/01/2022 19:44:51] /m shiny venusaur
[05/01/2022 19:47:32] /r
[05/01/2022 19:48:14] /cb shiny sceptile
[05/01/2022 19:48:23] /r
[05/01/2022 19:48:26] /cb sceptile
[05/01/2022 19:48:42] /r
[05/01/2022 19:48:45] /cb scyther,50
[05/01/2022 19:48:55] /m venusaur
[05/01/2022 19:49:42] /r
[05/01/2022 19:49:46] /cb blastoise
[05/01/2022 19:49:50] /i blastoisinite
[05/01/2022 19:50:33] /r
[05/01/2022 19:50:36] /cb feraligatr
[05/01/2022 19:51:07] /goto charizard
[05/01/2022 19:51:26] /cb shiny electrode,50
[05/01/2022 19:51:40] /i x-vitality (tier: 7)
[05/01/2022 19:55:20] /t
[05/01/2022 19:55:26] /m dummy
[05/01/2022 19:56:25] /i revive
[05/01/2022 19:56:41] /goto magmar
[05/01/2022 19:57:06] /r
[05/01/2022 19:59:08] /t
[05/01/2022 19:59:17] /goto dusknoir
[05/01/2022 20:02:25] /t
[05/01/2022 20:02:33] /m dusknoir
[05/01/2022 20:02:43] /r
[05/01/2022 20:02:46] /m magmortar
[05/01/2022 20:03:10] /m milotic
[05/01/2022 20:03:38] /cb venusaur,50
[05/01/2022 20:03:42] /i venusaurite
[05/01/2022 20:04:12] /r
[05/01/2022 20:04:16] /cb shiny tangela,50
[05/01/2022 20:04:48] /r
[05/01/2022 20:04:51] /cb tangrowth
[05/01/2022 20:05:14] /r
[05/01/2022 20:05:18] /r
[05/01/2022 20:05:57] /cb mightyena
[05/01/2022 20:06:03] /r all
[05/01/2022 20:06:12] /cb crawdaunt
[05/01/2022 20:07:22] /m gengar
[05/01/2022 20:07:33] /m gengar
[05/01/2022 20:10:02] /m spoink
[05/01/2022 20:10:14] /m claydol
[05/01/2022 20:10:49] /m manectric
[05/01/2022 20:10:53] /cb shiny onix
[05/01/2022 20:10:59] /cb crystal onix
[05/01/2022 20:11:29] /r
[05/01/2022 20:11:34] /cb shiny marowak,50
[05/01/2022 20:11:59] /r
[05/01/2022 20:12:12] /i master ball
[05/01/2022 20:12:28] /m magmortar
[05/01/2022 20:12:37] /cb shiny electrode,150
[05/01/2022 20:16:31] /cb rhyperior
[05/01/2022 20:16:47] /r
[05/01/2022 20:16:50] /cb shiny infernape
[05/01/2022 20:17:24] /r
[05/01/2022 20:17:27] /cb blaziken,50
[05/01/2022 20:17:38] /r
[05/01/2022 20:34:03] /m dummy
[05/01/2022 20:39:57] /cb shiny hitmontop
[05/01/2022 20:40:24] /r
[06/01/2022 11:53:24] /m dummy
[06/01/2022 11:54:53] /r
[06/01/2022 11:55:41] /r
[06/01/2022 11:55:47] /cb steelix
[06/01/2022 11:56:03] /r
[06/01/2022 11:56:06] /cb bronzong
[06/01/2022 11:56:09] /m bronzong
[06/01/2022 11:56:13] /m shiny bronzong
[06/01/2022 11:56:17] /cb unown legion
[06/01/2022 11:57:04] /r
[06/01/2022 11:57:07] /cb shiny mr. mime
[06/01/2022 11:57:13] /cb shiny mr.mime
[06/01/2022 11:57:20] /cb shiny mr. mime
[06/01/2022 11:57:25] /m shiny mr. mime
[06/01/2022 11:57:54] /i ultra ball
[06/01/2022 11:58:00] /r
[06/01/2022 11:58:27] /i bike
[06/01/2022 11:58:38] /goto xatu
[06/01/2022 11:59:00] /cb wobbuffet
[06/01/2022 11:59:14] /r
[06/01/2022 11:59:17] /cb shiny espeon
[06/01/2022 11:59:45] /r
[06/01/2022 11:59:46] /cb espeon
[06/01/2022 12:00:02] /r
[06/01/2022 12:02:16] /r
[06/01/2022 12:06:04] /t
[06/01/2022 15:39:43] /i revive
[06/01/2022 15:41:42] /goto shiny onix
[06/01/2022 15:41:46] /goto crystal onix
