[23/12/2021 14:29:19] /cb shiny xatu
[23/12/2021 14:29:39] /cb mega blastoise
[23/12/2021 14:29:50] /cb shiny gadevoir
[23/12/2021 14:30:05] /cb shiny scyther
[23/12/2021 14:30:25] /cb unown legion
[23/12/2021 14:57:49] /r
[23/12/2021 14:57:54] /r
[23/12/2021 14:58:12] /s
[23/12/2021 14:58:18] /s tangela
[23/12/2021 14:58:56] /s tangela
[23/12/2021 14:58:56] /s tangela
[23/12/2021 14:58:57] /s tangela
[23/12/2021 14:58:58] /s tangela
[23/12/2021 14:59:10] /s tangela
[23/12/2021 14:59:12] /s tangela
[23/12/2021 14:59:31] /r
[23/12/2021 14:59:56] /s shiny scyther
[23/12/2021 15:00:01] /s shiny scizor
[23/12/2021 15:00:07] /s shiny bl
[23/12/2021 15:00:10] /s shiny blastoise
[23/12/2021 15:00:15] /s shiny feralight
[23/12/2021 15:00:20] /s shiny catu
[23/12/2021 15:00:24] /s shiny xatu
[23/12/2021 15:00:29] /s shiny electabuzz
[23/12/2021 15:00:30] /s shiny electabuzz
[23/12/2021 15:08:19] /up
[23/12/2021 15:08:25] /down
[23/12/2021 15:10:33] /c blastoise
[23/12/2021 15:10:41] /c shiny blastoise
[23/12/2021 15:10:49] /c catu
[23/12/2021 15:10:51] /c xatu
[23/12/2021 15:10:52] /c xatu
[23/12/2021 15:10:54] /c xatu
[23/12/2021 15:10:56] /c xatu
[23/12/2021 15:11:00] /goto catu
[23/12/2021 15:11:03] /goto xatu
[23/12/2021 15:11:07] /goto glade
[23/12/2021 15:11:12] /goto galade
[23/12/2021 15:11:15] /goto gadevoir
[23/12/2021 17:28:49] /r
[23/12/2021 17:30:55] /down
[23/12/2021 17:32:22] /s unown
[23/12/2021 17:33:50] /down
[23/12/2021 17:34:19] /down
[23/12/2021 17:34:22] /goto me perseu
[23/12/2021 17:34:32] /goto me perseu
[23/12/2021 17:34:43] /goto perseu
[23/12/2021 17:35:03] /goto perseu me
[23/12/2021 17:35:14] /goto perseu my
[23/12/2021 17:35:16] /goto perseu me
[23/12/2021 17:35:21] /goto me perseu
[23/12/2021 17:35:41] /goto me Perseu
[23/12/2021 17:35:47] /goto perseu me
[23/12/2021 17:35:57] /m
[23/12/2021 17:36:01] /m perseu
[23/12/2021 17:36:06] /m goto perseu
[23/12/2021 17:36:30] /goto perseu me
[23/12/2021 17:36:39] /goto magic legend to perseu
[23/12/2021 17:36:53] /goto perseu to magic legend
[23/12/2021 17:37:01] /goto perseu magic legend
[23/12/2021 17:37:04] /goto perseu
[23/12/2021 17:37:17] /cb event token
[23/12/2021 17:37:27] /c 
[23/12/2021 17:37:33] /c event token
[23/12/2021 17:37:36] /i
[23/12/2021 17:37:40] /i event token
[23/12/2021 17:37:47] /i honored token
[23/12/2021 17:37:48] /i honored token
[23/12/2021 17:37:50] /i honored token
[23/12/2021 17:38:09] /i Mystery Ticket
[23/12/2021 17:38:11] /i Mystery Ticket
[23/12/2021 17:38:12] /i Mystery Ticket
[23/12/2021 17:38:27] /i Event Token
[23/12/2021 17:39:19] /s lugia
[23/12/2021 17:39:33] /r lugia
[23/12/2021 17:39:50] /r
[23/12/2021 17:39:59] /c lugia
[23/12/2021 17:40:05] /cb lugia
[23/12/2021 17:43:23] /r
[23/12/2021 17:43:25] /r
[23/12/2021 17:43:28] /r all
[23/12/2021 17:43:29] /r all
[23/12/2021 17:43:31] /r all
[23/12/2021 17:43:32] /r all
[23/12/2021 17:43:32] /r all
[23/12/2021 17:43:33] /r all
[23/12/2021 17:43:34] /r all
[23/12/2021 17:43:36] /r all
[23/12/2021 17:43:38] /r all
[23/12/2021 17:43:39] /r all
[23/12/2021 17:43:40] /r all
[23/12/2021 17:43:45] /r all
[23/12/2021 17:43:46] /r all
[23/12/2021 17:43:48] /r all
[23/12/2021 17:43:49] /r all
[23/12/2021 17:43:51] /r all
[23/12/2021 17:43:52] /r all
[23/12/2021 17:43:55] /r all
[23/12/2021 17:43:57] /r all
[23/12/2021 17:44:03] /r all
[23/12/2021 17:44:05] /r all
[23/12/2021 17:44:40] /cb ho-ho
[23/12/2021 17:44:44] /cb ho ho
[23/12/2021 17:44:48] /cb Ho ho
[23/12/2021 17:44:59] /cb articuno
[23/12/2021 17:45:21] /cb zapdos
[23/12/2021 17:46:21] /cb dusknoir
[23/12/2021 17:46:59] /cb Ho-Oh
[23/12/2021 17:49:28] /cb mewtwo
[23/12/2021 17:49:35] /cb mew
[23/12/2021 17:50:50] /cb Mega Gengar X
[23/12/2021 17:50:57] /s Mega Gengar X
[23/12/2021 17:51:02] /s mega gengar c
[23/12/2021 17:51:05] /s mega gengar x
[23/12/2021 17:52:15] /cb Giratina
[23/12/2021 17:52:26] /cb moltres
[23/12/2021 17:52:57] /cb Kyogre
[23/12/2021 17:52:58] /cb Kyogre
[23/12/2021 17:53:05] /cb groundo
[23/12/2021 17:53:16] /cb Groundo
[23/12/2021 17:53:27] /cb Rayquaza
[23/12/2021 17:53:38] /cb Groundo
[23/12/2021 17:53:39] /cb Groundo
[23/12/2021 17:53:53] /cb Groudon
[23/12/2021 17:54:02] /cb entei
[23/12/2021 17:54:06] /cb suicuno
[23/12/2021 17:54:10] /cb suicuna
[23/12/2021 17:54:16] /cb suicune
[23/12/2021 17:54:20] /cb raikou
[23/12/2021 17:54:32] /cb celebi
[23/12/2021 17:54:39] /cb regice
[23/12/2021 17:54:41] /cb regice
[23/12/2021 17:54:52] /cb registeel
[23/12/2021 17:55:04] /cb Regirock
[23/12/2021 17:55:11] /cb Latios
[23/12/2021 17:55:19] /cb jirachi
[23/12/2021 17:55:41] /cb Genesect
[23/12/2021 17:55:50] /cb Dilga
[23/12/2021 17:55:58] /cb Dialga
[23/12/2021 17:56:12] /cb Zygardo
[23/12/2021 17:56:25] /cb Diance
[23/12/2021 18:01:55] /r
[23/12/2021 18:01:57] /r
[23/12/2021 18:01:58] /r
[23/12/2021 18:02:01] /r
[23/12/2021 18:04:34] /r
[23/12/2021 18:04:41] /r
[23/12/2021 18:06:14] /r
[23/12/2021 18:06:17] /r all
[23/12/2021 18:06:29] /s unown legion
[23/12/2021 18:06:37] /a
[23/12/2021 18:06:38] /a
[23/12/2021 18:06:40] /a
[23/12/2021 18:06:42] /a 222
[23/12/2021 18:06:43] /a 222
[23/12/2021 18:06:44] /a 222
[23/12/2021 18:06:46] /a 222
[23/12/2021 18:06:54] /a 500
[23/12/2021 18:07:01] /a 122
[23/12/2021 18:07:03] /a 122
[23/12/2021 18:07:38] /s shiny scyther
[23/12/2021 18:08:15] /a 100
[23/12/2021 18:08:16] /a 100
[23/12/2021 18:08:22] /a 100
[23/12/2021 18:08:24] /a 100
[23/12/2021 18:08:29] /a 100
[23/12/2021 18:08:35] /a 100
[23/12/2021 18:08:38] /a 20
[23/12/2021 18:08:42] /a 1
[23/12/2021 18:08:43] /a 1
[23/12/2021 18:08:44] /a 1
[23/12/2021 18:08:47] /a 5
[23/12/2021 18:08:48] /a 1
[23/12/2021 18:08:49] /a 1
[23/12/2021 18:08:50] /a 1
[23/12/2021 18:08:51] /a 1
[23/12/2021 18:08:51] /a 1
[23/12/2021 18:08:54] /a 1
[23/12/2021 18:09:06] /up
[23/12/2021 18:09:12] /a 10
[23/12/2021 18:09:14] /a
[23/12/2021 18:09:15] /a 1
[23/12/2021 18:09:16] /a 1
[23/12/2021 18:09:17] /a 1
[23/12/2021 18:09:21] /down
[23/12/2021 18:09:23] /a 1
[23/12/2021 18:09:24] /a 1
[23/12/2021 18:09:26] /a 1
[23/12/2021 18:09:36] /r
[23/12/2021 18:09:37] /r
[23/12/2021 18:09:44] /a 1
[23/12/2021 18:09:46] /a 1
[23/12/2021 18:09:47] /a 1
[23/12/2021 18:09:48] /a 1
[23/12/2021 18:10:41] /a 10
[23/12/2021 18:10:42] /a 10
[23/12/2021 18:10:44] /up
[23/12/2021 18:10:45] /up
[23/12/2021 18:10:47] /a 10
[23/12/2021 18:11:11] /r
[23/12/2021 18:11:38] /r
[23/12/2021 18:11:45] /s blissey
[23/12/2021 18:19:50] /r
[23/12/2021 18:20:15] /goto ancient alakazam
[23/12/2021 18:20:27] /cb ho-oh
[23/12/2021 18:22:15] /i Y-Cure
[23/12/2021 18:22:24] /i Y-Cure t7
[23/12/2021 18:22:28] /i Y-Cure tier 7
[23/12/2021 18:23:01] /r
[23/12/2021 18:23:04] /i
[23/12/2021 18:23:07] /i master ball
[23/12/2021 18:23:30] /goto rayquaza
[23/12/2021 18:23:35] /goto ho-Oh
[23/12/2021 18:25:00] /goto groudon
[23/12/2021 18:25:06] /goto celebi
[23/12/2021 18:25:08] /goto celebi
[23/12/2021 18:25:11] /goto mew
[23/12/2021 18:25:13] /goto mewtwo
[23/12/2021 18:25:16] /goto mewtwo
