[19/12/2021 20:59:28] /a
[19/12/2021 20:59:29] /a
[19/12/2021 20:59:39] /cb shiny scyther
[19/12/2021 20:59:57] /r all
[19/12/2021 21:00:25] /addskill perseu, level 500
[19/12/2021 21:00:31] /addskill perseu, level, 500
[19/12/2021 21:00:57] /addskill soulie, level, 500
[19/12/2021 21:01:23] /cb shiny abra, 100000
[19/12/2021 21:01:35] /attr set boost 1000
[19/12/2021 21:01:56] /i x-accuracy (tier 7)
[19/12/2021 21:03:02] /i X-Attack (tier: 7)
[19/12/2021 21:03:16] /i X-Attack (tier: 7)
[19/12/2021 21:04:37] /attr set boost 10000
[19/12/2021 21:06:33] /i shiny ticket
[19/12/2021 21:07:04] /i honored token
[19/12/2021 21:07:07] /i honored token
[19/12/2021 21:07:09] /i honored token
[19/12/2021 21:07:10] /i honored token
[19/12/2021 21:07:11] /i honored token
[19/12/2021 21:08:20] /cb swampert , 500000
[19/12/2021 21:09:54] /i bag box
[19/12/2021 21:16:06] /cb alakazam
[19/12/2021 21:17:55] /clean
[19/12/2021 21:18:28] /cb manectric
[19/12/2021 21:18:50] /cb mewtwo
[19/12/2021 21:19:30] /i y-wing (tier: 7)
[19/12/2021 21:20:39] /cb shiny tangela
[19/12/2021 21:20:51] /i X-elemental (tier: 7)
[19/12/2021 21:21:03] /i y-cure (tier: 7)
[19/12/2021 21:21:13] /attr set boost 5000
[19/12/2021 21:21:25] /i ultra ball
[19/12/2021 21:21:44] /r all
[19/12/2021 21:23:19] /attr set boost 100
[19/12/2021 21:23:41] /goto tyranitar
[19/12/2021 21:24:46] /t
[19/12/2021 21:24:50] /t all
[19/12/2021 21:26:31] /attr set boost 500000
[19/12/2021 21:27:07] /m magmortar
[19/12/2021 21:27:08] /m magmortar
[19/12/2021 21:27:09] /m magmortar
[19/12/2021 21:27:09] /m magmortar
[19/12/2021 21:27:10] /m magmortar
[19/12/2021 21:27:10] /m magmortar
[19/12/2021 21:27:11] /m magmortar
[19/12/2021 21:27:11] /m magmortar
[19/12/2021 21:27:13] /m magmortar
[19/12/2021 21:29:18] /cb electivire
[19/12/2021 21:29:49] /cb dusknoir
[19/12/2021 21:30:15] /cb shiny gengar
[19/12/2021 21:31:13] /i mistery ticket
[19/12/2021 21:31:27] /i mystery ticket
[22/12/2021 20:26:06] /a
[22/12/2021 20:27:31] /cb shiny typhlosion
[22/12/2021 20:28:17] /cb honchrow
[22/12/2021 20:29:48] /m dummy
[22/12/2021 20:30:48] /cb shiny gengar
[22/12/2021 20:31:04] /cb shiny dragonite
[22/12/2021 20:32:40] /cb shiny farfet'ch
[22/12/2021 20:32:56] /cb shiny farfetch'd
[22/12/2021 20:33:25] /cb shiny infernape
[22/12/2021 20:33:38] /i revive
[22/12/2021 20:34:11] /cb shiny mr.mime
[22/12/2021 20:34:18] /cb shiny mr. mime
[22/12/2021 20:34:26] /cb shiny mr. mime
[22/12/2021 20:34:47] /cb shiny mr.mine
[22/12/2021 20:34:54] /cb shiny mr. mime
[22/12/2021 20:35:15] /cb shiny mr
[22/12/2021 20:38:05] /cb rottom
[22/12/2021 20:38:09] /cb rotom
[22/12/2021 20:39:10] /m dummy
[22/12/2021 20:39:12] /m dummy
[22/12/2021 20:39:45] /cb shiny Honchkrow
[22/12/2021 20:39:49] /cb Honchkrow
[22/12/2021 20:40:06] /cb unown legion
[22/12/2021 20:40:15] /cb unown legion
[22/12/2021 20:40:35] /addskill Bruno Legendsz,500
[22/12/2021 20:40:43] /addskill Bruno Legendsz, 500
[22/12/2021 20:40:47] /addskill Bruno Legendsz, 500
[22/12/2021 20:41:33] /cb shiny ditto
[22/12/2021 20:41:41] /attr set boost 100
[22/12/2021 20:42:14] /ghost
[22/12/2021 20:42:17] /goto ultdark
[22/12/2021 20:42:27] /goto slain
[22/12/2021 20:42:41] /goto slain
[22/12/2021 20:43:16] /goto slain
[22/12/2021 20:43:20] /cb mega alakazam
[22/12/2021 20:43:25] /cb alakazam
[22/12/2021 20:43:29] /i alakazite
[22/12/2021 20:43:46] /i X-attack (tier: 7)
[22/12/2021 20:45:04] /addskill level slain, 200
[22/12/2021 20:45:09] /addskill level slain, 200
[22/12/2021 20:45:16] /addskill level, slain, 200
[22/12/2021 20:45:24] /addskill level, slain 200
[22/12/2021 20:45:46] /i x-critical (tier: 7)
[22/12/2021 20:46:13] /ghost
[22/12/2021 20:46:17] /goto slain
[22/12/2021 20:46:29] /goto ultdark
[22/12/2021 20:47:52] /goto slain
[22/12/2021 20:47:54] /goto slain
[22/12/2021 20:48:24] /addskill mabel , level 200
[22/12/2021 20:48:30] /addskill mabel , level 200
[22/12/2021 20:48:36] /addskill mabel , level, 200
[22/12/2021 20:48:48] /addskill Bruno Legendsz , level, 200
[22/12/2021 20:49:17] /goto Bruno Legendsz
[22/12/2021 20:49:35] /i revive
[22/12/2021 20:53:35] /t
[22/12/2021 20:53:52] /i y-wing (tier: 7)
[22/12/2021 21:04:38] /m mewtwo
[22/12/2021 21:25:00] /m mewtwo
[22/12/2021 21:25:20] /m mewtwo
[22/12/2021 21:25:52] /addskill mabel, level, 200
[23/12/2021 16:12:34] /m ho-oh
[23/12/2021 16:13:22] /cb alakazam
[23/12/2021 16:18:30] /r all
[23/12/2021 16:27:04] /i slowbronite
[23/12/2021 16:27:07] /cb slowbro
[23/12/2021 16:45:49] /cb zoroark
[23/12/2021 16:50:56] /m ho-oh
[23/12/2021 16:51:04] /m ho-oh
[23/12/2021 16:51:27] /m dummy
[23/12/2021 16:51:35] /m dummy
[23/12/2021 16:51:41] /i ultra ball
[23/12/2021 17:25:49] /cb zoroark
[23/12/2021 17:26:53] /m dummy
[23/12/2021 17:31:01] /cb shiny sceptile
[23/12/2021 17:32:39] /r all
[23/12/2021 17:32:42] /r all
[23/12/2021 17:32:50] /r all
[23/12/2021 17:33:01] /r
[23/12/2021 17:33:18] /c magic legend
[23/12/2021 17:33:22] /c magic legend
[23/12/2021 17:33:23] /c magic legend
[23/12/2021 17:33:24] /c magic legend
[23/12/2021 17:33:26] /c magic legend
[23/12/2021 17:33:27] /c magic legend
[23/12/2021 17:33:30] /c magic legend
[23/12/2021 17:33:35] /c magic legend
[23/12/2021 17:33:57] /c magic legend
[23/12/2021 17:34:29] /i event token
[23/12/2021 17:34:30] /i event tokens
[23/12/2021 17:34:35] /i event token
[24/12/2021 09:13:45] /a 3
[24/12/2021 09:13:47] /a 3
[24/12/2021 09:14:41] /addskill Perseu, vip 3
[24/12/2021 09:14:48] /addskill Perseu, vip 3
[24/12/2021 09:14:53] /addskill Perseu, vip 3
[24/12/2021 09:14:55] /addskill Perseu, vip 3
[24/12/2021 09:15:00] /addskill Perseu, vip 
[24/12/2021 09:15:13] /a
[24/12/2021 09:15:13] /a
[24/12/2021 09:15:13] /a
[24/12/2021 09:15:13] /a
[24/12/2021 09:15:13] /a
[24/12/2021 09:15:13] /a
[24/12/2021 09:15:14] /a
[24/12/2021 09:15:14] /a
[24/12/2021 09:15:14] /a
[24/12/2021 09:15:14] /a
[24/12/2021 09:15:14] /a
[24/12/2021 09:15:14] /a
[24/12/2021 09:15:14] /a
[24/12/2021 09:15:14] /a
[24/12/2021 09:15:14] /a
[24/12/2021 09:15:14] /a
[24/12/2021 09:15:14] /a
[24/12/2021 09:15:14] /a
[24/12/2021 09:15:14] /a
[24/12/2021 09:15:14] /a
[24/12/2021 09:15:14] /a
[24/12/2021 09:15:14] /a
[24/12/2021 09:15:14] /a
[24/12/2021 09:15:14] /a
[24/12/2021 09:15:14] /a
[24/12/2021 09:15:14] /a
[24/12/2021 09:15:14] /a
[24/12/2021 09:15:14] /a
[24/12/2021 09:15:14] /a
[24/12/2021 09:15:14] /a
[24/12/2021 09:15:14] /a
[24/12/2021 09:15:14] /a
[24/12/2021 09:15:14] /a
[24/12/2021 09:15:15] /a
[24/12/2021 09:15:15] /a
[24/12/2021 09:15:15] /a
[24/12/2021 09:15:15] /a
[24/12/2021 09:15:15] /a
[24/12/2021 09:15:40] /a
[24/12/2021 09:15:40] /a
[24/12/2021 09:15:40] /a
[24/12/2021 09:15:41] /a
[24/12/2021 09:15:42] /a
[24/12/2021 09:15:42] /a
[24/12/2021 09:15:43] /a
[24/12/2021 09:15:43] /a
[24/12/2021 09:15:43] /a
[24/12/2021 09:15:43] /a
[24/12/2021 09:15:43] /a
[24/12/2021 09:16:10] /goto magmortar
[24/12/2021 09:19:18] /m jynx
[24/12/2021 09:20:08] /t
[24/12/2021 09:20:13] /goto electivire
[24/12/2021 09:20:16] /goto electivire
[24/12/2021 09:20:23] /m electivire
[24/12/2021 09:20:36] /i master ball
[24/12/2021 09:20:37] /goto electivire
[24/12/2021 09:20:40] /m electivire
[24/12/2021 09:21:29] /goto magmortar
[24/12/2021 09:21:34] /goto slaking
[24/12/2021 09:21:45] /goto slaking
[24/12/2021 09:21:51] /goto dusknoir
[24/12/2021 09:22:13] /goto dusknoir
[24/12/2021 09:22:15] /goto dusknoir
[24/12/2021 09:27:06] /cb mewtwo
[24/12/2021 09:27:10] /r
[24/12/2021 09:29:44] /t
[24/12/2021 09:38:19] /goto lucario
[24/12/2021 09:41:13] /cb shiny tangela
[24/12/2021 09:41:19] /attr set boost 100
[24/12/2021 09:41:35] /i y-cure (tier: 7)
[24/12/2021 09:41:40] /i x-elemental (tier: 7)
[24/12/2021 09:42:59] /t
[24/12/2021 09:43:22] /r
[24/12/2021 09:43:48] /r
[24/12/2021 09:43:52] /m blastoise
[24/12/2021 09:43:53] /m blastoise
[24/12/2021 09:43:53] /m blastoise
[24/12/2021 09:43:54] /m blastoise
[24/12/2021 09:43:54] /m blastoise
[24/12/2021 09:43:55] /m blastoise
[24/12/2021 09:43:55] /m blastoise
[24/12/2021 09:44:14] /m lucario
[24/12/2021 09:44:15] /m lucario
[24/12/2021 09:44:15] /m lucario
[24/12/2021 09:44:16] /m lucario
[24/12/2021 09:44:16] /m lucario
[24/12/2021 09:44:16] /m lucario
[24/12/2021 09:44:40] /cb lucario
[24/12/2021 09:44:55] /m typhlosion
[24/12/2021 09:45:24] /m typhlosion
[24/12/2021 09:45:24] /m typhlosion
[24/12/2021 09:45:25] /m typhlosion
[24/12/2021 09:45:25] /m typhlosion
[24/12/2021 09:49:34] /m lucario
[24/12/2021 09:51:15] /r
[24/12/2021 09:51:35] /i glalite
[24/12/2021 09:53:22] /cb shiny infernape
[24/12/2021 09:55:05] /m dummy
[24/12/2021 09:55:47] /m dummy
[26/12/2021 07:04:47] /r all
[26/12/2021 07:11:35] /cb shiny ninetales
[26/12/2021 07:12:33] /i x-hellfire (tier: 7)
[26/12/2021 07:13:03] /r all
[26/12/2021 07:13:29] /cb shiny magmar
[26/12/2021 07:15:13] /cb shiny arcanine
[26/12/2021 07:15:53] /cb manectric
[26/12/2021 07:16:01] /i manectite
[26/12/2021 07:16:06] /i manectilite
[26/12/2021 07:16:17] /i manectite
[26/12/2021 07:16:25] /i maneczite
[26/12/2021 07:16:31] /cb mega manectric 
[26/12/2021 07:16:34] /cb mega manectric
[26/12/2021 07:16:40] /m manectric
[26/12/2021 07:18:15] /i x-lucky (tier: 7)
[26/12/2021 07:19:15] /m manectric
[26/12/2021 07:19:15] /m manectric
[26/12/2021 07:19:16] /m manectric
[26/12/2021 07:19:16] /m manectric
[26/12/2021 07:19:17] /m manectric
[26/12/2021 07:19:17] /m manectric
[26/12/2021 07:19:18] /m manectric
[26/12/2021 07:19:19] /m manectric
[26/12/2021 07:19:19] /m manectric
[26/12/2021 07:19:20] /m manectric
[26/12/2021 07:22:20] /attr set boost 70
[26/12/2021 07:23:14] /i honored token
[26/12/2021 07:24:51] /cb tyranitarite
[26/12/2021 07:25:07] /m tyranitar
[26/12/2021 07:25:08] /m tyranitar
[26/12/2021 07:25:08] /m tyranitar
[26/12/2021 07:25:10] /m tyranitar
[26/12/2021 07:25:10] /m tyranitar
[26/12/2021 07:25:11] /m tyranitar
[26/12/2021 07:25:12] /m tyranitar
[26/12/2021 07:25:12] /m tyranitar
[26/12/2021 07:25:12] /m tyranitar
[26/12/2021 07:25:13] /m tyranitar
[26/12/2021 07:26:00] /i tyranitarize
[26/12/2021 07:26:02] /i tyranitarite
[26/12/2021 07:26:08] /cb tyranitar
[26/12/2021 07:26:32] /attr set boost 70
[26/12/2021 07:29:35] /i x-critical (tier: 7)
[26/12/2021 07:31:21] /cb ampharos
[26/12/2021 07:31:24] /i ampharosite
[26/12/2021 07:31:36] /attr set boost 70
[26/12/2021 07:32:56] /m dummy
[26/12/2021 07:34:44] /r all
[26/12/2021 07:34:47] /cb shiny marowak
[26/12/2021 07:34:57] /attr set boost 70
[26/12/2021 07:35:28] /i x-vampiric (tier: 7)
[26/12/2021 07:36:01] /m elder electabuzz
[26/12/2021 07:36:02] /m elder electabuzz
[26/12/2021 07:36:02] /m elder electabuzz
[26/12/2021 07:36:02] /m elder electabuzz
[26/12/2021 07:36:02] /m elder electabuzz
[26/12/2021 07:36:02] /m elder electabuzz
[26/12/2021 07:36:02] /m elder electabuzz
[26/12/2021 07:36:02] /m elder electabuzz
[26/12/2021 07:36:02] /m elder electabuzz
[26/12/2021 07:36:02] /m elder electabuzz
[26/12/2021 07:36:02] /m elder electabuzz
[26/12/2021 07:36:02] /m elder electabuzz
[26/12/2021 07:36:02] /m elder electabuzz
[26/12/2021 07:36:02] /m elder electabuzz
[26/12/2021 07:43:52] /i charizardite x
[26/12/2021 07:43:55] /m charizard
[26/12/2021 07:44:12] /cb charizard
[26/12/2021 07:44:24] /attr set boost 70
[26/12/2021 07:45:39] /m mewtwo
[26/12/2021 07:46:53] /attr set boost 100
[26/12/2021 07:46:57] /attr set boost 100
[26/12/2021 07:47:48] /r
[26/12/2021 07:49:00] /cb manectric
[26/12/2021 07:49:17] /cb crystal onyx
[26/12/2021 07:49:24] /cb shiny onix
[26/12/2021 07:49:27] /cb shiny onyx
[26/12/2021 07:49:35] /cb crystal onix
[26/12/2021 07:50:03] /i gardevoirite
[26/12/2021 07:50:07] /cb gardevoir
[26/12/2021 07:51:48] /goto celebi
[26/12/2021 07:52:06] /goto shiny tyranitar
[26/12/2021 07:52:17] /goto shiny abra
[26/12/2021 07:52:26] /goto mew
[26/12/2021 07:52:28] /goto mew
[26/12/2021 07:52:40] /m celebi
[26/12/2021 07:53:06] /r
[26/12/2021 07:53:11] /t
[26/12/2021 07:55:33] /r all
[26/12/2021 07:55:40] /r
[26/12/2021 07:59:48] /cb glalie
[26/12/2021 07:59:50] /i glalite
[26/12/2021 08:16:03] /cb shiny arcanine
[26/12/2021 08:18:19] /cb shiny jolteon
[26/12/2021 08:18:29] /attr set boost 70
[26/12/2021 08:18:33] /m dummy
[28/12/2021 17:21:56] /r all
[28/12/2021 17:22:08] /i 15646
[28/12/2021 17:22:24] /i 17228
[28/12/2021 17:25:32] /r all
[28/12/2021 17:26:33] /i 17228
[28/12/2021 17:31:14] /cb clefable
[28/12/2021 17:31:49] /i boost stone
[28/12/2021 17:31:51] /i boost stone
[28/12/2021 17:34:07] /i shiny ticket
[28/12/2021 17:35:32] /clean
[29/12/2021 12:22:15] /cb shiny gallade
[29/12/2021 14:12:31] /cb shiny luxray
[29/12/2021 14:14:17] /i 17228
[29/12/2021 14:17:39] /cb shiny honchkrow
[29/12/2021 14:19:36] /cb shiny empoleon
[29/12/2021 14:21:09] /i honored token
[29/12/2021 14:21:34] /attr set boost 70
[29/12/2021 14:21:45] /i x-attack (tier: 8)
[29/12/2021 14:21:49] /i x-attack (tier: 7)
[29/12/2021 14:23:15] /cb shiny torterra
[29/12/2021 14:24:03] /cb shiny infernape
[29/12/2021 14:24:58] /cb shiny magmortar
[29/12/2021 14:25:52] /attr set boost 70
[29/12/2021 14:54:22] /bc qual foi seu merda inutildark
[29/12/2021 14:55:14] /i device
[29/12/2021 14:55:40] /i x-critical (tier: 7)
[29/12/2021 14:55:56] /m dummy
[29/12/2021 15:02:16] /ghost
[29/12/2021 15:02:19] /goto ultdark
[29/12/2021 15:02:28] /goto salve
[29/12/2021 15:02:36] /r
[29/12/2021 15:03:43] /ghost
[29/12/2021 15:03:52] /cb shiny blaziken
[29/12/2021 15:04:02] /cb shiny swampert
[29/12/2021 15:09:22] /attr set boost 100
[29/12/2021 16:28:18] /m magnetom
[29/12/2021 16:28:20] /m magneton
[29/12/2021 16:28:22] /m magneton
[29/12/2021 16:28:24] /m magneton
[29/12/2021 16:28:27] /i master ball
[29/12/2021 16:29:15] /m magneton
[29/12/2021 16:29:16] /m magneton
[29/12/2021 16:29:16] /m magneton
[29/12/2021 16:29:17] /m magneton
[29/12/2021 16:29:17] /m magneton
[29/12/2021 16:29:17] /m magneton
[29/12/2021 16:29:18] /m magneton
[29/12/2021 16:29:18] /m magneton
[29/12/2021 16:29:18] /m magneton
[29/12/2021 16:29:19] /m magneton
[29/12/2021 16:29:19] /m magneton
[29/12/2021 16:29:19] /m magneton
[29/12/2021 16:29:20] /m magneton
[29/12/2021 16:29:20] /m magneton
[29/12/2021 16:29:21] /m magneton
[29/12/2021 16:29:22] /m magneton
[29/12/2021 16:29:22] /m magneton
[29/12/2021 16:29:23] /m magneton
[29/12/2021 16:29:23] /m magneton
[29/12/2021 16:29:27] /i ultra ball
[29/12/2021 16:30:42] /r
[29/12/2021 16:31:28] /i Attachment Device
[29/12/2021 16:31:32] /i Attachment Device
[29/12/2021 16:33:26] /r
[30/12/2021 09:39:18] /cb shiny gallade
[30/12/2021 09:39:35] /i Attachment Device
[30/12/2021 09:39:44] /i  X-Critical (Tier: 7)
[30/12/2021 09:39:50] /i  X-attack (Tier: 7)
[30/12/2021 09:40:09] /attr set boost 70
[30/12/2021 09:40:17] /m dummy
[30/12/2021 09:40:22] /cb gallade
[30/12/2021 09:42:34] /r all
[30/12/2021 09:42:44] /i y-wing (tier: 7)
[30/12/2021 09:43:09] /cb shiny aerodactyl
[30/12/2021 09:43:13] /cb aerodactyl
[30/12/2021 09:43:18] /i aerodactylite
[30/12/2021 09:43:52] /attr set boost 70
[30/12/2021 09:44:00] /i Attachment Device
[30/12/2021 09:44:51] /cb aerodactyl
[30/12/2021 09:46:32] /t cordova
[30/12/2021 09:47:06] /cb shiny alakazam
[30/12/2021 09:47:27] /i vip
[30/12/2021 09:48:21] /i diamonds
[30/12/2021 09:48:22] /i diamond
[30/12/2021 09:48:27] /i 1722
[30/12/2021 09:48:38] /i alaska diamond
[30/12/2021 09:49:44] /goto metagross
[30/12/2021 09:49:48] /goto magmortar
[30/12/2021 09:49:56] /goto slaking
[30/12/2021 09:49:59] /goto dusknoir
[30/12/2021 09:50:04] /goto electivire
[30/12/2021 09:50:08] /goto magnezone
[30/12/2021 09:50:14] /i revive
[30/12/2021 09:50:24] /m magmortar
[30/12/2021 09:51:24] /cb shiny ditto
[30/12/2021 09:52:00] /goto blaziken
[30/12/2021 09:52:18] /cb shiny tangela
[30/12/2021 09:52:28] /i x-elemental (tier: 7)
[30/12/2021 09:52:37] /i y-cure (tier: 7)
[30/12/2021 09:52:44] /attr set boost 100
[30/12/2021 09:53:35] /i Attachment Device
[30/12/2021 09:53:45] /i x-lucky (tier: 7)
[30/12/2021 09:54:06] /r
[30/12/2021 09:54:10] /cb shiny tangela
[30/12/2021 09:54:21] /attr set boost 100
[30/12/2021 09:55:55] /t
[03/01/2022 09:50:07] /cb shiny empoleon
[03/01/2022 09:50:15] /attr set boost 70
[03/01/2022 11:34:29] /cb alakazam
[03/01/2022 11:34:32] /i alakazite
[03/01/2022 11:34:48] /attr set boost 70
[03/01/2022 11:35:33] /m dummy
[03/01/2022 11:39:12] /m shiny scyther
[03/01/2022 11:40:41] /m shiny scyther
[03/01/2022 11:40:42] /m shiny scyther
[03/01/2022 11:40:42] /m shiny scyther
[03/01/2022 11:40:43] /m shiny scyther
[03/01/2022 11:40:43] /m shiny scyther
[03/01/2022 11:43:44] /cb shiny gyarados
[03/01/2022 11:44:07] /attr set boost 70
[15/01/2022 14:43:00] !saque valor 6022
[15/01/2022 14:43:11] !saque 6022
[15/01/2022 14:58:28] !saldo
[15/01/2022 14:59:35] !saldo
