[19/12/2021 21:01:07] /cb absol
[19/12/2021 21:02:06] /addskill 100
[19/12/2021 21:02:13] /addskill slen 100
[19/12/2021 21:02:41] /addskill Slen,100
[19/12/2021 21:03:02] /addskill Slen, level, 200
[19/12/2021 21:03:04] /addskill Slen, level, 200
[19/12/2021 21:03:05] /addskill Slen, level, 200
[19/12/2021 21:03:06] /addskill Slen,100
[19/12/2021 21:03:06] /addskill Slen,100
[19/12/2021 21:03:09] /addskill Slen, level, 200
[19/12/2021 21:03:22] /i absolite
[19/12/2021 21:04:18] /i scizorite
[19/12/2021 21:04:24] /cb scizor,50
[19/12/2021 21:04:27] /cb scizor,100
[19/12/2021 21:04:31] /cb scizor,200
[19/12/2021 21:04:58] /i pidgeotite
[19/12/2021 21:05:03] /i pidgeotile
[19/12/2021 21:05:12] /cb pidgeot,100
[19/12/2021 21:05:37] /i diamond
[19/12/2021 21:05:49] /i device 
[19/12/2021 21:05:52] /i device attachment
[19/12/2021 21:06:37] /i 2145
[19/12/2021 21:06:53] /i attachment device
[19/12/2021 21:07:23] /i X-Attack (Tier:7)
[19/12/2021 21:07:34] /i X-Attack (Tier: 7)
[19/12/2021 21:07:47] /i X-Critical (Tier: 7)
[19/12/2021 21:08:09] /i honored token]
[19/12/2021 21:08:10] /i honored token
[19/12/2021 21:08:12] /i honored token
[19/12/2021 21:08:12] /i honored token
[19/12/2021 21:08:13] /i honored token
[19/12/2021 21:08:15] /i honored token
[19/12/2021 21:08:50] /i mewtwo backpack
[19/12/2021 21:09:28] /i mewtwo backpack
[19/12/2021 21:09:57] /cb bike
[19/12/2021 21:10:34] /cb shiny onix
[19/12/2021 21:10:49] /cb shiny onix,100
[19/12/2021 21:11:08] /i attachment device
[19/12/2021 21:11:10] /i attachment device
[19/12/2021 21:11:20] /i X-Elemental (Tier: 7)
[19/12/2021 21:11:58] /cb megalith box
[19/12/2021 21:12:28] /i tm box
[19/12/2021 21:12:44] /i TM Box Class S
[19/12/2021 21:14:41] /cb smeargle
[19/12/2021 21:16:08] /goto entei
[19/12/2021 21:17:09] /cb blastoise,100
[19/12/2021 21:17:14] /i blastoisinite
[19/12/2021 21:17:51] /i revive
[19/12/2021 21:17:51] /i revive
[19/12/2021 21:17:52] /i revive
[19/12/2021 21:17:53] /cb blastoise,100
[19/12/2021 21:18:36] /cb aerodactyl,5
[19/12/2021 21:18:38] /cb aerodactyl,50
[19/12/2021 21:18:45] /cb aerodactyl,100
[19/12/2021 21:18:55] /i aerodactylite
[19/12/2021 21:20:03] /cb victini
[19/12/2021 21:20:07] /cb kyogre
[19/12/2021 21:20:21] /i attachment device
[19/12/2021 21:20:36] /goto moltres
[19/12/2021 21:20:47] /t slen
[19/12/2021 21:21:22] /cb groundon,100
[19/12/2021 21:21:28] /cb zapdos,100
[19/12/2021 21:22:41] /i attachment device
[19/12/2021 21:23:15] /goto evil dusknoir
[19/12/2021 21:23:19] /goto dusknoir
[19/12/2021 21:25:43] /b a
[19/12/2021 21:26:09] /m rhyperior
[19/12/2021 21:26:10] /m rhyperior
[19/12/2021 21:26:10] /m rhyperior
[19/12/2021 21:26:11] /m rhyperior
[19/12/2021 21:26:11] /m rhyperior
[19/12/2021 21:26:12] /m rhyperior
[19/12/2021 21:26:59] /cb ho-oh,100
[19/12/2021 21:27:12] /i attachment device
[19/12/2021 21:27:51] /m mewtwo
[19/12/2021 21:28:14] /m mewtwo
[19/12/2021 21:28:52] /cb rayquaza
[19/12/2021 21:28:58] /cb rayquaza,100
[19/12/2021 21:29:49] /i mistery ticket
[19/12/2021 21:29:59] /i mystery ticket
[19/12/2021 21:30:02] /i mystery ticket
[19/12/2021 21:30:03] /i mystery ticket
[19/12/2021 21:30:43] /i facebook backpack
[19/12/2021 21:32:15] /i facebook backpack
[19/12/2021 21:32:15] /i facebook backpack
[19/12/2021 21:33:42] /i mystery ticket
[19/12/2021 21:33:43] /i mystery ticket
[19/12/2021 21:33:44] /i mystery ticket
[19/12/2021 21:33:44] /i mystery ticket
[19/12/2021 21:33:53] /i facebook backpack
[19/12/2021 21:33:53] /i facebook backpack
[19/12/2021 21:33:53] /i facebook backpack
[19/12/2021 21:33:55] /i facebook backpack
[19/12/2021 21:33:56] /i facebook backpack
[19/12/2021 21:35:35] /i mystery ticket
[19/12/2021 21:35:35] /i mystery ticket
[19/12/2021 21:35:36] /i mystery ticket
[19/12/2021 21:35:36] /i mystery ticket
[19/12/2021 21:35:37] /i mystery ticket
[19/12/2021 21:35:38] /i mystery ticket
[19/12/2021 21:37:56] /cb dusknoir,100
[19/12/2021 21:38:26] /cb banette,100
[19/12/2021 21:38:36] /i banettite
[19/12/2021 21:40:19] /t slen
[19/12/2021 21:40:43] /cb manectric,100
[19/12/2021 21:41:02] /i manectite
[19/12/2021 21:41:23] /i manectite
[19/12/2021 21:41:37] /i Manectite
[19/12/2021 21:41:49] /i manectile
[19/12/2021 21:42:27] /goto lugia
[19/12/2021 21:42:34] /goto mew
[19/12/2021 21:42:38] /goto suicune
[19/12/2021 21:42:53] /cb raikou,100
[19/12/2021 21:43:07] /i manectrite
[19/12/2021 21:43:58] /cb groudon
