[19/12/2021 21:00:28] /m manetric
[19/12/2021 21:00:37] /cb kyogre
[19/12/2021 21:01:18] /cb shiny ursaring
[19/12/2021 21:02:49] /goto glalie
[19/12/2021 21:03:04] /goto lugia
[19/12/2021 21:03:32] /i 
[19/12/2021 21:03:35] /i shiny stone
[19/12/2021 21:03:43] /cb Lugia
[19/12/2021 21:03:46] /t
[19/12/2021 21:04:13] /i honored token
[19/12/2021 21:04:18] /r
[19/12/2021 21:04:21] /i honored token
[19/12/2021 21:04:23] /i honored token
[19/12/2021 21:04:25] /i honored token
[19/12/2021 21:04:26] /i honored token
[19/12/2021 21:05:07] /i Superball Backpack
[19/12/2021 21:06:14] /i diamonds
[19/12/2021 21:06:16] /i diamond
[19/12/2021 21:06:23] /i alaska diamon
[19/12/2021 21:06:24] /i alaska diamond
[19/12/2021 21:07:15] /i mystery ticket
[19/12/2021 21:07:15] /i mystery ticket
[19/12/2021 21:08:30] /r all
[19/12/2021 21:08:39] /r all
[19/12/2021 21:08:46] /i mega box
[19/12/2021 21:09:19] /i honored tokem
[19/12/2021 21:09:20] /i honored token
[19/12/2021 21:09:22] /i honored token
[19/12/2021 21:09:23] /i honored token
[19/12/2021 21:09:43] /r
[19/12/2021 21:12:17] /cb bannete
[19/12/2021 21:12:25] /cb Banette
[19/12/2021 21:13:01] /cb Kangaskhan
[19/12/2021 21:15:28] /r all
[19/12/2021 21:15:38] /r all
[19/12/2021 21:16:31] /r
[19/12/2021 21:16:34] /r
[19/12/2021 21:25:11] /down
[19/12/2021 21:25:15] /up
[19/12/2021 21:25:17] /down
[19/12/2021 21:25:23] /up
[19/12/2021 21:25:24] /up
[19/12/2021 21:25:25] /up
[19/12/2021 21:25:26] /up
[19/12/2021 21:25:28] /down
[19/12/2021 21:25:30] /down
[19/12/2021 21:25:30] /down
[19/12/2021 21:25:30] /down
[19/12/2021 21:25:35] /cb mew
[19/12/2021 21:25:48] /b maricom
[19/12/2021 21:25:55] /m Mew
[19/12/2021 21:26:57] /cb celebi
[19/12/2021 21:27:18] /cb groudon
[19/12/2021 21:28:05] /r all
[19/12/2021 21:28:50] /r
[19/12/2021 21:29:18] /cb dusknoir
[19/12/2021 21:33:46] /clean
[19/12/2021 21:34:31] /i superball backpack
[19/12/2021 21:34:31] /i superball backpack
[19/12/2021 21:34:32] /i superball backpack
[19/12/2021 21:35:56] /i mystery ticket
[19/12/2021 21:35:57] /i mystery ticket
[19/12/2021 21:35:57] /i mystery ticket
[19/12/2021 21:35:58] /i mystery ticket
[19/12/2021 21:36:47] /i superball backpack
[19/12/2021 21:36:47] /i superball backpack
[19/12/2021 21:37:00] /i superball backpack
[19/12/2021 21:37:00] /i superball backpack
[19/12/2021 21:37:00] /i superball backpack
[19/12/2021 21:37:01] /i superball backpack
[19/12/2021 21:37:02] /i superball backpack
[19/12/2021 21:38:08] /i 15446
[19/12/2021 21:38:39] /i 15448
[19/12/2021 21:38:44] /i 15447
[19/12/2021 21:38:47] /r
[19/12/2021 21:38:49] /r
[19/12/2021 21:39:01] /r all
[19/12/2021 21:47:02] /m grovyle
[19/12/2021 21:54:40] /m kirlia
[19/12/2021 21:54:46] /r
[19/12/2021 21:54:55] /cb cradily
[19/12/2021 21:55:07] /r
[19/12/2021 22:23:28] /a 1
[19/12/2021 22:23:29] /a  20
[19/12/2021 22:36:13] /a 30
[19/12/2021 22:36:17] /a 5
[19/12/2021 22:36:18] /a 5
[19/12/2021 22:36:45] /giveitem shiny box
[19/12/2021 22:36:55] /giveitem Diamonds
[19/12/2021 22:37:05] /giveitem Colbur Charm
[19/12/2021 22:37:14] /demote
[19/12/2021 22:37:20] /demote 1
[19/12/2021 22:37:21] /demote on
[19/12/2021 22:37:23] /demote off
[19/12/2021 22:37:40] /cliport
[19/12/2021 23:11:15] /a
[19/12/2021 23:11:16] /a
[19/12/2021 23:11:22] /a 
[19/12/2021 23:11:24] /a 
[19/12/2021 23:11:30] /a
[19/12/2021 23:11:31] /a
[19/12/2021 23:11:31] /a
[19/12/2021 23:11:32] /a
[19/12/2021 23:11:32] /a
[19/12/2021 23:11:39] /a 2
[19/12/2021 23:11:46] /ghost
[19/12/2021 23:11:50] /ghost
[19/12/2021 23:33:10] /clean
[22/12/2021 23:14:17] /c Mabel
[22/12/2021 23:14:24] /i 17228
[22/12/2021 23:14:25] /i 17228
[22/12/2021 23:17:31] /i megalith box
[22/12/2021 23:17:35] /i megalith box
[22/12/2021 23:17:43] /cb Manetric
[22/12/2021 23:17:46] /cb Manectric
[22/12/2021 23:17:54] /cb electrike
[22/12/2021 23:19:46] /a 3
[22/12/2021 23:20:05] /a
[22/12/2021 23:20:05] /a
[22/12/2021 23:22:02] /r all
[22/12/2021 23:22:07] /cb Glalie
[22/12/2021 23:25:14] /cb Kangaskhan
[22/12/2021 23:25:44] /r
[22/12/2021 23:25:46] /r
[22/12/2021 23:25:48] /r
[22/12/2021 23:25:54] /cb Tyranitar
[22/12/2021 23:26:08] /i Tyranitarite
[22/12/2021 23:27:32] /cb Aerodactyl
[22/12/2021 23:27:39] /cb Aerodactylite
[22/12/2021 23:27:44] /i Aerodactylite
[22/12/2021 23:28:41] /i Raichuite
[22/12/2021 23:28:49] /i mega aggron
[22/12/2021 23:28:59] /i sablyenite
[22/12/2021 23:29:02] /cb sableye
[22/12/2021 23:30:11] /i sableynite
[22/12/2021 23:30:15] /i sableyenite
[22/12/2021 23:30:17] /i sableyeite
[22/12/2021 23:30:43] /r all
[22/12/2021 23:31:17] /r all
[22/12/2021 23:31:22] /cb Venusaur
[22/12/2021 23:31:26] /cb Banette
[22/12/2021 23:32:09] /cliport off
[22/12/2021 23:34:14] /attr health
[22/12/2021 23:34:16] /attr health 1000
[22/12/2021 23:35:25] /m dummy
[22/12/2021 23:35:31] /r
[22/12/2021 23:35:55] /r
[22/12/2021 23:35:57] /r
[22/12/2021 23:35:57] /r
[22/12/2021 23:36:00] /r
[22/12/2021 23:36:00] /r
[22/12/2021 23:36:02] /r
[22/12/2021 23:36:03] /r
[22/12/2021 23:36:04] /r
[22/12/2021 23:36:04] /r
[22/12/2021 23:36:06] /r
[22/12/2021 23:36:06] /r
[22/12/2021 23:40:55] /cb magikarp
[22/12/2021 23:41:40] /m Dummy
[22/12/2021 23:42:49] /m Dummy
[22/12/2021 23:42:51] /m Dummy
[22/12/2021 23:42:53] /m Dummy
[22/12/2021 23:43:49] /m Dummy
[22/12/2021 23:44:09] /m Dummy
[22/12/2021 23:49:25] /i revive
[22/12/2021 23:49:36] /i 3143
[22/12/2021 23:49:39] /r
[22/12/2021 23:49:41] /r
[22/12/2021 23:50:17] /i Metal Stone
[22/12/2021 23:50:24] /c mabel
[22/12/2021 23:50:28] /i 2161
[22/12/2021 23:51:05] /goto mabel
[22/12/2021 23:51:08] /goto mabel
[22/12/2021 23:51:16] /goto Mabel
[22/12/2021 23:51:18] /goto Mabel
[22/12/2021 23:51:20] /goto Mabel
[22/12/2021 23:51:22] /up
[22/12/2021 23:51:22] /up
[22/12/2021 23:51:24] /up
[22/12/2021 23:51:24] /up
[22/12/2021 23:51:29] /up
[22/12/2021 23:51:48] /cb Girafarig
[22/12/2021 23:52:03] /cb Enigmatic Girafairg
[22/12/2021 23:52:05] /cb Enigmatic Girafarig
[22/12/2021 23:52:15] /r
[22/12/2021 23:52:25] /i Bike
[22/12/2021 23:52:55] /a 20
[22/12/2021 23:52:56] /a 20
[22/12/2021 23:52:57] /a 20
[22/12/2021 23:52:58] /a 20
[22/12/2021 23:52:58] /a 20
[22/12/2021 23:52:59] /a 20
[22/12/2021 23:53:00] /a 20
[22/12/2021 23:53:01] /a 20
[22/12/2021 23:53:02] /a 20
[22/12/2021 23:53:04] /a 20
[22/12/2021 23:53:06] /a 5
[22/12/2021 23:53:09] /a 5
[22/12/2021 23:53:09] /a 5
[22/12/2021 23:53:17] /cb Raikou
[22/12/2021 23:53:52] /t
[22/12/2021 23:54:19] /town 3
[22/12/2021 23:54:21] /town 2
[22/12/2021 23:54:31] /n Guru
[22/12/2021 23:54:45] /attr addskill, fishing, 100
[22/12/2021 23:54:49] /attr addskill, fishing,100
[22/12/2021 23:54:52] /attr addskill, fishing
[22/12/2021 23:56:08] /addskill Soulie, Fishing, 100
[22/12/2021 23:56:14] /addskill Soulie, Fishing, 100
[22/12/2021 23:56:21] /addskill Soulie, Fishing, 10
[22/12/2021 23:56:22] /addskill Soulie, Fishing, 10
[22/12/2021 23:56:23] /addskill Soulie, Fishing, 10
[22/12/2021 23:56:57] /i mater ball
[22/12/2021 23:57:00] /i master ball
[22/12/2021 23:57:11] /i Net ball
[23/12/2021 00:00:35] /i ultra ball
[23/12/2021 00:00:42] /c mabel
[23/12/2021 00:01:01] /a 5
[23/12/2021 00:03:32] /m Blastoise
[23/12/2021 00:03:32] /m Blastoise
[23/12/2021 00:03:32] /m Blastoise
[23/12/2021 00:03:32] /m Blastoise
[23/12/2021 00:03:33] /m Blastoise
[23/12/2021 00:03:33] /m Blastoise
[23/12/2021 00:03:34] /m Blastoise
[23/12/2021 00:03:34] /m Blastoise
[23/12/2021 00:03:34] /m Blastoise
[23/12/2021 00:03:35] /m Blastoise
[23/12/2021 00:03:35] /m Blastoise
[23/12/2021 00:03:35] /m Blastoise
[23/12/2021 00:03:35] /m Blastoise
[23/12/2021 00:03:35] /m Blastoise
[23/12/2021 00:03:35] /m Blastoise
[23/12/2021 00:03:36] /m Blastoise
[23/12/2021 00:03:36] /m Blastoise
[23/12/2021 00:03:36] /m Blastoise
[23/12/2021 00:03:36] /m Blastoise
[23/12/2021 00:03:37] /m Blastoise
[23/12/2021 00:03:37] /m Blastoise
[23/12/2021 00:04:07] /m Gardevoir
[23/12/2021 00:04:07] /m Gardevoir
[23/12/2021 00:04:08] /m Gardevoir
[23/12/2021 00:04:08] /m Gardevoir
[23/12/2021 00:04:08] /m Gardevoir
[23/12/2021 00:04:08] /m Gardevoir
[23/12/2021 00:04:09] /m Gardevoir
[23/12/2021 00:04:09] /m Gardevoir
[23/12/2021 00:04:09] /m Gardevoir
[23/12/2021 00:04:10] /m Gardevoir
[23/12/2021 00:05:21] /m sableye
[23/12/2021 00:05:21] /m sableye
[23/12/2021 00:05:21] /m sableye
[23/12/2021 00:05:22] /m sableye
[23/12/2021 00:05:22] /m sableye
[23/12/2021 00:05:23] /m sableye
[23/12/2021 00:05:25] /m sableye
[23/12/2021 00:06:11] /cb sableye
[23/12/2021 00:06:58] /cb Venusaur
[23/12/2021 00:07:04] /i Venusarite
[23/12/2021 00:07:11] /m Venusaur
[23/12/2021 00:07:20] /m Venusaur
[23/12/2021 00:07:21] /m Venusaur
[23/12/2021 00:07:22] /m Venusaur
[23/12/2021 00:07:22] /m Venusaur
[23/12/2021 00:07:22] /m Venusaur
[23/12/2021 00:07:23] /m Venusaur
[23/12/2021 00:07:23] /m Venusaur
[23/12/2021 00:07:24] /m Venusaur
[23/12/2021 00:07:52] /r all
[23/12/2021 00:07:55] /t
[23/12/2021 00:08:30] /cb Suicune
[23/12/2021 00:08:41] /r all
[23/12/2021 00:08:57] /m glalie
[23/12/2021 00:09:30] /cb Glalie
[23/12/2021 00:10:06] /goto Crystal Onix
[23/12/2021 00:10:10] /goto Onix
[23/12/2021 00:11:13] /cb Wigglytuff
[23/12/2021 00:12:19] /goto glalie
[23/12/2021 00:13:01] /m sunkern
[23/12/2021 00:13:15] /goto Lugia
[23/12/2021 00:13:17] /goto Mewtwo
[23/12/2021 00:13:20] /goto Mew
[23/12/2021 00:13:33] /a 5
[23/12/2021 00:13:58] /a 15
[23/12/2021 00:14:10] /cb Unown Legion
[23/12/2021 00:14:12] /t
[23/12/2021 00:16:00] /goto Hariyama
[23/12/2021 00:16:44] /t
[23/12/2021 00:16:52] /i 16689
[23/12/2021 00:17:08] /r
[23/12/2021 00:17:15] /goto Seviper
[23/12/2021 00:17:43] /up
[23/12/2021 00:17:44] /up
[23/12/2021 00:17:47] /up
[23/12/2021 00:17:48] /up
[23/12/2021 00:17:49] /up
[23/12/2021 00:17:49] /up
[23/12/2021 00:17:52] /down
[23/12/2021 00:18:22] /goto Unown Legion
[23/12/2021 00:18:40] /t
[23/12/2021 00:18:43] /cb Swellow
[23/12/2021 00:19:35] /cb Shelgon
[23/12/2021 00:19:47] /cb Slowbro
[23/12/2021 00:19:52] /i Slowbronite
[23/12/2021 00:20:50] /r All
[23/12/2021 00:21:06] /r ALl
[23/12/2021 00:21:28] /m Scizor
[23/12/2021 00:21:55] /cb Scizor
[23/12/2021 00:22:41] /goto bannete
[23/12/2021 00:22:44] /goto banette
[23/12/2021 00:22:59] /cliport on
[23/12/2021 00:23:53] /cb Magmortar
[23/12/2021 00:24:06] /attr Boost 100
[23/12/2021 00:25:05] /attr set boost
[23/12/2021 00:25:09] /attr set boost 5
[23/12/2021 00:25:13] /attr set boost 100
[23/12/2021 00:25:17] /attr set boost 300
[23/12/2021 00:25:51] /i event Coin
[23/12/2021 00:25:54] /t
[23/12/2021 00:26:06] /i Event Token
[23/12/2021 00:26:11] /i Event Tokens
[23/12/2021 00:26:16] /town 1
[23/12/2021 00:26:17] /town 2
[23/12/2021 00:26:19] /town 
[23/12/2021 00:26:20] /town 5
[23/12/2021 00:26:22] /town 6
[23/12/2021 00:26:23] /town 7
[23/12/2021 00:26:25] /town 6
[23/12/2021 00:26:43] /town 7
[23/12/2021 00:26:45] /town 8
[23/12/2021 00:26:50] /town 9
[23/12/2021 00:26:55] /town 10
[23/12/2021 00:26:59] /town 4
[23/12/2021 00:27:01] /town 3
[23/12/2021 00:27:03] /town 2
[23/12/2021 00:27:04] /town 3
[23/12/2021 00:27:19] /goto Flygon
[23/12/2021 00:27:37] /up
[23/12/2021 00:27:38] /up
[23/12/2021 00:27:47] /cb Shiny Ditto
[23/12/2021 00:27:52] /s Flygon
[23/12/2021 00:27:57] /s Swampert
[23/12/2021 00:28:00] /s Lucario
[23/12/2021 00:28:19] /r
[23/12/2021 00:28:30] /goto Flygfon
[23/12/2021 00:28:32] /goto Flygon
[23/12/2021 00:29:06] /up
[23/12/2021 00:30:04] /cb Lombre
[23/12/2021 00:30:10] /i Leaf sotne
[23/12/2021 00:30:11] /i Leaf stone
[23/12/2021 00:30:25] /cb Shiny Ludicolo
[23/12/2021 00:30:32] /cb Ludicolo
[23/12/2021 00:33:14] /a 5
[23/12/2021 00:33:14] /a 5
[23/12/2021 00:33:14] /a 5
[23/12/2021 00:33:14] /a 5
[23/12/2021 00:33:14] /a 5
[23/12/2021 00:33:14] /a 5
[23/12/2021 00:33:14] /a 5
[23/12/2021 00:33:14] /a 5
[23/12/2021 00:33:14] /a 5
[23/12/2021 00:33:14] /a 5
[23/12/2021 00:33:14] /a 5
[23/12/2021 00:33:15] /a 5
[23/12/2021 00:33:15] /a 5
[23/12/2021 00:33:15] /a 5
[23/12/2021 00:33:15] /a 5
[23/12/2021 00:33:15] /a 5
[23/12/2021 00:33:15] /a 5
[23/12/2021 00:33:15] /a 5
[23/12/2021 00:33:15] /a 5
[23/12/2021 00:33:15] /a 5
[23/12/2021 00:33:16] /a 5
[23/12/2021 00:33:16] /a 5
[23/12/2021 00:33:16] /a 5
[23/12/2021 00:33:16] /a 5
[23/12/2021 00:33:16] /a 5
[23/12/2021 00:33:17] /a 5
[23/12/2021 00:33:17] /a 5
[23/12/2021 00:33:17] /a 5
[23/12/2021 00:33:17] /a 5
[23/12/2021 00:33:17] /a 5
[23/12/2021 00:33:18] /a 5
[23/12/2021 00:33:18] /a 5
[23/12/2021 00:33:18] /a 5
[23/12/2021 00:33:18] /a 5
[23/12/2021 00:33:18] /a 5
[23/12/2021 00:33:18] /a 5
[23/12/2021 00:33:18] /a 5
[23/12/2021 00:33:18] /a 5
[23/12/2021 00:33:19] /a 5
[23/12/2021 00:33:19] /a 5
[23/12/2021 00:33:19] /a 5
[23/12/2021 00:33:19] /a 5
[23/12/2021 00:33:19] /a 5
[23/12/2021 00:33:19] /a 5
[23/12/2021 00:33:20] /a 5
[23/12/2021 00:33:20] /a 5
[23/12/2021 00:33:20] /a 5
[23/12/2021 00:33:20] /a 5
[23/12/2021 00:33:20] /a 5
[23/12/2021 00:33:20] /a 5
[23/12/2021 00:33:21] /a 5
[23/12/2021 00:33:21] /a 5
[23/12/2021 00:33:21] /a 5
[23/12/2021 00:33:21] /a 5
[23/12/2021 00:33:21] /a 5
[23/12/2021 00:33:22] /a 5
[23/12/2021 00:33:22] /a 5
[23/12/2021 00:33:22] /a 5
[23/12/2021 00:33:22] /a 5
[23/12/2021 00:33:22] /a 5
[23/12/2021 00:33:23] /a 5
[23/12/2021 00:33:23] /a 5
[23/12/2021 00:33:23] /a 5
[23/12/2021 00:33:24] /a 5
[23/12/2021 00:33:24] /a 5
[23/12/2021 00:33:24] /a 5
[23/12/2021 00:33:24] /a 5
[23/12/2021 00:33:25] /a 5
[23/12/2021 00:33:25] /a 5
[23/12/2021 00:33:25] /a 5
[23/12/2021 00:33:26] /a 5
[23/12/2021 00:33:26] /a 5
[23/12/2021 00:33:26] /a 5
[23/12/2021 00:33:27] /a 5
[23/12/2021 00:33:28] /a 5
[23/12/2021 00:33:28] /a 5
[23/12/2021 00:33:28] /a 5
[23/12/2021 00:33:28] /a 5
[23/12/2021 00:33:28] /a 5
[23/12/2021 00:33:28] /a 5
[23/12/2021 00:33:28] /a 5
[23/12/2021 00:33:28] /a 5
[23/12/2021 00:33:29] /a 5
[23/12/2021 00:33:29] /a 5
[23/12/2021 00:33:29] /a 5
[23/12/2021 00:33:29] /a 5
[23/12/2021 00:33:30] /a 5
[23/12/2021 00:33:30] /a 5
[23/12/2021 00:33:30] /a 5
[23/12/2021 00:33:31] /a 5
[23/12/2021 00:33:31] /a 5
[23/12/2021 00:33:31] /a 5
[23/12/2021 00:33:31] /a 5
[23/12/2021 00:33:31] /a 5
[23/12/2021 00:33:31] /a 5
[23/12/2021 00:33:32] /a 5
[23/12/2021 00:33:32] /a 5
[23/12/2021 00:33:32] /a 5
[23/12/2021 00:33:32] /a 5
[23/12/2021 00:33:33] /a 5
[23/12/2021 00:33:33] /a 5
[23/12/2021 00:33:33] /a 5
[23/12/2021 00:33:33] /a 5
[23/12/2021 00:33:34] /a 5
[23/12/2021 00:33:34] /a 5
[23/12/2021 00:33:35] /a 5
[23/12/2021 00:33:35] /a 5
[23/12/2021 00:33:35] /a 5
[23/12/2021 00:33:35] /a 5
[23/12/2021 00:33:35] /a 5
[23/12/2021 00:33:36] /a 5
[23/12/2021 00:33:36] /a 5
[23/12/2021 00:33:37] /a 5
[23/12/2021 00:33:37] /a 5
[23/12/2021 00:33:37] /a 5
[23/12/2021 00:33:37] /a 5
[23/12/2021 00:33:38] /a 5
[23/12/2021 00:33:38] /a 5
[23/12/2021 00:33:38] /a 5
[23/12/2021 00:33:38] /a 5
[23/12/2021 00:33:38] /a 5
[23/12/2021 00:33:39] /a 5
[23/12/2021 00:33:39] /a 5
[23/12/2021 00:33:39] /a 5
[23/12/2021 00:33:39] /a 5
[23/12/2021 00:33:39] /a 5
[23/12/2021 00:33:40] /a 5
[23/12/2021 00:33:40] /a 5
[23/12/2021 00:33:40] /a 5
[23/12/2021 00:33:41] /a 5
[23/12/2021 00:33:41] /a 5
[23/12/2021 00:33:41] /a 5
[23/12/2021 00:33:41] /a 5
[23/12/2021 00:33:42] /a 5
[23/12/2021 00:33:42] /a 5
[23/12/2021 00:33:42] /a 5
[23/12/2021 00:33:42] /a 5
[23/12/2021 00:33:42] /a 5
[23/12/2021 00:33:43] /a 5
[23/12/2021 00:33:43] /a 5
[23/12/2021 00:33:43] /a 5
[23/12/2021 00:33:43] /a 5
[23/12/2021 00:33:44] /a 5
[23/12/2021 00:33:44] /a 5
[23/12/2021 00:33:44] /a 5
[23/12/2021 00:33:44] /a 5
[23/12/2021 00:33:45] /a 5
[23/12/2021 00:33:45] /a 5
[23/12/2021 00:33:45] /a 5
[23/12/2021 00:33:45] /a 5
[23/12/2021 00:33:45] /a 5
[23/12/2021 00:33:46] /a 5
[23/12/2021 00:33:46] /a 5
[23/12/2021 00:33:46] /a 5
[23/12/2021 00:33:46] /a 5
[23/12/2021 00:33:47] /a 5
[23/12/2021 00:33:47] /a 5
[23/12/2021 00:33:47] /a 5
[23/12/2021 00:33:47] /a 5
[23/12/2021 00:33:47] /a 5
[23/12/2021 00:33:48] /a 5
[23/12/2021 00:33:48] /a 5
[23/12/2021 00:33:48] /a 5
[23/12/2021 00:33:48] /a 5
[23/12/2021 00:33:48] /a 5
[23/12/2021 00:33:49] /a 5
[23/12/2021 00:33:49] /a 5
[23/12/2021 00:33:49] /a 5
[23/12/2021 00:33:49] /a 5
[23/12/2021 00:33:50] /a 5
[23/12/2021 00:33:50] /a 5
[23/12/2021 00:33:50] /a 5
[23/12/2021 00:33:50] /a 5
[23/12/2021 00:33:51] /a 5
[23/12/2021 00:33:51] /a 5
[23/12/2021 00:33:51] /a 5
[23/12/2021 00:33:51] /a 5
[23/12/2021 00:33:52] /a 5
[23/12/2021 00:33:52] /a 5
[23/12/2021 00:33:52] /a 5
[23/12/2021 00:33:52] /a 5
[23/12/2021 00:33:53] /a 5
[23/12/2021 00:33:53] /a 5
[23/12/2021 00:33:53] /a 5
[23/12/2021 00:33:54] /a 5
[23/12/2021 00:33:54] /a 5
[23/12/2021 00:33:54] /a 5
[23/12/2021 00:33:55] /a 5
[23/12/2021 00:33:55] /a 5
[23/12/2021 00:33:55] /a 5
[23/12/2021 00:33:56] /a 5
[23/12/2021 00:33:56] /a 5
[23/12/2021 00:33:57] /a 5
[23/12/2021 00:33:57] /a 5
[23/12/2021 00:33:57] /a 5
[23/12/2021 00:33:58] /a 5
[23/12/2021 00:33:58] /a 5
[23/12/2021 00:33:58] /a 5
[23/12/2021 00:33:58] /a 5
[23/12/2021 00:33:59] /a 5
[23/12/2021 00:34:00] /a 5
[23/12/2021 00:34:00] /a 5
[23/12/2021 00:34:01] /a 5
[23/12/2021 00:34:01] /a 5
[23/12/2021 00:34:01] /a 5
[23/12/2021 00:34:02] /a 5
[23/12/2021 00:34:02] /a 5
[23/12/2021 00:34:02] /a 5
[23/12/2021 00:34:02] /a 5
[23/12/2021 00:34:03] /a 5
[23/12/2021 00:34:03] /a 5
[23/12/2021 00:34:03] /a 5
[23/12/2021 00:34:04] /a 5
[23/12/2021 00:34:04] /a 5
[23/12/2021 00:34:05] /a 5
[23/12/2021 00:34:05] /a 5
[23/12/2021 00:34:05] /a 5
[23/12/2021 00:34:05] /a 5
[23/12/2021 00:34:06] /a 5
[23/12/2021 00:34:06] /a 5
[23/12/2021 00:34:07] /a 5
[23/12/2021 00:34:07] /a 5
[23/12/2021 00:34:07] /a 5
[23/12/2021 00:34:08] /a 5
[23/12/2021 00:34:08] /a 5
[23/12/2021 00:34:08] /a 5
[23/12/2021 00:34:09] /a 5
[23/12/2021 00:34:09] /a 5
[23/12/2021 00:34:09] /a 5
[23/12/2021 00:34:10] /a 5
[23/12/2021 00:34:10] /a 5
[23/12/2021 00:34:10] /a 5
[23/12/2021 00:34:11] /a 5
[23/12/2021 00:34:11] /a 5
[23/12/2021 00:34:11] /a 5
[23/12/2021 00:34:11] /a 5
[23/12/2021 00:34:12] /a 5
[23/12/2021 00:34:12] /a 5
[23/12/2021 00:34:12] /a 5
[23/12/2021 00:34:13] /a 5
[23/12/2021 00:34:13] /a 5
[23/12/2021 00:34:13] /a 5
[23/12/2021 00:34:13] /a 5
[23/12/2021 00:34:14] /a 5
[23/12/2021 00:34:15] /a 5
[23/12/2021 00:34:15] /a 5
[23/12/2021 00:34:15] /a 5
[23/12/2021 00:34:15] /a 5
[23/12/2021 00:34:15] /a 5
[23/12/2021 00:34:16] /a 5
[23/12/2021 00:34:16] /a 5
[23/12/2021 00:34:16] /a 5
[23/12/2021 00:34:17] /a 5
[23/12/2021 00:34:17] /a 5
[23/12/2021 00:34:17] /a 5
[23/12/2021 00:34:17] /a 5
[23/12/2021 00:34:17] /a 5
[23/12/2021 00:34:18] /a 5
[23/12/2021 00:34:18] /a 5
[23/12/2021 00:34:18] /a 5
[23/12/2021 00:34:18] /a 5
[23/12/2021 00:34:19] /a 5
[23/12/2021 00:34:19] /a 5
[23/12/2021 00:34:19] /a 5
[23/12/2021 00:34:19] /a 5
[23/12/2021 00:34:20] /a 5
[23/12/2021 00:34:20] /a 5
[23/12/2021 00:34:20] /a 5
[23/12/2021 00:34:20] /a 5
[23/12/2021 00:34:20] /a 5
[23/12/2021 00:34:21] /a 5
[23/12/2021 00:34:21] /a 5
[23/12/2021 00:34:21] /a 5
[23/12/2021 00:34:21] /a 5
[23/12/2021 00:34:22] /a 5
[23/12/2021 00:34:22] /a 5
[23/12/2021 00:34:22] /a 5
[23/12/2021 00:34:22] /a 5
[23/12/2021 00:34:22] /a 5
[23/12/2021 00:34:23] /a 5
[23/12/2021 00:34:23] /a 5
[23/12/2021 00:34:23] /a 5
[23/12/2021 00:34:23] /a 5
[23/12/2021 00:34:24] /a 5
[23/12/2021 00:34:24] /a 5
[23/12/2021 00:34:24] /a 5
[23/12/2021 00:34:24] /a 5
[23/12/2021 00:34:24] /a 5
[23/12/2021 00:34:25] /a 5
[23/12/2021 00:34:25] /a 5
[23/12/2021 00:34:25] /a 5
[23/12/2021 00:34:25] /a 5
[23/12/2021 00:34:26] /a 5
[23/12/2021 00:34:26] /a 5
[23/12/2021 00:34:26] /a 5
[23/12/2021 00:34:26] /a 5
[23/12/2021 00:34:27] /a 5
[23/12/2021 00:34:27] /a 5
[23/12/2021 00:34:27] /a 5
[23/12/2021 00:34:27] /a 5
[23/12/2021 00:34:28] /a 5
[23/12/2021 00:34:28] /a 5
[23/12/2021 00:34:28] /a 5
[23/12/2021 00:34:28] /a 5
[23/12/2021 00:34:28] /a 5
[23/12/2021 00:34:29] /a 5
[23/12/2021 00:34:29] /a 5
[23/12/2021 00:34:29] /a 5
[23/12/2021 00:34:29] /a 5
[23/12/2021 00:34:30] /a 5
[23/12/2021 00:34:30] /a 5
[23/12/2021 00:34:30] /a 5
[23/12/2021 00:34:30] /a 5
[23/12/2021 00:34:30] /a 5
[23/12/2021 00:34:31] /a 5
[23/12/2021 00:34:31] /a 5
[23/12/2021 00:34:31] /a 5
[23/12/2021 00:34:31] /a 5
[23/12/2021 00:34:32] /a 5
[23/12/2021 00:34:32] /a 5
[23/12/2021 00:34:32] /a 5
[23/12/2021 00:34:32] /a 5
[23/12/2021 00:34:32] /a 5
[23/12/2021 00:34:33] /a 5
[23/12/2021 00:34:33] /a 5
[23/12/2021 00:34:33] /a 5
[23/12/2021 00:34:33] /a 5
[23/12/2021 00:34:34] /a 5
[23/12/2021 00:34:34] /a 5
[23/12/2021 00:34:34] /a 5
[23/12/2021 00:34:34] /a 5
[23/12/2021 00:34:35] /a 5
[23/12/2021 00:34:35] /a 5
[23/12/2021 00:34:35] /a 5
[23/12/2021 00:34:35] /a 5
[23/12/2021 00:34:36] /a 5
[23/12/2021 00:34:36] /a 5
[23/12/2021 00:34:36] /a 5
[23/12/2021 00:34:36] /a 5
[23/12/2021 00:34:37] /a 5
[23/12/2021 00:34:37] /a 5
[23/12/2021 00:34:38] /a 5
[23/12/2021 00:34:38] /a 5
[23/12/2021 00:34:38] /a 5
[23/12/2021 00:34:39] /a 5
[23/12/2021 00:34:40] /a 5
[23/12/2021 00:34:41] /a 5
[23/12/2021 00:34:41] /a 5
[23/12/2021 00:34:41] /a 5
[23/12/2021 00:34:42] /a 5
[23/12/2021 00:34:42] /a 5
[23/12/2021 00:34:42] /a 5
[23/12/2021 00:34:42] /a 5
[23/12/2021 00:34:43] /a 5
[23/12/2021 00:34:43] /a 5
[23/12/2021 00:34:43] /a 5
[23/12/2021 00:34:43] /a 5
[23/12/2021 00:34:43] /a 5
[23/12/2021 00:34:43] /a 5
[23/12/2021 00:34:43] /a 5
[23/12/2021 00:34:43] /a 5
[23/12/2021 00:34:43] /a 5
[23/12/2021 00:34:43] /a 5
[23/12/2021 00:34:43] /a 5
[23/12/2021 00:34:43] /a 5
[23/12/2021 00:34:43] /a 5
[23/12/2021 00:34:43] /a 5
[23/12/2021 00:34:43] /a 5
[23/12/2021 00:34:43] /a 5
[23/12/2021 00:34:43] /a 5
[23/12/2021 00:34:43] /a 5
[23/12/2021 00:34:43] /a 5
[23/12/2021 00:34:43] /a 5
[23/12/2021 00:34:43] /a 5
[23/12/2021 00:34:43] /a 5
[23/12/2021 00:34:43] /a 5
[23/12/2021 00:34:43] /a 5
[23/12/2021 00:34:44] /a 5
[23/12/2021 00:34:44] /a 5
[23/12/2021 00:34:44] /a 5
[23/12/2021 00:34:44] /a 5
[23/12/2021 00:34:44] /a 5
[23/12/2021 00:34:44] /a 5
[23/12/2021 00:34:44] /a 5
[23/12/2021 00:34:44] /a 5
[23/12/2021 00:34:44] /a 5
[23/12/2021 00:34:44] /a 5
[23/12/2021 00:34:45] /a 5
[23/12/2021 00:34:45] /a 5
[23/12/2021 00:34:45] /a 5
[23/12/2021 00:34:46] /a 5
[23/12/2021 00:34:46] /a 5
[23/12/2021 00:34:46] /a 5
[23/12/2021 00:34:46] /a 5
[23/12/2021 00:34:46] /a 5
[23/12/2021 00:34:46] /a 5
[23/12/2021 00:34:46] /a 5
[23/12/2021 00:34:46] /a 5
[23/12/2021 00:34:46] /a 5
[23/12/2021 00:34:46] /a 5
[23/12/2021 00:34:46] /a 5
[23/12/2021 00:34:46] /a 5
[23/12/2021 00:34:46] /a 5
[23/12/2021 00:34:46] /a 5
[23/12/2021 00:34:46] /a 5
[23/12/2021 00:34:47] /a 5
[23/12/2021 00:34:47] /a 5
[23/12/2021 00:34:47] /a 5
[23/12/2021 00:34:47] /a 5
[23/12/2021 00:34:47] /a 5
[23/12/2021 00:34:47] /a 5
[23/12/2021 00:34:47] /a 5
[23/12/2021 00:34:47] /a 5
[23/12/2021 00:34:47] /a 5
[23/12/2021 00:34:47] /a 5
[23/12/2021 00:34:47] /a 5
[23/12/2021 00:34:47] /a 5
[23/12/2021 00:34:47] /a 5
[23/12/2021 00:34:47] /a 5
[23/12/2021 00:34:47] /a 5
[23/12/2021 00:34:48] /a 5
[23/12/2021 00:34:48] /a 5
[23/12/2021 00:34:49] /a 5
[23/12/2021 00:34:49] /a 5
[23/12/2021 00:34:49] /a 5
[23/12/2021 00:34:49] /a 5
[23/12/2021 00:34:50] /a 5
[23/12/2021 00:34:50] /a 5
[23/12/2021 00:34:50] /a 5
[23/12/2021 00:34:55] /cb shiny charizard
[23/12/2021 00:36:06] /a 5
[23/12/2021 00:36:06] /a 5
[23/12/2021 00:36:07] /a 5
[23/12/2021 00:36:09] /a 5
[23/12/2021 00:36:10] /a 5
[23/12/2021 00:36:10] /a 5
[23/12/2021 00:36:11] /a 5
[23/12/2021 00:36:11] /a 5
[23/12/2021 00:36:13] /a 5
[23/12/2021 00:36:13] /a 5
[23/12/2021 00:36:14] /a 5
[23/12/2021 00:36:14] /a 5
[23/12/2021 00:36:15] /a 5
[23/12/2021 00:36:15] /a 5
[23/12/2021 00:36:15] /a 5
[23/12/2021 00:36:15] /a 5
[23/12/2021 00:36:16] /a 5
[23/12/2021 00:36:16] /a 5
[23/12/2021 00:36:17] /a 5
[23/12/2021 00:36:17] /a 5
[23/12/2021 00:36:18] /a 5
[23/12/2021 00:36:18] /a 5
[23/12/2021 00:36:18] /a 5
[23/12/2021 00:36:18] /a 5
[23/12/2021 00:36:18] /a 5
[23/12/2021 00:36:19] /a 5
[23/12/2021 00:36:19] /a 5
[23/12/2021 00:36:20] /a 5
[23/12/2021 00:36:20] /a 5
[23/12/2021 00:36:20] /a 5
[23/12/2021 00:36:20] /a 5
[23/12/2021 00:36:20] /a 5
[23/12/2021 00:36:20] /a 5
[23/12/2021 00:36:21] /a 5
[23/12/2021 00:36:21] /a 5
[23/12/2021 00:36:21] /a 5
[23/12/2021 00:36:21] /a 5
[23/12/2021 00:36:22] /a 5
[23/12/2021 00:36:22] /a 5
[23/12/2021 00:36:22] /a 5
[23/12/2021 00:36:22] /a 5
[23/12/2021 00:36:23] /a 5
[23/12/2021 00:36:23] /a 5
[23/12/2021 00:36:23] /a 5
[23/12/2021 00:36:23] /a 5
[23/12/2021 00:36:23] /a 5
[23/12/2021 00:36:24] /a 5
[23/12/2021 00:36:24] /a 5
[23/12/2021 00:36:24] /a 5
[23/12/2021 00:36:24] /a 5
[23/12/2021 00:36:24] /a 5
[23/12/2021 00:36:25] /a 5
[23/12/2021 00:36:25] /a 5
[23/12/2021 00:36:25] /a 5
[23/12/2021 00:36:25] /a 5
[23/12/2021 00:36:25] /a 5
[23/12/2021 00:36:26] /a 5
[23/12/2021 00:36:26] /a 5
[23/12/2021 00:36:26] /a 5
[23/12/2021 00:36:26] /a 5
[23/12/2021 00:36:26] /a 5
[23/12/2021 00:36:27] /a 5
[23/12/2021 00:36:27] /a 5
[23/12/2021 00:36:27] /a 5
[23/12/2021 00:36:28] /a 5
[23/12/2021 00:36:28] /a 5
[23/12/2021 00:36:28] /a 5
[23/12/2021 00:36:28] /a 5
[23/12/2021 00:36:28] /a 5
[23/12/2021 00:36:29] /a 5
[23/12/2021 00:36:29] /a 5
[23/12/2021 00:36:29] /a 5
[23/12/2021 00:36:29] /a 5
[23/12/2021 00:36:30] /a 5
[23/12/2021 00:36:30] /a 5
[23/12/2021 00:36:30] /a 5
[23/12/2021 00:36:31] /a 5
[23/12/2021 00:36:31] /a 5
[23/12/2021 00:36:31] /a 5
[23/12/2021 00:36:32] /a 5
[23/12/2021 00:36:32] /a 5
[23/12/2021 00:36:32] /a 5
[23/12/2021 00:36:32] /a 5
[23/12/2021 00:36:32] /a 5
[23/12/2021 00:36:33] /a 5
[23/12/2021 00:36:33] /a 5
[23/12/2021 00:36:33] /a 5
[23/12/2021 00:36:34] /a 5
[23/12/2021 00:36:34] /a 5
[23/12/2021 00:36:34] /a 5
[23/12/2021 00:36:34] /a 5
[23/12/2021 00:36:34] /a 5
[23/12/2021 00:36:34] /a 5
[23/12/2021 00:36:34] /a 5
[23/12/2021 00:36:35] /a 5
[23/12/2021 00:36:35] /a 5
[23/12/2021 00:36:35] /a 5
[23/12/2021 00:36:35] /a 5
[23/12/2021 00:36:36] /a 5
[23/12/2021 00:36:36] /a 5
[23/12/2021 00:36:36] /a 5
[23/12/2021 00:36:36] /a 5
[23/12/2021 00:36:36] /a 5
[23/12/2021 00:36:37] /a 5
[23/12/2021 00:36:37] /a 5
[23/12/2021 00:36:37] /a 5
[23/12/2021 00:36:38] /a 5
[23/12/2021 00:36:39] /a 5
[23/12/2021 00:36:39] /a 5
[23/12/2021 00:36:39] /a 5
[23/12/2021 00:36:40] /a 5
[23/12/2021 00:36:40] /a 5
[23/12/2021 00:36:40] /a 5
[23/12/2021 00:36:40] /a 5
[23/12/2021 00:36:40] /a 5
[23/12/2021 00:36:41] /a 5
[23/12/2021 00:36:41] /a 5
[23/12/2021 00:36:41] /a 5
[23/12/2021 00:36:41] /a 5
[23/12/2021 00:36:43] /a 5
[23/12/2021 00:36:44] /a 5
[23/12/2021 00:36:44] /a 5
[23/12/2021 00:36:44] /a 5
[23/12/2021 00:36:44] /a 5
[23/12/2021 00:36:44] /a 5
[23/12/2021 00:36:44] /a 5
[23/12/2021 00:36:44] /a 5
[23/12/2021 00:36:44] /a 5
[23/12/2021 00:36:44] /a 5
[23/12/2021 00:36:44] /a 5
[23/12/2021 00:36:44] /a 5
[23/12/2021 00:36:44] /a 5
[23/12/2021 00:36:44] /a 5
[23/12/2021 00:36:44] /a 5
[23/12/2021 00:36:44] /a 5
[23/12/2021 00:36:44] /a 5
[23/12/2021 00:36:44] /a 5
[23/12/2021 00:36:44] /a 5
[23/12/2021 00:36:44] /a 5
[23/12/2021 00:36:44] /a 5
[23/12/2021 00:36:44] /a 5
[23/12/2021 00:36:44] /a 5
[23/12/2021 00:36:44] /a 5
[23/12/2021 00:36:44] /a 5
[23/12/2021 00:36:44] /a 5
[23/12/2021 00:36:45] /a 5
[23/12/2021 00:36:45] /a 5
[23/12/2021 00:36:46] /a 5
[23/12/2021 00:36:47] /a 5
[23/12/2021 00:36:47] /a 5
[23/12/2021 00:36:47] /a 5
[23/12/2021 00:36:47] /a 5
[23/12/2021 00:36:47] /a 5
[23/12/2021 00:36:47] /a 5
[23/12/2021 00:36:47] /a 5
[23/12/2021 00:36:47] /a 5
[23/12/2021 00:36:47] /a 5
[23/12/2021 00:36:47] /a 5
[23/12/2021 00:36:47] /a 5
[23/12/2021 00:36:47] /a 5
[23/12/2021 00:36:47] /a 5
[23/12/2021 00:36:47] /a 5
[23/12/2021 00:36:47] /a 5
[23/12/2021 00:36:47] /a 5
[23/12/2021 00:36:47] /a 5
[23/12/2021 00:36:47] /a 5
[23/12/2021 00:36:47] /a 5
[23/12/2021 00:36:47] /a 5
[23/12/2021 00:36:47] /a 5
[23/12/2021 00:36:47] /a 5
[23/12/2021 00:36:48] /a 5
[23/12/2021 00:36:48] /a 5
[23/12/2021 00:36:48] /a 5
[23/12/2021 00:36:48] /a 5
[23/12/2021 00:36:48] /a 5
[23/12/2021 00:36:48] /a 5
[23/12/2021 00:36:49] /a 5
[23/12/2021 00:36:49] /a 5
[23/12/2021 00:36:49] /a 5
[23/12/2021 00:36:49] /a 5
[23/12/2021 00:36:50] /a 5
[23/12/2021 00:36:50] /a 5
[23/12/2021 00:36:50] /a 5
[23/12/2021 00:36:51] /a 5
[23/12/2021 00:36:51] /a 5
[23/12/2021 00:36:51] /a 5
[23/12/2021 00:36:52] /a 5
[23/12/2021 00:36:52] /a 5
[23/12/2021 00:36:52] /a 5
[23/12/2021 00:36:52] /a 5
[23/12/2021 00:36:52] /a 5
[23/12/2021 00:36:53] /a 5
[23/12/2021 00:36:53] /a 5
[23/12/2021 00:36:53] /a 5
[23/12/2021 00:36:53] /a 5
[23/12/2021 00:36:54] /a 5
[23/12/2021 00:36:54] /a 5
[23/12/2021 00:36:54] /a 5
[23/12/2021 00:36:55] /a 5
[23/12/2021 00:36:55] /a 5
[23/12/2021 00:36:55] /a 5
[23/12/2021 00:36:56] /a 5
[23/12/2021 00:36:56] /a 5
[23/12/2021 00:36:57] /a 5
[23/12/2021 00:36:58] /a 5
[23/12/2021 00:37:03] /a 5
[23/12/2021 00:37:03] /a 5
[23/12/2021 00:37:05] /a 5
[23/12/2021 00:37:05] /a 5
[23/12/2021 00:37:15] /a 5
[23/12/2021 00:37:16] /a 5
[23/12/2021 00:37:17] /a 5
[23/12/2021 00:37:18] /a 5
[23/12/2021 00:37:18] /a 5
[23/12/2021 00:37:18] /a 5
[23/12/2021 00:37:19] /a 5
[23/12/2021 00:37:19] /a 5
[23/12/2021 00:37:20] /a 5
[23/12/2021 00:37:20] /a 5
[23/12/2021 00:37:20] /a 5
[23/12/2021 00:37:21] /a 5
[23/12/2021 00:37:21] /a 5
[23/12/2021 00:37:21] /a 5
[23/12/2021 00:37:21] /a 5
[23/12/2021 00:37:22] /a 5
[23/12/2021 00:37:23] /a 5
[23/12/2021 00:37:23] /a 5
[23/12/2021 00:37:23] /a 5
[23/12/2021 00:37:23] /a 5
[23/12/2021 00:37:23] /a 5
[23/12/2021 00:37:24] /a 5
[23/12/2021 00:37:24] /a 5
[23/12/2021 00:37:24] /a 5
[23/12/2021 00:37:24] /a 5
[23/12/2021 00:37:25] /a 5
[23/12/2021 00:37:25] /a 5
[23/12/2021 00:37:25] /a 5
[23/12/2021 00:37:26] /a 5
[23/12/2021 00:37:26] /a 5
[23/12/2021 00:37:26] /a 5
[23/12/2021 00:37:26] /a 5
[23/12/2021 00:37:26] /a 5
[23/12/2021 00:37:27] /a 5
[23/12/2021 00:37:27] /a 5
[23/12/2021 00:37:27] /a 5
[23/12/2021 00:37:27] /a 5
[23/12/2021 00:37:27] /a 5
[23/12/2021 00:37:28] /a 5
[23/12/2021 00:37:28] /a 5
[23/12/2021 00:37:28] /a 5
[23/12/2021 00:37:28] /a 5
[23/12/2021 00:37:28] /a 5
[23/12/2021 00:37:29] /a 5
[23/12/2021 00:37:29] /a 5
[23/12/2021 00:37:30] /a 5
[23/12/2021 00:37:31] /a 5
[23/12/2021 00:37:31] /a 5
[23/12/2021 00:37:31] /a 5
[23/12/2021 00:37:31] /a 5
[23/12/2021 00:37:32] /a 5
[23/12/2021 00:37:32] /a 5
[23/12/2021 00:37:32] /a 5
[23/12/2021 00:37:32] /a 5
[23/12/2021 00:37:32] /a 5
[23/12/2021 00:37:33] /a 5
[23/12/2021 00:37:33] /a 5
[23/12/2021 00:37:33] /a 5
[23/12/2021 00:37:33] /a 5
[23/12/2021 00:37:34] /a 5
[23/12/2021 00:37:34] /a 5
[23/12/2021 00:37:34] /a 5
[23/12/2021 00:37:35] /a 5
[23/12/2021 00:37:35] /a 5
[23/12/2021 00:37:37] /a 5
[23/12/2021 00:37:39] /a 5
[23/12/2021 00:37:40] /a 5
[23/12/2021 00:37:40] /a 5
[23/12/2021 00:37:41] /a 5
[23/12/2021 00:37:41] /a 5
[23/12/2021 00:37:41] /a 5
[23/12/2021 00:37:41] /a 5
[23/12/2021 00:37:41] /a 5
[23/12/2021 00:37:42] /a 5
[23/12/2021 00:37:42] /a 5
[23/12/2021 00:37:42] /a 5
[23/12/2021 00:37:43] /a 5
[23/12/2021 00:37:43] /a 5
[23/12/2021 00:37:43] /a 5
[23/12/2021 00:37:44] /a 5
[23/12/2021 00:37:44] /a 5
[23/12/2021 00:37:44] /a 5
[23/12/2021 00:37:44] /a 5
[23/12/2021 00:37:44] /a 5
[23/12/2021 00:37:45] /a 5
[23/12/2021 00:37:45] /a 5
[23/12/2021 00:37:45] /a 5
[23/12/2021 00:37:50] /goto Crystal Onix
[23/12/2021 00:37:55] /goto Shiny Onix
[23/12/2021 00:38:02] /down
[23/12/2021 00:38:10] /a 5
[23/12/2021 00:38:11] /a 5
[23/12/2021 00:38:11] /a 5
[23/12/2021 00:38:11] /a 5
[23/12/2021 00:38:11] /a 5
[23/12/2021 00:38:12] /a 5
[23/12/2021 00:38:12] /a 5
[23/12/2021 00:38:12] /a 5
[23/12/2021 00:38:12] /a 5
[23/12/2021 00:38:13] /a 5
[23/12/2021 00:38:13] /a 5
[23/12/2021 00:38:13] /a 5
[23/12/2021 00:38:13] /a 5
[23/12/2021 00:38:14] /a 5
[23/12/2021 00:38:14] /a 5
[23/12/2021 00:38:15] /a 5
[23/12/2021 00:38:15] /a 5
[23/12/2021 00:38:21] /a 5
[23/12/2021 00:38:21] /a 5
[23/12/2021 00:38:24] /a 5
[23/12/2021 00:38:25] /a 5
[23/12/2021 00:38:29] /down
[23/12/2021 00:38:31] /up
[23/12/2021 00:38:34] /down
[23/12/2021 00:38:37] /a 5
[23/12/2021 00:38:37] /a 5
[23/12/2021 00:38:37] /a 5
[23/12/2021 00:38:37] /a 5
[23/12/2021 00:38:38] /a 5
[23/12/2021 00:38:38] /a 5
[23/12/2021 00:38:38] /a 5
[23/12/2021 00:38:38] /a 5
[23/12/2021 00:38:38] /a 5
[23/12/2021 00:38:39] /a 5
[23/12/2021 00:38:39] /a 5
[23/12/2021 00:38:40] /a 5
[23/12/2021 00:38:40] /a 5
[23/12/2021 00:38:40] /a 5
[23/12/2021 00:38:40] /a 5
[23/12/2021 00:38:41] /a 5
[23/12/2021 00:38:41] /a 5
[23/12/2021 00:38:41] /a 5
[23/12/2021 00:38:42] /a 5
[23/12/2021 00:38:42] /a 5
[23/12/2021 00:38:42] /a 5
[23/12/2021 00:38:43] /a 5
[23/12/2021 00:38:43] /a 5
[23/12/2021 00:38:43] /a 5
[23/12/2021 00:38:43] /a 5
[23/12/2021 00:38:43] /a 5
[23/12/2021 00:38:44] /a 5
[23/12/2021 00:38:44] /a 5
[23/12/2021 00:38:44] /a 5
[23/12/2021 00:38:44] /a 5
[23/12/2021 00:38:44] /a 5
[23/12/2021 00:38:45] /a 5
[23/12/2021 00:38:45] /a 5
[23/12/2021 00:38:46] /a 5
[23/12/2021 00:38:47] /a 5
[23/12/2021 00:38:47] /a 5
[23/12/2021 00:38:47] /a 5
[23/12/2021 00:38:47] /a 5
[23/12/2021 00:38:48] /a 5
[23/12/2021 00:38:48] /a 5
[23/12/2021 00:38:48] /a 5
[23/12/2021 00:38:48] /a 5
[23/12/2021 00:38:49] /a 5
[23/12/2021 00:38:49] /a 5
[23/12/2021 00:38:49] /a 5
[23/12/2021 00:38:49] /a 5
[23/12/2021 00:38:49] /a 5
[23/12/2021 00:38:50] /a 5
[23/12/2021 00:38:50] /a 5
[23/12/2021 00:38:50] /a 5
[23/12/2021 00:38:50] /a 5
[23/12/2021 00:38:50] /a 5
[23/12/2021 00:38:52] /a 5
[23/12/2021 00:38:52] /a 5
[23/12/2021 00:38:52] /a 5
[23/12/2021 00:38:52] /a 5
[23/12/2021 00:38:52] /a 5
[23/12/2021 00:38:53] /a 5
[23/12/2021 00:38:53] /a 5
[23/12/2021 00:38:54] /a 5
[23/12/2021 00:38:54] /a 5
[23/12/2021 00:38:54] /a 5
[23/12/2021 00:38:55] /a 5
[23/12/2021 00:38:55] /a 5
[23/12/2021 00:38:56] /a 5
[23/12/2021 00:38:56] /a 5
[23/12/2021 00:38:56] /a 5
[23/12/2021 00:38:57] /a 5
[23/12/2021 00:38:57] /a 5
[23/12/2021 00:38:57] /a 5
[23/12/2021 00:38:57] /a 5
[23/12/2021 00:38:58] /a 5
[23/12/2021 00:38:58] /a 5
[23/12/2021 00:38:58] /a 5
[23/12/2021 00:38:59] /a 5
[23/12/2021 00:38:59] /a 5
[23/12/2021 00:38:59] /a 5
[23/12/2021 00:38:59] /a 5
[23/12/2021 00:39:00] /a 5
[23/12/2021 00:39:00] /a 5
[23/12/2021 00:39:00] /a 5
[23/12/2021 00:39:00] /a 5
[23/12/2021 00:39:01] /a 5
[23/12/2021 00:39:01] /a 5
[23/12/2021 00:39:01] /a 5
[23/12/2021 00:39:01] /a 5
[23/12/2021 00:39:02] /a 5
[23/12/2021 00:39:02] /a 5
[23/12/2021 00:39:03] /a 5
[23/12/2021 00:39:03] /a 5
[23/12/2021 00:39:04] /a 5
[23/12/2021 00:39:04] /a 5
[23/12/2021 00:39:04] /a 5
[23/12/2021 00:39:04] /a 5
[23/12/2021 00:39:06] /a 5
[23/12/2021 00:39:07] /a 5
[23/12/2021 00:39:08] /a 5
[23/12/2021 00:39:08] /a 5
[23/12/2021 00:39:08] /a 5
[23/12/2021 00:39:08] /a 5
[23/12/2021 00:39:08] /a 5
[23/12/2021 00:39:09] /a 5
[23/12/2021 00:39:10] /a 5
[23/12/2021 00:39:10] /a 5
[23/12/2021 00:39:10] /a 5
[23/12/2021 00:39:11] /a 5
[23/12/2021 00:39:11] /a 5
[23/12/2021 00:39:11] /a 5
[23/12/2021 00:39:12] /a 5
[23/12/2021 00:39:12] /a 5
[23/12/2021 00:39:12] /a 5
[23/12/2021 00:39:13] /a 5
[23/12/2021 00:39:13] /a 5
[23/12/2021 00:39:13] /a 5
[23/12/2021 00:39:13] /a 5
[23/12/2021 00:39:14] /a 5
[23/12/2021 00:39:14] /a 5
[23/12/2021 00:39:14] /a 5
[23/12/2021 00:39:14] /a 5
[23/12/2021 00:39:15] /a 5
[23/12/2021 00:39:15] /a 5
[23/12/2021 00:39:15] /a 5
[23/12/2021 00:39:15] /a 5
[23/12/2021 00:39:15] /a 5
[23/12/2021 00:39:15] /a 5
[23/12/2021 00:39:15] /a 5
[23/12/2021 00:39:15] /a 5
[23/12/2021 00:39:15] /a 5
[23/12/2021 00:39:15] /a 5
[23/12/2021 00:39:16] /a 5
[23/12/2021 00:39:16] /a 5
[23/12/2021 00:39:16] /a 5
[23/12/2021 00:39:17] /a 5
[23/12/2021 00:39:17] /a 5
[23/12/2021 00:39:17] /a 5
[23/12/2021 00:39:18] /a 5
[23/12/2021 00:39:18] /a 5
[23/12/2021 00:39:18] /a 5
[23/12/2021 00:39:18] /a 5
[23/12/2021 00:39:18] /a 5
[23/12/2021 00:39:19] /a 5
[23/12/2021 00:39:19] /a 5
[23/12/2021 00:39:20] /a 5
[23/12/2021 00:39:20] /a 5
[23/12/2021 00:39:20] /a 5
[23/12/2021 00:39:20] /a 5
[23/12/2021 00:39:20] /a 5
[23/12/2021 00:39:20] /a 5
[23/12/2021 00:39:21] /a 5
[23/12/2021 00:39:21] /a 5
[23/12/2021 00:39:21] /a 5
[23/12/2021 00:39:22] /a 5
[23/12/2021 00:39:22] /a 5
[23/12/2021 00:39:22] /a 5
[23/12/2021 00:39:23] /a 5
[23/12/2021 00:39:23] /a 5
[23/12/2021 00:39:23] /a 5
[23/12/2021 00:39:23] /a 5
[23/12/2021 00:39:24] /a 5
[23/12/2021 00:39:24] /a 5
[23/12/2021 00:39:24] /a 5
[23/12/2021 00:39:24] /a 5
[23/12/2021 00:39:25] /a 5
[23/12/2021 00:39:25] /a 5
[23/12/2021 00:39:25] /a 5
[23/12/2021 00:39:25] /a 5
[23/12/2021 00:39:26] /a 5
[23/12/2021 00:39:26] /a 5
[23/12/2021 00:39:26] /a 5
[23/12/2021 00:39:26] /a 5
[23/12/2021 00:39:26] /a 5
[23/12/2021 00:39:27] /a 5
[23/12/2021 00:39:27] /a 5
[23/12/2021 00:39:28] /a 5
[23/12/2021 00:39:28] /a 5
[23/12/2021 00:39:28] /a 5
[23/12/2021 00:39:28] /a 5
[23/12/2021 00:39:29] /a 5
[23/12/2021 00:39:29] /a 5
[23/12/2021 00:39:29] /a 5
[23/12/2021 00:39:29] /a 5
[23/12/2021 00:39:29] /a 5
[23/12/2021 00:39:30] /a 5
[23/12/2021 00:39:30] /a 5
[23/12/2021 00:39:30] /a 5
[23/12/2021 00:39:31] /a 5
[23/12/2021 00:39:31] /a 5
[23/12/2021 00:39:31] /a 5
[23/12/2021 00:39:31] /a 5
[23/12/2021 00:39:32] /a 5
[23/12/2021 00:39:32] /a 5
[23/12/2021 00:39:32] /a 5
[23/12/2021 00:39:32] /a 5
[23/12/2021 00:39:33] /a 5
[23/12/2021 00:39:33] /a 5
[23/12/2021 00:39:33] /a 5
[23/12/2021 00:39:34] /a 5
[23/12/2021 00:39:34] /a 5
[23/12/2021 00:39:34] /a 5
[23/12/2021 00:39:34] /a 5
[23/12/2021 00:39:34] /a 5
[23/12/2021 00:39:35] /a 5
[23/12/2021 00:39:35] /a 5
[23/12/2021 00:39:35] /a 5
[23/12/2021 00:39:35] /a 5
[23/12/2021 00:39:36] /a 5
[23/12/2021 00:39:36] /a 5
[23/12/2021 00:39:36] /a 5
[23/12/2021 00:39:37] /a 5
[23/12/2021 00:39:37] /a 5
[23/12/2021 00:39:37] /a 5
[23/12/2021 00:39:37] /a 5
[23/12/2021 00:39:37] /a 5
[23/12/2021 00:39:37] /a 5
[23/12/2021 00:39:37] /a 5
[23/12/2021 00:39:37] /a 5
[23/12/2021 00:39:37] /a 5
[23/12/2021 00:39:37] /a 5
[23/12/2021 00:39:37] /a 5
[23/12/2021 00:39:37] /a 5
[23/12/2021 00:39:38] /a 5
[23/12/2021 00:39:38] /a 5
[23/12/2021 00:39:38] /a 5
[23/12/2021 00:39:38] /a 5
[23/12/2021 00:39:38] /a 5
[23/12/2021 00:39:38] /a 5
[23/12/2021 00:39:38] /a 5
[23/12/2021 00:39:38] /a 5
[23/12/2021 00:39:38] /a 5
[23/12/2021 00:39:38] /a 5
[23/12/2021 00:39:38] /a 5
[23/12/2021 00:39:38] /a 5
[23/12/2021 00:39:38] /a 5
[23/12/2021 00:39:38] /a 5
[23/12/2021 00:39:38] /a 5
[23/12/2021 00:39:38] /a 5
[23/12/2021 00:39:38] /a 5
[23/12/2021 00:39:38] /a 5
[23/12/2021 00:39:38] /a 5
[23/12/2021 00:39:38] /a 5
[23/12/2021 00:39:38] /a 5
[23/12/2021 00:39:38] /a 5
[23/12/2021 00:39:38] /a 5
[23/12/2021 00:39:38] /a 5
[23/12/2021 00:39:39] /a 5
[23/12/2021 00:39:39] /a 5
[23/12/2021 00:39:39] /a 5
[23/12/2021 00:39:39] /a 5
[23/12/2021 00:39:39] /a 5
[23/12/2021 00:39:40] /a 5
[23/12/2021 00:39:40] /a 5
[23/12/2021 00:39:40] /a 5
[23/12/2021 00:39:40] /a 5
[23/12/2021 00:39:40] /a 5
[23/12/2021 00:39:40] /a 5
[23/12/2021 00:39:40] /a 5
[23/12/2021 00:39:40] /a 5
[23/12/2021 00:39:40] /a 5
[23/12/2021 00:39:40] /a 5
[23/12/2021 00:40:04] /a 5
[23/12/2021 00:40:04] /a 5
[23/12/2021 00:40:04] /a 5
[23/12/2021 00:40:06] /a 5
[23/12/2021 00:40:06] /a 5
[23/12/2021 00:40:07] /a 5
[23/12/2021 00:40:07] /a 5
[23/12/2021 00:40:08] /a 5
[23/12/2021 00:40:08] /a 5
[23/12/2021 00:40:08] /a 5
[23/12/2021 00:40:08] /a 5
[23/12/2021 00:40:08] /a 5
[23/12/2021 00:40:09] /a 5
[23/12/2021 00:40:09] /a 5
[23/12/2021 00:40:09] /a 5
[23/12/2021 00:40:09] /a 5
[23/12/2021 00:40:09] /a 5
[23/12/2021 00:40:10] /a 5
[23/12/2021 00:40:10] /a 5
[23/12/2021 00:40:10] /a 5
[23/12/2021 00:40:10] /a 5
[23/12/2021 00:40:11] /a 5
[23/12/2021 00:40:11] /a 5
[23/12/2021 00:40:11] /a 5
[23/12/2021 00:40:11] /a 5
[23/12/2021 00:40:11] /a 5
[23/12/2021 00:40:12] /a 5
[23/12/2021 00:40:12] /a 5
[23/12/2021 00:40:12] /a 5
[23/12/2021 00:40:13] /a 5
[23/12/2021 00:40:13] /a 5
[23/12/2021 00:40:13] /a 5
[23/12/2021 00:40:13] /a 5
[23/12/2021 00:40:14] /a 5
[23/12/2021 00:40:15] /a 5
[23/12/2021 00:40:15] /a 5
[23/12/2021 00:40:16] /a 5
[23/12/2021 00:40:16] /a 5
[23/12/2021 00:40:16] /a 5
[23/12/2021 00:40:16] /a 5
[23/12/2021 00:40:16] /a 5
[23/12/2021 00:40:17] /a 5
[23/12/2021 00:40:17] /a 5
[23/12/2021 00:40:17] /a 5
[23/12/2021 00:40:17] /a 5
[23/12/2021 00:40:17] /a 5
[23/12/2021 00:40:18] /a 5
[23/12/2021 00:40:18] /a 5
[23/12/2021 00:40:18] /a 5
[23/12/2021 00:40:18] /a 5
[23/12/2021 00:40:18] /a 5
[23/12/2021 00:40:19] /a 5
[23/12/2021 00:40:19] /a 5
[23/12/2021 00:40:20] /a 5
[23/12/2021 00:40:20] /a 5
[23/12/2021 00:40:20] /a 5
[23/12/2021 00:40:21] /a 5
[23/12/2021 00:40:21] /a 5
[23/12/2021 00:40:21] /a 5
[23/12/2021 00:40:21] /a 5
[23/12/2021 00:40:21] /a 5
[23/12/2021 00:40:22] /a 5
[23/12/2021 00:40:22] /a 5
[23/12/2021 00:40:22] /a 5
[23/12/2021 00:40:22] /a 5
[23/12/2021 00:40:23] /a 5
[23/12/2021 00:40:24] /a 5
[23/12/2021 00:40:24] /a 5
[23/12/2021 00:40:24] /a 5
[23/12/2021 00:40:25] /a 5
[23/12/2021 00:40:26] /a 5
[23/12/2021 00:40:28] /a 5
[23/12/2021 00:40:29] /a 5
[23/12/2021 00:40:29] /a 5
[23/12/2021 00:40:30] /a 5
[23/12/2021 00:40:31] /a 5
[23/12/2021 00:40:32] /a 5
[23/12/2021 00:40:33] /a 5
[23/12/2021 00:40:33] /a 5
[23/12/2021 00:40:34] /a 5
[23/12/2021 00:40:34] /a 5
[23/12/2021 00:40:35] /a 5
[23/12/2021 00:40:35] /a 5
[23/12/2021 00:40:36] /a 5
[23/12/2021 00:40:36] /a 5
[23/12/2021 00:40:37] /a 5
[23/12/2021 00:40:37] /a 5
[23/12/2021 00:40:38] /a 5
[23/12/2021 00:40:38] /a 5
[23/12/2021 00:40:38] /a 5
[23/12/2021 00:40:38] /a 5
[23/12/2021 00:40:38] /a 5
[23/12/2021 00:40:39] /a 5
[23/12/2021 00:40:39] /a 5
[23/12/2021 00:40:39] /a 5
[23/12/2021 00:40:39] /a 5
[23/12/2021 00:40:40] /a 5
[23/12/2021 00:40:41] /a 5
[23/12/2021 00:40:41] /a 5
[23/12/2021 00:40:42] /a 5
[23/12/2021 00:40:42] /a 5
[23/12/2021 00:40:42] /a 5
[23/12/2021 00:40:42] /a 5
[23/12/2021 00:40:43] /a 5
[23/12/2021 00:40:43] /a 5
[23/12/2021 00:40:43] /a 5
[23/12/2021 00:40:43] /a 5
[23/12/2021 00:40:44] /a 5
[23/12/2021 00:40:44] /a 5
[23/12/2021 00:40:44] /a 5
[23/12/2021 00:40:44] /a 5
[23/12/2021 00:40:44] /a 5
[23/12/2021 00:40:45] /a 5
[23/12/2021 00:40:45] /a 5
[23/12/2021 00:40:45] /a 5
[23/12/2021 00:40:45] /a 5
[23/12/2021 00:40:45] /a 5
[23/12/2021 00:40:46] /a 5
[23/12/2021 00:40:46] /a 5
[23/12/2021 00:40:46] /a 5
[23/12/2021 00:40:47] /a 5
[23/12/2021 00:40:47] /a 5
[23/12/2021 00:40:47] /a 5
[23/12/2021 00:40:47] /a 5
[23/12/2021 00:40:47] /a 5
[23/12/2021 00:40:48] /a 5
[23/12/2021 00:40:48] /a 5
[23/12/2021 00:40:48] /a 5
[23/12/2021 00:40:48] /a 5
[23/12/2021 00:40:48] /a 5
[23/12/2021 00:40:49] /a 5
[23/12/2021 00:40:49] /a 5
[23/12/2021 00:40:49] /a 5
[23/12/2021 00:40:49] /a 5
[23/12/2021 00:40:50] /a 5
[23/12/2021 00:40:50] /a 5
[23/12/2021 00:40:50] /a 5
[23/12/2021 00:40:50] /a 5
[23/12/2021 00:40:50] /a 5
[23/12/2021 00:40:51] /a 5
[23/12/2021 00:40:51] /a 5
[23/12/2021 00:40:51] /a 5
[23/12/2021 00:40:51] /a 5
[23/12/2021 00:40:51] /a 5
[23/12/2021 00:40:52] /a 5
[23/12/2021 00:40:52] /a 5
[23/12/2021 00:40:52] /a 5
[23/12/2021 00:40:52] /a 5
[23/12/2021 00:40:52] /a 5
[23/12/2021 00:40:53] /a 5
[23/12/2021 00:40:53] /a 5
[23/12/2021 00:40:53] /a 5
[23/12/2021 00:40:53] /a 5
[23/12/2021 00:40:53] /a 5
[23/12/2021 00:40:54] /a 5
[23/12/2021 00:40:54] /a 5
[23/12/2021 00:40:54] /a 5
[23/12/2021 00:40:54] /a 5
[23/12/2021 00:40:54] /a 5
[23/12/2021 00:40:55] /a 5
[23/12/2021 00:40:55] /a 5
[23/12/2021 00:40:55] /a 5
[23/12/2021 00:40:55] /a 5
[23/12/2021 00:40:55] /a 5
[23/12/2021 00:40:56] /a 5
[23/12/2021 00:40:56] /a 5
[23/12/2021 00:40:56] /a 5
[23/12/2021 00:40:56] /a 5
[23/12/2021 00:40:56] /a 5
[23/12/2021 00:40:57] /a 5
[23/12/2021 00:40:57] /a 5
[23/12/2021 00:40:57] /a 5
[23/12/2021 00:40:57] /a 5
[23/12/2021 00:40:57] /a 5
[23/12/2021 00:40:58] /a 5
[23/12/2021 00:40:58] /a 5
[23/12/2021 00:40:58] /a 5
[23/12/2021 00:40:58] /a 5
[23/12/2021 00:40:58] /a 5
[23/12/2021 00:40:59] /a 5
[23/12/2021 00:40:59] /a 5
[23/12/2021 00:41:00] /a 5
[23/12/2021 00:41:00] /a 5
[23/12/2021 00:41:00] /a 5
[23/12/2021 00:41:01] /a 5
[23/12/2021 00:41:01] /a 5
[23/12/2021 00:41:01] /a 5
[23/12/2021 00:41:02] /a 5
[23/12/2021 00:41:02] /a 5
[23/12/2021 00:41:02] /a 5
[23/12/2021 00:41:02] /a 5
[23/12/2021 00:41:02] /a 5
[23/12/2021 00:41:03] /a 5
[23/12/2021 00:41:03] /a 5
[23/12/2021 00:41:03] /a 5
[23/12/2021 00:41:03] /a 5
[23/12/2021 00:41:04] /a 5
[23/12/2021 00:41:04] /a 5
[23/12/2021 00:41:04] /a 5
[23/12/2021 00:41:04] /a 5
[23/12/2021 00:41:04] /a 5
[23/12/2021 00:41:05] /a 5
[23/12/2021 00:41:05] /a 5
[23/12/2021 00:41:05] /a 5
[23/12/2021 00:41:06] /a 5
[23/12/2021 00:41:07] /a 5
[23/12/2021 00:41:07] /a 5
[23/12/2021 00:41:07] /a 5
[23/12/2021 00:41:08] /a 5
[23/12/2021 00:41:08] /a 5
[23/12/2021 00:41:12] /a 5
[23/12/2021 00:41:12] /a 5
[23/12/2021 00:41:12] /a 5
[23/12/2021 00:41:12] /a 5
[23/12/2021 00:41:12] /a 5
[23/12/2021 00:41:13] /a 5
[23/12/2021 00:41:13] /a 5
[23/12/2021 00:41:13] /a 5
[23/12/2021 00:41:13] /a 5
[23/12/2021 00:41:14] /a 5
[23/12/2021 00:41:14] /a 5
[23/12/2021 00:41:14] /a 5
[23/12/2021 00:41:14] /a 5
[23/12/2021 00:41:15] /a 5
[23/12/2021 00:41:15] /a 5
[23/12/2021 00:41:15] /a 5
[23/12/2021 00:41:15] /a 5
[23/12/2021 00:41:15] /a 5
[23/12/2021 00:41:16] /a 5
[23/12/2021 00:41:16] /a 5
[23/12/2021 00:41:16] /a 5
[23/12/2021 00:41:16] /a 5
[23/12/2021 00:41:17] /a 5
[23/12/2021 00:41:17] /a 5
[23/12/2021 00:41:17] /a 5
[23/12/2021 00:41:18] /a 5
[23/12/2021 00:41:18] /a 5
[23/12/2021 00:41:18] /a 5
[23/12/2021 00:41:19] /a 5
[23/12/2021 00:41:20] /a 5
[23/12/2021 00:41:20] /a 5
[23/12/2021 00:41:20] /a 5
[23/12/2021 00:41:20] /a 5
[23/12/2021 00:41:20] /a 5
[23/12/2021 00:41:20] /a 5
[23/12/2021 00:41:20] /a 5
[23/12/2021 00:41:20] /a 5
[23/12/2021 00:41:21] /a 5
[23/12/2021 00:41:22] /a 5
[23/12/2021 00:41:22] /a 5
[23/12/2021 00:41:23] /a 5
[23/12/2021 00:41:23] /a 5
[23/12/2021 00:41:23] /a 5
[23/12/2021 00:41:24] /a 5
[23/12/2021 00:41:25] /up
[23/12/2021 00:41:27] /up
[23/12/2021 00:41:28] /a 5
[23/12/2021 00:41:28] /a 5
[23/12/2021 00:41:29] /a 5
[23/12/2021 00:41:30] /a 5
[23/12/2021 00:41:30] /a 5
[23/12/2021 00:41:30] /a 5
[23/12/2021 00:41:30] /a 5
[23/12/2021 00:41:31] /a 5
[23/12/2021 00:41:31] /a 5
[23/12/2021 00:41:31] /a 5
[23/12/2021 00:41:31] /a 5
[23/12/2021 00:41:31] /a 5
[23/12/2021 00:41:32] /a 5
[23/12/2021 00:41:32] /a 5
[23/12/2021 00:41:33] /a 5
[23/12/2021 00:41:33] /a 5
[23/12/2021 00:41:33] /a 5
[23/12/2021 00:41:34] /a 5
[23/12/2021 00:41:36] /a 5
[23/12/2021 00:41:36] /a 5
[23/12/2021 00:41:37] /a 5
[23/12/2021 00:41:37] /a 5
[23/12/2021 00:41:37] /a 5
[23/12/2021 00:41:37] /a 5
[23/12/2021 00:41:37] /a 5
[23/12/2021 00:41:37] /a 5
[23/12/2021 00:41:38] /a 5
[23/12/2021 00:41:38] /a 5
[23/12/2021 00:41:38] /a 5
[23/12/2021 00:41:38] /a 5
[23/12/2021 00:41:39] /a 5
[23/12/2021 00:41:41] /a 5
[23/12/2021 00:41:41] /a 5
[23/12/2021 00:41:42] /a 5
[23/12/2021 00:41:42] /a 5
[23/12/2021 00:41:43] /a 5
[23/12/2021 00:41:44] /a 5
[23/12/2021 00:41:44] /a 5
[23/12/2021 00:41:44] /a 5
[23/12/2021 00:41:44] /a 5
[23/12/2021 00:41:44] /a 5
[23/12/2021 00:41:45] /a 5
[23/12/2021 00:41:45] /a 5
[23/12/2021 00:41:45] /a 5
[23/12/2021 00:41:46] /a 5
[23/12/2021 00:41:46] /a 5
[23/12/2021 00:41:46] /a 5
[23/12/2021 00:41:47] /a 5
[23/12/2021 00:41:47] /a 5
[23/12/2021 00:41:47] /a 5
[23/12/2021 00:41:48] /a 5
[23/12/2021 00:41:48] /a 5
[23/12/2021 00:41:48] /a 5
[23/12/2021 00:41:48] /a 5
[23/12/2021 00:41:49] /a 5
[23/12/2021 00:41:49] /a 5
[23/12/2021 00:41:49] /a 5
[23/12/2021 00:41:50] /a 5
[23/12/2021 00:41:50] /a 5
[23/12/2021 00:41:50] /a 5
[23/12/2021 00:41:50] /a 5
[23/12/2021 00:41:50] /a 5
[23/12/2021 00:41:51] /a 5
[23/12/2021 00:41:51] /a 5
[23/12/2021 00:41:51] /a 5
[23/12/2021 00:41:52] /a 5
[23/12/2021 00:41:52] /a 5
[23/12/2021 00:41:53] /a 5
[23/12/2021 00:41:53] /a 5
[23/12/2021 00:41:53] /a 5
[23/12/2021 00:41:53] /a 5
[23/12/2021 00:41:53] /a 5
[23/12/2021 00:41:54] /a 5
[23/12/2021 00:41:54] /a 5
[23/12/2021 00:41:54] /a 5
[23/12/2021 00:41:54] /a 5
[23/12/2021 00:41:55] /a 5
[23/12/2021 00:41:55] /a 5
[23/12/2021 00:41:55] /a 5
[23/12/2021 00:41:55] /a 5
[23/12/2021 00:41:55] /a 5
[23/12/2021 00:41:56] /a 5
[23/12/2021 00:41:56] /a 5
[23/12/2021 00:41:56] /a 5
[23/12/2021 00:41:56] /a 5
[23/12/2021 00:41:56] /a 5
[23/12/2021 00:41:57] /a 5
[23/12/2021 00:41:57] /a 5
[23/12/2021 00:41:57] /a 5
[23/12/2021 00:41:57] /a 5
[23/12/2021 00:41:57] /a 5
[23/12/2021 00:41:58] /a 5
[23/12/2021 00:42:00] /down
[23/12/2021 00:42:06] /a 5
[23/12/2021 00:42:06] /a 5
[23/12/2021 00:42:06] /a 5
[23/12/2021 00:42:07] /a 5
[23/12/2021 00:42:07] /a 5
[23/12/2021 00:42:07] /a 5
[23/12/2021 00:42:07] /a 5
[23/12/2021 00:42:07] /a 5
[23/12/2021 00:42:08] /a 5
[23/12/2021 00:42:08] /a 5
[23/12/2021 00:42:08] /a 5
[23/12/2021 00:42:08] /a 5
[23/12/2021 00:42:09] /a 5
[23/12/2021 00:42:09] /a 5
[23/12/2021 00:42:09] /a 5
[23/12/2021 00:42:09] /a 5
[23/12/2021 00:42:10] /a 5
[23/12/2021 00:42:10] /a 5
[23/12/2021 00:42:11] /a 5
[23/12/2021 00:42:11] /a 5
[23/12/2021 00:42:11] /a 5
[23/12/2021 00:42:12] /a 5
[23/12/2021 00:42:12] /a 5
[23/12/2021 00:42:12] /a 5
[23/12/2021 00:42:13] /a 5
[23/12/2021 00:42:13] /a 5
[23/12/2021 00:42:13] /a 5
[23/12/2021 00:42:14] /a 5
[23/12/2021 00:42:14] /a 5
[23/12/2021 00:42:14] /a 5
[23/12/2021 00:42:14] /a 5
[23/12/2021 00:42:16] /down
[23/12/2021 00:42:17] /a 5
[23/12/2021 00:42:18] /a 5
[23/12/2021 00:42:18] /a 5
[23/12/2021 00:42:19] /a 5
[23/12/2021 00:42:19] /a 5
[23/12/2021 00:42:19] /a 5
[23/12/2021 00:42:19] /a 5
[23/12/2021 00:42:19] /a 5
[23/12/2021 00:42:19] /a 5
[23/12/2021 00:42:20] /a 5
[23/12/2021 00:42:20] /a 5
[23/12/2021 00:42:20] /a 5
[23/12/2021 00:42:20] /a 5
[23/12/2021 00:42:21] /a 5
[23/12/2021 00:42:21] /a 5
[23/12/2021 00:42:21] /a 5
[23/12/2021 00:42:21] /a 5
[23/12/2021 00:42:22] /a 5
[23/12/2021 00:42:22] /a 5
[23/12/2021 00:42:24] /a 5
[23/12/2021 00:42:24] /a 5
[23/12/2021 00:42:25] /a 5
[23/12/2021 00:42:25] /a 5
[23/12/2021 00:42:25] /a 5
[23/12/2021 00:42:25] /a 5
[23/12/2021 00:42:25] /a 5
[23/12/2021 00:42:26] /a 5
[23/12/2021 00:42:26] /a 5
[23/12/2021 00:42:26] /a 5
[23/12/2021 00:42:26] /a 5
[23/12/2021 00:42:27] /a 5
[23/12/2021 00:42:27] /a 5
[23/12/2021 00:42:27] /a 5
[23/12/2021 00:42:27] /a 5
[23/12/2021 00:42:27] /a 5
[23/12/2021 00:42:27] /a 5
[23/12/2021 00:42:28] /a 5
[23/12/2021 00:42:28] /a 5
[23/12/2021 00:42:28] /a 5
[23/12/2021 00:42:28] /a 5
[23/12/2021 00:42:28] /a 5
[23/12/2021 00:42:28] /a 5
[23/12/2021 00:42:29] /a 5
[23/12/2021 00:42:29] /a 5
[23/12/2021 00:42:29] /a 5
[23/12/2021 00:42:29] /a 5
[23/12/2021 00:42:29] /a 5
[23/12/2021 00:42:30] /a 5
[23/12/2021 00:42:30] /a 5
[23/12/2021 00:42:30] /a 5
[23/12/2021 00:42:30] /a 5
[23/12/2021 00:43:11] /a 5
[23/12/2021 00:43:11] /a 5
[23/12/2021 00:43:11] /a 5
[23/12/2021 00:43:11] /a 5
[23/12/2021 00:43:12] /a 5
[23/12/2021 00:43:12] /a 5
[23/12/2021 00:43:12] /a 5
[23/12/2021 00:43:13] /a 5
[23/12/2021 00:43:13] /a 5
[23/12/2021 00:43:13] /a 5
[23/12/2021 00:43:13] /a 5
[23/12/2021 00:43:14] /a 5
[23/12/2021 00:43:14] /a 5
[23/12/2021 00:43:14] /a 5
[23/12/2021 00:43:14] /a 5
[23/12/2021 00:43:14] /a 5
[23/12/2021 00:43:14] /a 5
[23/12/2021 00:43:15] /a 5
[23/12/2021 00:43:15] /a 5
[23/12/2021 00:43:15] /a 5
[23/12/2021 00:43:15] /a 5
[23/12/2021 00:43:15] /a 5
[23/12/2021 00:43:16] /a 5
[23/12/2021 00:43:16] /a 5
[23/12/2021 00:43:17] /a 5
[23/12/2021 00:43:17] /a 5
[23/12/2021 00:43:17] /a 5
[23/12/2021 00:43:17] /a 5
[23/12/2021 00:43:17] /a 5
[23/12/2021 00:43:18] /a 5
[23/12/2021 00:43:18] /a 5
[23/12/2021 00:43:18] /a 5
[23/12/2021 00:43:18] /a 5
[23/12/2021 00:43:18] /a 5
[23/12/2021 00:43:18] /a 5
[23/12/2021 00:43:19] /a 5
[23/12/2021 00:43:19] /a 5
[23/12/2021 00:43:19] /a 5
[23/12/2021 00:43:20] /a 5
[23/12/2021 00:43:20] /a 5
[23/12/2021 00:43:20] /a 5
[23/12/2021 00:43:20] /a 5
[23/12/2021 00:43:20] /a 5
[23/12/2021 00:43:21] /a 5
[23/12/2021 00:43:21] /a 5
[23/12/2021 00:43:21] /a 5
[23/12/2021 00:43:21] /a 5
[23/12/2021 00:43:21] /a 5
[23/12/2021 00:43:22] /a 5
[23/12/2021 00:43:22] /a 5
[23/12/2021 00:43:22] /a 5
[23/12/2021 00:43:22] /a 5
[23/12/2021 00:43:23] /a 5
[23/12/2021 00:43:23] /a 5
[23/12/2021 00:43:24] /a 5
[23/12/2021 00:43:24] /a 5
[23/12/2021 00:43:25] /a 5
[23/12/2021 00:43:25] /a 5
[23/12/2021 00:43:25] /a 5
[23/12/2021 00:43:25] /a 5
[23/12/2021 00:43:25] /a 5
[23/12/2021 00:43:26] /a 5
[23/12/2021 00:43:26] /a 5
[23/12/2021 00:43:26] /a 5
[23/12/2021 00:43:26] /a 5
[23/12/2021 00:43:26] /a 5
[23/12/2021 00:43:27] /a 5
[23/12/2021 00:43:27] /a 5
[23/12/2021 00:43:27] /a 5
[23/12/2021 00:43:27] /a 5
[23/12/2021 00:43:28] /a 5
[23/12/2021 00:43:28] /a 5
[23/12/2021 00:43:28] /a 5
[23/12/2021 00:43:29] /a 5
[23/12/2021 00:43:29] /a 5
[23/12/2021 00:43:29] /a 5
[23/12/2021 00:43:29] /a 5
[23/12/2021 00:43:29] /a 5
[23/12/2021 00:43:30] /a 5
[23/12/2021 00:43:30] /a 5
[23/12/2021 00:43:30] /a 5
[23/12/2021 00:43:30] /a 5
[23/12/2021 00:43:32] /a 5
[23/12/2021 00:43:34] /a 3
[23/12/2021 00:43:36] /a 5
[23/12/2021 00:43:36] /a 5
[23/12/2021 00:43:37] /a 5
[23/12/2021 00:43:37] /a 5
[23/12/2021 00:43:37] /a 5
[23/12/2021 00:43:38] /a 5
[23/12/2021 00:43:38] /a 5
[23/12/2021 00:43:39] /a 5
[23/12/2021 00:43:39] /a 5
[23/12/2021 00:43:39] /a 5
[23/12/2021 00:43:40] /a 5
[23/12/2021 00:43:40] /a 5
[23/12/2021 00:43:40] /a 5
[23/12/2021 00:43:40] /a 5
[23/12/2021 00:43:41] /a 5
[23/12/2021 00:43:41] /a 5
[23/12/2021 00:43:41] /a 5
[23/12/2021 00:43:41] /a 5
[23/12/2021 00:43:42] /a 5
[23/12/2021 00:43:42] /a 5
[23/12/2021 00:43:42] /a 5
[23/12/2021 00:43:42] /a 5
[23/12/2021 00:43:43] /a 5
[23/12/2021 00:43:43] /a 5
[23/12/2021 00:43:43] /a 5
[23/12/2021 00:43:43] /a 5
[23/12/2021 00:43:44] /a 5
[23/12/2021 00:43:44] /a 5
[23/12/2021 00:43:44] /a 5
[23/12/2021 00:43:45] /a 5
[23/12/2021 00:43:45] /a 5
[23/12/2021 00:43:45] /a 5
[23/12/2021 00:43:45] /a 5
[23/12/2021 00:43:46] /a 5
[23/12/2021 00:43:46] /a 5
[23/12/2021 00:43:46] /a 5
[23/12/2021 00:43:47] /a 5
[23/12/2021 00:43:47] /a 5
[23/12/2021 00:43:47] /a 5
[23/12/2021 00:43:47] /a 5
[23/12/2021 00:43:48] /a 5
[23/12/2021 00:43:48] /a 5
[23/12/2021 00:43:48] /a 5
[23/12/2021 00:43:48] /a 5
[23/12/2021 00:43:49] /a 5
[23/12/2021 00:43:49] /a 5
[23/12/2021 00:43:49] /a 5
[23/12/2021 00:43:49] /a 5
[23/12/2021 00:43:50] /a 5
[23/12/2021 00:43:50] /a 5
[23/12/2021 00:43:50] /a 5
[23/12/2021 00:43:50] /a 5
[23/12/2021 00:43:50] /a 5
[23/12/2021 00:43:51] /a 5
[23/12/2021 00:43:51] /a 5
[23/12/2021 00:43:51] /a 5
[23/12/2021 00:43:51] /a 5
[23/12/2021 00:43:51] /a 5
[23/12/2021 00:43:52] /a 5
[23/12/2021 00:43:52] /a 5
[23/12/2021 00:43:52] /a 5
[23/12/2021 00:43:53] /a 5
[23/12/2021 00:43:53] /a 5
[23/12/2021 00:43:53] /a 5
[23/12/2021 00:43:53] /a 5
[23/12/2021 00:43:53] /a 5
[23/12/2021 00:43:54] /a 5
[23/12/2021 00:43:55] /a 5
[23/12/2021 00:43:55] /a 5
[23/12/2021 00:43:55] /a 5
[23/12/2021 00:43:56] /a 5
[23/12/2021 00:43:56] /a 5
[23/12/2021 00:43:56] /a 5
[23/12/2021 00:43:57] /a 5
[23/12/2021 00:43:57] /a 5
[23/12/2021 00:43:57] /a 5
[23/12/2021 00:43:57] /a 5
[23/12/2021 00:43:57] /a 5
[23/12/2021 00:43:58] /a 5
[23/12/2021 00:43:58] /a 5
[23/12/2021 00:43:58] /a 5
[23/12/2021 00:43:59] /a 5
[23/12/2021 00:43:59] /a 5
[23/12/2021 00:43:59] /a 5
[23/12/2021 00:43:59] /a 5
[23/12/2021 00:44:00] /a 5
[23/12/2021 00:44:00] /a 5
[23/12/2021 00:44:00] /a 5
[23/12/2021 00:44:00] /a 5
[23/12/2021 00:44:01] /a 5
[23/12/2021 00:44:01] /a 5
[23/12/2021 00:44:01] /a 5
[23/12/2021 00:44:02] /a 5
[23/12/2021 00:44:02] /a 5
[23/12/2021 00:44:02] /a 5
[23/12/2021 00:44:02] /a 5
[23/12/2021 00:44:03] /a 5
[23/12/2021 00:44:03] /a 5
[23/12/2021 00:44:03] /a 5
[23/12/2021 00:44:03] /a 5
[23/12/2021 00:44:04] /a 5
[23/12/2021 00:44:04] /a 5
[23/12/2021 00:44:04] /a 5
[23/12/2021 00:44:04] /a 5
[23/12/2021 00:44:04] /a 5
[23/12/2021 00:44:05] /a 5
[23/12/2021 00:44:05] /a 5
[23/12/2021 00:44:05] /a 5
[23/12/2021 00:44:05] /a 5
[23/12/2021 00:44:05] /a 5
[23/12/2021 00:44:06] /a 5
[23/12/2021 00:44:06] /a 5
[23/12/2021 00:44:06] /a 5
[23/12/2021 00:44:06] /a 5
[23/12/2021 00:44:06] /a 5
[23/12/2021 00:44:07] /a 5
[23/12/2021 00:44:07] /a 5
[23/12/2021 00:44:07] /a 5
[23/12/2021 00:44:07] /a 5
[23/12/2021 00:44:07] /a 5
[23/12/2021 00:44:08] /a 5
[23/12/2021 00:44:08] /a 5
[23/12/2021 00:44:09] /a 5
[23/12/2021 00:44:09] /a 5
[23/12/2021 00:44:09] /a 5
[23/12/2021 00:44:10] /a 5
[23/12/2021 00:44:10] /a 5
[23/12/2021 00:44:11] /a 5
[23/12/2021 00:44:11] /a 5
[23/12/2021 00:44:11] /a 5
[23/12/2021 00:44:11] /a 5
[23/12/2021 00:44:13] /a 5
[23/12/2021 00:44:14] /a 5
[23/12/2021 00:44:14] /a 5
[23/12/2021 00:44:14] /a 5
[23/12/2021 00:44:15] /a 5
[23/12/2021 00:44:15] /a 5
[23/12/2021 00:44:15] /a 5
[23/12/2021 00:44:15] /a 5
[23/12/2021 00:44:15] /a 5
[23/12/2021 00:44:15] /a 5
[23/12/2021 00:44:16] /a 5
[23/12/2021 00:44:16] /a 5
[23/12/2021 00:44:16] /a 5
[23/12/2021 00:44:17] /a 5
[23/12/2021 00:44:17] /a 5
[23/12/2021 00:44:17] /a 5
[23/12/2021 00:44:17] /a 5
[23/12/2021 00:44:17] /a 5
[23/12/2021 00:44:17] /a 5
[23/12/2021 00:44:18] /a 5
[23/12/2021 00:44:18] /a 5
[23/12/2021 00:44:18] /a 5
[23/12/2021 00:44:18] /a 5
[23/12/2021 00:44:19] /a 5
[23/12/2021 00:44:19] /a 5
[23/12/2021 00:44:19] /a 5
[23/12/2021 00:44:19] /a 5
[23/12/2021 00:44:19] /a 5
[23/12/2021 00:44:20] /a 5
[23/12/2021 00:44:20] /a 5
[23/12/2021 00:44:20] /a 5
[23/12/2021 00:44:20] /a 5
[23/12/2021 00:44:21] /a 5
[23/12/2021 00:44:21] /a 5
[23/12/2021 00:44:21] /a 5
[23/12/2021 00:44:21] /a 5
[23/12/2021 00:44:21] /a 5
[23/12/2021 00:44:22] /a 5
[23/12/2021 00:44:22] /a 5
[23/12/2021 00:44:22] /a 5
[23/12/2021 00:44:22] /a 5
[23/12/2021 00:44:23] /a 5
[23/12/2021 00:44:23] /a 5
[23/12/2021 00:44:23] /a 5
[23/12/2021 00:44:23] /a 5
[23/12/2021 00:44:24] /a 5
[23/12/2021 00:44:24] /a 5
[23/12/2021 00:44:24] /a 5
[23/12/2021 00:44:24] /a 5
[23/12/2021 00:44:25] /a 5
[23/12/2021 00:44:25] /a 5
[23/12/2021 00:44:25] /a 5
[23/12/2021 00:44:25] /a 5
[23/12/2021 00:44:25] /a 5
[23/12/2021 00:44:26] /a 5
[23/12/2021 00:44:26] /a 5
[23/12/2021 00:44:26] /a 5
[23/12/2021 00:44:27] /a 5
[23/12/2021 00:44:27] /a 5
[23/12/2021 00:44:27] /a 5
[23/12/2021 00:44:27] /a 5
[23/12/2021 00:44:28] /a 5
[23/12/2021 00:44:28] /a 5
[23/12/2021 00:44:29] /a 5
[23/12/2021 00:44:30] /a 5
[23/12/2021 00:44:35] /a 5
[23/12/2021 00:44:36] /a 5
[23/12/2021 00:44:37] /a 5
[23/12/2021 00:44:37] /a 5
[23/12/2021 00:44:37] /a 5
[23/12/2021 00:44:38] /a 5
[23/12/2021 00:44:38] /a 5
[23/12/2021 00:44:39] /a 5
[23/12/2021 00:44:39] /a 5
[23/12/2021 00:44:40] /a 5
[23/12/2021 00:44:41] /a 5
[23/12/2021 00:44:46] /a 5
[23/12/2021 00:44:46] /a 5
[23/12/2021 00:44:48] /a 5
[23/12/2021 00:44:49] /a 5
[23/12/2021 00:44:50] /up
[23/12/2021 00:44:59] /a 5
[23/12/2021 00:44:59] /a 5
[23/12/2021 00:44:59] /a 5
[23/12/2021 00:45:00] /a 5
[23/12/2021 00:45:00] /a 5
[23/12/2021 00:45:00] /a 5
[23/12/2021 00:45:00] /a 5
[23/12/2021 00:45:01] /a 5
[23/12/2021 00:45:01] /a 5
[23/12/2021 00:45:02] /a 5
[23/12/2021 00:45:02] /a 5
[23/12/2021 00:45:02] /a 5
[23/12/2021 00:45:03] /a 5
[23/12/2021 00:45:03] /a 5
[23/12/2021 00:45:03] /a 5
[23/12/2021 00:45:03] /a 5
[23/12/2021 00:45:04] /a 5
[23/12/2021 00:45:04] /a 5
[23/12/2021 00:45:04] /a 5
[23/12/2021 00:45:04] /a 5
[23/12/2021 00:45:05] /a 5
[23/12/2021 00:45:05] /a 5
[23/12/2021 00:45:05] /a 5
[23/12/2021 00:45:05] /a 5
[23/12/2021 00:45:06] /a 5
[23/12/2021 00:45:06] /a 5
[23/12/2021 00:45:06] /a 5
[23/12/2021 00:45:06] /a 5
[23/12/2021 00:45:06] /a 5
[23/12/2021 00:45:07] /a 5
[23/12/2021 00:45:07] /a 5
[23/12/2021 00:45:07] /a 5
[23/12/2021 00:45:07] /a 5
[23/12/2021 00:45:08] /a 5
[23/12/2021 00:45:08] /a 5
[23/12/2021 00:45:08] /a 5
[23/12/2021 00:45:08] /a 5
[23/12/2021 00:45:08] /a 5
[23/12/2021 00:45:09] /a 5
[23/12/2021 00:45:09] /a 5
[23/12/2021 00:45:09] /a 5
[23/12/2021 00:45:09] /a 5
[23/12/2021 00:45:10] /a 5
[23/12/2021 00:45:10] /a 5
[23/12/2021 00:45:10] /a 5
[23/12/2021 00:45:11] /a 5
[23/12/2021 00:45:11] /a 5
[23/12/2021 00:45:11] /a 5
[23/12/2021 00:45:11] /a 5
[23/12/2021 00:45:12] /a 5
[23/12/2021 00:45:12] /a 5
[23/12/2021 00:45:12] /a 5
[23/12/2021 00:45:12] /a 5
[23/12/2021 00:45:12] /a 5
[23/12/2021 00:45:13] /a 5
[23/12/2021 00:45:14] /up
[23/12/2021 00:45:15] /a 5
[23/12/2021 00:45:16] /a 5
[23/12/2021 00:45:16] /a 5
[23/12/2021 00:45:16] /a 5
[23/12/2021 00:45:16] /a 5
[23/12/2021 00:45:17] /a 5
[23/12/2021 00:45:17] /a 5
[23/12/2021 00:45:17] /a 5
[23/12/2021 00:45:17] /a 5
[23/12/2021 00:45:18] /a 5
[23/12/2021 00:45:18] /a 5
[23/12/2021 00:45:18] /a 5
[23/12/2021 00:45:18] /a 5
[23/12/2021 00:45:18] /a 5
[23/12/2021 00:45:19] /a 5
[23/12/2021 00:45:19] /a 5
[23/12/2021 00:45:19] /a 5
[23/12/2021 00:45:20] /a 5
[23/12/2021 00:45:20] /a 5
[23/12/2021 00:45:20] /a 5
[23/12/2021 00:45:20] /a 5
[23/12/2021 00:45:20] /a 5
[23/12/2021 00:45:21] /a 5
[23/12/2021 00:45:21] /a 5
[23/12/2021 00:45:21] /a 5
[23/12/2021 00:45:21] /a 5
[23/12/2021 00:45:21] /a 5
[23/12/2021 00:45:22] /a 5
[23/12/2021 00:45:22] /a 5
[23/12/2021 00:45:22] /a 5
[23/12/2021 00:45:22] /a 5
[23/12/2021 00:45:22] /a 5
[23/12/2021 00:45:23] /a 5
[23/12/2021 00:45:23] /a 5
[23/12/2021 00:45:23] /a 5
[23/12/2021 00:45:23] /a 5
[23/12/2021 00:45:23] /a 5
[23/12/2021 00:45:24] /a 5
[23/12/2021 00:45:24] /a 5
[23/12/2021 00:45:24] /a 5
[23/12/2021 00:45:25] /a 5
[23/12/2021 00:45:25] /a 5
[23/12/2021 00:45:25] /a 5
[23/12/2021 00:45:25] /a 5
[23/12/2021 00:45:26] /a 5
[23/12/2021 00:45:26] /a 5
[23/12/2021 00:45:27] /a 5
[23/12/2021 00:45:27] /a 5
[23/12/2021 00:45:27] /a 5
[23/12/2021 00:45:28] /a 5
[23/12/2021 00:45:28] /a 5
[23/12/2021 00:45:28] /a 5
[23/12/2021 00:45:29] /a 5
[23/12/2021 00:45:29] /a 5
[23/12/2021 00:45:30] /a 5
[23/12/2021 00:45:30] /a 5
[23/12/2021 00:45:30] /a 5
[23/12/2021 00:45:31] /a 5
[23/12/2021 00:45:31] /a 5
[23/12/2021 00:45:31] /a 5
[23/12/2021 00:45:31] /a 5
[23/12/2021 00:45:32] /a 5
[23/12/2021 00:45:32] /a 5
[23/12/2021 00:45:32] /a 5
[23/12/2021 00:45:32] /a 5
[23/12/2021 00:45:32] /a 5
[23/12/2021 00:45:33] /a 5
[23/12/2021 00:45:33] /a 5
[23/12/2021 00:45:33] /a 5
[23/12/2021 00:45:34] /a 5
[23/12/2021 00:45:34] /a 5
[23/12/2021 00:45:34] /a 5
[23/12/2021 00:45:34] /a 5
[23/12/2021 00:45:34] /a 5
[23/12/2021 00:45:35] /a 5
[23/12/2021 00:45:35] /a 5
[23/12/2021 00:45:35] /a 5
[23/12/2021 00:45:35] /a 5
[23/12/2021 00:45:35] /a 5
[23/12/2021 00:45:36] /a 5
[23/12/2021 00:45:36] /a 5
[23/12/2021 00:45:36] /a 5
[23/12/2021 00:45:37] /a 5
[23/12/2021 00:45:37] /a 5
[23/12/2021 00:45:38] /a 5
[23/12/2021 00:45:38] /a 5
[23/12/2021 00:45:38] /a 5
[23/12/2021 00:45:38] /a 5
[23/12/2021 00:45:39] /a 5
[23/12/2021 00:45:39] /a 5
[23/12/2021 00:45:39] /a 5
[23/12/2021 00:45:40] /a 5
[23/12/2021 00:45:40] /a 5
[23/12/2021 00:45:40] /a 5
[23/12/2021 00:45:40] /a 5
[23/12/2021 00:45:41] /a 5
[23/12/2021 00:45:41] /a 5
[23/12/2021 00:45:41] /a 5
[23/12/2021 00:45:42] /a 5
[23/12/2021 00:45:42] /a 5
[23/12/2021 00:45:42] /a 5
[23/12/2021 00:45:42] /a 5
[23/12/2021 00:45:43] /a 5
[23/12/2021 00:45:43] /a 5
[23/12/2021 00:45:43] /a 5
[23/12/2021 00:45:43] /a 5
[23/12/2021 00:45:44] /a 5
[23/12/2021 00:45:44] /a 5
[23/12/2021 00:45:44] /a 5
[23/12/2021 00:45:44] /a 5
[23/12/2021 00:45:45] /a 5
[23/12/2021 00:45:45] /a 5
[23/12/2021 00:45:45] /a 5
[23/12/2021 00:45:45] /a 5
[23/12/2021 00:45:46] /a 5
[23/12/2021 00:45:46] /a 5
[23/12/2021 00:45:46] /a 5
[23/12/2021 00:45:47] /a 5
[23/12/2021 00:45:47] /a 5
[23/12/2021 00:45:47] /a 5
[23/12/2021 00:45:47] /a 5
[23/12/2021 00:45:48] /a 5
[23/12/2021 00:45:48] /a 5
[23/12/2021 00:45:49] /a 5
[23/12/2021 00:45:49] /a 5
[23/12/2021 00:45:49] /a 5
[23/12/2021 00:45:50] /a 5
[23/12/2021 00:45:51] /a 5
[23/12/2021 00:45:51] /a 5
[23/12/2021 00:45:51] /a 5
[23/12/2021 00:45:52] /a 5
[23/12/2021 00:45:52] /a 5
[23/12/2021 00:45:52] /a 5
[23/12/2021 00:45:52] /a 5
[23/12/2021 00:45:53] /a 5
[23/12/2021 00:45:53] /a 5
[23/12/2021 00:45:53] /a 5
[23/12/2021 00:45:53] /a 5
[23/12/2021 00:45:54] /a 5
[23/12/2021 00:45:54] /a 5
[23/12/2021 00:45:54] /a 5
[23/12/2021 00:45:54] /a 5
[23/12/2021 00:45:54] /a 5
[23/12/2021 00:45:55] /a 5
[23/12/2021 00:45:55] /a 5
[23/12/2021 00:45:55] /a 5
[23/12/2021 00:45:55] /a 5
[23/12/2021 00:45:55] /a 5
[23/12/2021 00:45:56] /a 5
[23/12/2021 00:45:56] /a 5
[23/12/2021 00:45:56] /a 5
[23/12/2021 00:45:56] /a 5
[23/12/2021 00:45:57] /a 5
[23/12/2021 00:45:57] /a 5
[23/12/2021 00:45:57] /a 5
[23/12/2021 00:45:58] /a 5
[23/12/2021 00:45:58] /a 5
[23/12/2021 00:45:58] /a 5
[23/12/2021 00:45:58] /a 5
[23/12/2021 00:45:59] /a 5
[23/12/2021 00:45:59] /a 5
[23/12/2021 00:45:59] /a 5
[23/12/2021 00:45:59] /a 5
[23/12/2021 00:46:00] /a 5
[23/12/2021 00:46:00] /a 5
[23/12/2021 00:46:00] /a 5
[23/12/2021 00:46:00] /a 5
[23/12/2021 00:46:01] /a 5
[23/12/2021 00:46:02] /a 5
[23/12/2021 00:46:04] /a 5
[23/12/2021 00:46:04] /a 5
[23/12/2021 00:46:04] /a 5
[23/12/2021 00:46:04] /a 5
[23/12/2021 00:46:05] /a 5
[23/12/2021 00:46:06] /a 5
[23/12/2021 00:46:10] /a 6
[23/12/2021 00:46:17] /a 5
[23/12/2021 00:46:17] /a 5
[23/12/2021 00:46:18] /a 5
[23/12/2021 00:46:19] /a 5
[23/12/2021 00:46:19] /a 5
[23/12/2021 00:46:30] /i held box
[23/12/2021 00:47:00] /clean
[23/12/2021 00:47:27] /t
[23/12/2021 11:41:51] /cb Rotom
[23/12/2021 11:45:16] /s Enigmatic Girafrag
[23/12/2021 11:45:19] /s Enigmatic Girafirag
[23/12/2021 11:45:22] /s Enigmatic Girafarig
[23/12/2021 11:45:36] /s Elder Raichu
[23/12/2021 11:45:44] /s Elder Electabuzz
[23/12/2021 11:46:51] /cb Big Snorlax
[23/12/2021 11:46:56] /cb Shiny Snorlax
[23/12/2021 11:47:34] /goto Snorlax
[23/12/2021 11:47:38] /goto Big Snorlax
[23/12/2021 11:47:46] /goto Giant Snorlax
[23/12/2021 11:48:16] /t
[23/12/2021 11:48:43] /s Snorlax
[23/12/2021 11:49:07] /r
[23/12/2021 11:51:38] /cb shiny xatu
[23/12/2021 11:56:01] /cliport off
[23/12/2021 11:56:07] /cliport on
[23/12/2021 11:56:28] /a 5
[23/12/2021 11:56:28] /a 5
[23/12/2021 11:56:28] /a 5
[23/12/2021 11:56:29] /a 5
[23/12/2021 11:56:29] /a 5
[23/12/2021 11:56:30] /a 5
[23/12/2021 11:56:30] /a 5
[23/12/2021 11:56:35] /a 5
[23/12/2021 11:56:36] /a 5
[23/12/2021 11:56:36] /a 5
[23/12/2021 11:56:37] /a 5
[23/12/2021 11:56:38] /a 5
[23/12/2021 11:56:38] /a 5
[23/12/2021 11:56:38] /a 5
[23/12/2021 11:56:39] /a 5
[23/12/2021 11:56:39] /a 5
[23/12/2021 11:56:39] /a 5
[23/12/2021 11:56:39] /a 5
[23/12/2021 11:56:40] /a 5
[23/12/2021 11:56:43] /a 5
[23/12/2021 11:56:44] /a 5
[23/12/2021 11:56:45] /a 5
[23/12/2021 11:56:46] /a 5
[23/12/2021 11:56:46] /a 5
[23/12/2021 11:56:46] /a 5
[23/12/2021 11:56:46] /a 5
[23/12/2021 11:56:47] /a 5
[23/12/2021 11:56:47] /a 5
[23/12/2021 11:56:47] /a 5
[23/12/2021 11:56:47] /a 5
[23/12/2021 11:56:48] /a 5
[23/12/2021 11:56:48] /a 5
[23/12/2021 11:56:48] /a 5
[23/12/2021 11:56:49] /a 5
[23/12/2021 11:56:49] /a 5
[23/12/2021 11:56:49] /a 5
[23/12/2021 11:56:49] /a 5
[23/12/2021 11:56:50] /a 5
[23/12/2021 11:56:50] /a 5
[23/12/2021 11:56:50] /a 5
[23/12/2021 11:56:50] /a 5
[23/12/2021 11:56:50] /a 5
[23/12/2021 11:56:51] /a 5
[23/12/2021 11:56:51] /a 5
[23/12/2021 11:56:51] /a 5
[23/12/2021 11:56:51] /a 5
[23/12/2021 11:56:52] /a 5
[23/12/2021 11:56:52] /a 5
[23/12/2021 11:56:52] /a 5
[23/12/2021 11:56:52] /a 5
[23/12/2021 11:56:53] /a 5
[23/12/2021 11:56:53] /a 5
[23/12/2021 11:56:53] /a 5
[23/12/2021 11:56:54] /a 5
[23/12/2021 11:56:54] /a 5
[23/12/2021 11:56:54] /a 5
[23/12/2021 11:56:54] /a 5
[23/12/2021 11:56:55] /a 5
[23/12/2021 11:56:55] /a 5
[23/12/2021 11:56:56] /a 5
[23/12/2021 11:56:56] /a 5
[23/12/2021 11:56:57] /a 5
[23/12/2021 11:56:57] /a 5
[23/12/2021 11:56:57] /a 5
[23/12/2021 11:56:57] /a 5
[23/12/2021 11:56:57] /a 5
[23/12/2021 11:56:58] /a 5
[23/12/2021 11:56:58] /a 5
[23/12/2021 11:56:58] /a 5
[23/12/2021 11:56:58] /a 5
[23/12/2021 11:56:59] /a 5
[23/12/2021 11:56:59] /a 5
[23/12/2021 11:56:59] /a 5
[23/12/2021 11:56:59] /a 5
[23/12/2021 11:57:00] /a 5
[23/12/2021 11:57:00] /a 5
[23/12/2021 11:57:00] /a 5
[23/12/2021 11:57:01] /a 5
[23/12/2021 11:57:01] /a 5
[23/12/2021 11:57:01] /a 5
[23/12/2021 11:57:01] /a 5
[23/12/2021 11:57:01] /a 5
[23/12/2021 11:57:02] /a 5
[23/12/2021 11:57:02] /a 5
[23/12/2021 11:57:02] /a 5
[23/12/2021 11:57:02] /a 5
[23/12/2021 11:57:03] /a 5
[23/12/2021 11:57:03] /a 5
[23/12/2021 11:57:04] /a 5
[23/12/2021 11:57:04] /a 5
[23/12/2021 11:57:04] /a 5
[23/12/2021 11:57:04] /a 5
[23/12/2021 11:57:05] /a 5
[23/12/2021 11:57:05] /a 5
[23/12/2021 11:57:05] /a 5
[23/12/2021 11:57:06] /a 5
[23/12/2021 11:57:06] /a 5
[23/12/2021 11:57:06] /a 5
[23/12/2021 11:57:06] /a 5
[23/12/2021 11:57:07] /a 5
[23/12/2021 11:57:07] /a 5
[23/12/2021 11:57:07] /a 5
[23/12/2021 11:57:08] /a 5
[23/12/2021 11:57:08] /a 5
[23/12/2021 11:57:08] /a 5
[23/12/2021 11:57:09] /a 5
[23/12/2021 11:57:09] /a 5
[23/12/2021 11:57:09] /a 5
[23/12/2021 11:57:09] /a 5
[23/12/2021 11:57:10] /a 5
[23/12/2021 11:57:10] /a 5
[23/12/2021 11:57:10] /a 5
[23/12/2021 11:57:10] /a 5
[23/12/2021 11:57:11] /a 5
[23/12/2021 11:57:11] /a 5
[23/12/2021 11:57:11] /a 5
[23/12/2021 11:57:11] /a 5
[23/12/2021 11:57:12] /a 5
[23/12/2021 11:57:12] /a 5
[23/12/2021 11:57:13] /a 5
[23/12/2021 11:57:13] /a 5
[23/12/2021 11:57:13] /a 5
[23/12/2021 11:57:13] /a 5
[23/12/2021 11:57:13] /a 5
[23/12/2021 11:57:14] /a 5
[23/12/2021 11:57:14] /a 5
[23/12/2021 11:57:14] /a 5
[23/12/2021 11:57:14] /a 5
[23/12/2021 11:57:14] /a 5
[23/12/2021 11:57:15] /a 5
[23/12/2021 11:57:15] /a 5
[23/12/2021 11:57:15] /a 5
[23/12/2021 11:57:15] /a 5
[23/12/2021 11:57:15] /a 5
[23/12/2021 11:57:16] /a 5
[23/12/2021 11:57:16] /a 5
[23/12/2021 11:57:16] /a 5
[23/12/2021 11:57:17] /a 5
[23/12/2021 11:57:17] /a 5
[23/12/2021 11:57:17] /a 5
[23/12/2021 11:57:17] /a 5
[23/12/2021 11:57:18] /a 5
[23/12/2021 11:57:18] /a 5
[23/12/2021 11:57:23] /a 5
[23/12/2021 11:57:23] /a 5
[23/12/2021 11:57:23] /a 5
[23/12/2021 11:57:24] /a 5
[23/12/2021 11:57:24] /a 5
[23/12/2021 11:57:24] /a 5
[23/12/2021 11:57:24] /a 5
[23/12/2021 11:57:24] /a 5
[23/12/2021 11:57:25] /a 5
[23/12/2021 11:57:25] /a 5
[23/12/2021 11:57:25] /a 5
[23/12/2021 11:57:25] /a 5
[23/12/2021 11:57:25] /a 5
[23/12/2021 11:57:26] /a 5
[23/12/2021 11:57:27] /t
[23/12/2021 14:59:00] /t
[23/12/2021 14:59:07] /goto magic legend
[23/12/2021 14:59:38] /r
[23/12/2021 14:59:48] /r
[23/12/2021 14:59:52] /r
[23/12/2021 14:59:53] /r
[23/12/2021 14:59:53] /r
[23/12/2021 14:59:54] /r
[23/12/2021 16:13:12] /cliport off
[23/12/2021 16:13:59] /cb mega slowbrow
[23/12/2021 16:13:59] /cb mega slowbro
[23/12/2021 16:14:04] /cb Slowbro
[23/12/2021 16:14:09] /i Slowbronite
[23/12/2021 16:14:13] /i Slowbrosite
[23/12/2021 16:38:56] /a 5
[23/12/2021 16:38:56] /a 5
[23/12/2021 16:38:57] /a 5
[23/12/2021 16:38:57] /a 5
[23/12/2021 16:38:57] /a 5
[23/12/2021 16:38:58] /a 5
[23/12/2021 16:38:59] /a 5
[23/12/2021 16:39:00] /a 5
[23/12/2021 16:39:00] /a 5
[23/12/2021 17:21:40] /goto mabel
[23/12/2021 17:25:12] /m DUmmy
[23/12/2021 17:27:16] /attr Group 1
[23/12/2021 17:27:42] /attr group 6
[23/12/2021 17:27:53] /attr group 5
[23/12/2021 17:28:08] /r
[23/12/2021 17:28:35] /cb Shiny Scyther
[23/12/2021 17:29:04] /m Dummy
[23/12/2021 17:29:18] /m Dummy
[23/12/2021 17:29:22] /m Dummy
[23/12/2021 17:29:53] /attr set boost 1000
[23/12/2021 17:30:27] /m Sceptile
[23/12/2021 17:30:59] /m Sceptile
[23/12/2021 17:31:24] /m Shiny Sceptile
[23/12/2021 17:31:35] /i ultra ball
[23/12/2021 19:42:02] /goto mabel
[23/12/2021 19:42:28] /i Attack
[23/12/2021 19:42:31] /i Attack 7
[23/12/2021 19:42:35] /i attack t7
[23/12/2021 19:42:41] /i held attack 1
[23/12/2021 19:42:49] /i Held BO
[23/12/2021 19:42:52] /i Held Box
[23/12/2021 19:44:51] /attr set boost 50
[23/12/2021 19:45:17] /attr set boost 30000
[23/12/2021 19:45:31] /m dummy
[23/12/2021 19:48:59] /m Dummy
[23/12/2021 19:49:25] /m Ho-oh
[23/12/2021 19:49:28] /m Zapdos
[23/12/2021 19:50:02] /attr set boost 50000
[23/12/2021 19:50:21] /cb Zapdos
[23/12/2021 19:50:49] /attr set boost 300000
[23/12/2021 20:16:04] /i X-Attack (tier: 7)
[23/12/2021 20:16:18] /i Y-Cure (tier: 7)
[23/12/2021 20:16:27] /cb Shiny Xatu
[23/12/2021 20:16:41] /i X-Return (Tier: 7)
[23/12/2021 20:17:28] /m Groudon
[23/12/2021 20:17:46] /r
[23/12/2021 20:17:50] /m Lugia
[23/12/2021 20:18:15] /attr set Boost 30000
[23/12/2021 20:19:30] /attr set boost 1000000
[23/12/2021 20:19:46] /m Lugia
[23/12/2021 20:20:09] /clean
[23/12/2021 20:21:56] /t
[24/12/2021 00:04:50] /s 2
[24/12/2021 00:04:53] /s 1
[24/12/2021 00:04:57] /a 1
[24/12/2021 00:04:58] /a 2
[24/12/2021 00:05:05] /a 4
[24/12/2021 00:05:09] /a 4
[24/12/2021 18:17:09] /attr set boost 50
[24/12/2021 18:17:14] /i rare candy
[24/12/2021 18:17:49] /i rare candy
[24/12/2021 18:17:49] /i rare candy
[24/12/2021 18:17:50] /i rare candy
[24/12/2021 18:17:50] /i rare candy
[24/12/2021 18:17:50] /i rare candy
[24/12/2021 18:17:51] /i rare candy
[26/12/2021 16:56:25] /attr set boost 50
[26/12/2021 16:57:03] /i revive
[26/12/2021 17:06:48] /i held box
[26/12/2021 17:07:04] /clean
[26/12/2021 17:07:20] /i held box
[26/12/2021 17:07:44] /i metal stone
[26/12/2021 17:11:36] /n ziraldo
[26/12/2021 17:12:54] /i Vault
[26/12/2021 17:12:59] /i 2161
[26/12/2021 17:13:13] /r
[26/12/2021 17:13:15] /i vault
[26/12/2021 17:13:17] /i 2161
[09/01/2022 06:17:38] /pos
[15/01/2022 14:55:17] /pos
[15/01/2022 14:56:23] !saldo
[15/01/2022 14:57:57] !saldo
[15/01/2022 14:58:28] !saldo
[16/01/2022 13:10:26] /pos
[21/01/2022 13:39:02] !bless
[21/01/2022 13:39:06] !bless
[22/01/2022 00:26:55] !bless
