[08/01/2022 15:21:38] /town 5
[08/01/2022 15:21:54] /cb zoroark
[08/01/2022 15:22:05] /cb shiny gallade
[08/01/2022 15:24:23] /i 2145
[08/01/2022 23:05:06] /cb zoroark
[08/01/2022 23:05:17] /cb shiny gallade
[08/01/2022 23:05:37] /cb shiny infernape
[08/01/2022 23:05:59] /addskill sparks 90
[08/01/2022 23:06:05] /addskill sparks,level,90
[08/01/2022 23:07:50] /cb shiny empoleon
[08/01/2022 23:08:11] /cb shiny honchkrow
[08/01/2022 23:08:34] /cb shiny bronzong
[08/01/2022 23:08:41] /cb shiny luxray
[08/01/2022 23:09:07] /i charizardite y
[08/01/2022 23:09:08] /i charizardite x
[08/01/2022 23:09:13] /i venusaurite
[08/01/2022 23:09:18] /i ampharosite
[08/01/2022 23:09:23] /i blastoisinite
[08/01/2022 23:09:27] /i blazikenite
[08/01/2022 23:09:32] /i aggronite
[08/01/2022 23:09:37] /i scizorite
[08/01/2022 23:09:41] /i sablenite
[08/01/2022 23:09:46] /i gengarite x
[08/01/2022 23:09:48] /i gengarite y
[08/01/2022 23:10:27] /cb mawlite
[08/01/2022 23:10:32] /cb mawalite
[08/01/2022 23:10:37] /cb mawlitite
[08/01/2022 23:10:42] /cb mawilite
[08/01/2022 23:10:50] /i mawlite
[08/01/2022 23:11:17] /i aerodactyle
[08/01/2022 23:11:20] /i aerodactlite
[08/01/2022 23:11:24] /i aerodactylite
[08/01/2022 23:11:34] /i kangaskhanite
[08/01/2022 23:11:40] /i altarianite
[08/01/2022 23:11:45] /i slowbronite
[08/01/2022 23:11:48] /i glalite
[08/01/2022 23:11:54] /cb slowbro
[08/01/2022 23:12:16] /i gardevoirite
[08/01/2022 23:12:20] /i galladite
[08/01/2022 23:12:34] /i tyranitarite
[08/01/2022 23:14:04] /i banetite
[08/01/2022 23:14:06] /i banettite
[08/01/2022 23:14:18] /i sablenite
[08/01/2022 23:14:21] /cb sableye
[08/01/2022 23:14:32] /addskill sparks,level,100
[08/01/2022 23:15:36] /i x-attack (tier: 8)
[08/01/2022 23:15:39] /i x-attack (tier: 7)
[08/01/2022 23:15:54] /i x-lucky (tier: 7)
[08/01/2022 23:16:00] /i x-critical (tier: 7)
[08/01/2022 23:17:02] /i Y-wing (tier: 7)
[08/01/2022 23:17:10] /i Y-cure (tier: 7)
[08/01/2022 23:17:20] /i Y-regeneration (tier: 7)
[08/01/2022 23:17:30] /i Y-regen (tier: 7)
[08/01/2022 23:17:44] /i Y- Regeneration (tier: 7)
[08/01/2022 23:17:57] /i Y-teleport (tier: 7)
[08/01/2022 23:18:12] /i Y-teleportation (tier: 7)
[08/01/2022 23:18:23] /i x-vampiric (tier: 7)
[08/01/2022 23:19:08] /i attachment device
[08/01/2022 23:19:24] /i attachment device
[08/01/2022 23:20:22] /i shiny ticket
[08/01/2022 23:20:43] /i yume ball
[08/01/2022 23:20:48] /i net ball
[08/01/2022 23:20:51] /i janguru ball
[08/01/2022 23:20:55] /i tale ball
[08/01/2022 23:21:17] /i magu ball
[08/01/2022 23:21:21] /i sora ball
[08/01/2022 23:21:25] /i tinker ball
[08/01/2022 23:21:59] /i master ball
[08/01/2022 23:22:03] /i premier ball
[08/01/2022 23:22:18] /i janguru ball
[08/01/2022 23:22:33] /i heavy ball
[08/01/2022 23:22:37] /i fast ball
[08/01/2022 23:23:37] /i dive ball
[08/01/2022 23:24:48] /i moon ball
[08/01/2022 23:24:52] /i dusk ball
[08/01/2022 23:25:57] /i janguru ball
[08/01/2022 23:26:26] /s abra
[08/01/2022 23:26:35] /m abra
[08/01/2022 23:29:11] /s mew
[08/01/2022 23:29:15] /s mewtwo
[08/01/2022 23:29:38] /s lugia
[08/01/2022 23:31:02] /r
[08/01/2022 23:31:05] /r
[08/01/2022 23:31:27] /i bike
[08/01/2022 23:31:32] /i bicycle
[08/01/2022 23:31:56] /i mystery ticket
[08/01/2022 23:33:42] /clean
[08/01/2022 23:34:15] /town 1
[08/01/2022 23:34:48] /m shiny blastoise
[08/01/2022 23:35:15] /r
[08/01/2022 23:35:19] /i revive
[08/01/2022 23:35:38] /m venusaur
[08/01/2022 23:36:50] /r
[08/01/2022 23:38:44] /goto entei
[08/01/2022 23:39:02] /goto suicune
[08/01/2022 23:39:08] /town 1
[08/01/2022 23:41:05] /t
[09/01/2022 09:39:45] /goto nautilus
[09/01/2022 09:48:40] /cb shiny abra
[09/01/2022 09:55:42] /goto nautilus
[09/01/2022 10:36:55] /t
[09/01/2022 10:43:28] /ghost
[09/01/2022 10:43:30] /goto perseu
[09/01/2022 10:43:35] /goto lari calabresa
[09/01/2022 10:44:20] /t
[09/01/2022 10:44:23] /goto nautilus
[09/01/2022 10:44:25] /ghost
[09/01/2022 10:46:26] /i honored token
[09/01/2022 10:46:43] /r
[09/01/2022 10:47:02] /cb shiny infernape
[09/01/2022 10:47:39] /cb shiny torkoal
[09/01/2022 10:47:45] /cb shiny typhlosion
[09/01/2022 10:48:00] /cb shiny gardevoir
[09/01/2022 10:48:04] /cb gardevoir
[09/01/2022 10:48:34] /i gardevoirite
[09/01/2022 10:50:25] /r
[09/01/2022 10:50:26] /t
[09/01/2022 10:50:31] /ghost
[09/01/2022 10:50:35] /goto bruno legend
[09/01/2022 10:50:44] /goto lari calabresa
[09/01/2022 10:51:00] /t
[09/01/2022 10:51:43] /goto bruno legend
[09/01/2022 10:51:47] /t
[09/01/2022 10:51:55] /ghost
[09/01/2022 10:52:30] /goto nautilus
[09/01/2022 10:53:04] /cb shiny torterra
[09/01/2022 10:53:18] /cb shiny honchkrow
[09/01/2022 10:54:37] /t
[09/01/2022 12:09:12] /i boost stone
[09/01/2022 12:09:17] /cb shiny honchkrow
[09/01/2022 12:09:48] /i feather stone
[09/01/2022 12:10:01] /i darkness stone
[09/01/2022 12:10:29] /r
[09/01/2022 12:10:39] /r
[09/01/2022 12:10:48] /b peço que nao fiquem jogando os tms no chao
[09/01/2022 12:10:59] /b se possivel guardem que depois podemos ver oque fazer com os mesmos
[09/01/2022 12:11:16] /ghost
[09/01/2022 12:13:31] /t
[09/01/2022 12:13:34] /goto perseu
[09/01/2022 12:13:45] /t
[09/01/2022 12:17:50] /goto bruno legend
[09/01/2022 12:18:25] /goto perseu
[09/01/2022 12:18:55] /t
[09/01/2022 12:19:26] /goto lari calabresa
[09/01/2022 12:19:33] /t
[09/01/2022 12:20:10] /r
[09/01/2022 12:20:11] /r
[09/01/2022 12:20:14] /m rattata
[09/01/2022 12:20:15] /m rattata
[09/01/2022 12:20:16] /m rattata
[09/01/2022 12:20:17] /m rattata
[09/01/2022 12:20:51] /t
[09/01/2022 12:25:41] /goto perseu
[09/01/2022 12:25:42] /ghost
[09/01/2022 12:26:39] /m caterpie
[09/01/2022 12:27:43] /r
[09/01/2022 12:27:47] /i premier ball
[09/01/2022 12:28:07] /t
[09/01/2022 12:28:56] /ghost
[09/01/2022 12:28:59] /town 7
[09/01/2022 12:29:03] /clean
[09/01/2022 12:29:58] /ghost
[09/01/2022 13:49:09] /ghost
[09/01/2022 13:49:12] /goto bruno legend
[09/01/2022 13:49:20] /goto bruno legend
[09/01/2022 13:49:34] /goto perseu
[09/01/2022 13:49:44] /goto lari calabresa
[09/01/2022 13:49:48] /t
[09/01/2022 13:49:50] /town 5
[09/01/2022 13:49:55] /ghost
[09/01/2022 15:24:13] /ghost
[09/01/2022 15:24:15] /goto soulie
[09/01/2022 15:24:23] /town 5
[09/01/2022 15:24:26] /town 9
[09/01/2022 15:24:28] /town 8
[09/01/2022 15:24:29] /town 7
[09/01/2022 15:24:42] /ghost
[09/01/2022 18:50:52] /ghost
[09/01/2022 18:50:56] /goto bruu Oo
[09/01/2022 18:51:05] /goto lari calabresa
[09/01/2022 18:51:10] /t 5
[09/01/2022 18:51:17] /town 5
[09/01/2022 18:51:23] /goto Bruhh Oo
[09/01/2022 18:51:32] /goto Bruuh Oo
[09/01/2022 18:51:57] /town 6
[09/01/2022 18:51:59] /town 7
[09/01/2022 18:52:02] /ghost
[09/01/2022 22:42:49] /ghost
[09/01/2022 22:42:49] /t
[09/01/2022 22:43:09] /goto bruno legend
[10/01/2022 11:51:11] /ghost
[10/01/2022 11:51:23] /clean
[10/01/2022 12:08:27] /town 4
[10/01/2022 12:08:36] /cb marowak
[10/01/2022 12:09:51] /giveitem Mlester,2145,250
[10/01/2022 12:41:06] /giveitem Mlester,2145,300
[10/01/2022 13:31:03] /b xD
[10/01/2022 14:28:15] /goto nautilus
[10/01/2022 16:13:13] /b salve galera
[10/01/2022 16:13:27] /b vou reiniciar o server pra ver se resolvo o bug 
[10/01/2022 16:13:32] /ghost
[10/01/2022 16:13:39] /b vao pra um local seguro
[10/01/2022 16:13:56] /town 6
[10/01/2022 16:14:13] /b vou reiniciar em 3
[10/01/2022 16:14:15] /b 2
[10/01/2022 16:14:20] /b 1
[10/01/2022 16:14:22] /save
[10/01/2022 16:14:26] /shutdown
[10/01/2022 16:16:52] /t
[10/01/2022 16:17:04] /b bug arrumado :D
[10/01/2022 16:17:51] /b por enquanto resolvou mas tem que ver oque esta bugando vamos trabalhar nisso
[10/01/2022 16:17:56] /town 6
[10/01/2022 16:17:58] /c juukaa
[10/01/2022 16:18:08] /ghost
[10/01/2022 16:19:54] /t juukaa
[10/01/2022 16:20:24] /t
[10/01/2022 16:20:29] /ghost
[10/01/2022 16:20:31] /goto juukaa
[10/01/2022 16:20:39] /goto diamond midas
[10/01/2022 16:20:55] /goto anjo
[10/01/2022 16:21:03] /goto ksynarba
[10/01/2022 16:21:05] /t
[11/01/2022 09:39:33] /goto nautilus
[11/01/2022 09:39:34] /ghost
[11/01/2022 09:40:03] /goto salve
[11/01/2022 09:40:22] /t
[11/01/2022 09:46:51] /i ultra ball
[15/01/2022 17:21:51] /goto bruno legend
[15/01/2022 17:21:59] /goto salve
[15/01/2022 17:22:06] /m raikou
[15/01/2022 17:22:17] /c salve
[15/01/2022 17:22:28] /r
[15/01/2022 17:22:32] /ghost
[15/01/2022 17:22:52] /m lugia 
[15/01/2022 17:23:02] /r
[15/01/2022 17:23:04] /r
[15/01/2022 17:23:07] /r
[15/01/2022 17:23:13] /r
[15/01/2022 17:23:40] /ghost
[15/01/2022 17:23:46] /goto perseu
[15/01/2022 17:23:53] /goto soulie
[15/01/2022 17:24:00] /goto perseu
[15/01/2022 17:24:06] /goto lucifero
[15/01/2022 17:24:10] /goto gaspazinho
[15/01/2022 17:25:02] /t
[15/01/2022 17:25:12] /ghost
[15/01/2022 17:25:23] /cb zoroark
[15/01/2022 17:25:27] /r
[15/01/2022 17:26:30] /ghost
[15/01/2022 17:26:39] /goto dusknoir
[15/01/2022 17:26:43] /goto metagross
[15/01/2022 17:26:48] /goto slaking
[15/01/2022 17:26:50] /goto milotic
[15/01/2022 17:26:53] /goto mightyenna
[15/01/2022 17:26:55] /goto bronzong
[15/01/2022 17:27:03] /goto crawdaunt
[15/01/2022 20:45:42] /giveitem Giovanna,2145,15
[15/01/2022 20:46:03] /i 2145
[15/01/2022 20:46:12] /r all
[15/01/2022 20:46:17] /i 2145
[15/01/2022 20:46:22] /r all
[15/01/2022 20:46:27] /t
[15/01/2022 20:48:00] /town 3
[15/01/2022 20:50:02] /goto giovanna
[15/01/2022 20:50:04] /t
[15/01/2022 20:58:07] /giveitem Dacrasher,2145,25
[16/01/2022 12:50:21] /ghost
[16/01/2022 12:50:56] /r all
[16/01/2022 12:51:10] /cb totodile
[16/01/2022 12:51:43] /cb cyndaquill
[16/01/2022 12:51:44] /cb cyndaquil
[16/01/2022 13:06:07] /ghost
[16/01/2022 13:06:11] /goto fernando miranha
[16/01/2022 13:06:16] /t
[16/01/2022 13:06:18] /town 5
[16/01/2022 13:06:23] /spy fernando miranha
[16/01/2022 13:06:53] /cb sunflora
[16/01/2022 13:07:02] /c fernando miranha
[16/01/2022 13:07:09] /t fernando miranha
[16/01/2022 13:07:14] /spy fernando miranha
[16/01/2022 13:42:49] /t
[16/01/2022 13:42:53] /ghost
[16/01/2022 13:43:51] /i bag box
[16/01/2022 13:52:40] /r
[16/01/2022 13:53:07] /i x-return (tier: 7)
[16/01/2022 13:54:12] /c perseu
[16/01/2022 13:57:04] /cb sableye,50
[16/01/2022 14:00:41] /cb shiny abra,50
[16/01/2022 14:00:49] /i x-vampiric (tier: 7)
[16/01/2022 14:00:56] /r
[16/01/2022 14:04:07] /cb shiny infernape,50
[16/01/2022 14:04:12] /r
[16/01/2022 14:05:24] /r
[16/01/2022 14:05:28] /cb shiny empoleon,50
[16/01/2022 14:07:15] /cb shiny gallade,50
[16/01/2022 14:07:28] /i x-attack (tier :7)
[16/01/2022 14:07:35] /i x-attack (tier: 7)
[16/01/2022 14:08:25] /cb shiny farfetch'd,50
[16/01/2022 14:09:26] /ghost
[16/01/2022 14:12:56] /goto Poeksf
[16/01/2022 14:13:19] /goto Chupador de Manga
[16/01/2022 14:13:45] /goto Pinin
[16/01/2022 14:14:16] /goto Jhumangi
[16/01/2022 14:14:59] /goto Jhumangi
[16/01/2022 14:15:36] /t
[16/01/2022 14:16:13] /goto Jhumangi
[16/01/2022 17:29:38] /giveitem dacrasher,2145,100
[16/01/2022 17:29:48] /t dacrasher
[16/01/2022 17:37:11] /giveitem dacrasher,2145,100
[22/01/2022 10:56:35] /t
[22/01/2022 11:00:31] /t
[22/01/2022 11:00:58] /t
[22/01/2022 11:01:54] /ghost
[22/01/2022 11:02:10] /cb shiny heatmor
[22/01/2022 11:02:43] /cb shiny rampardos
[22/01/2022 11:03:12] /t perseu
[22/01/2022 13:07:57] /t
[22/01/2022 13:09:26] /cb shiny gardevoir
[22/01/2022 13:11:44] /addskill Sparks,level,150
[23/01/2022 00:54:40] /giveitem 2145,dacrasher,100
[23/01/2022 00:55:08] /giveitem dacrasher,2145,100
[23/01/2022 17:34:47] /goto nautilus
[23/01/2022 17:34:57] /goto nautilus
[23/01/2022 17:36:02] /t
[23/01/2022 17:36:27] /c nautilus
[23/01/2022 17:36:48] /goto nautilus
[23/01/2022 17:37:16] /m lucario
[23/01/2022 17:37:45] /r
[23/01/2022 17:37:49] /r
[23/01/2022 17:37:54] /r
[23/01/2022 17:38:48] /goto nautilus
[23/01/2022 17:39:33] /goto crawdaunt
[23/01/2022 17:39:36] /goto lucario
[23/01/2022 17:40:07] /c nautilus
[23/01/2022 17:40:48] /c [Tutor] Perseus
[23/01/2022 17:42:09] /ghost
[23/01/2022 17:42:12] /goto nautilus
[23/01/2022 17:42:35] /t
[23/01/2022 17:42:40] /goto lucairo
[23/01/2022 17:42:43] /goto lucario
[23/01/2022 17:42:58] /cb lugia,50
[23/01/2022 17:44:57] /r
[23/01/2022 17:45:01] /r
[23/01/2022 17:45:02] /r
[23/01/2022 17:45:09] /r
[23/01/2022 17:45:19] /c [Tutor] Perseu
[23/01/2022 17:45:41] /c nautilus
[23/01/2022 17:47:16] /m glalie
[23/01/2022 17:47:22] /m glalie
[23/01/2022 17:47:31] /c [Tutor] Perseu
[23/01/2022 17:47:37] /c [Tutor] Perseu
[23/01/2022 17:47:52] /c soulie
[23/01/2022 17:48:23] /c lari calabresa
[23/01/2022 17:48:39] /c poeksf
[23/01/2022 17:48:42] /t poeksf
[23/01/2022 17:48:53] /t
[23/01/2022 17:49:05] /goto nautilus
[23/01/2022 17:49:07] /c soulie
[23/01/2022 17:49:11] /t
[23/01/2022 17:49:14] /t soulie
[23/01/2022 17:49:18] /ghost
[23/01/2022 17:49:36] /m venusaur
[23/01/2022 17:49:40] /m venusaur
[23/01/2022 17:49:45] /m venusaur
[23/01/2022 17:56:00] /cb shiny heatmor
[23/01/2022 17:56:52] /cb shiny gardevoir
[23/01/2022 17:58:47] /cb blissey
[23/01/2022 19:06:12] /cb togekiss
[23/01/2022 19:06:35] /goto togekiss
[23/01/2022 19:07:00] /cb brnozong
[23/01/2022 19:07:18] /cb bronzong
[23/01/2022 19:07:24] /cb bronzong
[23/01/2022 19:07:28] /cb shiny bronzong
[23/01/2022 19:07:34] /cb shiny espeon
[23/01/2022 19:07:50] /cb sylveon
[23/01/2022 19:08:08] /cb wobuffett
[23/01/2022 19:08:10] /cb wobuffet
[23/01/2022 19:08:13] /cb wobbuffet
[23/01/2022 19:08:32] /goto salve
[23/01/2022 19:10:38] /t
[23/01/2022 19:10:48] /goto metagross
[23/01/2022 19:10:51] /goto metang
[23/01/2022 19:11:01] /goto wobbufet
[23/01/2022 19:11:03] /goto wobbuffet
[23/01/2022 19:11:10] /goto shiny wobbufet
[23/01/2022 19:11:17] /goto shiny alakazam
[23/01/2022 19:11:21] /goto shiny alakazam
[23/01/2022 19:11:23] /goto shiny alakazam
[23/01/2022 19:11:28] /goto shiny espeon
[23/01/2022 19:12:20] /goto shiny jynx
[23/01/2022 19:12:56] /goto shiny jynx
[23/01/2022 19:12:59] /t
[23/01/2022 19:13:03] /ghost
[23/01/2022 19:13:05] /goto salve
[23/01/2022 19:13:08] /goto vadia
[23/01/2022 19:13:44] /t
[23/01/2022 19:13:48] /town 6
[23/01/2022 19:13:53] /goto shiny Mr. mime
[23/01/2022 19:13:58] /t
[23/01/2022 19:14:02] /goto mr. mime
[23/01/2022 21:52:37] /t
[23/01/2022 21:52:41] /a 10
[23/01/2022 21:52:43] /a 5
[23/01/2022 21:52:47] /a 5
[23/01/2022 21:52:53] /a 5
[27/01/2022 16:33:09] /town 6
[27/01/2022 16:33:11] /ghost
[27/01/2022 16:33:18] /r
[27/01/2022 16:33:36] /r all
[27/01/2022 16:33:39] /cb shiny flygon
[27/01/2022 16:35:16] /cb shiny golem
[27/01/2022 16:35:39] /i sunny day
